

================================================================
== Vitis HLS Report for 'packetizer'
================================================================
* Date:           Fri Jun 12 11:20:15 2026

* Version:        2025.2 (Build 6295257 on Nov 14 2025)
* Project:        vdif_chain
* Solution:       hls (Vivado IP Flow Target)
* Product family: artix7
* Target device:  xc7a12t-cpg238-1


================================================================
== Performance Estimates
================================================================
+ Timing: 
    * Summary: 
    +--------+----------+----------+------------+
    |  Clock |  Target  | Estimated| Uncertainty|
    +--------+----------+----------+------------+
    |ap_clk  |  10.00 ns|  7.008 ns|     2.70 ns|
    +--------+----------+----------+------------+

+ Latency: 
    * Summary: 
    +---------+---------+----------+----------+-----+--------+---------+
    |  Latency (cycles) |  Latency (absolute) |   Interval   | Pipeline|
    |   min   |   max   |    min   |    max   | min |   max  |   Type  |
    +---------+---------+----------+----------+-----+--------+---------+
    |       13|   131083|  0.130 us|  1.311 ms|   13|  131083|       no|
    +---------+---------+----------+----------+-----+--------+---------+

    + Detail: 
        * Instance: 
        +-------------------------------------------------+--------------------------------------+---------+---------+-----------+----------+-----+-----+-------------------+
        |                                                 |                                      |  Latency (cycles) |  Latency (absolute)  |  Interval |      Pipeline     |
        |                     Instance                    |                Module                |   min   |   max   |    min    |    max   | min | max |        Type       |
        +-------------------------------------------------+--------------------------------------+---------+---------+-----------+----------+-----+-----+-------------------+
        |grp_packetizer_Pipeline_VITIS_LOOP_194_1_fu_212  |packetizer_Pipeline_VITIS_LOOP_194_1  |        2|    65537|  20.000 ns|  0.655 ms|    0|    0|  loop pipeline stp|
        |grp_packetizer_Pipeline_VITIS_LOOP_273_2_fu_221  |packetizer_Pipeline_VITIS_LOOP_273_2  |        2|    65537|  20.000 ns|  0.655 ms|    0|    0|  loop pipeline stp|
        +-------------------------------------------------+--------------------------------------+---------+---------+-----------+----------+-----+-----+-------------------+

        * Loop: 
        N/A



================================================================
== Utilization Estimates
================================================================
* Summary: 
+-----------------+---------+----+-------+------+-----+
|       Name      | BRAM_18K| DSP|   FF  |  LUT | URAM|
+-----------------+---------+----+-------+------+-----+
|DSP              |        -|   -|      -|     -|    -|
|Expression       |        -|   -|      0|   190|    -|
|FIFO             |        4|   -|    163|    82|    -|
|Instance         |        -|   -|     39|   236|    -|
|Memory           |        -|   -|      -|     -|    -|
|Multiplexer      |        -|   -|      0|   183|    -|
|Register         |        -|   -|    148|     -|    -|
+-----------------+---------+----+-------+------+-----+
|Total            |        4|   0|    350|   691|    0|
+-----------------+---------+----+-------+------+-----+
|Available        |       40|  40|  16000|  8000|    0|
+-----------------+---------+----+-------+------+-----+
|Utilization (%)  |       10|   0|      2|     8|    0|
+-----------------+---------+----+-------+------+-----+

+ Detail: 
    * Instance: 
    +-------------------------------------------------+--------------------------------------+---------+----+----+-----+-----+
    |                     Instance                    |                Module                | BRAM_18K| DSP| FF | LUT | URAM|
    +-------------------------------------------------+--------------------------------------+---------+----+----+-----+-----+
    |grp_packetizer_Pipeline_VITIS_LOOP_194_1_fu_212  |packetizer_Pipeline_VITIS_LOOP_194_1  |        0|   0|  19|  106|    0|
    |grp_packetizer_Pipeline_VITIS_LOOP_273_2_fu_221  |packetizer_Pipeline_VITIS_LOOP_273_2  |        0|   0|  20|  130|    0|
    +-------------------------------------------------+--------------------------------------+---------+----+----+-----+-----+
    |Total                                            |                                      |        0|   0|  39|  236|    0|
    +-------------------------------------------------+--------------------------------------+---------+----+----+-----+-----+

    * DSP: 
    N/A

    * Memory: 
    N/A

    * FIFO: 
    +-------------+---------+-----+----+-----+------+-----+---------+
    |     Name    | BRAM_18K|  FF | LUT| URAM| Depth| Bits| Size:D*B|
    +-------------+---------+-----+----+-----+------+-----+---------+
    |fifo_fifo_U  |        4|  163|   0|    -|  2048|   32|    65536|
    +-------------+---------+-----+----+-----+------+-----+---------+
    |Total        |        4|  163|   0|    0|  2048|   32|    65536|
    +-------------+---------+-----+----+-----+------+-----+---------+

    * Expression: 
    +-------------------------------------------------------------------+----------+----+---+----+------------+------------+
    |                           Variable Name                           | Operation| DSP| FF| LUT| Bitwidth P0| Bitwidth P1|
    +-------------------------------------------------------------------+----------+----+---+----+------------+------------+
    |add_ln186_fu_245_p2                                                |         +|   0|  0|  37|          30|           1|
    |add_ln226_fu_341_p2                                                |         +|   0|  0|  39|          32|          28|
    |add_ln279_fu_375_p2                                                |         +|   0|  0|  24|          17|           2|
    |add_ln286_fu_275_p2                                                |         +|   0|  0|  31|          24|           1|
    |frame_length_fu_300_p2                                             |         +|   0|  0|  23|          16|           3|
    |grp_packetizer_Pipeline_VITIS_LOOP_273_2_fu_221_out_stream_TREADY  |       and|   0|  0|   2|           1|           1|
    |ap_block_state1                                                    |        or|   0|  0|   2|           1|           1|
    |word3_fu_365_p2                                                    |        or|   0|  0|  32|          32|          32|
    +-------------------------------------------------------------------+----------+----+---+----+------------+------------+
    |Total                                                              |          |   0|  0| 190|         153|          69|
    +-------------------------------------------------------------------+----------+----+---+----+------------+------------+

    * Multiplexer: 
    +--------------------------------+----+-----------+-----+-----------+
    |              Name              | LUT| Input Size| Bits| Total Bits|
    +--------------------------------+----+-----------+-----+-----------+
    |ap_NS_fsm                       |  45|         11|    1|         11|
    |ap_phi_mux_word0_phi_fu_195_p4  |  13|          3|   30|         90|
    |fifo_read                       |   9|          2|    1|          2|
    |fifo_write                      |   9|          2|    1|          2|
    |frame_no_loc_0_reg_201          |   9|          2|   24|         48|
    |out_stream_TDATA                |  37|          9|   32|        288|
    |out_stream_TDATA_blk_n          |   9|          2|    1|          2|
    |out_stream_TKEEP                |  13|          3|    4|         12|
    |out_stream_TLAST                |  13|          3|    1|          3|
    |out_stream_TSTRB                |  13|          3|    4|         12|
    |out_stream_TVALID               |  13|          3|    1|          3|
    +--------------------------------+----+-----------+-----+-----------+
    |Total                           | 183|         43|  100|        473|
    +--------------------------------+----+-----------+-----+-----------+

    * Register: 
    +--------------------------------------------------------------+----+----+-----+-----------+
    |                             Name                             | FF | LUT| Bits| Const Bits|
    +--------------------------------------------------------------+----+----+-----+-----------+
    |add_ln279_reg_427                                             |  17|   0|   17|          0|
    |ap_CS_fsm                                                     |  10|   0|   10|          0|
    |frame_no                                                      |  24|   0|   24|          0|
    |frame_no_loc_0_reg_201                                        |  24|   0|   24|          0|
    |grp_packetizer_Pipeline_VITIS_LOOP_194_1_fu_212_ap_start_reg  |   1|   0|    1|          0|
    |grp_packetizer_Pipeline_VITIS_LOOP_273_2_fu_221_ap_start_reg  |   1|   0|    1|          0|
    |out_stream_TDATA_reg                                          |  32|   0|   32|          0|
    |out_stream_TKEEP_reg                                          |   4|   0|    4|          0|
    |out_stream_TLAST_reg                                          |   1|   0|    1|          0|
    |out_stream_TSTRB_reg                                          |   4|   0|    4|          0|
    |seconds_from_epoch                                            |  30|   0|   30|          0|
    +--------------------------------------------------------------+----+----+-----+-----------+
    |Total                                                         | 148|   0|  148|          0|
    +--------------------------------------------------------------+----+----+-----+-----------+



================================================================
== Interface
================================================================
* Summary: 
+-----------------------+-----+-----+--------------+---------------------+--------------+
|       RTL Ports       | Dir | Bits|   Protocol   |    Source Object    |    C Type    |
+-----------------------+-----+-----+--------------+---------------------+--------------+
|ap_clk                 |   in|    1|  ap_ctrl_none|           packetizer|  return value|
|ap_rst                 |   in|    1|  ap_ctrl_none|           packetizer|  return value|
|ap_start               |   in|    1|  ap_ctrl_none|           packetizer|  return value|
|ap_done                |  out|    1|  ap_ctrl_none|           packetizer|  return value|
|ap_idle                |  out|    1|  ap_ctrl_none|           packetizer|  return value|
|ap_ready               |  out|    1|  ap_ctrl_none|           packetizer|  return value|
|packetizer_in_dout     |   in|   32|       ap_fifo|        packetizer_in|       pointer|
|packetizer_in_empty_n  |   in|    1|       ap_fifo|        packetizer_in|       pointer|
|packetizer_in_read     |  out|    1|       ap_fifo|        packetizer_in|       pointer|
|out_stream_TDATA       |  out|   32|          axis|  out_stream_V_data_V|       pointer|
|out_stream_TREADY      |   in|    1|          axis|  out_stream_V_data_V|       pointer|
|out_stream_TVALID      |  out|    1|          axis|  out_stream_V_last_V|       pointer|
|out_stream_TLAST       |  out|    1|          axis|  out_stream_V_last_V|       pointer|
|out_stream_TKEEP       |  out|    4|          axis|  out_stream_V_keep_V|       pointer|
|out_stream_TSTRB       |  out|    4|          axis|  out_stream_V_strb_V|       pointer|
|epoch                  |   in|    6|       ap_none|                epoch|        scalar|
|station_id             |   in|   16|       ap_none|           station_id|        scalar|
|thread_id              |   in|   10|       ap_none|            thread_id|        scalar|
|bits_per_sample        |   in|    5|       ap_none|      bits_per_sample|        scalar|
|complex_data           |   in|    1|       ap_none|         complex_data|        scalar|
|pps                    |   in|    1|       ap_none|                  pps|        scalar|
|payload_words          |   in|   16|       ap_none|        payload_words|        scalar|
+-----------------------+-----+-----+--------------+---------------------+--------------+

============================================================
+ Verbose Summary: Synthesis Manager
============================================================
InlineROM: 1
ExposeGlobal: 0
============================================================
+ Verbose Summary: CDFG Model
============================================================
IsTopModel: 0
ResetActiveHigh: 1
IsCombinational: 2
IsDatapathOnly: 2
HasWiredReturn: 1
HasMFsm: 0
HasVarLatency: 1
IsPipeline: 0
IsRtlPipelined: 0
IsInstanceOverlapped: 0
IsDontTouch: 0
HasImplIP: 0
IsGatedGlobalClock: 0


============================================================
+ Verbose Summary: Schedule
============================================================
* Number of FSM states : 10
* Pipeline : 0
* Dataflow Pipeline: 0

* FSM state transitions: 
1 --> 2 
2 --> 3 
3 --> 4 
4 --> 5 
5 --> 6 
6 --> 7 
7 --> 8 
8 --> 9 
9 --> 10 
10 --> 

* FSM state operations: 

State 1 <SV = 0> <Delay = 5.56>
ST_1 : Operation 11 [1/1] (0.00ns)   --->   "%specaxissidechannel_ln0 = specaxissidechannel void @_ssdm_op_SpecAXISSideChannel, i32 %out_stream_V_data_V, i4 %out_stream_V_keep_V, i4 %out_stream_V_strb_V, i1 0, i1 %out_stream_V_last_V, i1 0, i1 0, void @empty_5"   --->   Operation 11 'specaxissidechannel' 'specaxissidechannel_ln0' <Predicate = true> <Delay = 0.00>
ST_1 : Operation 12 [1/1] (0.00ns)   --->   "%specinterface_ln0 = specinterface void @_ssdm_op_SpecInterface, i32 %packetizer_in, void @empty_4, i32 0, i32 0, void @empty_1, i32 0, i32 0, void @empty_1, void @empty_1, void @empty_1, i32 0, i32 0, i32 0, i32 0, void @empty_1, void @empty_1, i32 4294967295, i32 0, i32 0, i32 0"   --->   Operation 12 'specinterface' 'specinterface_ln0' <Predicate = true> <Delay = 0.00>
ST_1 : Operation 13 [1/1] (0.00ns)   --->   "%specinterface_ln0 = specinterface void @_ssdm_op_SpecInterface, i1 %out_stream_V_last_V, i4 %out_stream_V_strb_V, i4 %out_stream_V_keep_V, i32 %out_stream_V_data_V, void @empty, i32 0, i32 0, void @empty_0, i32 0, i32 0, void @empty_1, void @empty_1, void @empty_1, i32 0, i32 0, i32 0, i32 0, void @empty_1, void @empty_1, i32 4294967295, i32 0, i32 0, i32 0"   --->   Operation 13 'specinterface' 'specinterface_ln0' <Predicate = true> <Delay = 0.00>
ST_1 : Operation 14 [1/1] (0.00ns)   --->   "%specinterface_ln0 = specinterface void @_ssdm_op_SpecInterface, i32 0, void @empty_7, i32 0, i32 0, void @empty_1, i32 0, i32 0, void @empty_1, void @empty_1, void @empty_1, i32 0, i32 0, i32 0, i32 0, void @empty_1, void @empty_1, i32 4294967295, i32 0, i32 0, i32 0"   --->   Operation 14 'specinterface' 'specinterface_ln0' <Predicate = true> <Delay = 0.00>
ST_1 : Operation 15 [1/1] (0.00ns)   --->   "%payload_words_read = read i16 @_ssdm_op_Read.ap_auto.i16, i16 %payload_words"   --->   Operation 15 'read' 'payload_words_read' <Predicate = true> <Delay = 0.00>
ST_1 : Operation 16 [1/1] (0.00ns)   --->   "%pps_read = read i1 @_ssdm_op_Read.ap_auto.i1, i1 %pps"   --->   Operation 16 'read' 'pps_read' <Predicate = true> <Delay = 0.00>
ST_1 : Operation 17 [1/1] (0.00ns)   --->   "%complex_data_read = read i1 @_ssdm_op_Read.ap_auto.i1, i1 %complex_data"   --->   Operation 17 'read' 'complex_data_read' <Predicate = true> <Delay = 0.00>
ST_1 : Operation 18 [1/1] (0.00ns)   --->   "%bits_per_sample_read = read i5 @_ssdm_op_Read.ap_auto.i5, i5 %bits_per_sample"   --->   Operation 18 'read' 'bits_per_sample_read' <Predicate = true> <Delay = 0.00>
ST_1 : Operation 19 [1/1] (0.00ns)   --->   "%thread_id_read = read i10 @_ssdm_op_Read.ap_auto.i10, i10 %thread_id"   --->   Operation 19 'read' 'thread_id_read' <Predicate = true> <Delay = 0.00>
ST_1 : Operation 20 [1/1] (0.00ns)   --->   "%station_id_read = read i16 @_ssdm_op_Read.ap_auto.i16, i16 %station_id"   --->   Operation 20 'read' 'station_id_read' <Predicate = true> <Delay = 0.00>
ST_1 : Operation 21 [1/1] (0.00ns)   --->   "%epoch_read = read i6 @_ssdm_op_Read.ap_auto.i6, i6 %epoch"   --->   Operation 21 'read' 'epoch_read' <Predicate = true> <Delay = 0.00>
ST_1 : Operation 22 [1/1] (0.00ns)   --->   "%fifo = alloca i64 1" [../src/packetizer2.cpp:169]   --->   Operation 22 'alloca' 'fifo' <Predicate = true> <Delay = 0.00> <CoreInst = "FIFO">   --->   Core 77 'FIFO' <Latency = 0> <II = 1> <Delay = 3.50> <Storage> <Opcode : 'read' 'write' 'nbread' 'nbwrite'> <Ports = 0> <Width = 32> <Depth = 2048> <FIFO>
ST_1 : Operation 23 [1/1] (0.00ns)   --->   "%empty = specchannel i32 @_ssdm_op_SpecChannel, void @fifo_str, i32 1, void @p_str, void @p_str, i32 2048, i32 2048, i32 %fifo, i32 %fifo"   --->   Operation 23 'specchannel' 'empty' <Predicate = true> <Delay = 0.00>
ST_1 : Operation 24 [1/1] (0.00ns)   --->   "%specinterface_ln0 = specinterface void @_ssdm_op_SpecInterface, i32 %fifo, void @empty_4, i32 0, i32 0, void @empty_1, i32 0, i32 0, void @empty_1, void @empty_1, void @empty_1, i32 0, i32 0, i32 0, i32 0, void @empty_1, void @empty_1, i32 4294967295, i32 0, i32 0, i32 0"   --->   Operation 24 'specinterface' 'specinterface_ln0' <Predicate = true> <Delay = 0.00>
ST_1 : Operation 25 [1/1] (0.00ns)   --->   "%seconds_from_epoch_load = load i30 %seconds_from_epoch" [../src/packetizer2.cpp:186]   --->   Operation 25 'load' 'seconds_from_epoch_load' <Predicate = true> <Delay = 0.00>
ST_1 : Operation 26 [1/1] (0.00ns)   --->   "%frame_no_load = load i24 %frame_no" [../src/packetizer2.cpp:211]   --->   Operation 26 'load' 'frame_no_load' <Predicate = true> <Delay = 0.00>
ST_1 : Operation 27 [1/1] (1.61ns)   --->   "%br_ln184 = br i1 %pps_read, void %VITIS_LOOP_194_1, void %if.then" [../src/packetizer2.cpp:184]   --->   Operation 27 'br' 'br_ln184' <Predicate = true> <Delay = 1.61>
ST_1 : Operation 28 [1/1] (2.63ns)   --->   "%add_ln186 = add i30 %seconds_from_epoch_load, i30 1" [../src/packetizer2.cpp:186]   --->   Operation 28 'add' 'add_ln186' <Predicate = (pps_read)> <Delay = 2.63> <CoreInst = "Adder">   --->   Core 1 'Adder' <Latency = 0> <II = 1> <Delay = 2.63> <FuncUnit> <Opcode : 'add' 'sub'> <InPorts = 2> <OutPorts = 1>
ST_1 : Operation 29 [1/1] (0.00ns)   --->   "%store_ln186 = store i30 %add_ln186, i30 %seconds_from_epoch" [../src/packetizer2.cpp:186]   --->   Operation 29 'store' 'store_ln186' <Predicate = (pps_read)> <Delay = 0.00>
ST_1 : Operation 30 [1/1] (1.61ns)   --->   "%br_ln188 = br void %VITIS_LOOP_194_1" [../src/packetizer2.cpp:188]   --->   Operation 30 'br' 'br_ln188' <Predicate = (pps_read)> <Delay = 1.61>
ST_1 : Operation 31 [1/1] (0.00ns)   --->   "%word0 = phi i30 %add_ln186, void %if.then, i30 %seconds_from_epoch_load, void %entry" [../src/packetizer2.cpp:186]   --->   Operation 31 'phi' 'word0' <Predicate = true> <Delay = 0.00>
ST_1 : Operation 32 [2/2] (3.75ns)   --->   "%call_ln0 = call void @packetizer_Pipeline_VITIS_LOOP_194_1, i16 %payload_words_read, i32 %packetizer_in, i32 %fifo"   --->   Operation 32 'call' 'call_ln0' <Predicate = true> <Delay = 3.75> <CoreType = "Generic">   --->   Generic Core
ST_1 : Operation 33 [1/1] (0.00ns)   --->   "%zext_ln208 = zext i30 %word0" [../src/packetizer2.cpp:208]   --->   Operation 33 'zext' 'zext_ln208' <Predicate = true> <Delay = 0.00>
ST_1 : Operation 34 [1/1] ( I:1.31ns O:1.31ns )   --->   "%write_ln239 = write void @_ssdm_op_Write.axis.volatile.i32P0A.i4P0A.i4P0A.i1P0A, i32 %out_stream_V_data_V, i4 %out_stream_V_keep_V, i4 %out_stream_V_strb_V, i1 %out_stream_V_last_V, i32 %zext_ln208, i4 15, i4 15, i1 0" [../src/packetizer2.cpp:239]   --->   Operation 34 'write' 'write_ln239' <Predicate = true> <Delay = 1.31> <CoreInst = "regslice">   --->   Core 135 'regslice' <Latency = 0> <II = 1> <Delay = 2.05> <Adapter> <Opcode : 'read' 'write'>

State 2 <SV = 1> <Delay = 5.36>
ST_2 : Operation 35 [1/1] (0.00ns)   --->   "%frame_no_loc_0 = phi i24 0, void %if.then, i24 %frame_no_load, void %entry" [../src/packetizer2.cpp:211]   --->   Operation 35 'phi' 'frame_no_loc_0' <Predicate = true> <Delay = 0.00>
ST_2 : Operation 36 [1/2] (5.36ns)   --->   "%call_ln0 = call void @packetizer_Pipeline_VITIS_LOOP_194_1, i16 %payload_words_read, i32 %packetizer_in, i32 %fifo"   --->   Operation 36 'call' 'call_ln0' <Predicate = true> <Delay = 5.36> <CoreType = "Generic">   --->   Generic Core
ST_2 : Operation 37 [1/1] (0.00ns)   --->   "%word1 = bitconcatenate i30 @_ssdm_op_BitConcatenate.i30.i6.i24, i6 %epoch_read, i24 %frame_no_loc_0" [../src/packetizer2.cpp:211]   --->   Operation 37 'bitconcatenate' 'word1' <Predicate = true> <Delay = 0.00>
ST_2 : Operation 38 [1/1] (0.00ns)   --->   "%zext_ln211 = zext i30 %word1" [../src/packetizer2.cpp:211]   --->   Operation 38 'zext' 'zext_ln211' <Predicate = true> <Delay = 0.00>
ST_2 : Operation 39 [1/1] ( I:1.31ns O:1.31ns )   --->   "%write_ln243 = write void @_ssdm_op_Write.axis.volatile.i32P0A.i4P0A.i4P0A.i1P0A, i32 %out_stream_V_data_V, i4 %out_stream_V_keep_V, i4 %out_stream_V_strb_V, i1 %out_stream_V_last_V, i32 %zext_ln211, i4 15, i4 15, i1 0" [../src/packetizer2.cpp:243]   --->   Operation 39 'write' 'write_ln243' <Predicate = true> <Delay = 1.31> <CoreInst = "regslice">   --->   Core 135 'regslice' <Latency = 0> <II = 1> <Delay = 2.05> <Adapter> <Opcode : 'read' 'write'>
ST_2 : Operation 40 [1/1] (2.42ns)   --->   "%add_ln286 = add i24 %frame_no_loc_0, i24 1" [../src/packetizer2.cpp:286]   --->   Operation 40 'add' 'add_ln286' <Predicate = true> <Delay = 2.42> <CoreInst = "Adder">   --->   Core 1 'Adder' <Latency = 0> <II = 1> <Delay = 2.42> <FuncUnit> <Opcode : 'add' 'sub'> <InPorts = 2> <OutPorts = 1>
ST_2 : Operation 41 [1/1] (0.00ns)   --->   "%store_ln187 = store i24 %add_ln286, i24 %frame_no" [../src/packetizer2.cpp:187]   --->   Operation 41 'store' 'store_ln187' <Predicate = true> <Delay = 0.00>

State 3 <SV = 2> <Delay = 3.46>
ST_3 : Operation 42 [1/1] (0.00ns)   --->   "%lshr_ln = partselect i15 @_ssdm_op_PartSelect.i15.i16.i32.i32, i16 %payload_words_read, i32 1, i32 15" [../src/packetizer2.cpp:217]   --->   Operation 42 'partselect' 'lshr_ln' <Predicate = true> <Delay = 0.00>
ST_3 : Operation 43 [1/1] (0.00ns)   --->   "%zext_ln217 = zext i15 %lshr_ln" [../src/packetizer2.cpp:217]   --->   Operation 43 'zext' 'zext_ln217' <Predicate = true> <Delay = 0.00>
ST_3 : Operation 44 [1/1] (2.14ns)   --->   "%frame_length = add i16 %zext_ln217, i16 4" [../src/packetizer2.cpp:217]   --->   Operation 44 'add' 'frame_length' <Predicate = true> <Delay = 2.14> <CoreInst = "Adder">   --->   Core 1 'Adder' <Latency = 0> <II = 1> <Delay = 2.14> <FuncUnit> <Opcode : 'add' 'sub'> <InPorts = 2> <OutPorts = 1>
ST_3 : Operation 45 [1/1] (0.00ns)   --->   "%zext_ln220 = zext i16 %frame_length" [../src/packetizer2.cpp:220]   --->   Operation 45 'zext' 'zext_ln220' <Predicate = true> <Delay = 0.00>
ST_3 : Operation 46 [1/1] (0.00ns)   --->   "%word2 = bitconcatenate i30 @_ssdm_op_BitConcatenate.i30.i1.i29, i1 1, i29 %zext_ln220" [../src/packetizer2.cpp:218]   --->   Operation 46 'bitconcatenate' 'word2' <Predicate = true> <Delay = 0.00>
ST_3 : Operation 47 [1/1] (0.00ns)   --->   "%zext_ln218 = zext i30 %word2" [../src/packetizer2.cpp:218]   --->   Operation 47 'zext' 'zext_ln218' <Predicate = true> <Delay = 0.00>
ST_3 : Operation 48 [1/1] ( I:1.31ns O:1.31ns )   --->   "%write_ln247 = write void @_ssdm_op_Write.axis.volatile.i32P0A.i4P0A.i4P0A.i1P0A, i32 %out_stream_V_data_V, i4 %out_stream_V_keep_V, i4 %out_stream_V_strb_V, i1 %out_stream_V_last_V, i32 %zext_ln218, i4 15, i4 15, i1 0" [../src/packetizer2.cpp:247]   --->   Operation 48 'write' 'write_ln247' <Predicate = true> <Delay = 1.31> <CoreInst = "regslice">   --->   Core 135 'regslice' <Latency = 0> <II = 1> <Delay = 2.05> <Adapter> <Opcode : 'read' 'write'>

State 4 <SV = 3> <Delay = 4.98>
ST_4 : Operation 49 [1/1] (0.00ns)   --->   "%shl_ln = bitconcatenate i32 @_ssdm_op_BitConcatenate.i32.i1.i31, i1 %complex_data_read, i31 0" [../src/packetizer2.cpp:224]   --->   Operation 49 'bitconcatenate' 'shl_ln' <Predicate = true> <Delay = 0.00>
ST_4 : Operation 50 [1/1] (0.00ns)   --->   "%shl_ln3 = bitconcatenate i31 @_ssdm_op_BitConcatenate.i31.i5.i26, i5 %bits_per_sample_read, i26 0" [../src/packetizer2.cpp:225]   --->   Operation 50 'bitconcatenate' 'shl_ln3' <Predicate = true> <Delay = 0.00>
ST_4 : Operation 51 [1/1] (0.00ns)   --->   "%zext_ln226 = zext i31 %shl_ln3" [../src/packetizer2.cpp:226]   --->   Operation 51 'zext' 'zext_ln226' <Predicate = true> <Delay = 0.00>
ST_4 : Operation 52 [1/1] (2.66ns)   --->   "%add_ln226 = add i32 %zext_ln226, i32 4227858432" [../src/packetizer2.cpp:226]   --->   Operation 52 'add' 'add_ln226' <Predicate = true> <Delay = 2.66> <CoreInst = "Adder">   --->   Core 1 'Adder' <Latency = 0> <II = 1> <Delay = 2.70> <FuncUnit> <Opcode : 'add' 'sub'> <InPorts = 2> <OutPorts = 1>
ST_4 : Operation 53 [1/1] (0.00ns)   --->   "%tmp_1 = partselect i6 @_ssdm_op_PartSelect.i6.i32.i32.i32, i32 %add_ln226, i32 26, i32 31" [../src/packetizer2.cpp:226]   --->   Operation 53 'partselect' 'tmp_1' <Predicate = true> <Delay = 0.00>
ST_4 : Operation 54 [1/1] (0.00ns)   --->   "%or_ln226_1 = bitconcatenate i32 @_ssdm_op_BitConcatenate.i32.i6.i10.i16, i6 %tmp_1, i10 %thread_id_read, i16 %station_id_read" [../src/packetizer2.cpp:226]   --->   Operation 54 'bitconcatenate' 'or_ln226_1' <Predicate = true> <Delay = 0.00>
ST_4 : Operation 55 [1/1] (0.99ns)   --->   "%word3 = or i32 %or_ln226_1, i32 %shl_ln" [../src/packetizer2.cpp:226]   --->   Operation 55 'or' 'word3' <Predicate = true> <Delay = 0.99> <CoreInst = "LogicGate">   --->   Core 74 'LogicGate' <Latency = 0> <II = 1> <Delay = 0.99> <FuncUnit> <Opcode : 'and' 'or' 'xor'> <InPorts = 2> <OutPorts = 1>
ST_4 : Operation 56 [1/1] ( I:1.31ns O:1.31ns )   --->   "%write_ln251 = write void @_ssdm_op_Write.axis.volatile.i32P0A.i4P0A.i4P0A.i1P0A, i32 %out_stream_V_data_V, i4 %out_stream_V_keep_V, i4 %out_stream_V_strb_V, i1 %out_stream_V_last_V, i32 %word3, i4 15, i4 15, i1 0" [../src/packetizer2.cpp:251]   --->   Operation 56 'write' 'write_ln251' <Predicate = true> <Delay = 1.31> <CoreInst = "regslice">   --->   Core 135 'regslice' <Latency = 0> <II = 1> <Delay = 2.05> <Adapter> <Opcode : 'read' 'write'>

State 5 <SV = 4> <Delay = 1.31>
ST_5 : Operation 57 [1/1] ( I:1.31ns O:1.31ns )   --->   "%write_ln255 = write void @_ssdm_op_Write.axis.volatile.i32P0A.i4P0A.i4P0A.i1P0A, i32 %out_stream_V_data_V, i4 %out_stream_V_keep_V, i4 %out_stream_V_strb_V, i1 %out_stream_V_last_V, i32 16777216, i4 15, i4 15, i1 0" [../src/packetizer2.cpp:255]   --->   Operation 57 'write' 'write_ln255' <Predicate = true> <Delay = 1.31> <CoreInst = "regslice">   --->   Core 135 'regslice' <Latency = 0> <II = 1> <Delay = 2.05> <Adapter> <Opcode : 'read' 'write'>

State 6 <SV = 5> <Delay = 1.31>
ST_6 : Operation 58 [1/1] ( I:1.31ns O:1.31ns )   --->   "%write_ln259 = write void @_ssdm_op_Write.axis.volatile.i32P0A.i4P0A.i4P0A.i1P0A, i32 %out_stream_V_data_V, i4 %out_stream_V_keep_V, i4 %out_stream_V_strb_V, i1 %out_stream_V_last_V, i32 2896953069, i4 15, i4 15, i1 0" [../src/packetizer2.cpp:259]   --->   Operation 58 'write' 'write_ln259' <Predicate = true> <Delay = 1.31> <CoreInst = "regslice">   --->   Core 135 'regslice' <Latency = 0> <II = 1> <Delay = 2.05> <Adapter> <Opcode : 'read' 'write'>

State 7 <SV = 6> <Delay = 1.31>
ST_7 : Operation 59 [1/1] ( I:1.31ns O:1.31ns )   --->   "%write_ln263 = write void @_ssdm_op_Write.axis.volatile.i32P0A.i4P0A.i4P0A.i1P0A, i32 %out_stream_V_data_V, i4 %out_stream_V_keep_V, i4 %out_stream_V_strb_V, i1 %out_stream_V_last_V, i32 0, i4 15, i4 15, i1 0" [../src/packetizer2.cpp:263]   --->   Operation 59 'write' 'write_ln263' <Predicate = true> <Delay = 1.31> <CoreInst = "regslice">   --->   Core 135 'regslice' <Latency = 0> <II = 1> <Delay = 2.05> <Adapter> <Opcode : 'read' 'write'>

State 8 <SV = 7> <Delay = 1.31>
ST_8 : Operation 60 [1/1] ( I:1.31ns O:1.31ns )   --->   "%write_ln267 = write void @_ssdm_op_Write.axis.volatile.i32P0A.i4P0A.i4P0A.i1P0A, i32 %out_stream_V_data_V, i4 %out_stream_V_keep_V, i4 %out_stream_V_strb_V, i1 %out_stream_V_last_V, i32 0, i4 15, i4 15, i1 0" [../src/packetizer2.cpp:267]   --->   Operation 60 'write' 'write_ln267' <Predicate = true> <Delay = 1.31> <CoreInst = "regslice">   --->   Core 135 'regslice' <Latency = 0> <II = 1> <Delay = 2.05> <Adapter> <Opcode : 'read' 'write'>

State 9 <SV = 8> <Delay = 5.90>
ST_9 : Operation 61 [1/1] (0.00ns)   --->   "%zext_ln279 = zext i16 %payload_words_read" [../src/packetizer2.cpp:279]   --->   Operation 61 'zext' 'zext_ln279' <Predicate = true> <Delay = 0.00>
ST_9 : Operation 62 [1/1] (2.14ns)   --->   "%add_ln279 = add i17 %zext_ln279, i17 131071" [../src/packetizer2.cpp:279]   --->   Operation 62 'add' 'add_ln279' <Predicate = true> <Delay = 2.14> <CoreInst = "Adder">   --->   Core 1 'Adder' <Latency = 0> <II = 1> <Delay = 2.18> <FuncUnit> <Opcode : 'add' 'sub'> <InPorts = 2> <OutPorts = 1>
ST_9 : Operation 63 [2/2] (3.75ns)   --->   "%call_ln279 = call void @packetizer_Pipeline_VITIS_LOOP_273_2, i16 %payload_words_read, i32 %fifo, i17 %add_ln279, i32 %out_stream_V_data_V, i4 %out_stream_V_keep_V, i4 %out_stream_V_strb_V, i1 %out_stream_V_last_V" [../src/packetizer2.cpp:279]   --->   Operation 63 'call' 'call_ln279' <Predicate = true> <Delay = 3.75> <CoreType = "Generic">   --->   Generic Core

State 10 <SV = 9> <Delay = 5.36>
ST_10 : Operation 64 [1/2] (5.36ns)   --->   "%call_ln279 = call void @packetizer_Pipeline_VITIS_LOOP_273_2, i16 %payload_words_read, i32 %fifo, i17 %add_ln279, i32 %out_stream_V_data_V, i4 %out_stream_V_keep_V, i4 %out_stream_V_strb_V, i1 %out_stream_V_last_V" [../src/packetizer2.cpp:279]   --->   Operation 64 'call' 'call_ln279' <Predicate = true> <Delay = 5.36> <CoreType = "Generic">   --->   Generic Core
ST_10 : Operation 65 [1/1] (0.00ns)   --->   "%ret_ln287 = ret" [../src/packetizer2.cpp:287]   --->   Operation 65 'ret' 'ret_ln287' <Predicate = true> <Delay = 0.00>


============================================================
+ Verbose Summary: Binding
============================================================
STG Binding: 
---------------- STG Properties BEGIN ----------------
- Is combinational: 0
- Is one-state seq: 0
- Is datapath-only: 0
- Is pipelined: 0
- Is top level: 0
Port [ Return ] is wired: 1; IO mode=ap_ctrl_none:ce=0
Port [ packetizer_in]:  wired=1; compound=1; hidden=0; nouse=0; global=0; static=0; extern=0; dir=0; type=3; pingpong=0; private_global=0; IO mode=ap_fifo:ce=0
Port [ out_stream_V_data_V]:  wired=1; compound=1; hidden=0; nouse=0; global=0; static=0; extern=0; dir=1; type=0; pingpong=0; private_global=0; IO mode=axis:ce=0
Port [ out_stream_V_keep_V]:  wired=1; compound=1; hidden=0; nouse=0; global=0; static=0; extern=0; dir=1; type=0; pingpong=0; private_global=0; IO mode=axis:ce=0
Port [ out_stream_V_strb_V]:  wired=1; compound=1; hidden=0; nouse=0; global=0; static=0; extern=0; dir=1; type=0; pingpong=0; private_global=0; IO mode=axis:ce=0
Port [ out_stream_V_last_V]:  wired=1; compound=1; hidden=0; nouse=0; global=0; static=0; extern=0; dir=1; type=0; pingpong=0; private_global=0; IO mode=axis:ce=0
Port [ epoch]:  wired=1; compound=0; hidden=0; nouse=0; global=0; static=0; extern=0; dir=0; type=0; pingpong=0; private_global=0; IO mode=ap_none:ce=0
Port [ station_id]:  wired=1; compound=0; hidden=0; nouse=0; global=0; static=0; extern=0; dir=0; type=0; pingpong=0; private_global=0; IO mode=ap_none:ce=0
Port [ thread_id]:  wired=1; compound=0; hidden=0; nouse=0; global=0; static=0; extern=0; dir=0; type=0; pingpong=0; private_global=0; IO mode=ap_none:ce=0
Port [ bits_per_sample]:  wired=1; compound=0; hidden=0; nouse=0; global=0; static=0; extern=0; dir=0; type=0; pingpong=0; private_global=0; IO mode=ap_none:ce=0
Port [ complex_data]:  wired=1; compound=0; hidden=0; nouse=0; global=0; static=0; extern=0; dir=0; type=0; pingpong=0; private_global=0; IO mode=ap_none:ce=0
Port [ pps]:  wired=1; compound=0; hidden=0; nouse=0; global=0; static=0; extern=0; dir=0; type=0; pingpong=0; private_global=0; IO mode=ap_none:ce=0
Port [ payload_words]:  wired=1; compound=0; hidden=0; nouse=0; global=0; static=0; extern=0; dir=0; type=0; pingpong=0; private_global=0; IO mode=ap_none:ce=0
Port [ seconds_from_epoch]:  wired=0; compound=0; hidden=1; nouse=0; global=1; static=1; extern=0; dir=2; type=0; pingpong=0; private_global=1; IO mode=ap_ovld:ce=0
Port [ frame_no]:  wired=0; compound=0; hidden=1; nouse=0; global=1; static=1; extern=0; dir=2; type=0; pingpong=0; private_global=1; IO mode=ap_ovld:ce=0
---------------- STG Properties END ------------------

---------------- Datapath Model BEGIN ----------------

<LifeTime>
<method=bitvector/>
specaxissidechannel_ln0 (specaxissidechannel) [ 00000000000]
specinterface_ln0       (specinterface      ) [ 00000000000]
specinterface_ln0       (specinterface      ) [ 00000000000]
specinterface_ln0       (specinterface      ) [ 00000000000]
payload_words_read      (read               ) [ 00111111111]
pps_read                (read               ) [ 01000000000]
complex_data_read       (read               ) [ 00111000000]
bits_per_sample_read    (read               ) [ 00111000000]
thread_id_read          (read               ) [ 00111000000]
station_id_read         (read               ) [ 00111000000]
epoch_read              (read               ) [ 00100000000]
fifo                    (alloca             ) [ 01111111111]
empty                   (specchannel        ) [ 00000000000]
specinterface_ln0       (specinterface      ) [ 00000000000]
seconds_from_epoch_load (load               ) [ 00000000000]
frame_no_load           (load               ) [ 01100000000]
br_ln184                (br                 ) [ 01100000000]
add_ln186               (add                ) [ 00000000000]
store_ln186             (store              ) [ 00000000000]
br_ln188                (br                 ) [ 01100000000]
word0                   (phi                ) [ 00000000000]
zext_ln208              (zext               ) [ 00000000000]
write_ln239             (write              ) [ 00000000000]
frame_no_loc_0          (phi                ) [ 00100000000]
call_ln0                (call               ) [ 00000000000]
word1                   (bitconcatenate     ) [ 00000000000]
zext_ln211              (zext               ) [ 00000000000]
write_ln243             (write              ) [ 00000000000]
add_ln286               (add                ) [ 00000000000]
store_ln187             (store              ) [ 00000000000]
lshr_ln                 (partselect         ) [ 00000000000]
zext_ln217              (zext               ) [ 00000000000]
frame_length            (add                ) [ 00000000000]
zext_ln220              (zext               ) [ 00000000000]
word2                   (bitconcatenate     ) [ 00000000000]
zext_ln218              (zext               ) [ 00000000000]
write_ln247             (write              ) [ 00000000000]
shl_ln                  (bitconcatenate     ) [ 00000000000]
shl_ln3                 (bitconcatenate     ) [ 00000000000]
zext_ln226              (zext               ) [ 00000000000]
add_ln226               (add                ) [ 00000000000]
tmp_1                   (partselect         ) [ 00000000000]
or_ln226_1              (bitconcatenate     ) [ 00000000000]
word3                   (or                 ) [ 00000000000]
write_ln251             (write              ) [ 00000000000]
write_ln255             (write              ) [ 00000000000]
write_ln259             (write              ) [ 00000000000]
write_ln263             (write              ) [ 00000000000]
write_ln267             (write              ) [ 00000000000]
zext_ln279              (zext               ) [ 00000000000]
add_ln279               (add                ) [ 00000000001]
call_ln279              (call               ) [ 00000000000]
ret_ln287               (ret                ) [ 00000000000]
</LifeTime>

<model>

<comp_list>
<comp id="0" class="1000" name="packetizer_in">
<pin_list>
<pin id="1" dir="1" index="0" bw="1" slack="0"/>
</pin_list>
<bind>
<StgValue><ssdm name="packetizer_in"/></StgValue>
</bind>
</comp>

<comp id="2" class="1000" name="out_stream_V_data_V">
<pin_list>
<pin id="3" dir="1" index="0" bw="1" slack="0"/>
</pin_list>
<bind>
<StgValue><ssdm name="out_stream_V_data_V"/></StgValue>
</bind>
</comp>

<comp id="4" class="1000" name="out_stream_V_keep_V">
<pin_list>
<pin id="5" dir="1" index="0" bw="1" slack="0"/>
</pin_list>
<bind>
<StgValue><ssdm name="out_stream_V_keep_V"/></StgValue>
</bind>
</comp>

<comp id="6" class="1000" name="out_stream_V_strb_V">
<pin_list>
<pin id="7" dir="1" index="0" bw="1" slack="0"/>
</pin_list>
<bind>
<StgValue><ssdm name="out_stream_V_strb_V"/></StgValue>
</bind>
</comp>

<comp id="8" class="1000" name="out_stream_V_last_V">
<pin_list>
<pin id="9" dir="1" index="0" bw="1" slack="0"/>
</pin_list>
<bind>
<StgValue><ssdm name="out_stream_V_last_V"/></StgValue>
</bind>
</comp>

<comp id="10" class="1000" name="epoch">
<pin_list>
<pin id="11" dir="1" index="0" bw="1" slack="0"/>
</pin_list>
<bind>
<StgValue><ssdm name="epoch"/></StgValue>
</bind>
</comp>

<comp id="12" class="1000" name="station_id">
<pin_list>
<pin id="13" dir="1" index="0" bw="1" slack="0"/>
</pin_list>
<bind>
<StgValue><ssdm name="station_id"/></StgValue>
</bind>
</comp>

<comp id="14" class="1000" name="thread_id">
<pin_list>
<pin id="15" dir="1" index="0" bw="1" slack="0"/>
</pin_list>
<bind>
<StgValue><ssdm name="thread_id"/></StgValue>
</bind>
</comp>

<comp id="16" class="1000" name="bits_per_sample">
<pin_list>
<pin id="17" dir="1" index="0" bw="1" slack="0"/>
</pin_list>
<bind>
<StgValue><ssdm name="bits_per_sample"/></StgValue>
</bind>
</comp>

<comp id="18" class="1000" name="complex_data">
<pin_list>
<pin id="19" dir="1" index="0" bw="1" slack="0"/>
</pin_list>
<bind>
<StgValue><ssdm name="complex_data"/></StgValue>
</bind>
</comp>

<comp id="20" class="1000" name="pps">
<pin_list>
<pin id="21" dir="1" index="0" bw="1" slack="0"/>
</pin_list>
<bind>
<StgValue><ssdm name="pps"/></StgValue>
</bind>
</comp>

<comp id="22" class="1000" name="payload_words">
<pin_list>
<pin id="23" dir="1" index="0" bw="1" slack="0"/>
</pin_list>
<bind>
<StgValue><ssdm name="payload_words"/></StgValue>
</bind>
</comp>

<comp id="24" class="1000" name="seconds_from_epoch">
<pin_list>
<pin id="25" dir="1" index="0" bw="1" slack="0"/>
</pin_list>
<bind>
<StgValue><ssdm name="seconds_from_epoch"/></StgValue>
</bind>
</comp>

<comp id="26" class="1000" name="frame_no">
<pin_list>
<pin id="27" dir="1" index="0" bw="1" slack="0"/>
</pin_list>
<bind>
<StgValue><ssdm name="frame_no"/></StgValue>
</bind>
</comp>

<comp id="28" class="1001" name="const_28">
<pin_list>
<pin id="29" dir="1" index="0" bw="1" slack="2147483647"/>
</pin_list>
<bind>
<StgValue><ssdm name="_ssdm_op_SpecAXISSideChannel"/></StgValue>
</bind>
</comp>

<comp id="30" class="1001" name="const_30">
<pin_list>
<pin id="31" dir="1" index="0" bw="1" slack="2147483647"/>
</pin_list>
<bind>
<StgValue><ssdm name=""/></StgValue>
</bind>
</comp>

<comp id="32" class="1001" name="const_32">
<pin_list>
<pin id="33" dir="1" index="0" bw="1" slack="2147483647"/>
</pin_list>
<bind>
<StgValue><ssdm name="empty_5"/></StgValue>
</bind>
</comp>

<comp id="34" class="1001" name="const_34">
<pin_list>
<pin id="35" dir="1" index="0" bw="1" slack="2147483647"/>
</pin_list>
<bind>
<StgValue><ssdm name="_ssdm_op_SpecInterface"/></StgValue>
</bind>
</comp>

<comp id="36" class="1001" name="const_36">
<pin_list>
<pin id="37" dir="1" index="0" bw="1" slack="2147483647"/>
</pin_list>
<bind>
<StgValue><ssdm name="empty_4"/></StgValue>
</bind>
</comp>

<comp id="38" class="1001" name="const_38">
<pin_list>
<pin id="39" dir="1" index="0" bw="1" slack="0"/>
</pin_list>
<bind>
<StgValue><ssdm name=""/></StgValue>
</bind>
</comp>

<comp id="40" class="1001" name="const_40">
<pin_list>
<pin id="41" dir="1" index="0" bw="1" slack="2147483647"/>
</pin_list>
<bind>
<StgValue><ssdm name="empty_1"/></StgValue>
</bind>
</comp>

<comp id="42" class="1001" name="const_42">
<pin_list>
<pin id="43" dir="1" index="0" bw="1" slack="2147483647"/>
</pin_list>
<bind>
<StgValue><ssdm name=""/></StgValue>
</bind>
</comp>

<comp id="44" class="1001" name="const_44">
<pin_list>
<pin id="45" dir="1" index="0" bw="1" slack="2147483647"/>
</pin_list>
<bind>
<StgValue><ssdm name="empty"/></StgValue>
</bind>
</comp>

<comp id="46" class="1001" name="const_46">
<pin_list>
<pin id="47" dir="1" index="0" bw="1" slack="2147483647"/>
</pin_list>
<bind>
<StgValue><ssdm name="empty_0"/></StgValue>
</bind>
</comp>

<comp id="48" class="1001" name="const_48">
<pin_list>
<pin id="49" dir="1" index="0" bw="1" slack="2147483647"/>
</pin_list>
<bind>
<StgValue><ssdm name="empty_7"/></StgValue>
</bind>
</comp>

<comp id="50" class="1001" name="const_50">
<pin_list>
<pin id="51" dir="1" index="0" bw="1" slack="0"/>
</pin_list>
<bind>
<StgValue><ssdm name="_ssdm_op_Read.ap_auto.i16"/></StgValue>
</bind>
</comp>

<comp id="52" class="1001" name="const_52">
<pin_list>
<pin id="53" dir="1" index="0" bw="1" slack="0"/>
</pin_list>
<bind>
<StgValue><ssdm name="_ssdm_op_Read.ap_auto.i1"/></StgValue>
</bind>
</comp>

<comp id="54" class="1001" name="const_54">
<pin_list>
<pin id="55" dir="1" index="0" bw="1" slack="0"/>
</pin_list>
<bind>
<StgValue><ssdm name="_ssdm_op_Read.ap_auto.i5"/></StgValue>
</bind>
</comp>

<comp id="56" class="1001" name="const_56">
<pin_list>
<pin id="57" dir="1" index="0" bw="1" slack="0"/>
</pin_list>
<bind>
<StgValue><ssdm name="_ssdm_op_Read.ap_auto.i10"/></StgValue>
</bind>
</comp>

<comp id="58" class="1001" name="const_58">
<pin_list>
<pin id="59" dir="1" index="0" bw="1" slack="0"/>
</pin_list>
<bind>
<StgValue><ssdm name="_ssdm_op_Read.ap_auto.i6"/></StgValue>
</bind>
</comp>

<comp id="60" class="1001" name="const_60">
<pin_list>
<pin id="61" dir="1" index="0" bw="1" slack="0"/>
</pin_list>
<bind>
<StgValue><ssdm name=""/></StgValue>
</bind>
</comp>

<comp id="62" class="1001" name="const_62">
<pin_list>
<pin id="63" dir="1" index="0" bw="1" slack="2147483647"/>
</pin_list>
<bind>
<StgValue><ssdm name="_ssdm_op_SpecChannel"/></StgValue>
</bind>
</comp>

<comp id="64" class="1001" name="const_64">
<pin_list>
<pin id="65" dir="1" index="0" bw="1" slack="2147483647"/>
</pin_list>
<bind>
<StgValue><ssdm name="fifo_str"/></StgValue>
</bind>
</comp>

<comp id="66" class="1001" name="const_66">
<pin_list>
<pin id="67" dir="1" index="0" bw="1" slack="0"/>
</pin_list>
<bind>
<StgValue><ssdm name=""/></StgValue>
</bind>
</comp>

<comp id="68" class="1001" name="const_68">
<pin_list>
<pin id="69" dir="1" index="0" bw="1" slack="2147483647"/>
</pin_list>
<bind>
<StgValue><ssdm name="p_str"/></StgValue>
</bind>
</comp>

<comp id="70" class="1001" name="const_70">
<pin_list>
<pin id="71" dir="1" index="0" bw="1" slack="2147483647"/>
</pin_list>
<bind>
<StgValue><ssdm name=""/></StgValue>
</bind>
</comp>

<comp id="72" class="1001" name="const_72">
<pin_list>
<pin id="73" dir="1" index="0" bw="1" slack="0"/>
</pin_list>
<bind>
<StgValue><ssdm name=""/></StgValue>
</bind>
</comp>

<comp id="74" class="1001" name="const_74">
<pin_list>
<pin id="75" dir="1" index="0" bw="1" slack="0"/>
</pin_list>
<bind>
<StgValue><ssdm name="packetizer_Pipeline_VITIS_LOOP_194_1"/></StgValue>
</bind>
</comp>

<comp id="76" class="1001" name="const_76">
<pin_list>
<pin id="77" dir="1" index="0" bw="1" slack="0"/>
</pin_list>
<bind>
<StgValue><ssdm name="_ssdm_op_Write.axis.volatile.i32P0A.i4P0A.i4P0A.i1P0A"/></StgValue>
</bind>
</comp>

<comp id="78" class="1001" name="const_78">
<pin_list>
<pin id="79" dir="1" index="0" bw="1" slack="0"/>
</pin_list>
<bind>
<StgValue><ssdm name=""/></StgValue>
</bind>
</comp>

<comp id="80" class="1001" name="const_80">
<pin_list>
<pin id="81" dir="1" index="0" bw="1" slack="0"/>
</pin_list>
<bind>
<StgValue><ssdm name=""/></StgValue>
</bind>
</comp>

<comp id="82" class="1001" name="const_82">
<pin_list>
<pin id="83" dir="1" index="0" bw="1" slack="1"/>
</pin_list>
<bind>
<StgValue><ssdm name=""/></StgValue>
</bind>
</comp>

<comp id="84" class="1001" name="const_84">
<pin_list>
<pin id="85" dir="1" index="0" bw="1" slack="0"/>
</pin_list>
<bind>
<StgValue><ssdm name="_ssdm_op_BitConcatenate.i30.i6.i24"/></StgValue>
</bind>
</comp>

<comp id="86" class="1001" name="const_86">
<pin_list>
<pin id="87" dir="1" index="0" bw="1" slack="0"/>
</pin_list>
<bind>
<StgValue><ssdm name=""/></StgValue>
</bind>
</comp>

<comp id="88" class="1001" name="const_88">
<pin_list>
<pin id="89" dir="1" index="0" bw="1" slack="0"/>
</pin_list>
<bind>
<StgValue><ssdm name="_ssdm_op_PartSelect.i15.i16.i32.i32"/></StgValue>
</bind>
</comp>

<comp id="90" class="1001" name="const_90">
<pin_list>
<pin id="91" dir="1" index="0" bw="1" slack="0"/>
</pin_list>
<bind>
<StgValue><ssdm name=""/></StgValue>
</bind>
</comp>

<comp id="92" class="1001" name="const_92">
<pin_list>
<pin id="93" dir="1" index="0" bw="1" slack="0"/>
</pin_list>
<bind>
<StgValue><ssdm name=""/></StgValue>
</bind>
</comp>

<comp id="94" class="1001" name="const_94">
<pin_list>
<pin id="95" dir="1" index="0" bw="1" slack="0"/>
</pin_list>
<bind>
<StgValue><ssdm name="_ssdm_op_BitConcatenate.i30.i1.i29"/></StgValue>
</bind>
</comp>

<comp id="96" class="1001" name="const_96">
<pin_list>
<pin id="97" dir="1" index="0" bw="1" slack="0"/>
</pin_list>
<bind>
<StgValue><ssdm name=""/></StgValue>
</bind>
</comp>

<comp id="98" class="1001" name="const_98">
<pin_list>
<pin id="99" dir="1" index="0" bw="1" slack="0"/>
</pin_list>
<bind>
<StgValue><ssdm name="_ssdm_op_BitConcatenate.i32.i1.i31"/></StgValue>
</bind>
</comp>

<comp id="100" class="1001" name="const_100">
<pin_list>
<pin id="101" dir="1" index="0" bw="1" slack="0"/>
</pin_list>
<bind>
<StgValue><ssdm name=""/></StgValue>
</bind>
</comp>

<comp id="102" class="1001" name="const_102">
<pin_list>
<pin id="103" dir="1" index="0" bw="1" slack="0"/>
</pin_list>
<bind>
<StgValue><ssdm name="_ssdm_op_BitConcatenate.i31.i5.i26"/></StgValue>
</bind>
</comp>

<comp id="104" class="1001" name="const_104">
<pin_list>
<pin id="105" dir="1" index="0" bw="1" slack="0"/>
</pin_list>
<bind>
<StgValue><ssdm name=""/></StgValue>
</bind>
</comp>

<comp id="106" class="1001" name="const_106">
<pin_list>
<pin id="107" dir="1" index="0" bw="1" slack="0"/>
</pin_list>
<bind>
<StgValue><ssdm name=""/></StgValue>
</bind>
</comp>

<comp id="108" class="1001" name="const_108">
<pin_list>
<pin id="109" dir="1" index="0" bw="1" slack="0"/>
</pin_list>
<bind>
<StgValue><ssdm name="_ssdm_op_PartSelect.i6.i32.i32.i32"/></StgValue>
</bind>
</comp>

<comp id="110" class="1001" name="const_110">
<pin_list>
<pin id="111" dir="1" index="0" bw="1" slack="0"/>
</pin_list>
<bind>
<StgValue><ssdm name=""/></StgValue>
</bind>
</comp>

<comp id="112" class="1001" name="const_112">
<pin_list>
<pin id="113" dir="1" index="0" bw="1" slack="0"/>
</pin_list>
<bind>
<StgValue><ssdm name=""/></StgValue>
</bind>
</comp>

<comp id="114" class="1001" name="const_114">
<pin_list>
<pin id="115" dir="1" index="0" bw="1" slack="0"/>
</pin_list>
<bind>
<StgValue><ssdm name="_ssdm_op_BitConcatenate.i32.i6.i10.i16"/></StgValue>
</bind>
</comp>

<comp id="116" class="1001" name="const_116">
<pin_list>
<pin id="117" dir="1" index="0" bw="1" slack="0"/>
</pin_list>
<bind>
<StgValue><ssdm name=""/></StgValue>
</bind>
</comp>

<comp id="118" class="1001" name="const_118">
<pin_list>
<pin id="119" dir="1" index="0" bw="1" slack="0"/>
</pin_list>
<bind>
<StgValue><ssdm name=""/></StgValue>
</bind>
</comp>

<comp id="120" class="1001" name="const_120">
<pin_list>
<pin id="121" dir="1" index="0" bw="1" slack="0"/>
</pin_list>
<bind>
<StgValue><ssdm name=""/></StgValue>
</bind>
</comp>

<comp id="122" class="1001" name="const_122">
<pin_list>
<pin id="123" dir="1" index="0" bw="1" slack="0"/>
</pin_list>
<bind>
<StgValue><ssdm name="packetizer_Pipeline_VITIS_LOOP_273_2"/></StgValue>
</bind>
</comp>

<comp id="124" class="1004" name="fifo_fu_124">
<pin_list>
<pin id="125" dir="0" index="0" bw="1" slack="0"/>
<pin id="126" dir="1" index="1" bw="32" slack="0"/>
</pin_list>
<bind>
<opcode="alloca(26) " fcode="alloca"/>
<opset="fifo/1 "/>
</bind>
</comp>

<comp id="128" class="1004" name="payload_words_read_read_fu_128">
<pin_list>
<pin id="129" dir="0" index="0" bw="16" slack="0"/>
<pin id="130" dir="0" index="1" bw="16" slack="0"/>
<pin id="131" dir="1" index="2" bw="16" slack="0"/>
</pin_list>
<bind>
<opcode="read(1150) " fcode="read"/>
<opset="payload_words_read/1 "/>
</bind>
</comp>

<comp id="134" class="1004" name="pps_read_read_fu_134">
<pin_list>
<pin id="135" dir="0" index="0" bw="1" slack="0"/>
<pin id="136" dir="0" index="1" bw="1" slack="0"/>
<pin id="137" dir="1" index="2" bw="1" slack="2147483647"/>
</pin_list>
<bind>
<opcode="read(1150) " fcode="read"/>
<opset="pps_read/1 "/>
</bind>
</comp>

<comp id="140" class="1004" name="complex_data_read_read_fu_140">
<pin_list>
<pin id="141" dir="0" index="0" bw="1" slack="0"/>
<pin id="142" dir="0" index="1" bw="1" slack="0"/>
<pin id="143" dir="1" index="2" bw="1" slack="3"/>
</pin_list>
<bind>
<opcode="read(1150) " fcode="read"/>
<opset="complex_data_read/1 "/>
</bind>
</comp>

<comp id="146" class="1004" name="bits_per_sample_read_read_fu_146">
<pin_list>
<pin id="147" dir="0" index="0" bw="5" slack="0"/>
<pin id="148" dir="0" index="1" bw="5" slack="0"/>
<pin id="149" dir="1" index="2" bw="5" slack="3"/>
</pin_list>
<bind>
<opcode="read(1150) " fcode="read"/>
<opset="bits_per_sample_read/1 "/>
</bind>
</comp>

<comp id="152" class="1004" name="thread_id_read_read_fu_152">
<pin_list>
<pin id="153" dir="0" index="0" bw="10" slack="0"/>
<pin id="154" dir="0" index="1" bw="10" slack="0"/>
<pin id="155" dir="1" index="2" bw="10" slack="3"/>
</pin_list>
<bind>
<opcode="read(1150) " fcode="read"/>
<opset="thread_id_read/1 "/>
</bind>
</comp>

<comp id="158" class="1004" name="station_id_read_read_fu_158">
<pin_list>
<pin id="159" dir="0" index="0" bw="16" slack="0"/>
<pin id="160" dir="0" index="1" bw="16" slack="0"/>
<pin id="161" dir="1" index="2" bw="16" slack="3"/>
</pin_list>
<bind>
<opcode="read(1150) " fcode="read"/>
<opset="station_id_read/1 "/>
</bind>
</comp>

<comp id="164" class="1004" name="epoch_read_read_fu_164">
<pin_list>
<pin id="165" dir="0" index="0" bw="6" slack="0"/>
<pin id="166" dir="0" index="1" bw="6" slack="0"/>
<pin id="167" dir="1" index="2" bw="6" slack="1"/>
</pin_list>
<bind>
<opcode="read(1150) " fcode="read"/>
<opset="epoch_read/1 "/>
</bind>
</comp>

<comp id="170" class="1004" name="grp_write_fu_170">
<pin_list>
<pin id="171" dir="0" index="0" bw="0" slack="0"/>
<pin id="172" dir="0" index="1" bw="32" slack="0"/>
<pin id="173" dir="0" index="2" bw="4" slack="0"/>
<pin id="174" dir="0" index="3" bw="4" slack="0"/>
<pin id="175" dir="0" index="4" bw="1" slack="0"/>
<pin id="176" dir="0" index="5" bw="32" slack="0"/>
<pin id="177" dir="0" index="6" bw="1" slack="0"/>
<pin id="178" dir="0" index="7" bw="1" slack="0"/>
<pin id="179" dir="0" index="8" bw="1" slack="0"/>
<pin id="180" dir="1" index="9" bw="0" slack="2147483647"/>
</pin_list>
<bind>
<opcode="write(1151) " fcode="write"/>
<opset="write_ln239/1 write_ln243/2 write_ln247/3 write_ln251/4 write_ln255/5 write_ln259/6 write_ln263/7 write_ln267/8 "/>
</bind>
</comp>

<comp id="192" class="1005" name="word0_reg_192">
<pin_list>
<pin id="193" dir="0" index="0" bw="30" slack="2147483647"/>
<pin id="194" dir="1" index="1" bw="30" slack="2147483647"/>
</pin_list>
<bind>
<opset="word0 (phireg) "/>
</bind>
</comp>

<comp id="195" class="1004" name="word0_phi_fu_195">
<pin_list>
<pin id="196" dir="0" index="0" bw="30" slack="0"/>
<pin id="197" dir="0" index="1" bw="0" slack="2147483647"/>
<pin id="198" dir="0" index="2" bw="30" slack="0"/>
<pin id="199" dir="0" index="3" bw="0" slack="2147483647"/>
<pin id="200" dir="1" index="4" bw="30" slack="0"/>
</pin_list>
<bind>
<opcode="phi(47) " fcode="phi"/>
<opset="word0/1 "/>
</bind>
</comp>

<comp id="201" class="1005" name="frame_no_loc_0_reg_201">
<pin_list>
<pin id="202" dir="0" index="0" bw="24" slack="1"/>
<pin id="203" dir="1" index="1" bw="24" slack="1"/>
</pin_list>
<bind>
<opset="frame_no_loc_0 (phireg) "/>
</bind>
</comp>

<comp id="205" class="1004" name="frame_no_loc_0_phi_fu_205">
<pin_list>
<pin id="206" dir="0" index="0" bw="1" slack="1"/>
<pin id="207" dir="0" index="1" bw="0" slack="2147483647"/>
<pin id="208" dir="0" index="2" bw="24" slack="2147483647"/>
<pin id="209" dir="0" index="3" bw="0" slack="2147483647"/>
<pin id="210" dir="1" index="4" bw="24" slack="0"/>
</pin_list>
<bind>
<opcode="phi(47) " fcode="phi"/>
<opset="frame_no_loc_0/2 "/>
</bind>
</comp>

<comp id="212" class="1004" name="grp_packetizer_Pipeline_VITIS_LOOP_194_1_fu_212">
<pin_list>
<pin id="213" dir="0" index="0" bw="0" slack="0"/>
<pin id="214" dir="0" index="1" bw="16" slack="0"/>
<pin id="215" dir="0" index="2" bw="32" slack="0"/>
<pin id="216" dir="0" index="3" bw="32" slack="0"/>
<pin id="217" dir="1" index="4" bw="0" slack="2147483647"/>
</pin_list>
<bind>
<opcode="call(48) " fcode="call"/>
<opset="call_ln0/1 "/>
</bind>
</comp>

<comp id="221" class="1004" name="grp_packetizer_Pipeline_VITIS_LOOP_273_2_fu_221">
<pin_list>
<pin id="222" dir="0" index="0" bw="0" slack="0"/>
<pin id="223" dir="0" index="1" bw="16" slack="8"/>
<pin id="224" dir="0" index="2" bw="32" slack="8"/>
<pin id="225" dir="0" index="3" bw="17" slack="0"/>
<pin id="226" dir="0" index="4" bw="32" slack="0"/>
<pin id="227" dir="0" index="5" bw="4" slack="0"/>
<pin id="228" dir="0" index="6" bw="4" slack="0"/>
<pin id="229" dir="0" index="7" bw="1" slack="0"/>
<pin id="230" dir="1" index="8" bw="0" slack="2147483647"/>
</pin_list>
<bind>
<opcode="call(48) " fcode="call"/>
<opset="call_ln279/9 "/>
</bind>
</comp>

<comp id="236" class="1004" name="seconds_from_epoch_load_load_fu_236">
<pin_list>
<pin id="237" dir="0" index="0" bw="30" slack="0"/>
<pin id="238" dir="1" index="1" bw="30" slack="0"/>
</pin_list>
<bind>
<opcode="load(27) " fcode="load"/>
<opset="seconds_from_epoch_load/1 "/>
</bind>
</comp>

<comp id="241" class="1004" name="frame_no_load_load_fu_241">
<pin_list>
<pin id="242" dir="0" index="0" bw="24" slack="0"/>
<pin id="243" dir="1" index="1" bw="24" slack="2147483647"/>
</pin_list>
<bind>
<opcode="load(27) " fcode="load"/>
<opset="frame_no_load/1 "/>
</bind>
</comp>

<comp id="245" class="1004" name="add_ln186_fu_245">
<pin_list>
<pin id="246" dir="0" index="0" bw="30" slack="0"/>
<pin id="247" dir="0" index="1" bw="1" slack="0"/>
<pin id="248" dir="1" index="2" bw="30" slack="0"/>
</pin_list>
<bind>
<opcode="add(8) " fcode="add"/>
<opset="add_ln186/1 "/>
</bind>
</comp>

<comp id="252" class="1004" name="store_ln186_store_fu_252">
<pin_list>
<pin id="253" dir="0" index="0" bw="30" slack="0"/>
<pin id="254" dir="0" index="1" bw="30" slack="0"/>
<pin id="255" dir="1" index="2" bw="0" slack="2147483647"/>
</pin_list>
<bind>
<opcode="store(28) " fcode="store"/>
<opset="store_ln186/1 "/>
</bind>
</comp>

<comp id="258" class="1004" name="zext_ln208_fu_258">
<pin_list>
<pin id="259" dir="0" index="0" bw="30" slack="0"/>
<pin id="260" dir="1" index="1" bw="32" slack="0"/>
</pin_list>
<bind>
<opcode="zext(34) " fcode="zext"/>
<opset="zext_ln208/1 "/>
</bind>
</comp>

<comp id="263" class="1004" name="word1_fu_263">
<pin_list>
<pin id="264" dir="0" index="0" bw="30" slack="0"/>
<pin id="265" dir="0" index="1" bw="6" slack="1"/>
<pin id="266" dir="0" index="2" bw="24" slack="0"/>
<pin id="267" dir="1" index="3" bw="30" slack="0"/>
</pin_list>
<bind>
<opcode="bitconcatenate(1004) " fcode="bitconcatenate"/>
<opset="word1/2 "/>
</bind>
</comp>

<comp id="270" class="1004" name="zext_ln211_fu_270">
<pin_list>
<pin id="271" dir="0" index="0" bw="30" slack="0"/>
<pin id="272" dir="1" index="1" bw="32" slack="0"/>
</pin_list>
<bind>
<opcode="zext(34) " fcode="zext"/>
<opset="zext_ln211/2 "/>
</bind>
</comp>

<comp id="275" class="1004" name="add_ln286_fu_275">
<pin_list>
<pin id="276" dir="0" index="0" bw="24" slack="0"/>
<pin id="277" dir="0" index="1" bw="1" slack="0"/>
<pin id="278" dir="1" index="2" bw="24" slack="0"/>
</pin_list>
<bind>
<opcode="add(8) " fcode="add"/>
<opset="add_ln286/2 "/>
</bind>
</comp>

<comp id="281" class="1004" name="store_ln187_store_fu_281">
<pin_list>
<pin id="282" dir="0" index="0" bw="24" slack="0"/>
<pin id="283" dir="0" index="1" bw="24" slack="0"/>
<pin id="284" dir="1" index="2" bw="0" slack="2147483647"/>
</pin_list>
<bind>
<opcode="store(28) " fcode="store"/>
<opset="store_ln187/2 "/>
</bind>
</comp>

<comp id="287" class="1004" name="lshr_ln_fu_287">
<pin_list>
<pin id="288" dir="0" index="0" bw="15" slack="0"/>
<pin id="289" dir="0" index="1" bw="16" slack="2"/>
<pin id="290" dir="0" index="2" bw="1" slack="0"/>
<pin id="291" dir="0" index="3" bw="5" slack="0"/>
<pin id="292" dir="1" index="4" bw="15" slack="0"/>
</pin_list>
<bind>
<opcode="partselect(1002) " fcode="partselect"/>
<opset="lshr_ln/3 "/>
</bind>
</comp>

<comp id="296" class="1004" name="zext_ln217_fu_296">
<pin_list>
<pin id="297" dir="0" index="0" bw="15" slack="0"/>
<pin id="298" dir="1" index="1" bw="16" slack="0"/>
</pin_list>
<bind>
<opcode="zext(34) " fcode="zext"/>
<opset="zext_ln217/3 "/>
</bind>
</comp>

<comp id="300" class="1004" name="frame_length_fu_300">
<pin_list>
<pin id="301" dir="0" index="0" bw="15" slack="0"/>
<pin id="302" dir="0" index="1" bw="4" slack="0"/>
<pin id="303" dir="1" index="2" bw="16" slack="0"/>
</pin_list>
<bind>
<opcode="add(8) " fcode="add"/>
<opset="frame_length/3 "/>
</bind>
</comp>

<comp id="306" class="1004" name="zext_ln220_fu_306">
<pin_list>
<pin id="307" dir="0" index="0" bw="16" slack="0"/>
<pin id="308" dir="1" index="1" bw="29" slack="0"/>
</pin_list>
<bind>
<opcode="zext(34) " fcode="zext"/>
<opset="zext_ln220/3 "/>
</bind>
</comp>

<comp id="310" class="1004" name="word2_fu_310">
<pin_list>
<pin id="311" dir="0" index="0" bw="30" slack="0"/>
<pin id="312" dir="0" index="1" bw="1" slack="0"/>
<pin id="313" dir="0" index="2" bw="16" slack="0"/>
<pin id="314" dir="1" index="3" bw="30" slack="0"/>
</pin_list>
<bind>
<opcode="bitconcatenate(1004) " fcode="bitconcatenate"/>
<opset="word2/3 "/>
</bind>
</comp>

<comp id="318" class="1004" name="zext_ln218_fu_318">
<pin_list>
<pin id="319" dir="0" index="0" bw="30" slack="0"/>
<pin id="320" dir="1" index="1" bw="32" slack="0"/>
</pin_list>
<bind>
<opcode="zext(34) " fcode="zext"/>
<opset="zext_ln218/3 "/>
</bind>
</comp>

<comp id="323" class="1004" name="shl_ln_fu_323">
<pin_list>
<pin id="324" dir="0" index="0" bw="32" slack="0"/>
<pin id="325" dir="0" index="1" bw="1" slack="3"/>
<pin id="326" dir="0" index="2" bw="1" slack="0"/>
<pin id="327" dir="1" index="3" bw="32" slack="0"/>
</pin_list>
<bind>
<opcode="bitconcatenate(1004) " fcode="bitconcatenate"/>
<opset="shl_ln/4 "/>
</bind>
</comp>

<comp id="330" class="1004" name="shl_ln3_fu_330">
<pin_list>
<pin id="331" dir="0" index="0" bw="31" slack="0"/>
<pin id="332" dir="0" index="1" bw="5" slack="3"/>
<pin id="333" dir="0" index="2" bw="1" slack="0"/>
<pin id="334" dir="1" index="3" bw="31" slack="0"/>
</pin_list>
<bind>
<opcode="bitconcatenate(1004) " fcode="bitconcatenate"/>
<opset="shl_ln3/4 "/>
</bind>
</comp>

<comp id="337" class="1004" name="zext_ln226_fu_337">
<pin_list>
<pin id="338" dir="0" index="0" bw="31" slack="0"/>
<pin id="339" dir="1" index="1" bw="32" slack="0"/>
</pin_list>
<bind>
<opcode="zext(34) " fcode="zext"/>
<opset="zext_ln226/4 "/>
</bind>
</comp>

<comp id="341" class="1004" name="add_ln226_fu_341">
<pin_list>
<pin id="342" dir="0" index="0" bw="31" slack="0"/>
<pin id="343" dir="0" index="1" bw="27" slack="0"/>
<pin id="344" dir="1" index="2" bw="32" slack="0"/>
</pin_list>
<bind>
<opcode="add(8) " fcode="add"/>
<opset="add_ln226/4 "/>
</bind>
</comp>

<comp id="347" class="1004" name="tmp_1_fu_347">
<pin_list>
<pin id="348" dir="0" index="0" bw="6" slack="0"/>
<pin id="349" dir="0" index="1" bw="32" slack="0"/>
<pin id="350" dir="0" index="2" bw="6" slack="0"/>
<pin id="351" dir="0" index="3" bw="6" slack="0"/>
<pin id="352" dir="1" index="4" bw="6" slack="0"/>
</pin_list>
<bind>
<opcode="partselect(1002) " fcode="partselect"/>
<opset="tmp_1/4 "/>
</bind>
</comp>

<comp id="357" class="1004" name="or_ln226_1_fu_357">
<pin_list>
<pin id="358" dir="0" index="0" bw="32" slack="0"/>
<pin id="359" dir="0" index="1" bw="6" slack="0"/>
<pin id="360" dir="0" index="2" bw="10" slack="3"/>
<pin id="361" dir="0" index="3" bw="16" slack="3"/>
<pin id="362" dir="1" index="4" bw="32" slack="0"/>
</pin_list>
<bind>
<opcode="bitconcatenate(1004) " fcode="bitconcatenate"/>
<opset="or_ln226_1/4 "/>
</bind>
</comp>

<comp id="365" class="1004" name="word3_fu_365">
<pin_list>
<pin id="366" dir="0" index="0" bw="32" slack="0"/>
<pin id="367" dir="0" index="1" bw="32" slack="0"/>
<pin id="368" dir="1" index="2" bw="32" slack="0"/>
</pin_list>
<bind>
<opcode="or(24) " fcode="or"/>
<opset="word3/4 "/>
</bind>
</comp>

<comp id="372" class="1004" name="zext_ln279_fu_372">
<pin_list>
<pin id="373" dir="0" index="0" bw="16" slack="8"/>
<pin id="374" dir="1" index="1" bw="17" slack="0"/>
</pin_list>
<bind>
<opcode="zext(34) " fcode="zext"/>
<opset="zext_ln279/9 "/>
</bind>
</comp>

<comp id="375" class="1004" name="add_ln279_fu_375">
<pin_list>
<pin id="376" dir="0" index="0" bw="16" slack="0"/>
<pin id="377" dir="0" index="1" bw="1" slack="0"/>
<pin id="378" dir="1" index="2" bw="17" slack="0"/>
</pin_list>
<bind>
<opcode="add(8) " fcode="add"/>
<opset="add_ln279/9 "/>
</bind>
</comp>

<comp id="382" class="1005" name="payload_words_read_reg_382">
<pin_list>
<pin id="383" dir="0" index="0" bw="16" slack="1"/>
<pin id="384" dir="1" index="1" bw="16" slack="1"/>
</pin_list>
<bind>
<opset="payload_words_read "/>
</bind>
</comp>

<comp id="393" class="1005" name="complex_data_read_reg_393">
<pin_list>
<pin id="394" dir="0" index="0" bw="1" slack="3"/>
<pin id="395" dir="1" index="1" bw="1" slack="3"/>
</pin_list>
<bind>
<opset="complex_data_read "/>
</bind>
</comp>

<comp id="398" class="1005" name="bits_per_sample_read_reg_398">
<pin_list>
<pin id="399" dir="0" index="0" bw="5" slack="3"/>
<pin id="400" dir="1" index="1" bw="5" slack="3"/>
</pin_list>
<bind>
<opset="bits_per_sample_read "/>
</bind>
</comp>

<comp id="403" class="1005" name="thread_id_read_reg_403">
<pin_list>
<pin id="404" dir="0" index="0" bw="10" slack="3"/>
<pin id="405" dir="1" index="1" bw="10" slack="3"/>
</pin_list>
<bind>
<opset="thread_id_read "/>
</bind>
</comp>

<comp id="408" class="1005" name="station_id_read_reg_408">
<pin_list>
<pin id="409" dir="0" index="0" bw="16" slack="3"/>
<pin id="410" dir="1" index="1" bw="16" slack="3"/>
</pin_list>
<bind>
<opset="station_id_read "/>
</bind>
</comp>

<comp id="413" class="1005" name="epoch_read_reg_413">
<pin_list>
<pin id="414" dir="0" index="0" bw="6" slack="1"/>
<pin id="415" dir="1" index="1" bw="6" slack="1"/>
</pin_list>
<bind>
<opset="epoch_read "/>
</bind>
</comp>

<comp id="418" class="1005" name="fifo_reg_418">
<pin_list>
<pin id="419" dir="0" index="0" bw="32" slack="0"/>
<pin id="420" dir="1" index="1" bw="32" slack="0"/>
</pin_list>
<bind>
<opset="fifo "/>
</bind>
</comp>

<comp id="427" class="1005" name="add_ln279_reg_427">
<pin_list>
<pin id="428" dir="0" index="0" bw="17" slack="1"/>
<pin id="429" dir="1" index="1" bw="17" slack="1"/>
</pin_list>
<bind>
<opset="add_ln279 "/>
</bind>
</comp>

</comp_list>

<net_list>
<net id="127"><net_src comp="60" pin="0"/><net_sink comp="124" pin=0"/></net>

<net id="132"><net_src comp="50" pin="0"/><net_sink comp="128" pin=0"/></net>

<net id="133"><net_src comp="22" pin="0"/><net_sink comp="128" pin=1"/></net>

<net id="138"><net_src comp="52" pin="0"/><net_sink comp="134" pin=0"/></net>

<net id="139"><net_src comp="20" pin="0"/><net_sink comp="134" pin=1"/></net>

<net id="144"><net_src comp="52" pin="0"/><net_sink comp="140" pin=0"/></net>

<net id="145"><net_src comp="18" pin="0"/><net_sink comp="140" pin=1"/></net>

<net id="150"><net_src comp="54" pin="0"/><net_sink comp="146" pin=0"/></net>

<net id="151"><net_src comp="16" pin="0"/><net_sink comp="146" pin=1"/></net>

<net id="156"><net_src comp="56" pin="0"/><net_sink comp="152" pin=0"/></net>

<net id="157"><net_src comp="14" pin="0"/><net_sink comp="152" pin=1"/></net>

<net id="162"><net_src comp="50" pin="0"/><net_sink comp="158" pin=0"/></net>

<net id="163"><net_src comp="12" pin="0"/><net_sink comp="158" pin=1"/></net>

<net id="168"><net_src comp="58" pin="0"/><net_sink comp="164" pin=0"/></net>

<net id="169"><net_src comp="10" pin="0"/><net_sink comp="164" pin=1"/></net>

<net id="181"><net_src comp="76" pin="0"/><net_sink comp="170" pin=0"/></net>

<net id="182"><net_src comp="2" pin="0"/><net_sink comp="170" pin=1"/></net>

<net id="183"><net_src comp="4" pin="0"/><net_sink comp="170" pin=2"/></net>

<net id="184"><net_src comp="6" pin="0"/><net_sink comp="170" pin=3"/></net>

<net id="185"><net_src comp="8" pin="0"/><net_sink comp="170" pin=4"/></net>

<net id="186"><net_src comp="78" pin="0"/><net_sink comp="170" pin=6"/></net>

<net id="187"><net_src comp="78" pin="0"/><net_sink comp="170" pin=7"/></net>

<net id="188"><net_src comp="80" pin="0"/><net_sink comp="170" pin=8"/></net>

<net id="189"><net_src comp="116" pin="0"/><net_sink comp="170" pin=5"/></net>

<net id="190"><net_src comp="118" pin="0"/><net_sink comp="170" pin=5"/></net>

<net id="191"><net_src comp="38" pin="0"/><net_sink comp="170" pin=5"/></net>

<net id="204"><net_src comp="82" pin="0"/><net_sink comp="201" pin=0"/></net>

<net id="211"><net_src comp="201" pin="1"/><net_sink comp="205" pin=0"/></net>

<net id="218"><net_src comp="74" pin="0"/><net_sink comp="212" pin=0"/></net>

<net id="219"><net_src comp="128" pin="2"/><net_sink comp="212" pin=1"/></net>

<net id="220"><net_src comp="0" pin="0"/><net_sink comp="212" pin=2"/></net>

<net id="231"><net_src comp="122" pin="0"/><net_sink comp="221" pin=0"/></net>

<net id="232"><net_src comp="2" pin="0"/><net_sink comp="221" pin=4"/></net>

<net id="233"><net_src comp="4" pin="0"/><net_sink comp="221" pin=5"/></net>

<net id="234"><net_src comp="6" pin="0"/><net_sink comp="221" pin=6"/></net>

<net id="235"><net_src comp="8" pin="0"/><net_sink comp="221" pin=7"/></net>

<net id="239"><net_src comp="24" pin="0"/><net_sink comp="236" pin=0"/></net>

<net id="240"><net_src comp="236" pin="1"/><net_sink comp="195" pin=2"/></net>

<net id="244"><net_src comp="26" pin="0"/><net_sink comp="241" pin=0"/></net>

<net id="249"><net_src comp="236" pin="1"/><net_sink comp="245" pin=0"/></net>

<net id="250"><net_src comp="72" pin="0"/><net_sink comp="245" pin=1"/></net>

<net id="251"><net_src comp="245" pin="2"/><net_sink comp="195" pin=0"/></net>

<net id="256"><net_src comp="245" pin="2"/><net_sink comp="252" pin=0"/></net>

<net id="257"><net_src comp="24" pin="0"/><net_sink comp="252" pin=1"/></net>

<net id="261"><net_src comp="195" pin="4"/><net_sink comp="258" pin=0"/></net>

<net id="262"><net_src comp="258" pin="1"/><net_sink comp="170" pin=5"/></net>

<net id="268"><net_src comp="84" pin="0"/><net_sink comp="263" pin=0"/></net>

<net id="269"><net_src comp="205" pin="4"/><net_sink comp="263" pin=2"/></net>

<net id="273"><net_src comp="263" pin="3"/><net_sink comp="270" pin=0"/></net>

<net id="274"><net_src comp="270" pin="1"/><net_sink comp="170" pin=5"/></net>

<net id="279"><net_src comp="205" pin="4"/><net_sink comp="275" pin=0"/></net>

<net id="280"><net_src comp="86" pin="0"/><net_sink comp="275" pin=1"/></net>

<net id="285"><net_src comp="275" pin="2"/><net_sink comp="281" pin=0"/></net>

<net id="286"><net_src comp="26" pin="0"/><net_sink comp="281" pin=1"/></net>

<net id="293"><net_src comp="88" pin="0"/><net_sink comp="287" pin=0"/></net>

<net id="294"><net_src comp="66" pin="0"/><net_sink comp="287" pin=2"/></net>

<net id="295"><net_src comp="90" pin="0"/><net_sink comp="287" pin=3"/></net>

<net id="299"><net_src comp="287" pin="4"/><net_sink comp="296" pin=0"/></net>

<net id="304"><net_src comp="296" pin="1"/><net_sink comp="300" pin=0"/></net>

<net id="305"><net_src comp="92" pin="0"/><net_sink comp="300" pin=1"/></net>

<net id="309"><net_src comp="300" pin="2"/><net_sink comp="306" pin=0"/></net>

<net id="315"><net_src comp="94" pin="0"/><net_sink comp="310" pin=0"/></net>

<net id="316"><net_src comp="96" pin="0"/><net_sink comp="310" pin=1"/></net>

<net id="317"><net_src comp="306" pin="1"/><net_sink comp="310" pin=2"/></net>

<net id="321"><net_src comp="310" pin="3"/><net_sink comp="318" pin=0"/></net>

<net id="322"><net_src comp="318" pin="1"/><net_sink comp="170" pin=5"/></net>

<net id="328"><net_src comp="98" pin="0"/><net_sink comp="323" pin=0"/></net>

<net id="329"><net_src comp="100" pin="0"/><net_sink comp="323" pin=2"/></net>

<net id="335"><net_src comp="102" pin="0"/><net_sink comp="330" pin=0"/></net>

<net id="336"><net_src comp="104" pin="0"/><net_sink comp="330" pin=2"/></net>

<net id="340"><net_src comp="330" pin="3"/><net_sink comp="337" pin=0"/></net>

<net id="345"><net_src comp="337" pin="1"/><net_sink comp="341" pin=0"/></net>

<net id="346"><net_src comp="106" pin="0"/><net_sink comp="341" pin=1"/></net>

<net id="353"><net_src comp="108" pin="0"/><net_sink comp="347" pin=0"/></net>

<net id="354"><net_src comp="341" pin="2"/><net_sink comp="347" pin=1"/></net>

<net id="355"><net_src comp="110" pin="0"/><net_sink comp="347" pin=2"/></net>

<net id="356"><net_src comp="112" pin="0"/><net_sink comp="347" pin=3"/></net>

<net id="363"><net_src comp="114" pin="0"/><net_sink comp="357" pin=0"/></net>

<net id="364"><net_src comp="347" pin="4"/><net_sink comp="357" pin=1"/></net>

<net id="369"><net_src comp="357" pin="4"/><net_sink comp="365" pin=0"/></net>

<net id="370"><net_src comp="323" pin="3"/><net_sink comp="365" pin=1"/></net>

<net id="371"><net_src comp="365" pin="2"/><net_sink comp="170" pin=5"/></net>

<net id="379"><net_src comp="372" pin="1"/><net_sink comp="375" pin=0"/></net>

<net id="380"><net_src comp="120" pin="0"/><net_sink comp="375" pin=1"/></net>

<net id="381"><net_src comp="375" pin="2"/><net_sink comp="221" pin=3"/></net>

<net id="385"><net_src comp="128" pin="2"/><net_sink comp="382" pin=0"/></net>

<net id="386"><net_src comp="382" pin="1"/><net_sink comp="212" pin=1"/></net>

<net id="387"><net_src comp="382" pin="1"/><net_sink comp="287" pin=1"/></net>

<net id="388"><net_src comp="382" pin="1"/><net_sink comp="372" pin=0"/></net>

<net id="389"><net_src comp="382" pin="1"/><net_sink comp="221" pin=1"/></net>

<net id="396"><net_src comp="140" pin="2"/><net_sink comp="393" pin=0"/></net>

<net id="397"><net_src comp="393" pin="1"/><net_sink comp="323" pin=1"/></net>

<net id="401"><net_src comp="146" pin="2"/><net_sink comp="398" pin=0"/></net>

<net id="402"><net_src comp="398" pin="1"/><net_sink comp="330" pin=1"/></net>

<net id="406"><net_src comp="152" pin="2"/><net_sink comp="403" pin=0"/></net>

<net id="407"><net_src comp="403" pin="1"/><net_sink comp="357" pin=2"/></net>

<net id="411"><net_src comp="158" pin="2"/><net_sink comp="408" pin=0"/></net>

<net id="412"><net_src comp="408" pin="1"/><net_sink comp="357" pin=3"/></net>

<net id="416"><net_src comp="164" pin="2"/><net_sink comp="413" pin=0"/></net>

<net id="417"><net_src comp="413" pin="1"/><net_sink comp="263" pin=1"/></net>

<net id="421"><net_src comp="124" pin="1"/><net_sink comp="418" pin=0"/></net>

<net id="422"><net_src comp="418" pin="1"/><net_sink comp="212" pin=3"/></net>

<net id="423"><net_src comp="418" pin="1"/><net_sink comp="221" pin=2"/></net>

<net id="430"><net_src comp="375" pin="2"/><net_sink comp="427" pin=0"/></net>

<net id="431"><net_src comp="427" pin="1"/><net_sink comp="221" pin=3"/></net>

</net_list>

</model> 
---------------- Datapath Model END ------------------

* FSMD analyzer results:
  - Output states:
	Port: out_stream_V_data_V | {1 2 3 4 5 6 7 8 9 10 }
	Port: out_stream_V_keep_V | {1 2 3 4 5 6 7 8 9 10 }
	Port: out_stream_V_strb_V | {1 2 3 4 5 6 7 8 9 10 }
	Port: out_stream_V_last_V | {1 2 3 4 5 6 7 8 9 10 }
	Port: seconds_from_epoch | {1 }
	Port: frame_no | {2 }
 - Input state : 
	Port: packetizer : packetizer_in | {1 2 }
	Port: packetizer : out_stream_V_data_V | {}
	Port: packetizer : out_stream_V_keep_V | {}
	Port: packetizer : out_stream_V_strb_V | {}
	Port: packetizer : out_stream_V_last_V | {}
	Port: packetizer : epoch | {1 }
	Port: packetizer : station_id | {1 }
	Port: packetizer : thread_id | {1 }
	Port: packetizer : bits_per_sample | {1 }
	Port: packetizer : complex_data | {1 }
	Port: packetizer : pps | {1 }
	Port: packetizer : payload_words | {1 }
	Port: packetizer : seconds_from_epoch | {1 }
	Port: packetizer : frame_no | {1 }
  - Chain level:
	State 1
		empty : 1
		specinterface_ln0 : 1
		add_ln186 : 1
		store_ln186 : 2
		word0 : 2
		call_ln0 : 1
		zext_ln208 : 3
		write_ln239 : 4
	State 2
		word1 : 1
		zext_ln211 : 2
		write_ln243 : 3
		add_ln286 : 1
		store_ln187 : 2
	State 3
		zext_ln217 : 1
		frame_length : 2
		zext_ln220 : 3
		word2 : 4
		zext_ln218 : 5
		write_ln247 : 6
	State 4
		zext_ln226 : 1
		add_ln226 : 2
		tmp_1 : 3
		or_ln226_1 : 4
		word3 : 5
		write_ln251 : 5
	State 5
	State 6
	State 7
	State 8
	State 9
		add_ln279 : 1
		call_ln279 : 2
	State 10


============================================================
+ Verbose Summary: Datapath Resource usage 
============================================================

* Functional unit list:
|----------|-------------------------------------------------|---------|---------|
| Operation|                 Functional Unit                 |    FF   |   LUT   |
|----------|-------------------------------------------------|---------|---------|
|          |                 add_ln186_fu_245                |    0    |    37   |
|          |                 add_ln286_fu_275                |    0    |    31   |
|    add   |               frame_length_fu_300               |    0    |    22   |
|          |                 add_ln226_fu_341                |    0    |    38   |
|          |                 add_ln279_fu_375                |    0    |    23   |
|----------|-------------------------------------------------|---------|---------|
|   call   | grp_packetizer_Pipeline_VITIS_LOOP_194_1_fu_212 |    16   |    46   |
|          | grp_packetizer_Pipeline_VITIS_LOOP_273_2_fu_221 |    17   |    70   |
|----------|-------------------------------------------------|---------|---------|
|    or    |                   word3_fu_365                  |    0    |    32   |
|----------|-------------------------------------------------|---------|---------|
|          |          payload_words_read_read_fu_128         |    0    |    0    |
|          |               pps_read_read_fu_134              |    0    |    0    |
|          |          complex_data_read_read_fu_140          |    0    |    0    |
|   read   |         bits_per_sample_read_read_fu_146        |    0    |    0    |
|          |            thread_id_read_read_fu_152           |    0    |    0    |
|          |           station_id_read_read_fu_158           |    0    |    0    |
|          |              epoch_read_read_fu_164             |    0    |    0    |
|----------|-------------------------------------------------|---------|---------|
|   write  |                 grp_write_fu_170                |    0    |    0    |
|----------|-------------------------------------------------|---------|---------|
|          |                zext_ln208_fu_258                |    0    |    0    |
|          |                zext_ln211_fu_270                |    0    |    0    |
|          |                zext_ln217_fu_296                |    0    |    0    |
|   zext   |                zext_ln220_fu_306                |    0    |    0    |
|          |                zext_ln218_fu_318                |    0    |    0    |
|          |                zext_ln226_fu_337                |    0    |    0    |
|          |                zext_ln279_fu_372                |    0    |    0    |
|----------|-------------------------------------------------|---------|---------|
|          |                   word1_fu_263                  |    0    |    0    |
|          |                   word2_fu_310                  |    0    |    0    |
|bitconcatenate|                  shl_ln_fu_323                  |    0    |    0    |
|          |                  shl_ln3_fu_330                 |    0    |    0    |
|          |                or_ln226_1_fu_357                |    0    |    0    |
|----------|-------------------------------------------------|---------|---------|
|partselect|                  lshr_ln_fu_287                 |    0    |    0    |
|          |                   tmp_1_fu_347                  |    0    |    0    |
|----------|-------------------------------------------------|---------|---------|
|   Total  |                                                 |    33   |   299   |
|----------|-------------------------------------------------|---------|---------|

Memories:
N/A

* Register list:
+----------------------------+--------+
|                            |   FF   |
+----------------------------+--------+
|      add_ln279_reg_427     |   17   |
|bits_per_sample_read_reg_398|    5   |
|  complex_data_read_reg_393 |    1   |
|     epoch_read_reg_413     |    6   |
|        fifo_reg_418        |   32   |
|   frame_no_loc_0_reg_201   |   24   |
| payload_words_read_reg_382 |   16   |
|   station_id_read_reg_408  |   16   |
|   thread_id_read_reg_403   |   10   |
|        word0_reg_192       |   30   |
+----------------------------+--------+
|            Total           |   157  |
+----------------------------+--------+

* Multiplexer (MUX) list: 
|-------------------------------------------------|------|------|------|--------||---------||---------||---------|
|                       Comp                      |  Pin | Size |  BW  | S x BW ||  Delay  ||    FF   ||   LUT   |
|-------------------------------------------------|------|------|------|--------||---------||---------||---------|
|                 grp_write_fu_170                |  p5  |   7  |  32  |   224  ||    0    ||    21   |
| grp_packetizer_Pipeline_VITIS_LOOP_194_1_fu_212 |  p1  |   2  |  16  |   32   ||    0    ||    9    |
| grp_packetizer_Pipeline_VITIS_LOOP_273_2_fu_221 |  p3  |   2  |  17  |   34   ||    0    ||    9    |
|-------------------------------------------------|------|------|------|--------||---------||---------||---------|
|                      Total                      |      |      |      |   290  || 4.99214 ||    0    ||    39   |
|-------------------------------------------------|------|------|------|--------||---------||---------||---------|



* Summary:
+-----------+--------+--------+--------+
|           |  Delay |   FF   |   LUT  |
+-----------+--------+--------+--------+
|  Function |    -   |   33   |   299  |
|   Memory  |    -   |    -   |    -   |
|Multiplexer|    4   |    0   |   39   |
|  Register |    -   |   157  |    -   |
+-----------+--------+--------+--------+
|   Total   |    4   |   190  |   338  |
+-----------+--------+--------+--------+
