

================================================================
== Vitis HLS Report for 'packetizer_Pipeline_VITIS_LOOP_253_2'
================================================================
* Date:           Thu Jun 11 15:34:03 2026

* Version:        2025.2 (Build 6295257 on Nov 14 2025)
* Project:        vdif_chain
* Solution:       hls (Vivado IP Flow Target)
* Product family: artix7
* Target device:  xc7a12t-cpg238-1


================================================================
== Performance Estimates
================================================================
+ Timing: 
    * Summary: 
    +--------+----------+----------+------------+
    |  Clock |  Target  | Estimated| Uncertainty|
    +--------+----------+----------+------------+
    |ap_clk  |  10.00 ns|  5.366 ns|     2.70 ns|
    +--------+----------+----------+------------+

+ Latency: 
    * Summary: 
    +---------+---------+-----------+----------+-----+-----+-------------------+
    |  Latency (cycles) |  Latency (absolute)  |  Interval |      Pipeline     |
    |   min   |   max   |    min    |    max   | min | max |        Type       |
    +---------+---------+-----------+----------+-----+-----+-------------------+
    |        2|    65537|  20.000 ns|  0.655 ms|    0|    0|  loop pipeline stp|
    +---------+---------+-----------+----------+-----+-----+-------------------+

    + Detail: 
        * Instance: 
        N/A

        * Loop: 
        +--------------------+---------+---------+----------+-----------+-----------+-----------+----------+
        |                    |  Latency (cycles) | Iteration|  Initiation Interval  |    Trip   |          |
        |      Loop Name     |   min   |   max   |  Latency |  achieved |   target  |   Count   | Pipelined|
        +--------------------+---------+---------+----------+-----------+-----------+-----------+----------+
        |- VITIS_LOOP_253_2  |        0|    65535|         2|          1|          1|  0 ~ 65535|       yes|
        +--------------------+---------+---------+----------+-----------+-----------+-----------+----------+

============================================================
+ Verbose Summary: Synthesis Manager
============================================================
InlineROM: 1
ExposeGlobal: 0
============================================================
+ Verbose Summary: CDFG Model
============================================================
IsTopModel: 0
ResetActiveHigh: 1
IsCombinational: 0
IsDatapathOnly: 0
HasWiredReturn: 1
HasMFsm: 2
HasVarLatency: 1
IsPipeline: 0
IsRtlPipelined: 0
IsInstanceOverlapped: 0
IsDontTouch: 0
HasImplIP: 0
IsGatedGlobalClock: 0

+ Individual pipeline summary: 
  * Pipeline-0: initiation interval (II) = 1, depth = 2


============================================================
+ Verbose Summary: Schedule
============================================================
* Number of FSM states : 2
* Pipeline : 1
  Pipeline-0 : II = 1, D = 2, States = { 1 2 }
* Dataflow Pipeline: 0

* FSM state transitions: 
1 --> 2 
2 --> 

* FSM state operations: 

State 1 <SV = 0> <Delay = 5.36>
ST_1 : Operation 5 [1/1] (0.00ns)   --->   "%i = alloca i32 1" [../src/packetizer2.cpp:253]   --->   Operation 5 'alloca' 'i' <Predicate = true> <Delay = 0.00>
ST_1 : Operation 6 [1/1] (0.00ns)   --->   "%specaxissidechannel_ln0 = specaxissidechannel void @_ssdm_op_SpecAXISSideChannel, i32 %out_stream_V_data_V, i4 %out_stream_V_keep_V, i4 %out_stream_V_strb_V, i1 0, i1 %out_stream_V_last_V, i1 0, i1 0, void @empty_5"   --->   Operation 6 'specaxissidechannel' 'specaxissidechannel_ln0' <Predicate = true> <Delay = 0.00>
ST_1 : Operation 7 [1/1] (0.00ns)   --->   "%specinterface_ln0 = specinterface void @_ssdm_op_SpecInterface, i32 %fifo, void @empty_4, i32 0, i32 0, void @empty_1, i32 0, i32 0, void @empty_1, void @empty_1, void @empty_1, i32 0, i32 0, i32 0, i32 0, void @empty_1, void @empty_1, i32 4294967295, i32 0, i32 0, i32 0"   --->   Operation 7 'specinterface' 'specinterface_ln0' <Predicate = true> <Delay = 0.00>
ST_1 : Operation 8 [1/1] (0.00ns)   --->   "%specinterface_ln0 = specinterface void @_ssdm_op_SpecInterface, i32 %out_stream_V_data_V, i4 %out_stream_V_keep_V, i4 %out_stream_V_strb_V, i1 %out_stream_V_last_V, void @empty, i32 0, i32 0, void @empty_0, i32 0, i32 0, void @empty_1, void @empty_1, void @empty_1, i32 0, i32 0, i32 0, i32 0, void @empty_1, void @empty_1, i32 4294967295, i32 0, i32 0, i32 0"   --->   Operation 8 'specinterface' 'specinterface_ln0' <Predicate = true> <Delay = 0.00>
ST_1 : Operation 9 [1/1] (0.00ns)   --->   "%add_ln259_read = read i17 @_ssdm_op_Read.ap_auto.i17, i17 %add_ln259"   --->   Operation 9 'read' 'add_ln259_read' <Predicate = true> <Delay = 0.00>
ST_1 : Operation 10 [1/1] (0.00ns)   --->   "%payload_words_read = read i16 @_ssdm_op_Read.ap_auto.i16, i16 %payload_words"   --->   Operation 10 'read' 'payload_words_read' <Predicate = true> <Delay = 0.00>
ST_1 : Operation 11 [1/1] (1.61ns)   --->   "%store_ln253 = store i16 0, i16 %i" [../src/packetizer2.cpp:253]   --->   Operation 11 'store' 'store_ln253' <Predicate = true> <Delay = 1.61>
ST_1 : Operation 12 [1/1] (0.00ns)   --->   "%br_ln253 = br void %for.body40" [../src/packetizer2.cpp:253]   --->   Operation 12 'br' 'br_ln253' <Predicate = true> <Delay = 0.00>
ST_1 : Operation 13 [1/1] (0.00ns)   --->   "%i_8 = load i16 %i" [../src/packetizer2.cpp:253]   --->   Operation 13 'load' 'i_8' <Predicate = true> <Delay = 0.00>
ST_1 : Operation 14 [1/1] (2.14ns)   --->   "%icmp_ln253 = icmp_eq  i16 %i_8, i16 %payload_words_read" [../src/packetizer2.cpp:253]   --->   Operation 14 'icmp' 'icmp_ln253' <Predicate = true> <Delay = 2.14> <CoreInst = "Cmp">   --->   Core 9 'Cmp' <Latency = 0> <II = 1> <Delay = 2.14> <FuncUnit> <Opcode : 'seteq' 'setne' 'setle' 'setge' 'setlt' 'setgt'> <InPorts = 2> <OutPorts = 1>
ST_1 : Operation 15 [1/1] (2.14ns)   --->   "%i_9 = add i16 %i_8, i16 1" [../src/packetizer2.cpp:253]   --->   Operation 15 'add' 'i_9' <Predicate = true> <Delay = 2.14> <CoreInst = "Adder">   --->   Core 1 'Adder' <Latency = 0> <II = 1> <Delay = 2.14> <FuncUnit> <Opcode : 'add' 'sub'> <InPorts = 2> <OutPorts = 1>
ST_1 : Operation 16 [1/1] (0.00ns)   --->   "%br_ln253 = br i1 %icmp_ln253, void %for.body40.split, void %for.end53.exitStub" [../src/packetizer2.cpp:253]   --->   Operation 16 'br' 'br_ln253' <Predicate = true> <Delay = 0.00>
ST_1 : Operation 17 [1/1] (0.00ns)   --->   "%zext_ln259 = zext i16 %i_8" [../src/packetizer2.cpp:259]   --->   Operation 17 'zext' 'zext_ln259' <Predicate = (!icmp_ln253)> <Delay = 0.00>
ST_1 : Operation 18 [1/1] (2.18ns)   --->   "%icmp_ln259 = icmp_eq  i17 %add_ln259_read, i17 %zext_ln259" [../src/packetizer2.cpp:259]   --->   Operation 18 'icmp' 'icmp_ln259' <Predicate = (!icmp_ln253)> <Delay = 2.18> <CoreInst = "Cmp">   --->   Core 9 'Cmp' <Latency = 0> <II = 1> <Delay = 2.18> <FuncUnit> <Opcode : 'seteq' 'setne' 'setle' 'setge' 'setlt' 'setgt'> <InPorts = 2> <OutPorts = 1>
ST_1 : Operation 19 [1/1] (1.61ns)   --->   "%store_ln253 = store i16 %i_9, i16 %i" [../src/packetizer2.cpp:253]   --->   Operation 19 'store' 'store_ln253' <Predicate = (!icmp_ln253)> <Delay = 1.61>
ST_1 : Operation 26 [1/1] (1.61ns)   --->   "%ret_ln0 = ret"   --->   Operation 26 'ret' 'ret_ln0' <Predicate = (icmp_ln253)> <Delay = 1.61>

State 2 <SV = 1> <Delay = 4.82>
ST_2 : Operation 20 [1/1] (0.00ns)   --->   "%specpipeline_ln255 = specpipeline void @_ssdm_op_SpecPipeline, i32 1, i32 0, i32 0, i32 0, i32 4294967295, void @empty_1" [../src/packetizer2.cpp:255]   --->   Operation 20 'specpipeline' 'specpipeline_ln255' <Predicate = true> <Delay = 0.00>
ST_2 : Operation 21 [1/1] (0.00ns)   --->   "%speclooptripcount_ln253 = speclooptripcount void @_ssdm_op_SpecLoopTripCount, i64 0, i64 65535, i64 32767" [../src/packetizer2.cpp:253]   --->   Operation 21 'speclooptripcount' 'speclooptripcount_ln253' <Predicate = true> <Delay = 0.00>
ST_2 : Operation 22 [1/1] (0.00ns)   --->   "%specloopname_ln253 = specloopname void @_ssdm_op_SpecLoopName, void @empty_12" [../src/packetizer2.cpp:253]   --->   Operation 22 'specloopname' 'specloopname_ln253' <Predicate = true> <Delay = 0.00>
ST_2 : Operation 23 [1/1] ( I:3.50ns O:3.50ns )   --->   "%fifo_read = read i32 @_ssdm_op_Read.ap_fifo.volatile.i32P0A, i32 %fifo" [../src/packetizer2.cpp:257]   --->   Operation 23 'read' 'fifo_read' <Predicate = true> <Delay = 3.50> <CoreInst = "FIFO">   --->   Core 77 'FIFO' <Latency = 0> <II = 1> <Delay = 3.50> <Storage> <Opcode : 'read' 'write' 'nbread' 'nbwrite'> <Ports = 0> <Width = 32> <Depth = 2048> <FIFO>
ST_2 : Operation 24 [1/1] ( I:1.31ns O:1.31ns )   --->   "%write_ln263 = write void @_ssdm_op_Write.axis.volatile.i32P0A.i4P0A.i4P0A.i1P0A, i32 %out_stream_V_data_V, i4 %out_stream_V_keep_V, i4 %out_stream_V_strb_V, i1 %out_stream_V_last_V, i32 %fifo_read, i4 15, i4 15, i1 %icmp_ln259" [../src/packetizer2.cpp:263]   --->   Operation 24 'write' 'write_ln263' <Predicate = true> <Delay = 1.31> <CoreInst = "regslice">   --->   Core 135 'regslice' <Latency = 0> <II = 1> <Delay = 2.05> <Adapter> <Opcode : 'read' 'write'>
ST_2 : Operation 25 [1/1] (0.00ns)   --->   "%br_ln253 = br void %for.body40" [../src/packetizer2.cpp:253]   --->   Operation 25 'br' 'br_ln253' <Predicate = true> <Delay = 0.00>


============================================================
+ Verbose Summary: Timing violations
============================================================
Target clock period: 10.000ns, clock uncertainty: 2.700ns.

 <State 1>: 5.366ns
The critical path consists of the following:
	'store' operation ('store_ln253', ../src/packetizer2.cpp:253) of constant 0 16 bit on local variable 'i', ../src/packetizer2.cpp:253 [14]  (1.610 ns)
	'load' operation 16 bit ('i', ../src/packetizer2.cpp:253) on local variable 'i', ../src/packetizer2.cpp:253 [17]  (0.000 ns)
	'add' operation 16 bit ('i', ../src/packetizer2.cpp:253) [19]  (2.146 ns)
	'store' operation ('store_ln253', ../src/packetizer2.cpp:253) of variable 'i', ../src/packetizer2.cpp:253 16 bit on local variable 'i', ../src/packetizer2.cpp:253 [29]  (1.610 ns)

 <State 2>: 4.822ns
The critical path consists of the following:
	fifo read operation ('fifo_read', ../src/packetizer2.cpp:257) on port 'fifo' (../src/packetizer2.cpp:257) [25]  (3.504 ns)
	axis write operation ('write_ln263', ../src/packetizer2.cpp:263) on port 'out_stream_V_data_V' (../src/packetizer2.cpp:263) [28]  (1.318 ns)


============================================================
+ Verbose Summary: Binding
============================================================
N/A
* FSMD analyzer results:
  - Output states:
 - Input state : 
  - Chain level:
	State 1
	State 2


============================================================
+ Verbose Summary: Datapath Resource usage 
============================================================
N/A
