

================================================================
== Vitis HLS Report for 'packetizer_Pipeline_VITIS_LOOP_194_1'
================================================================
* Date:           Fri Jun 12 11:20:11 2026

* Version:        2025.2 (Build 6295257 on Nov 14 2025)
* Project:        vdif_chain
* Solution:       hls (Vivado IP Flow Target)
* Product family: artix7
* Target device:  xc7a12t-cpg238-1


================================================================
== Performance Estimates
================================================================
+ Timing: 
    * Summary: 
    +--------+----------+----------+------------+
    |  Clock |  Target  | Estimated| Uncertainty|
    +--------+----------+----------+------------+
    |ap_clk  |  10.00 ns|  7.008 ns|     2.70 ns|
    +--------+----------+----------+------------+

+ Latency: 
    * Summary: 
    +---------+---------+-----------+----------+-----+-----+-------------------+
    |  Latency (cycles) |  Latency (absolute)  |  Interval |      Pipeline     |
    |   min   |   max   |    min    |    max   | min | max |        Type       |
    +---------+---------+-----------+----------+-----+-----+-------------------+
    |        2|    65537|  20.000 ns|  0.655 ms|    0|    0|  loop pipeline stp|
    +---------+---------+-----------+----------+-----+-----+-------------------+

    + Detail: 
        * Instance: 
        N/A

        * Loop: 
        +--------------------+---------+---------+----------+-----------+-----------+-----------+----------+
        |                    |  Latency (cycles) | Iteration|  Initiation Interval  |    Trip   |          |
        |      Loop Name     |   min   |   max   |  Latency |  achieved |   target  |   Count   | Pipelined|
        +--------------------+---------+---------+----------+-----------+-----------+-----------+----------+
        |- VITIS_LOOP_194_1  |        0|    65535|         2|          1|          1|  0 ~ 65535|       yes|
        +--------------------+---------+---------+----------+-----------+-----------+-----------+----------+

============================================================
+ Verbose Summary: Synthesis Manager
============================================================
InlineROM: 1
ExposeGlobal: 0
============================================================
+ Verbose Summary: CDFG Model
============================================================
IsTopModel: 0
ResetActiveHigh: 1
IsCombinational: 0
IsDatapathOnly: 0
HasWiredReturn: 1
HasMFsm: 2
HasVarLatency: 1
IsPipeline: 0
IsRtlPipelined: 0
IsInstanceOverlapped: 0
IsDontTouch: 0
HasImplIP: 0
IsGatedGlobalClock: 0

+ Individual pipeline summary: 
  * Pipeline-0: initiation interval (II) = 1, depth = 2


============================================================
+ Verbose Summary: Schedule
============================================================
* Number of FSM states : 2
* Pipeline : 1
  Pipeline-0 : II = 1, D = 2, States = { 1 2 }
* Dataflow Pipeline: 0

* FSM state transitions: 
1 --> 2 
2 --> 

* FSM state operations: 

State 1 <SV = 0> <Delay = 5.36>
ST_1 : Operation 5 [1/1] (0.00ns)   --->   "%i_04 = alloca i32 1" [../src/packetizer2.cpp:194]   --->   Operation 5 'alloca' 'i_04' <Predicate = true> <Delay = 0.00>
ST_1 : Operation 6 [1/1] (0.00ns)   --->   "%specinterface_ln0 = specinterface void @_ssdm_op_SpecInterface, i32 %fifo, void @empty_4, i32 0, i32 0, void @empty_1, i32 0, i32 0, void @empty_1, void @empty_1, void @empty_1, i32 0, i32 0, i32 0, i32 0, void @empty_1, void @empty_1, i32 4294967295, i32 0, i32 0, i32 0"   --->   Operation 6 'specinterface' 'specinterface_ln0' <Predicate = true> <Delay = 0.00>
ST_1 : Operation 7 [1/1] (0.00ns)   --->   "%specinterface_ln0 = specinterface void @_ssdm_op_SpecInterface, i32 %packetizer_in, void @empty_4, i32 0, i32 0, void @empty_1, i32 0, i32 0, void @empty_1, void @empty_1, void @empty_1, i32 0, i32 0, i32 0, i32 0, void @empty_1, void @empty_1, i32 4294967295, i32 0, i32 0, i32 0"   --->   Operation 7 'specinterface' 'specinterface_ln0' <Predicate = true> <Delay = 0.00>
ST_1 : Operation 8 [1/1] (0.00ns)   --->   "%payload_words_read = read i16 @_ssdm_op_Read.ap_auto.i16, i16 %payload_words"   --->   Operation 8 'read' 'payload_words_read' <Predicate = true> <Delay = 0.00>
ST_1 : Operation 9 [1/1] (1.61ns)   --->   "%store_ln194 = store i16 0, i16 %i_04" [../src/packetizer2.cpp:194]   --->   Operation 9 'store' 'store_ln194' <Predicate = true> <Delay = 1.61>
ST_1 : Operation 10 [1/1] (0.00ns)   --->   "%br_ln194 = br void %for.inc" [../src/packetizer2.cpp:194]   --->   Operation 10 'br' 'br_ln194' <Predicate = true> <Delay = 0.00>
ST_1 : Operation 11 [1/1] (0.00ns)   --->   "%i = load i16 %i_04" [../src/packetizer2.cpp:194]   --->   Operation 11 'load' 'i' <Predicate = true> <Delay = 0.00>
ST_1 : Operation 12 [1/1] (2.14ns)   --->   "%icmp_ln194 = icmp_eq  i16 %i, i16 %payload_words_read" [../src/packetizer2.cpp:194]   --->   Operation 12 'icmp' 'icmp_ln194' <Predicate = true> <Delay = 2.14> <CoreInst = "Cmp">   --->   Core 9 'Cmp' <Latency = 0> <II = 1> <Delay = 2.14> <FuncUnit> <Opcode : 'seteq' 'setne' 'setle' 'setge' 'setlt' 'setgt'> <InPorts = 2> <OutPorts = 1>
ST_1 : Operation 13 [1/1] (2.14ns)   --->   "%i_10 = add i16 %i, i16 1" [../src/packetizer2.cpp:194]   --->   Operation 13 'add' 'i_10' <Predicate = true> <Delay = 2.14> <CoreInst = "Adder">   --->   Core 1 'Adder' <Latency = 0> <II = 1> <Delay = 2.14> <FuncUnit> <Opcode : 'add' 'sub'> <InPorts = 2> <OutPorts = 1>
ST_1 : Operation 14 [1/1] (0.00ns)   --->   "%br_ln194 = br i1 %icmp_ln194, void %for.inc.split, void %for.end.exitStub" [../src/packetizer2.cpp:194]   --->   Operation 14 'br' 'br_ln194' <Predicate = true> <Delay = 0.00>
ST_1 : Operation 15 [1/1] (1.61ns)   --->   "%store_ln194 = store i16 %i_10, i16 %i_04" [../src/packetizer2.cpp:194]   --->   Operation 15 'store' 'store_ln194' <Predicate = (!icmp_ln194)> <Delay = 1.61>
ST_1 : Operation 22 [1/1] (1.61ns)   --->   "%ret_ln0 = ret"   --->   Operation 22 'ret' 'ret_ln0' <Predicate = (icmp_ln194)> <Delay = 1.61>

State 2 <SV = 1> <Delay = 7.00>
ST_2 : Operation 16 [1/1] (0.00ns)   --->   "%specpipeline_ln196 = specpipeline void @_ssdm_op_SpecPipeline, i32 1, i32 0, i32 0, i32 0, i32 4294967295, void @empty_1" [../src/packetizer2.cpp:196]   --->   Operation 16 'specpipeline' 'specpipeline_ln196' <Predicate = true> <Delay = 0.00>
ST_2 : Operation 17 [1/1] (0.00ns)   --->   "%speclooptripcount_ln194 = speclooptripcount void @_ssdm_op_SpecLoopTripCount, i64 0, i64 65535, i64 32767" [../src/packetizer2.cpp:194]   --->   Operation 17 'speclooptripcount' 'speclooptripcount_ln194' <Predicate = true> <Delay = 0.00>
ST_2 : Operation 18 [1/1] (0.00ns)   --->   "%specloopname_ln194 = specloopname void @_ssdm_op_SpecLoopName, void @empty_13" [../src/packetizer2.cpp:194]   --->   Operation 18 'specloopname' 'specloopname_ln194' <Predicate = true> <Delay = 0.00>
ST_2 : Operation 19 [1/1] ( I:3.50ns O:3.50ns )   --->   "%packetizer_in_read = read i32 @_ssdm_op_Read.ap_fifo.volatile.i32P0A, i32 %packetizer_in" [../src/packetizer2.cpp:199]   --->   Operation 19 'read' 'packetizer_in_read' <Predicate = true> <Delay = 3.50> <CoreInst = "FIFO">   --->   Core 77 'FIFO' <Latency = 0> <II = 1> <Delay = 3.50> <Storage> <Opcode : 'read' 'write' 'nbread' 'nbwrite'> <Ports = 0> <Width = 32> <Depth = 2048> <FIFO>
ST_2 : Operation 20 [1/1] ( I:3.50ns O:3.50ns )   --->   "%write_ln198 = write void @_ssdm_op_Write.ap_fifo.volatile.i32P0A, i32 %fifo, i32 %packetizer_in_read" [../src/packetizer2.cpp:198]   --->   Operation 20 'write' 'write_ln198' <Predicate = true> <Delay = 3.50> <CoreInst = "FIFO">   --->   Core 77 'FIFO' <Latency = 0> <II = 1> <Delay = 3.50> <Storage> <Opcode : 'read' 'write' 'nbread' 'nbwrite'> <Ports = 0> <Width = 32> <Depth = 2048> <FIFO>
ST_2 : Operation 21 [1/1] (0.00ns)   --->   "%br_ln194 = br void %for.inc" [../src/packetizer2.cpp:194]   --->   Operation 21 'br' 'br_ln194' <Predicate = true> <Delay = 0.00>


============================================================
+ Verbose Summary: Timing violations
============================================================
Target clock period: 10.000ns, clock uncertainty: 2.700ns.

 <State 1>: 5.366ns
The critical path consists of the following:
	'store' operation ('store_ln194', ../src/packetizer2.cpp:194) of constant 0 16 bit on local variable 'i', ../src/packetizer2.cpp:194 [8]  (1.610 ns)
	'load' operation 16 bit ('i', ../src/packetizer2.cpp:194) on local variable 'i', ../src/packetizer2.cpp:194 [11]  (0.000 ns)
	'add' operation 16 bit ('i', ../src/packetizer2.cpp:194) [13]  (2.146 ns)
	'store' operation ('store_ln194', ../src/packetizer2.cpp:194) of variable 'i', ../src/packetizer2.cpp:194 16 bit on local variable 'i', ../src/packetizer2.cpp:194 [21]  (1.610 ns)

 <State 2>: 7.008ns
The critical path consists of the following:
	fifo read operation ('packetizer_in_read', ../src/packetizer2.cpp:199) on port 'packetizer_in' (../src/packetizer2.cpp:199) [19]  (3.504 ns)
	fifo write operation ('write_ln198', ../src/packetizer2.cpp:198) on port 'fifo' (../src/packetizer2.cpp:198) [20]  (3.504 ns)


============================================================
+ Verbose Summary: Binding
============================================================
N/A
* FSMD analyzer results:
  - Output states:
 - Input state : 
  - Chain level:
	State 1
	State 2


============================================================
+ Verbose Summary: Datapath Resource usage 
============================================================
N/A
