

================================================================
== Vitis HLS Report for 'packetizer'
================================================================
* Date:           Thu Jun 11 15:34:03 2026

* Version:        2025.2 (Build 6295257 on Nov 14 2025)
* Project:        vdif_chain
* Solution:       hls (Vivado IP Flow Target)
* Product family: artix7
* Target device:  xc7a12t-cpg238-1


================================================================
== Performance Estimates
================================================================
+ Timing: 
    * Summary: 
    +--------+----------+----------+------------+
    |  Clock |  Target  | Estimated| Uncertainty|
    +--------+----------+----------+------------+
    |ap_clk  |  10.00 ns|  7.008 ns|     2.70 ns|
    +--------+----------+----------+------------+

+ Latency: 
    * Summary: 
    +---------+---------+-----------+----------+-----+--------+---------+
    |  Latency (cycles) |  Latency (absolute)  |   Interval   | Pipeline|
    |   min   |   max   |    min    |    max   | min |   max  |   Type  |
    +---------+---------+-----------+----------+-----+--------+---------+
    |        9|   131079|  90.000 ns|  1.311 ms|    9|  131079|       no|
    +---------+---------+-----------+----------+-----+--------+---------+

    + Detail: 
        * Instance: 
        N/A

        * Loop: 
        N/A

============================================================
+ Verbose Summary: Synthesis Manager
============================================================
InlineROM: 1
ExposeGlobal: 0
============================================================
+ Verbose Summary: CDFG Model
============================================================
IsTopModel: 0
ResetActiveHigh: 1
IsCombinational: 0
IsDatapathOnly: 0
HasWiredReturn: 1
HasMFsm: 0
HasVarLatency: 1
IsPipeline: 0
IsRtlPipelined: 0
IsInstanceOverlapped: 0
IsDontTouch: 0
HasImplIP: 0
IsGatedGlobalClock: 0


============================================================
+ Verbose Summary: Schedule
============================================================
* Number of FSM states : 6
* Pipeline : 0
* Dataflow Pipeline: 0

* FSM state transitions: 
1 --> 2 
2 --> 3 
3 --> 4 
4 --> 5 
5 --> 6 
6 --> 

* FSM state operations: 

State 1 <SV = 0> <Delay = 5.56>
ST_1 : Operation 7 [1/1] (0.00ns)   --->   "%specaxissidechannel_ln0 = specaxissidechannel void @_ssdm_op_SpecAXISSideChannel, i32 %out_stream_V_data_V, i4 %out_stream_V_keep_V, i4 %out_stream_V_strb_V, i1 0, i1 %out_stream_V_last_V, i1 0, i1 0, void @empty_5"   --->   Operation 7 'specaxissidechannel' 'specaxissidechannel_ln0' <Predicate = true> <Delay = 0.00>
ST_1 : Operation 8 [1/1] (0.00ns)   --->   "%specinterface_ln0 = specinterface void @_ssdm_op_SpecInterface, i32 %packetizer_in, void @empty_4, i32 0, i32 0, void @empty_1, i32 0, i32 0, void @empty_1, void @empty_1, void @empty_1, i32 0, i32 0, i32 0, i32 0, void @empty_1, void @empty_1, i32 4294967295, i32 0, i32 0, i32 0"   --->   Operation 8 'specinterface' 'specinterface_ln0' <Predicate = true> <Delay = 0.00>
ST_1 : Operation 9 [1/1] (0.00ns)   --->   "%specinterface_ln0 = specinterface void @_ssdm_op_SpecInterface, i1 %out_stream_V_last_V, i4 %out_stream_V_strb_V, i4 %out_stream_V_keep_V, i32 %out_stream_V_data_V, void @empty, i32 0, i32 0, void @empty_0, i32 0, i32 0, void @empty_1, void @empty_1, void @empty_1, i32 0, i32 0, i32 0, i32 0, void @empty_1, void @empty_1, i32 4294967295, i32 0, i32 0, i32 0"   --->   Operation 9 'specinterface' 'specinterface_ln0' <Predicate = true> <Delay = 0.00>
ST_1 : Operation 10 [1/1] (0.00ns)   --->   "%specinterface_ln0 = specinterface void @_ssdm_op_SpecInterface, i32 0, void @empty_7, i32 0, i32 0, void @empty_1, i32 0, i32 0, void @empty_1, void @empty_1, void @empty_1, i32 0, i32 0, i32 0, i32 0, void @empty_1, void @empty_1, i32 4294967295, i32 0, i32 0, i32 0"   --->   Operation 10 'specinterface' 'specinterface_ln0' <Predicate = true> <Delay = 0.00>
ST_1 : Operation 11 [1/1] (0.00ns)   --->   "%payload_words_read = read i16 @_ssdm_op_Read.ap_auto.i16, i16 %payload_words"   --->   Operation 11 'read' 'payload_words_read' <Predicate = true> <Delay = 0.00>
ST_1 : Operation 12 [1/1] (0.00ns)   --->   "%pps_read = read i1 @_ssdm_op_Read.ap_auto.i1, i1 %pps"   --->   Operation 12 'read' 'pps_read' <Predicate = true> <Delay = 0.00>
ST_1 : Operation 13 [1/1] (0.00ns)   --->   "%complex_data_read = read i1 @_ssdm_op_Read.ap_auto.i1, i1 %complex_data"   --->   Operation 13 'read' 'complex_data_read' <Predicate = true> <Delay = 0.00>
ST_1 : Operation 14 [1/1] (0.00ns)   --->   "%bits_per_sample_read = read i5 @_ssdm_op_Read.ap_auto.i5, i5 %bits_per_sample"   --->   Operation 14 'read' 'bits_per_sample_read' <Predicate = true> <Delay = 0.00>
ST_1 : Operation 15 [1/1] (0.00ns)   --->   "%thread_id_read = read i10 @_ssdm_op_Read.ap_auto.i10, i10 %thread_id"   --->   Operation 15 'read' 'thread_id_read' <Predicate = true> <Delay = 0.00>
ST_1 : Operation 16 [1/1] (0.00ns)   --->   "%station_id_read = read i16 @_ssdm_op_Read.ap_auto.i16, i16 %station_id"   --->   Operation 16 'read' 'station_id_read' <Predicate = true> <Delay = 0.00>
ST_1 : Operation 17 [1/1] (0.00ns)   --->   "%epoch_read = read i6 @_ssdm_op_Read.ap_auto.i6, i6 %epoch"   --->   Operation 17 'read' 'epoch_read' <Predicate = true> <Delay = 0.00>
ST_1 : Operation 18 [1/1] (0.00ns)   --->   "%fifo = alloca i64 1" [../src/packetizer2.cpp:169]   --->   Operation 18 'alloca' 'fifo' <Predicate = true> <Delay = 0.00> <CoreInst = "FIFO">   --->   Core 77 'FIFO' <Latency = 0> <II = 1> <Delay = 3.50> <Storage> <Opcode : 'read' 'write' 'nbread' 'nbwrite'> <Ports = 0> <Width = 32> <Depth = 2048> <FIFO>
ST_1 : Operation 19 [1/1] (0.00ns)   --->   "%empty = specchannel i32 @_ssdm_op_SpecChannel, void @fifo_str, i32 1, void @p_str, void @p_str, i32 2048, i32 2048, i32 %fifo, i32 %fifo"   --->   Operation 19 'specchannel' 'empty' <Predicate = true> <Delay = 0.00>
ST_1 : Operation 20 [1/1] (0.00ns)   --->   "%specinterface_ln0 = specinterface void @_ssdm_op_SpecInterface, i32 %fifo, void @empty_4, i32 0, i32 0, void @empty_1, i32 0, i32 0, void @empty_1, void @empty_1, void @empty_1, i32 0, i32 0, i32 0, i32 0, void @empty_1, void @empty_1, i32 4294967295, i32 0, i32 0, i32 0"   --->   Operation 20 'specinterface' 'specinterface_ln0' <Predicate = true> <Delay = 0.00>
ST_1 : Operation 21 [1/1] (0.00ns)   --->   "%seconds_from_epoch_load = load i30 %seconds_from_epoch" [../src/packetizer2.cpp:186]   --->   Operation 21 'load' 'seconds_from_epoch_load' <Predicate = true> <Delay = 0.00>
ST_1 : Operation 22 [1/1] (0.00ns)   --->   "%frame_no_load = load i24 %frame_no" [../src/packetizer2.cpp:211]   --->   Operation 22 'load' 'frame_no_load' <Predicate = true> <Delay = 0.00>
ST_1 : Operation 23 [1/1] (1.61ns)   --->   "%br_ln184 = br i1 %pps_read, void %VITIS_LOOP_194_1, void %if.then" [../src/packetizer2.cpp:184]   --->   Operation 23 'br' 'br_ln184' <Predicate = true> <Delay = 1.61>
ST_1 : Operation 24 [1/1] (2.63ns)   --->   "%add_ln186 = add i30 %seconds_from_epoch_load, i30 1" [../src/packetizer2.cpp:186]   --->   Operation 24 'add' 'add_ln186' <Predicate = (pps_read)> <Delay = 2.63> <CoreInst = "Adder">   --->   Core 1 'Adder' <Latency = 0> <II = 1> <Delay = 2.63> <FuncUnit> <Opcode : 'add' 'sub'> <InPorts = 2> <OutPorts = 1>
ST_1 : Operation 25 [1/1] (0.00ns)   --->   "%store_ln186 = store i30 %add_ln186, i30 %seconds_from_epoch" [../src/packetizer2.cpp:186]   --->   Operation 25 'store' 'store_ln186' <Predicate = (pps_read)> <Delay = 0.00>
ST_1 : Operation 26 [1/1] (1.61ns)   --->   "%br_ln188 = br void %VITIS_LOOP_194_1" [../src/packetizer2.cpp:188]   --->   Operation 26 'br' 'br_ln188' <Predicate = (pps_read)> <Delay = 1.61>
ST_1 : Operation 27 [1/1] (0.00ns)   --->   "%word0 = phi i30 %add_ln186, void %if.then, i30 %seconds_from_epoch_load, void %entry" [../src/packetizer2.cpp:186]   --->   Operation 27 'phi' 'word0' <Predicate = true> <Delay = 0.00>
ST_1 : Operation 28 [2/2] (3.75ns)   --->   "%call_ln0 = call void @packetizer_Pipeline_VITIS_LOOP_194_1, i16 %payload_words_read, i32 %packetizer_in, i32 %fifo"   --->   Operation 28 'call' 'call_ln0' <Predicate = true> <Delay = 3.75> <CoreType = "Generic">   --->   Generic Core
ST_1 : Operation 29 [1/1] (0.00ns)   --->   "%zext_ln208 = zext i30 %word0" [../src/packetizer2.cpp:208]   --->   Operation 29 'zext' 'zext_ln208' <Predicate = true> <Delay = 0.00>
ST_1 : Operation 30 [1/1] ( I:1.31ns O:1.31ns )   --->   "%write_ln235 = write void @_ssdm_op_Write.axis.volatile.i32P0A.i4P0A.i4P0A.i1P0A, i32 %out_stream_V_data_V, i4 %out_stream_V_keep_V, i4 %out_stream_V_strb_V, i1 %out_stream_V_last_V, i32 %zext_ln208, i4 15, i4 15, i1 0" [../src/packetizer2.cpp:235]   --->   Operation 30 'write' 'write_ln235' <Predicate = true> <Delay = 1.31> <CoreInst = "regslice">   --->   Core 135 'regslice' <Latency = 0> <II = 1> <Delay = 2.05> <Adapter> <Opcode : 'read' 'write'>

State 2 <SV = 1> <Delay = 5.36>
ST_2 : Operation 31 [1/1] (0.00ns)   --->   "%frame_no_loc_0 = phi i24 0, void %if.then, i24 %frame_no_load, void %entry" [../src/packetizer2.cpp:211]   --->   Operation 31 'phi' 'frame_no_loc_0' <Predicate = true> <Delay = 0.00>
ST_2 : Operation 32 [1/2] (5.36ns)   --->   "%call_ln0 = call void @packetizer_Pipeline_VITIS_LOOP_194_1, i16 %payload_words_read, i32 %packetizer_in, i32 %fifo"   --->   Operation 32 'call' 'call_ln0' <Predicate = true> <Delay = 5.36> <CoreType = "Generic">   --->   Generic Core
ST_2 : Operation 33 [1/1] (0.00ns)   --->   "%word1 = bitconcatenate i30 @_ssdm_op_BitConcatenate.i30.i6.i24, i6 %epoch_read, i24 %frame_no_loc_0" [../src/packetizer2.cpp:211]   --->   Operation 33 'bitconcatenate' 'word1' <Predicate = true> <Delay = 0.00>
ST_2 : Operation 34 [1/1] (0.00ns)   --->   "%zext_ln211 = zext i30 %word1" [../src/packetizer2.cpp:211]   --->   Operation 34 'zext' 'zext_ln211' <Predicate = true> <Delay = 0.00>
ST_2 : Operation 35 [1/1] ( I:1.31ns O:1.31ns )   --->   "%write_ln239 = write void @_ssdm_op_Write.axis.volatile.i32P0A.i4P0A.i4P0A.i1P0A, i32 %out_stream_V_data_V, i4 %out_stream_V_keep_V, i4 %out_stream_V_strb_V, i1 %out_stream_V_last_V, i32 %zext_ln211, i4 15, i4 15, i1 0" [../src/packetizer2.cpp:239]   --->   Operation 35 'write' 'write_ln239' <Predicate = true> <Delay = 1.31> <CoreInst = "regslice">   --->   Core 135 'regslice' <Latency = 0> <II = 1> <Delay = 2.05> <Adapter> <Opcode : 'read' 'write'>
ST_2 : Operation 36 [1/1] (2.42ns)   --->   "%add_ln266 = add i24 %frame_no_loc_0, i24 1" [../src/packetizer2.cpp:266]   --->   Operation 36 'add' 'add_ln266' <Predicate = true> <Delay = 2.42> <CoreInst = "Adder">   --->   Core 1 'Adder' <Latency = 0> <II = 1> <Delay = 2.42> <FuncUnit> <Opcode : 'add' 'sub'> <InPorts = 2> <OutPorts = 1>
ST_2 : Operation 37 [1/1] (0.00ns)   --->   "%store_ln187 = store i24 %add_ln266, i24 %frame_no" [../src/packetizer2.cpp:187]   --->   Operation 37 'store' 'store_ln187' <Predicate = true> <Delay = 0.00>

State 3 <SV = 2> <Delay = 3.46>
ST_3 : Operation 38 [1/1] (0.00ns)   --->   "%lshr_ln = partselect i15 @_ssdm_op_PartSelect.i15.i16.i32.i32, i16 %payload_words_read, i32 1, i32 15" [../src/packetizer2.cpp:217]   --->   Operation 38 'partselect' 'lshr_ln' <Predicate = true> <Delay = 0.00>
ST_3 : Operation 39 [1/1] (0.00ns)   --->   "%zext_ln217 = zext i15 %lshr_ln" [../src/packetizer2.cpp:217]   --->   Operation 39 'zext' 'zext_ln217' <Predicate = true> <Delay = 0.00>
ST_3 : Operation 40 [1/1] (2.14ns)   --->   "%frame_length = add i16 %zext_ln217, i16 4" [../src/packetizer2.cpp:217]   --->   Operation 40 'add' 'frame_length' <Predicate = true> <Delay = 2.14> <CoreInst = "Adder">   --->   Core 1 'Adder' <Latency = 0> <II = 1> <Delay = 2.14> <FuncUnit> <Opcode : 'add' 'sub'> <InPorts = 2> <OutPorts = 1>
ST_3 : Operation 41 [1/1] (0.00ns)   --->   "%zext_ln220 = zext i16 %frame_length" [../src/packetizer2.cpp:220]   --->   Operation 41 'zext' 'zext_ln220' <Predicate = true> <Delay = 0.00>
ST_3 : Operation 42 [1/1] (0.00ns)   --->   "%word2 = bitconcatenate i30 @_ssdm_op_BitConcatenate.i30.i1.i29, i1 1, i29 %zext_ln220" [../src/packetizer2.cpp:218]   --->   Operation 42 'bitconcatenate' 'word2' <Predicate = true> <Delay = 0.00>
ST_3 : Operation 43 [1/1] (0.00ns)   --->   "%zext_ln218 = zext i30 %word2" [../src/packetizer2.cpp:218]   --->   Operation 43 'zext' 'zext_ln218' <Predicate = true> <Delay = 0.00>
ST_3 : Operation 44 [1/1] ( I:1.31ns O:1.31ns )   --->   "%write_ln243 = write void @_ssdm_op_Write.axis.volatile.i32P0A.i4P0A.i4P0A.i1P0A, i32 %out_stream_V_data_V, i4 %out_stream_V_keep_V, i4 %out_stream_V_strb_V, i1 %out_stream_V_last_V, i32 %zext_ln218, i4 15, i4 15, i1 0" [../src/packetizer2.cpp:243]   --->   Operation 44 'write' 'write_ln243' <Predicate = true> <Delay = 1.31> <CoreInst = "regslice">   --->   Core 135 'regslice' <Latency = 0> <II = 1> <Delay = 2.05> <Adapter> <Opcode : 'read' 'write'>

State 4 <SV = 3> <Delay = 4.98>
ST_4 : Operation 45 [1/1] (0.00ns)   --->   "%shl_ln = bitconcatenate i32 @_ssdm_op_BitConcatenate.i32.i1.i31, i1 %complex_data_read, i31 0" [../src/packetizer2.cpp:224]   --->   Operation 45 'bitconcatenate' 'shl_ln' <Predicate = true> <Delay = 0.00>
ST_4 : Operation 46 [1/1] (0.00ns)   --->   "%shl_ln3 = bitconcatenate i31 @_ssdm_op_BitConcatenate.i31.i5.i26, i5 %bits_per_sample_read, i26 0" [../src/packetizer2.cpp:225]   --->   Operation 46 'bitconcatenate' 'shl_ln3' <Predicate = true> <Delay = 0.00>
ST_4 : Operation 47 [1/1] (0.00ns)   --->   "%zext_ln226 = zext i31 %shl_ln3" [../src/packetizer2.cpp:226]   --->   Operation 47 'zext' 'zext_ln226' <Predicate = true> <Delay = 0.00>
ST_4 : Operation 48 [1/1] (2.66ns)   --->   "%add_ln226 = add i32 %zext_ln226, i32 4227858432" [../src/packetizer2.cpp:226]   --->   Operation 48 'add' 'add_ln226' <Predicate = true> <Delay = 2.66> <CoreInst = "Adder">   --->   Core 1 'Adder' <Latency = 0> <II = 1> <Delay = 2.66> <FuncUnit> <Opcode : 'add' 'sub'> <InPorts = 2> <OutPorts = 1>
ST_4 : Operation 49 [1/1] (0.00ns)   --->   "%tmp_1 = partselect i6 @_ssdm_op_PartSelect.i6.i32.i32.i32, i32 %add_ln226, i32 26, i32 31" [../src/packetizer2.cpp:226]   --->   Operation 49 'partselect' 'tmp_1' <Predicate = true> <Delay = 0.00>
ST_4 : Operation 50 [1/1] (0.00ns)   --->   "%or_ln226_1 = bitconcatenate i32 @_ssdm_op_BitConcatenate.i32.i6.i10.i16, i6 %tmp_1, i10 %thread_id_read, i16 %station_id_read" [../src/packetizer2.cpp:226]   --->   Operation 50 'bitconcatenate' 'or_ln226_1' <Predicate = true> <Delay = 0.00>
ST_4 : Operation 51 [1/1] (0.99ns)   --->   "%word3 = or i32 %or_ln226_1, i32 %shl_ln" [../src/packetizer2.cpp:226]   --->   Operation 51 'or' 'word3' <Predicate = true> <Delay = 0.99> <CoreInst = "LogicGate">   --->   Core 74 'LogicGate' <Latency = 0> <II = 1> <Delay = 0.99> <FuncUnit> <Opcode : 'and' 'or' 'xor'> <InPorts = 2> <OutPorts = 1>
ST_4 : Operation 52 [1/1] ( I:1.31ns O:1.31ns )   --->   "%write_ln247 = write void @_ssdm_op_Write.axis.volatile.i32P0A.i4P0A.i4P0A.i1P0A, i32 %out_stream_V_data_V, i4 %out_stream_V_keep_V, i4 %out_stream_V_strb_V, i1 %out_stream_V_last_V, i32 %word3, i4 15, i4 15, i1 0" [../src/packetizer2.cpp:247]   --->   Operation 52 'write' 'write_ln247' <Predicate = true> <Delay = 1.31> <CoreInst = "regslice">   --->   Core 135 'regslice' <Latency = 0> <II = 1> <Delay = 2.05> <Adapter> <Opcode : 'read' 'write'>

State 5 <SV = 4> <Delay = 5.90>
ST_5 : Operation 53 [1/1] (0.00ns)   --->   "%zext_ln259 = zext i16 %payload_words_read" [../src/packetizer2.cpp:259]   --->   Operation 53 'zext' 'zext_ln259' <Predicate = true> <Delay = 0.00>
ST_5 : Operation 54 [1/1] (2.14ns)   --->   "%add_ln259 = add i17 %zext_ln259, i17 131071" [../src/packetizer2.cpp:259]   --->   Operation 54 'add' 'add_ln259' <Predicate = true> <Delay = 2.14> <CoreInst = "Adder">   --->   Core 1 'Adder' <Latency = 0> <II = 1> <Delay = 2.14> <FuncUnit> <Opcode : 'add' 'sub'> <InPorts = 2> <OutPorts = 1>
ST_5 : Operation 55 [2/2] (3.75ns)   --->   "%call_ln259 = call void @packetizer_Pipeline_VITIS_LOOP_253_2, i16 %payload_words_read, i32 %fifo, i17 %add_ln259, i32 %out_stream_V_data_V, i4 %out_stream_V_keep_V, i4 %out_stream_V_strb_V, i1 %out_stream_V_last_V" [../src/packetizer2.cpp:259]   --->   Operation 55 'call' 'call_ln259' <Predicate = true> <Delay = 3.75> <CoreType = "Generic">   --->   Generic Core

State 6 <SV = 5> <Delay = 5.36>
ST_6 : Operation 56 [1/2] (5.36ns)   --->   "%call_ln259 = call void @packetizer_Pipeline_VITIS_LOOP_253_2, i16 %payload_words_read, i32 %fifo, i17 %add_ln259, i32 %out_stream_V_data_V, i4 %out_stream_V_keep_V, i4 %out_stream_V_strb_V, i1 %out_stream_V_last_V" [../src/packetizer2.cpp:259]   --->   Operation 56 'call' 'call_ln259' <Predicate = true> <Delay = 5.36> <CoreType = "Generic">   --->   Generic Core
ST_6 : Operation 57 [1/1] (0.00ns)   --->   "%ret_ln267 = ret" [../src/packetizer2.cpp:267]   --->   Operation 57 'ret' 'ret_ln267' <Predicate = true> <Delay = 0.00>


============================================================
+ Verbose Summary: Timing violations
============================================================
Target clock period: 10.000ns, clock uncertainty: 2.700ns.

 <State 1>: 5.560ns
The critical path consists of the following:
	'load' operation 30 bit ('seconds_from_epoch_load', ../src/packetizer2.cpp:186) on static variable 'seconds_from_epoch' [29]  (0.000 ns)
	'add' operation 30 bit ('add_ln186', ../src/packetizer2.cpp:186) [33]  (2.632 ns)
	multiplexor before 'phi' operation 30 bit ('word0', ../src/packetizer2.cpp:186) with incoming values : ('seconds_from_epoch_load', ../src/packetizer2.cpp:186) ('add_ln186', ../src/packetizer2.cpp:186) [37]  (1.610 ns)
	'phi' operation 30 bit ('word0', ../src/packetizer2.cpp:186) with incoming values : ('seconds_from_epoch_load', ../src/packetizer2.cpp:186) ('add_ln186', ../src/packetizer2.cpp:186) [37]  (0.000 ns)
	axis write operation ('write_ln235', ../src/packetizer2.cpp:235) on port 'out_stream_V_data_V' (../src/packetizer2.cpp:235) [56]  (1.318 ns)

 <State 2>: 5.366ns
The critical path consists of the following:
	'call' operation ('call_ln0') to 'packetizer_Pipeline_VITIS_LOOP_194_1' [39]  (5.366 ns)

 <State 3>: 3.460ns
The critical path consists of the following:
	'add' operation 16 bit ('frame_length', ../src/packetizer2.cpp:217) [45]  (2.142 ns)
	axis write operation ('write_ln243', ../src/packetizer2.cpp:243) on port 'out_stream_V_data_V' (../src/packetizer2.cpp:243) [58]  (1.318 ns)

 <State 4>: 4.980ns
The critical path consists of the following:
	'add' operation 32 bit ('add_ln226', ../src/packetizer2.cpp:226) [52]  (2.667 ns)
	'or' operation 32 bit ('word3', ../src/packetizer2.cpp:226) [55]  (0.995 ns)
	axis write operation ('write_ln247', ../src/packetizer2.cpp:247) on port 'out_stream_V_data_V' (../src/packetizer2.cpp:247) [59]  (1.318 ns)

 <State 5>: 5.902ns
The critical path consists of the following:
	'add' operation 17 bit ('add_ln259', ../src/packetizer2.cpp:259) [61]  (2.146 ns)
	'call' operation ('call_ln259', ../src/packetizer2.cpp:259) to 'packetizer_Pipeline_VITIS_LOOP_253_2' [62]  (3.756 ns)

 <State 6>: 5.366ns
The critical path consists of the following:
	'call' operation ('call_ln259', ../src/packetizer2.cpp:259) to 'packetizer_Pipeline_VITIS_LOOP_253_2' [62]  (5.366 ns)


============================================================
+ Verbose Summary: Binding
============================================================
N/A
* FSMD analyzer results:
  - Output states:
 - Input state : 
  - Chain level:
	State 1
	State 2
	State 3
	State 4
	State 5
	State 6


============================================================
+ Verbose Summary: Datapath Resource usage 
============================================================
N/A
