

================================================================
== Vitis HLS Report for 'vdif_chain'
================================================================
* Date:           Thu Jun 11 15:34:05 2026

* Version:        2025.2 (Build 6295257 on Nov 14 2025)
* Project:        vdif_chain
* Solution:       hls (Vivado IP Flow Target)
* Product family: artix7
* Target device:  xc7a12t-cpg238-1


================================================================
== Performance Estimates
================================================================
+ Timing: 
    * Summary: 
    +--------+----------+----------+------------+
    |  Clock |  Target  | Estimated| Uncertainty|
    +--------+----------+----------+------------+
    |ap_clk  |  10.00 ns|  7.008 ns|     2.70 ns|
    +--------+----------+----------+------------+

+ Latency: 
    * Summary: 
    +---------+---------+----------+-----------+-----+---------+---------+
    |  Latency (cycles) |  Latency (absolute)  |    Interval   | Pipeline|
    |   min   |   max   |    min   |    max    | min |   max   |   Type  |
    +---------+---------+----------+-----------+-----+---------+---------+
    |       12|  1572852|  0.120 us|  15.729 ms|   13|  1572853|       no|
    +---------+---------+----------+-----------+-----+---------+---------+

    + Detail: 
        * Instance: 
        +------------------------------------------------+-------------------------------------+---------+---------+-----------+-----------+-----+--------+-------------------+
        |                                                |                                     |  Latency (cycles) |   Latency (absolute)  |   Interval   |      Pipeline     |
        |                    Instance                    |                Module               |   min   |   max   |    min    |    max    | min |   max  |        Type       |
        +------------------------------------------------+-------------------------------------+---------+---------+-----------+-----------+-----+--------+-------------------+
        |grp_vdif_chain_Pipeline_VITIS_LOOP_46_3_fu_204  |vdif_chain_Pipeline_VITIS_LOOP_46_3  |        6|        6|  60.000 ns|  60.000 ns|    0|       0|  loop pipeline stp|
        |grp_vdif_chain_Pipeline_VITIS_LOOP_33_2_fu_211  |vdif_chain_Pipeline_VITIS_LOOP_33_2  |       10|       10|   0.100 us|   0.100 us|    0|       0|  loop pipeline stp|
        |grp_vdif_chain_Pipeline_VITIS_LOOP_20_1_fu_218  |vdif_chain_Pipeline_VITIS_LOOP_20_1  |       18|       18|   0.180 us|   0.180 us|    0|       0|  loop pipeline stp|
        |grp_packetizer_fu_225                           |packetizer                           |        9|   131079|  90.000 ns|   1.311 ms|    9|  131079|                 no|
        +------------------------------------------------+-------------------------------------+---------+---------+-----------+-----------+-----+--------+-------------------+

        * Loop: 
        +-------------------+---------+---------+----------+-----------+-----------+-----------+----------+
        |                   |  Latency (cycles) | Iteration|  Initiation Interval  |    Trip   |          |
        |     Loop Name     |   min   |   max   |  Latency |  achieved |   target  |   Count   | Pipelined|
        +-------------------+---------+---------+----------+-----------+-----------+-----------+----------+
        |- VITIS_LOOP_69_1  |        0|  1441770|    3 ~ 22|          -|          -|  0 ~ 65535|        no|
        +-------------------+---------+---------+----------+-----------+-----------+-----------+----------+

============================================================
+ Verbose Summary: Synthesis Manager
============================================================
InlineROM: 1
ExposeGlobal: 0
============================================================
+ Verbose Summary: CDFG Model
============================================================
IsTopModel: 1
ResetActiveHigh: 1
IsCombinational: 0
IsDatapathOnly: 0
HasWiredReturn: 1
HasMFsm: 0
HasVarLatency: 1
IsPipeline: 0
IsRtlPipelined: 0
IsInstanceOverlapped: 0
IsDontTouch: 0
HasImplIP: 0
IsGatedGlobalClock: 0


============================================================
+ Verbose Summary: Schedule
============================================================
* Number of FSM states : 7
* Pipeline : 0
* Dataflow Pipeline: 0

* FSM state transitions: 
1 --> 2 
2 --> 6 3 4 
3 --> 4 
4 --> 5 
5 --> 2 
6 --> 7 
7 --> 

* FSM state operations: 

State 1 <SV = 0> <Delay = 1.61>
ST_1 : Operation 8 [1/1] (0.00ns)   --->   "%i = alloca i32 1" [../src/vdif_chain.cpp:69]   --->   Operation 8 'alloca' 'i' <Predicate = true> <Delay = 0.00>
ST_1 : Operation 9 [1/1] (0.00ns)   --->   "%payload_words_read = read i16 @_ssdm_op_Read.ap_auto.i16, i16 %payload_words"   --->   Operation 9 'read' 'payload_words_read' <Predicate = true> <Delay = 0.00>
ST_1 : Operation 10 [1/1] (0.00ns)   --->   "%pps_read = read i1 @_ssdm_op_Read.ap_none.i1, i1 %pps"   --->   Operation 10 'read' 'pps_read' <Predicate = true> <Delay = 0.00>
ST_1 : Operation 11 [1/1] (0.00ns)   --->   "%complex_data_read = read i1 @_ssdm_op_Read.ap_none.i1, i1 %complex_data"   --->   Operation 11 'read' 'complex_data_read' <Predicate = true> <Delay = 0.00>
ST_1 : Operation 12 [1/1] (0.00ns)   --->   "%bits_per_sample_read = read i5 @_ssdm_op_Read.ap_none.i5, i5 %bits_per_sample"   --->   Operation 12 'read' 'bits_per_sample_read' <Predicate = true> <Delay = 0.00>
ST_1 : Operation 13 [1/1] (0.00ns)   --->   "%thread_id_read = read i10 @_ssdm_op_Read.ap_none.i10, i10 %thread_id"   --->   Operation 13 'read' 'thread_id_read' <Predicate = true> <Delay = 0.00>
ST_1 : Operation 14 [1/1] (0.00ns)   --->   "%station_id_read = read i16 @_ssdm_op_Read.ap_none.i16, i16 %station_id"   --->   Operation 14 'read' 'station_id_read' <Predicate = true> <Delay = 0.00>
ST_1 : Operation 15 [1/1] (0.00ns)   --->   "%epoch_read = read i6 @_ssdm_op_Read.ap_none.i6, i6 %epoch"   --->   Operation 15 'read' 'epoch_read' <Predicate = true> <Delay = 0.00>
ST_1 : Operation 16 [1/1] (0.00ns)   --->   "%word_4_loc = alloca i64 1"   --->   Operation 16 'alloca' 'word_4_loc' <Predicate = true> <Delay = 0.00>
ST_1 : Operation 17 [1/1] (0.00ns)   --->   "%word_2_loc = alloca i64 1"   --->   Operation 17 'alloca' 'word_2_loc' <Predicate = true> <Delay = 0.00>
ST_1 : Operation 18 [1/1] (0.00ns)   --->   "%word_loc = alloca i64 1"   --->   Operation 18 'alloca' 'word_loc' <Predicate = true> <Delay = 0.00>
ST_1 : Operation 19 [1/1] (0.00ns)   --->   "%spectopmodule_ln33 = spectopmodule void @_ssdm_op_SpecTopModule, void @empty_6" [../src/vdif_chain.cpp:33]   --->   Operation 19 'spectopmodule' 'spectopmodule_ln33' <Predicate = true> <Delay = 0.00>
ST_1 : Operation 20 [1/1] (0.00ns)   --->   "%specinterface_ln33 = specinterface void @_ssdm_op_SpecInterface, i32 0, void @empty_7, i32 0, i32 0, void @empty_1, i32 0, i32 0, void @empty_1, void @empty_1, void @empty_1, i32 0, i32 0, i32 0, i32 0, void @empty_1, void @empty_1, i32 4294967295, i32 0, i32 0, i32 0" [../src/vdif_chain.cpp:33]   --->   Operation 20 'specinterface' 'specinterface_ln33' <Predicate = true> <Delay = 0.00>
ST_1 : Operation 21 [1/1] (0.00ns)   --->   "%specinterface_ln0 = specinterface void @_ssdm_op_SpecInterface, i8 %adc_in, void @empty, i32 1, i32 1, void @empty_0, i32 0, i32 0, void @empty_1, void @empty_1, void @empty_1, i32 0, i32 0, i32 0, i32 0, void @empty_1, void @empty_1, i32 4294967295, i32 0, i32 0, i32 0"   --->   Operation 21 'specinterface' 'specinterface_ln0' <Predicate = true> <Delay = 0.00>
ST_1 : Operation 22 [1/1] (0.00ns)   --->   "%specbitsmap_ln0 = specbitsmap void @_ssdm_op_SpecBitsMap, i8 %adc_in"   --->   Operation 22 'specbitsmap' 'specbitsmap_ln0' <Predicate = true> <Delay = 0.00>
ST_1 : Operation 23 [1/1] (0.00ns)   --->   "%specinterface_ln0 = specinterface void @_ssdm_op_SpecInterface, i32 %out_stream_V_data_V, i4 %out_stream_V_keep_V, i4 %out_stream_V_strb_V, i1 %out_stream_V_last_V, void @empty, i32 1, i32 1, void @empty_0, i32 0, i32 0, void @empty_1, void @empty_1, void @empty_1, i32 0, i32 0, i32 0, i32 0, void @empty_1, void @empty_1, i32 4294967295, i32 0, i32 0, i32 0"   --->   Operation 23 'specinterface' 'specinterface_ln0' <Predicate = true> <Delay = 0.00>
ST_1 : Operation 24 [1/1] (0.00ns)   --->   "%specbitsmap_ln0 = specbitsmap void @_ssdm_op_SpecBitsMap, i32 %out_stream_V_data_V"   --->   Operation 24 'specbitsmap' 'specbitsmap_ln0' <Predicate = true> <Delay = 0.00>
ST_1 : Operation 25 [1/1] (0.00ns)   --->   "%specbitsmap_ln0 = specbitsmap void @_ssdm_op_SpecBitsMap, i4 %out_stream_V_keep_V"   --->   Operation 25 'specbitsmap' 'specbitsmap_ln0' <Predicate = true> <Delay = 0.00>
ST_1 : Operation 26 [1/1] (0.00ns)   --->   "%specbitsmap_ln0 = specbitsmap void @_ssdm_op_SpecBitsMap, i4 %out_stream_V_strb_V"   --->   Operation 26 'specbitsmap' 'specbitsmap_ln0' <Predicate = true> <Delay = 0.00>
ST_1 : Operation 27 [1/1] (0.00ns)   --->   "%specbitsmap_ln0 = specbitsmap void @_ssdm_op_SpecBitsMap, i1 %out_stream_V_last_V"   --->   Operation 27 'specbitsmap' 'specbitsmap_ln0' <Predicate = true> <Delay = 0.00>
ST_1 : Operation 28 [1/1] (0.00ns)   --->   "%specbitsmap_ln0 = specbitsmap void @_ssdm_op_SpecBitsMap, i6 %epoch"   --->   Operation 28 'specbitsmap' 'specbitsmap_ln0' <Predicate = true> <Delay = 0.00>
ST_1 : Operation 29 [1/1] (0.00ns)   --->   "%specinterface_ln0 = specinterface void @_ssdm_op_SpecInterface, i6 %epoch, void @empty_2, i32 4294967295, i32 4294967295, void @empty_1, i32 0, i32 0, void @empty_1, void @empty_1, void @empty_1, i32 0, i32 0, i32 0, i32 0, void @empty_1, void @empty_1, i32 4294967295, i32 0, i32 0, i32 0"   --->   Operation 29 'specinterface' 'specinterface_ln0' <Predicate = true> <Delay = 0.00>
ST_1 : Operation 30 [1/1] (0.00ns)   --->   "%specbitsmap_ln0 = specbitsmap void @_ssdm_op_SpecBitsMap, i16 %station_id"   --->   Operation 30 'specbitsmap' 'specbitsmap_ln0' <Predicate = true> <Delay = 0.00>
ST_1 : Operation 31 [1/1] (0.00ns)   --->   "%specinterface_ln0 = specinterface void @_ssdm_op_SpecInterface, i16 %station_id, void @empty_2, i32 4294967295, i32 4294967295, void @empty_1, i32 0, i32 0, void @empty_1, void @empty_1, void @empty_1, i32 0, i32 0, i32 0, i32 0, void @empty_1, void @empty_1, i32 4294967295, i32 0, i32 0, i32 0"   --->   Operation 31 'specinterface' 'specinterface_ln0' <Predicate = true> <Delay = 0.00>
ST_1 : Operation 32 [1/1] (0.00ns)   --->   "%specbitsmap_ln0 = specbitsmap void @_ssdm_op_SpecBitsMap, i10 %thread_id"   --->   Operation 32 'specbitsmap' 'specbitsmap_ln0' <Predicate = true> <Delay = 0.00>
ST_1 : Operation 33 [1/1] (0.00ns)   --->   "%specinterface_ln0 = specinterface void @_ssdm_op_SpecInterface, i10 %thread_id, void @empty_2, i32 4294967295, i32 4294967295, void @empty_1, i32 0, i32 0, void @empty_1, void @empty_1, void @empty_1, i32 0, i32 0, i32 0, i32 0, void @empty_1, void @empty_1, i32 4294967295, i32 0, i32 0, i32 0"   --->   Operation 33 'specinterface' 'specinterface_ln0' <Predicate = true> <Delay = 0.00>
ST_1 : Operation 34 [1/1] (0.00ns)   --->   "%specbitsmap_ln0 = specbitsmap void @_ssdm_op_SpecBitsMap, i5 %bits_per_sample"   --->   Operation 34 'specbitsmap' 'specbitsmap_ln0' <Predicate = true> <Delay = 0.00>
ST_1 : Operation 35 [1/1] (0.00ns)   --->   "%specinterface_ln0 = specinterface void @_ssdm_op_SpecInterface, i5 %bits_per_sample, void @empty_2, i32 4294967295, i32 4294967295, void @empty_1, i32 0, i32 0, void @empty_1, void @empty_1, void @empty_1, i32 0, i32 0, i32 0, i32 0, void @empty_1, void @empty_1, i32 4294967295, i32 0, i32 0, i32 0"   --->   Operation 35 'specinterface' 'specinterface_ln0' <Predicate = true> <Delay = 0.00>
ST_1 : Operation 36 [1/1] (0.00ns)   --->   "%specbitsmap_ln0 = specbitsmap void @_ssdm_op_SpecBitsMap, i1 %complex_data"   --->   Operation 36 'specbitsmap' 'specbitsmap_ln0' <Predicate = true> <Delay = 0.00>
ST_1 : Operation 37 [1/1] (0.00ns)   --->   "%specinterface_ln0 = specinterface void @_ssdm_op_SpecInterface, i1 %complex_data, void @empty_2, i32 4294967295, i32 4294967295, void @empty_1, i32 0, i32 0, void @empty_1, void @empty_1, void @empty_1, i32 0, i32 0, i32 0, i32 0, void @empty_1, void @empty_1, i32 4294967295, i32 0, i32 0, i32 0"   --->   Operation 37 'specinterface' 'specinterface_ln0' <Predicate = true> <Delay = 0.00>
ST_1 : Operation 38 [1/1] (0.00ns)   --->   "%specbitsmap_ln0 = specbitsmap void @_ssdm_op_SpecBitsMap, i1 %pps"   --->   Operation 38 'specbitsmap' 'specbitsmap_ln0' <Predicate = true> <Delay = 0.00>
ST_1 : Operation 39 [1/1] (0.00ns)   --->   "%specinterface_ln0 = specinterface void @_ssdm_op_SpecInterface, i1 %pps, void @empty_2, i32 4294967295, i32 4294967295, void @empty_1, i32 0, i32 0, void @empty_1, void @empty_1, void @empty_1, i32 0, i32 0, i32 0, i32 0, void @empty_1, void @empty_1, i32 4294967295, i32 0, i32 0, i32 0"   --->   Operation 39 'specinterface' 'specinterface_ln0' <Predicate = true> <Delay = 0.00>
ST_1 : Operation 40 [1/1] (0.00ns)   --->   "%specbitsmap_ln0 = specbitsmap void @_ssdm_op_SpecBitsMap, i16 %payload_words"   --->   Operation 40 'specbitsmap' 'specbitsmap_ln0' <Predicate = true> <Delay = 0.00>
ST_1 : Operation 41 [1/1] (0.00ns)   --->   "%specinterface_ln0 = specinterface void @_ssdm_op_SpecInterface, i16 %payload_words, void @empty_3, i32 0, i32 0, void @empty_1, i32 0, i32 0, void @empty_1, void @empty_1, void @empty_1, i32 0, i32 0, i32 0, i32 0, void @empty_1, void @empty_1, i32 4294967295, i32 0, i32 0, i32 0"   --->   Operation 41 'specinterface' 'specinterface_ln0' <Predicate = true> <Delay = 0.00>
ST_1 : Operation 42 [1/1] (0.00ns)   --->   "%packed_stream = alloca i64 1" [../src/vdif_chain.cpp:59]   --->   Operation 42 'alloca' 'packed_stream' <Predicate = true> <Delay = 0.00> <CoreInst = "FIFO">   --->   Core 77 'FIFO' <Latency = 0> <II = 1> <Delay = 3.50> <Storage> <Opcode : 'read' 'write' 'nbread' 'nbwrite'> <Ports = 0> <Width = 32> <Depth = 2048> <FIFO>
ST_1 : Operation 43 [1/1] (0.00ns)   --->   "%empty = specchannel i32 @_ssdm_op_SpecChannel, void @packed_stream_str, i32 1, void @p_str, void @p_str, i32 2048, i32 2048, i32 %packed_stream, i32 %packed_stream"   --->   Operation 43 'specchannel' 'empty' <Predicate = true> <Delay = 0.00>
ST_1 : Operation 44 [1/1] (0.00ns)   --->   "%specinterface_ln0 = specinterface void @_ssdm_op_SpecInterface, i32 %packed_stream, void @empty_4, i32 0, i32 0, void @empty_1, i32 0, i32 0, void @empty_1, void @empty_1, void @empty_1, i32 0, i32 0, i32 0, i32 0, void @empty_1, void @empty_1, i32 4294967295, i32 0, i32 0, i32 0"   --->   Operation 44 'specinterface' 'specinterface_ln0' <Predicate = true> <Delay = 0.00>
ST_1 : Operation 45 [1/1] (0.00ns)   --->   "%packetizer_in = alloca i64 1" [../src/vdif_chain.cpp:62]   --->   Operation 45 'alloca' 'packetizer_in' <Predicate = true> <Delay = 0.00> <CoreInst = "FIFO">   --->   Core 77 'FIFO' <Latency = 0> <II = 1> <Delay = 3.50> <Storage> <Opcode : 'read' 'write' 'nbread' 'nbwrite'> <Ports = 0> <Width = 32> <Depth = 2048> <FIFO>
ST_1 : Operation 46 [1/1] (0.00ns)   --->   "%empty_31 = specchannel i32 @_ssdm_op_SpecChannel, void @packetizer_in_str, i32 1, void @p_str, void @p_str, i32 2048, i32 2048, i32 %packetizer_in, i32 %packetizer_in"   --->   Operation 46 'specchannel' 'empty_31' <Predicate = true> <Delay = 0.00>
ST_1 : Operation 47 [1/1] (0.00ns)   --->   "%specinterface_ln0 = specinterface void @_ssdm_op_SpecInterface, i32 %packetizer_in, void @empty_4, i32 0, i32 0, void @empty_1, i32 0, i32 0, void @empty_1, void @empty_1, void @empty_1, i32 0, i32 0, i32 0, i32 0, void @empty_1, void @empty_1, i32 4294967295, i32 0, i32 0, i32 0"   --->   Operation 47 'specinterface' 'specinterface_ln0' <Predicate = true> <Delay = 0.00>
ST_1 : Operation 48 [1/1] (0.00ns)   --->   "%specaxissidechannel_ln69 = specaxissidechannel void @_ssdm_op_SpecAXISSideChannel, i32 %out_stream_V_data_V, i4 %out_stream_V_keep_V, i4 %out_stream_V_strb_V, i1 0, i1 %out_stream_V_last_V, i1 0, i1 0, void @empty_5" [../src/vdif_chain.cpp:69]   --->   Operation 48 'specaxissidechannel' 'specaxissidechannel_ln69' <Predicate = true> <Delay = 0.00>
ST_1 : Operation 49 [1/1] (1.61ns)   --->   "%store_ln69 = store i16 0, i16 %i" [../src/vdif_chain.cpp:69]   --->   Operation 49 'store' 'store_ln69' <Predicate = true> <Delay = 1.61>
ST_1 : Operation 50 [1/1] (0.00ns)   --->   "%br_ln69 = br void %for.inc" [../src/vdif_chain.cpp:69]   --->   Operation 50 'br' 'br_ln69' <Predicate = true> <Delay = 0.00>

State 2 <SV = 1> <Delay = 5.90>
ST_2 : Operation 51 [1/1] (0.00ns)   --->   "%i_6 = load i16 %i" [../src/vdif_chain.cpp:69]   --->   Operation 51 'load' 'i_6' <Predicate = true> <Delay = 0.00>
ST_2 : Operation 52 [1/1] (2.14ns)   --->   "%icmp_ln69 = icmp_eq  i16 %i_6, i16 %payload_words_read" [../src/vdif_chain.cpp:69]   --->   Operation 52 'icmp' 'icmp_ln69' <Predicate = true> <Delay = 2.14> <CoreInst = "Cmp">   --->   Core 9 'Cmp' <Latency = 0> <II = 1> <Delay = 2.14> <FuncUnit> <Opcode : 'seteq' 'setne' 'setle' 'setge' 'setlt' 'setgt'> <InPorts = 2> <OutPorts = 1>
ST_2 : Operation 53 [1/1] (2.14ns)   --->   "%i_7 = add i16 %i_6, i16 1" [../src/vdif_chain.cpp:69]   --->   Operation 53 'add' 'i_7' <Predicate = true> <Delay = 2.14> <CoreInst = "Adder">   --->   Core 1 'Adder' <Latency = 0> <II = 1> <Delay = 2.14> <FuncUnit> <Opcode : 'add' 'sub'> <InPorts = 2> <OutPorts = 1>
ST_2 : Operation 54 [1/1] (0.00ns)   --->   "%br_ln69 = br i1 %icmp_ln69, void %for.inc.split, void %for.end" [../src/vdif_chain.cpp:69]   --->   Operation 54 'br' 'br_ln69' <Predicate = true> <Delay = 0.00>
ST_2 : Operation 55 [1/1] (0.00ns)   --->   "%speclooptripcount_ln69 = speclooptripcount void @_ssdm_op_SpecLoopTripCount, i64 0, i64 65535, i64 32767" [../src/vdif_chain.cpp:69]   --->   Operation 55 'speclooptripcount' 'speclooptripcount_ln69' <Predicate = (!icmp_ln69)> <Delay = 0.00>
ST_2 : Operation 56 [1/1] (0.00ns)   --->   "%specloopname_ln69 = specloopname void @_ssdm_op_SpecLoopName, void @empty_11" [../src/vdif_chain.cpp:69]   --->   Operation 56 'specloopname' 'specloopname_ln69' <Predicate = (!icmp_ln69)> <Delay = 0.00>
ST_2 : Operation 57 [1/1] (1.86ns)   --->   "%switch_ln18 = switch i5 %bits_per_sample_read, void %if.end.i, i5 2, void %for.inc.i.preheader, i5 4, void %for.inc18.i.preheader, i5 8, void %for.inc35.i.preheader" [../src/sample_packer/sample_packer.cpp:18->../src/vdif_chain.cpp:71]   --->   Operation 57 'switch' 'switch_ln18' <Predicate = (!icmp_ln69)> <Delay = 1.86>
ST_2 : Operation 58 [2/2] (3.28ns)   --->   "%call_ln0 = call void @vdif_chain_Pipeline_VITIS_LOOP_46_3, i8 %adc_in, i32 %word_4_loc"   --->   Operation 58 'call' 'call_ln0' <Predicate = (!icmp_ln69 & bits_per_sample_read == 8)> <Delay = 3.28> <CoreType = "Generic">   --->   Generic Core
ST_2 : Operation 59 [2/2] (3.28ns)   --->   "%call_ln0 = call void @vdif_chain_Pipeline_VITIS_LOOP_33_2, i8 %adc_in, i32 %word_2_loc"   --->   Operation 59 'call' 'call_ln0' <Predicate = (!icmp_ln69 & bits_per_sample_read == 4)> <Delay = 3.28> <CoreType = "Generic">   --->   Generic Core
ST_2 : Operation 60 [2/2] (3.28ns)   --->   "%call_ln0 = call void @vdif_chain_Pipeline_VITIS_LOOP_20_1, i8 %adc_in, i32 %word_loc"   --->   Operation 60 'call' 'call_ln0' <Predicate = (!icmp_ln69 & bits_per_sample_read == 2)> <Delay = 3.28> <CoreType = "Generic">   --->   Generic Core
ST_2 : Operation 61 [2/2] (3.75ns)   --->   "%call_ln86 = call void @packetizer, i32 %packetizer_in, i32 %out_stream_V_data_V, i4 %out_stream_V_keep_V, i4 %out_stream_V_strb_V, i1 %out_stream_V_last_V, i6 %epoch_read, i16 %station_id_read, i10 %thread_id_read, i5 %bits_per_sample_read, i1 %complex_data_read, i1 %pps_read, i16 %payload_words_read, i30 %seconds_from_epoch, i24 %frame_no" [../src/vdif_chain.cpp:86]   --->   Operation 61 'call' 'call_ln86' <Predicate = (icmp_ln69)> <Delay = 3.75> <CoreType = "Generic">   --->   Generic Core

State 3 <SV = 2> <Delay = 5.08>
ST_3 : Operation 62 [1/2] (4.90ns)   --->   "%call_ln0 = call void @vdif_chain_Pipeline_VITIS_LOOP_46_3, i8 %adc_in, i32 %word_4_loc"   --->   Operation 62 'call' 'call_ln0' <Predicate = (bits_per_sample_read == 8)> <Delay = 4.90> <CoreType = "Generic">   --->   Generic Core
ST_3 : Operation 63 [1/2] (4.99ns)   --->   "%call_ln0 = call void @vdif_chain_Pipeline_VITIS_LOOP_33_2, i8 %adc_in, i32 %word_2_loc"   --->   Operation 63 'call' 'call_ln0' <Predicate = (bits_per_sample_read == 4)> <Delay = 4.99> <CoreType = "Generic">   --->   Generic Core
ST_3 : Operation 64 [1/2] (5.08ns)   --->   "%call_ln0 = call void @vdif_chain_Pipeline_VITIS_LOOP_20_1, i8 %adc_in, i32 %word_loc"   --->   Operation 64 'call' 'call_ln0' <Predicate = (bits_per_sample_read == 2)> <Delay = 5.08> <CoreType = "Generic">   --->   Generic Core

State 4 <SV = 3> <Delay = 3.50>
ST_4 : Operation 65 [1/1] (0.00ns)   --->   "%word_4_loc_load = load i32 %word_4_loc"   --->   Operation 65 'load' 'word_4_loc_load' <Predicate = (bits_per_sample_read == 8)> <Delay = 0.00>
ST_4 : Operation 66 [1/1] ( I:3.50ns O:3.50ns )   --->   "%write_ln54 = write void @_ssdm_op_Write.ap_fifo.volatile.i32P0A, i32 %packed_stream, i32 %word_4_loc_load" [../src/sample_packer/sample_packer.cpp:54->../src/vdif_chain.cpp:71]   --->   Operation 66 'write' 'write_ln54' <Predicate = (bits_per_sample_read == 8)> <Delay = 3.50> <CoreInst = "FIFO">   --->   Core 77 'FIFO' <Latency = 0> <II = 1> <Delay = 3.50> <Storage> <Opcode : 'read' 'write' 'nbread' 'nbwrite'> <Ports = 0> <Width = 32> <Depth = 2048> <FIFO>
ST_4 : Operation 67 [1/1] (0.00ns)   --->   "%br_ln55 = br void %if.end.i" [../src/sample_packer/sample_packer.cpp:55->../src/vdif_chain.cpp:71]   --->   Operation 67 'br' 'br_ln55' <Predicate = (bits_per_sample_read == 8)> <Delay = 0.00>
ST_4 : Operation 68 [1/1] (0.00ns)   --->   "%word_2_loc_load = load i32 %word_2_loc"   --->   Operation 68 'load' 'word_2_loc_load' <Predicate = (bits_per_sample_read == 4)> <Delay = 0.00>
ST_4 : Operation 69 [1/1] ( I:3.50ns O:3.50ns )   --->   "%write_ln41 = write void @_ssdm_op_Write.ap_fifo.volatile.i32P0A, i32 %packed_stream, i32 %word_2_loc_load" [../src/sample_packer/sample_packer.cpp:41->../src/vdif_chain.cpp:71]   --->   Operation 69 'write' 'write_ln41' <Predicate = (bits_per_sample_read == 4)> <Delay = 3.50> <CoreInst = "FIFO">   --->   Core 77 'FIFO' <Latency = 0> <II = 1> <Delay = 3.50> <Storage> <Opcode : 'read' 'write' 'nbread' 'nbwrite'> <Ports = 0> <Width = 32> <Depth = 2048> <FIFO>
ST_4 : Operation 70 [1/1] (0.00ns)   --->   "%br_ln42 = br void %if.end38.i" [../src/sample_packer/sample_packer.cpp:42->../src/vdif_chain.cpp:71]   --->   Operation 70 'br' 'br_ln42' <Predicate = (bits_per_sample_read == 4)> <Delay = 0.00>
ST_4 : Operation 71 [1/1] (0.00ns)   --->   "%word_loc_load = load i32 %word_loc"   --->   Operation 71 'load' 'word_loc_load' <Predicate = (bits_per_sample_read == 2)> <Delay = 0.00>
ST_4 : Operation 72 [1/1] ( I:3.50ns O:3.50ns )   --->   "%write_ln28 = write void @_ssdm_op_Write.ap_fifo.volatile.i32P0A, i32 %packed_stream, i32 %word_loc_load" [../src/sample_packer/sample_packer.cpp:28->../src/vdif_chain.cpp:71]   --->   Operation 72 'write' 'write_ln28' <Predicate = (bits_per_sample_read == 2)> <Delay = 3.50> <CoreInst = "FIFO">   --->   Core 77 'FIFO' <Latency = 0> <II = 1> <Delay = 3.50> <Storage> <Opcode : 'read' 'write' 'nbread' 'nbwrite'> <Ports = 0> <Width = 32> <Depth = 2048> <FIFO>
ST_4 : Operation 73 [1/1] (0.00ns)   --->   "%br_ln29 = br void %_Z13sample_packerRN3hls6streamI7ap_uintILi8EELi0EEERNS0_IS1_ILi32EELi0EEES1_ILi5EE.exit" [../src/sample_packer/sample_packer.cpp:29->../src/vdif_chain.cpp:71]   --->   Operation 73 'br' 'br_ln29' <Predicate = (bits_per_sample_read == 2)> <Delay = 0.00>
ST_4 : Operation 74 [1/1] (0.00ns)   --->   "%br_ln0 = br void %if.end38.i"   --->   Operation 74 'br' 'br_ln0' <Predicate = (bits_per_sample_read != 2 & bits_per_sample_read != 4)> <Delay = 0.00>
ST_4 : Operation 75 [1/1] (0.00ns)   --->   "%br_ln0 = br void %_Z13sample_packerRN3hls6streamI7ap_uintILi8EELi0EEERNS0_IS1_ILi32EELi0EEES1_ILi5EE.exit"   --->   Operation 75 'br' 'br_ln0' <Predicate = (bits_per_sample_read != 2)> <Delay = 0.00>
ST_4 : Operation 76 [1/1] (1.61ns)   --->   "%store_ln69 = store i16 %i_7, i16 %i" [../src/vdif_chain.cpp:69]   --->   Operation 76 'store' 'store_ln69' <Predicate = true> <Delay = 1.61>

State 5 <SV = 4> <Delay = 7.00>
ST_5 : Operation 77 [1/1] ( I:3.50ns O:3.50ns )   --->   "%packed_out_read = read i32 @_ssdm_op_Read.ap_fifo.volatile.i32P0A, i32 %packed_stream" [../src/vdif_chain.cpp:78]   --->   Operation 77 'read' 'packed_out_read' <Predicate = true> <Delay = 3.50> <CoreInst = "FIFO">   --->   Core 77 'FIFO' <Latency = 0> <II = 1> <Delay = 3.50> <Storage> <Opcode : 'read' 'write' 'nbread' 'nbwrite'> <Ports = 0> <Width = 32> <Depth = 2048> <FIFO>
ST_5 : Operation 78 [1/1] ( I:3.50ns O:3.50ns )   --->   "%write_ln77 = write void @_ssdm_op_Write.ap_fifo.volatile.i32P0A, i32 %packetizer_in, i32 %packed_out_read" [../src/vdif_chain.cpp:77]   --->   Operation 78 'write' 'write_ln77' <Predicate = true> <Delay = 3.50> <CoreInst = "FIFO">   --->   Core 77 'FIFO' <Latency = 0> <II = 1> <Delay = 3.50> <Storage> <Opcode : 'read' 'write' 'nbread' 'nbwrite'> <Ports = 0> <Width = 32> <Depth = 2048> <FIFO>
ST_5 : Operation 79 [1/1] (0.00ns)   --->   "%br_ln69 = br void %for.inc" [../src/vdif_chain.cpp:69]   --->   Operation 79 'br' 'br_ln69' <Predicate = true> <Delay = 0.00>

State 6 <SV = 2> <Delay = 5.56>
ST_6 : Operation 80 [1/2] (5.56ns)   --->   "%call_ln86 = call void @packetizer, i32 %packetizer_in, i32 %out_stream_V_data_V, i4 %out_stream_V_keep_V, i4 %out_stream_V_strb_V, i1 %out_stream_V_last_V, i6 %epoch_read, i16 %station_id_read, i10 %thread_id_read, i5 %bits_per_sample_read, i1 %complex_data_read, i1 %pps_read, i16 %payload_words_read, i30 %seconds_from_epoch, i24 %frame_no" [../src/vdif_chain.cpp:86]   --->   Operation 80 'call' 'call_ln86' <Predicate = true> <Delay = 5.56> <CoreType = "Generic">   --->   Generic Core

State 7 <SV = 3> <Delay = 0.00>
ST_7 : Operation 81 [1/1] (0.00ns)   --->   "%ret_ln97 = ret" [../src/vdif_chain.cpp:97]   --->   Operation 81 'ret' 'ret_ln97' <Predicate = true> <Delay = 0.00>


============================================================
+ Verbose Summary: Binding
============================================================
STG Binding: 
---------------- STG Properties BEGIN ----------------
- Is combinational: 0
- Is one-state seq: 0
- Is datapath-only: 0
- Is pipelined: 0
- Is top level: 1
Port [ Return ] is wired: 1; IO mode=ap_ctrl_none:ce=0
Port [ adc_in]:  wired=1; compound=1; hidden=0; nouse=0; global=0; static=0; extern=0; dir=0; type=0; pingpong=0; private_global=0; IO mode=axis:ce=0
Port [ out_stream_V_data_V]:  wired=1; compound=1; hidden=0; nouse=0; global=0; static=0; extern=0; dir=1; type=0; pingpong=0; private_global=0; IO mode=axis:ce=0
Port [ out_stream_V_keep_V]:  wired=1; compound=1; hidden=0; nouse=0; global=0; static=0; extern=0; dir=1; type=0; pingpong=0; private_global=0; IO mode=axis:ce=0
Port [ out_stream_V_strb_V]:  wired=1; compound=1; hidden=0; nouse=0; global=0; static=0; extern=0; dir=1; type=0; pingpong=0; private_global=0; IO mode=axis:ce=0
Port [ out_stream_V_last_V]:  wired=1; compound=1; hidden=0; nouse=0; global=0; static=0; extern=0; dir=1; type=0; pingpong=0; private_global=0; IO mode=axis:ce=0
Port [ epoch]:  wired=1; compound=0; hidden=0; nouse=0; global=0; static=0; extern=0; dir=0; type=0; pingpong=0; private_global=0; IO mode=ap_none:ce=0
Port [ station_id]:  wired=1; compound=0; hidden=0; nouse=0; global=0; static=0; extern=0; dir=0; type=0; pingpong=0; private_global=0; IO mode=ap_none:ce=0
Port [ thread_id]:  wired=1; compound=0; hidden=0; nouse=0; global=0; static=0; extern=0; dir=0; type=0; pingpong=0; private_global=0; IO mode=ap_none:ce=0
Port [ bits_per_sample]:  wired=1; compound=0; hidden=0; nouse=0; global=0; static=0; extern=0; dir=0; type=0; pingpong=0; private_global=0; IO mode=ap_none:ce=0
Port [ complex_data]:  wired=1; compound=0; hidden=0; nouse=0; global=0; static=0; extern=0; dir=0; type=0; pingpong=0; private_global=0; IO mode=ap_none:ce=0
Port [ pps]:  wired=1; compound=0; hidden=0; nouse=0; global=0; static=0; extern=0; dir=0; type=0; pingpong=0; private_global=0; IO mode=ap_none:ce=0
Port [ payload_words]:  wired=1; compound=0; hidden=0; nouse=0; global=0; static=0; extern=0; dir=0; type=0; pingpong=0; private_global=0; IO mode=ap_none:ce=0
Port [ seconds_from_epoch]:  wired=0; compound=0; hidden=1; nouse=1; global=1; static=1; extern=0; dir=2; type=0; pingpong=0; private_global=0; IO mode=ap_ovld:ce=0
Port [ frame_no]:  wired=0; compound=0; hidden=1; nouse=1; global=1; static=1; extern=0; dir=2; type=0; pingpong=0; private_global=0; IO mode=ap_ovld:ce=0
---------------- STG Properties END ------------------

---------------- Datapath Model BEGIN ----------------

<LifeTime>
<method=bitvector/>
i                        (alloca             ) [ 01111100]
payload_words_read       (read               ) [ 00111110]
pps_read                 (read               ) [ 00111110]
complex_data_read        (read               ) [ 00111110]
bits_per_sample_read     (read               ) [ 00111110]
thread_id_read           (read               ) [ 00111110]
station_id_read          (read               ) [ 00111110]
epoch_read               (read               ) [ 00111110]
word_4_loc               (alloca             ) [ 00111100]
word_2_loc               (alloca             ) [ 00111100]
word_loc                 (alloca             ) [ 00111100]
spectopmodule_ln33       (spectopmodule      ) [ 00000000]
specinterface_ln33       (specinterface      ) [ 00000000]
specinterface_ln0        (specinterface      ) [ 00000000]
specbitsmap_ln0          (specbitsmap        ) [ 00000000]
specinterface_ln0        (specinterface      ) [ 00000000]
specbitsmap_ln0          (specbitsmap        ) [ 00000000]
specbitsmap_ln0          (specbitsmap        ) [ 00000000]
specbitsmap_ln0          (specbitsmap        ) [ 00000000]
specbitsmap_ln0          (specbitsmap        ) [ 00000000]
specbitsmap_ln0          (specbitsmap        ) [ 00000000]
specinterface_ln0        (specinterface      ) [ 00000000]
specbitsmap_ln0          (specbitsmap        ) [ 00000000]
specinterface_ln0        (specinterface      ) [ 00000000]
specbitsmap_ln0          (specbitsmap        ) [ 00000000]
specinterface_ln0        (specinterface      ) [ 00000000]
specbitsmap_ln0          (specbitsmap        ) [ 00000000]
specinterface_ln0        (specinterface      ) [ 00000000]
specbitsmap_ln0          (specbitsmap        ) [ 00000000]
specinterface_ln0        (specinterface      ) [ 00000000]
specbitsmap_ln0          (specbitsmap        ) [ 00000000]
specinterface_ln0        (specinterface      ) [ 00000000]
specbitsmap_ln0          (specbitsmap        ) [ 00000000]
specinterface_ln0        (specinterface      ) [ 00000000]
packed_stream            (alloca             ) [ 01111100]
empty                    (specchannel        ) [ 00000000]
specinterface_ln0        (specinterface      ) [ 00000000]
packetizer_in            (alloca             ) [ 01111110]
empty_31                 (specchannel        ) [ 00000000]
specinterface_ln0        (specinterface      ) [ 00000000]
specaxissidechannel_ln69 (specaxissidechannel) [ 00000000]
store_ln69               (store              ) [ 00000000]
br_ln69                  (br                 ) [ 00000000]
i_6                      (load               ) [ 00000000]
icmp_ln69                (icmp               ) [ 00111100]
i_7                      (add                ) [ 00011000]
br_ln69                  (br                 ) [ 00000000]
speclooptripcount_ln69   (speclooptripcount  ) [ 00000000]
specloopname_ln69        (specloopname       ) [ 00000000]
switch_ln18              (switch             ) [ 00000000]
call_ln0                 (call               ) [ 00000000]
call_ln0                 (call               ) [ 00000000]
call_ln0                 (call               ) [ 00000000]
word_4_loc_load          (load               ) [ 00000000]
write_ln54               (write              ) [ 00000000]
br_ln55                  (br                 ) [ 00000000]
word_2_loc_load          (load               ) [ 00000000]
write_ln41               (write              ) [ 00000000]
br_ln42                  (br                 ) [ 00000000]
word_loc_load            (load               ) [ 00000000]
write_ln28               (write              ) [ 00000000]
br_ln29                  (br                 ) [ 00000000]
br_ln0                   (br                 ) [ 00000000]
br_ln0                   (br                 ) [ 00000000]
store_ln69               (store              ) [ 00000000]
packed_out_read          (read               ) [ 00000000]
write_ln77               (write              ) [ 00000000]
br_ln69                  (br                 ) [ 00000000]
call_ln86                (call               ) [ 00000000]
ret_ln97                 (ret                ) [ 00000000]
</LifeTime>

<model>

<comp_list>
<comp id="0" class="1000" name="adc_in">
<pin_list>
<pin id="1" dir="1" index="0" bw="1" slack="0"/>
</pin_list>
<bind>
<StgValue><ssdm name="adc_in"/></StgValue>
</bind>
</comp>

<comp id="2" class="1000" name="out_stream_V_data_V">
<pin_list>
<pin id="3" dir="1" index="0" bw="1" slack="0"/>
</pin_list>
<bind>
<StgValue><ssdm name="out_stream_V_data_V"/></StgValue>
</bind>
</comp>

<comp id="4" class="1000" name="out_stream_V_keep_V">
<pin_list>
<pin id="5" dir="1" index="0" bw="1" slack="0"/>
</pin_list>
<bind>
<StgValue><ssdm name="out_stream_V_keep_V"/></StgValue>
</bind>
</comp>

<comp id="6" class="1000" name="out_stream_V_strb_V">
<pin_list>
<pin id="7" dir="1" index="0" bw="1" slack="0"/>
</pin_list>
<bind>
<StgValue><ssdm name="out_stream_V_strb_V"/></StgValue>
</bind>
</comp>

<comp id="8" class="1000" name="out_stream_V_last_V">
<pin_list>
<pin id="9" dir="1" index="0" bw="1" slack="0"/>
</pin_list>
<bind>
<StgValue><ssdm name="out_stream_V_last_V"/></StgValue>
</bind>
</comp>

<comp id="10" class="1000" name="epoch">
<pin_list>
<pin id="11" dir="1" index="0" bw="1" slack="0"/>
</pin_list>
<bind>
<StgValue><ssdm name="epoch"/></StgValue>
</bind>
</comp>

<comp id="12" class="1000" name="station_id">
<pin_list>
<pin id="13" dir="1" index="0" bw="1" slack="0"/>
</pin_list>
<bind>
<StgValue><ssdm name="station_id"/></StgValue>
</bind>
</comp>

<comp id="14" class="1000" name="thread_id">
<pin_list>
<pin id="15" dir="1" index="0" bw="1" slack="0"/>
</pin_list>
<bind>
<StgValue><ssdm name="thread_id"/></StgValue>
</bind>
</comp>

<comp id="16" class="1000" name="bits_per_sample">
<pin_list>
<pin id="17" dir="1" index="0" bw="1" slack="0"/>
</pin_list>
<bind>
<StgValue><ssdm name="bits_per_sample"/></StgValue>
</bind>
</comp>

<comp id="18" class="1000" name="complex_data">
<pin_list>
<pin id="19" dir="1" index="0" bw="1" slack="0"/>
</pin_list>
<bind>
<StgValue><ssdm name="complex_data"/></StgValue>
</bind>
</comp>

<comp id="20" class="1000" name="pps">
<pin_list>
<pin id="21" dir="1" index="0" bw="1" slack="0"/>
</pin_list>
<bind>
<StgValue><ssdm name="pps"/></StgValue>
</bind>
</comp>

<comp id="22" class="1000" name="payload_words">
<pin_list>
<pin id="23" dir="1" index="0" bw="1" slack="0"/>
</pin_list>
<bind>
<StgValue><ssdm name="payload_words"/></StgValue>
</bind>
</comp>

<comp id="24" class="1000" name="seconds_from_epoch">
<pin_list>
<pin id="25" dir="1" index="0" bw="1" slack="0"/>
</pin_list>
<bind>
<StgValue><ssdm name="seconds_from_epoch"/></StgValue>
</bind>
</comp>

<comp id="26" class="1000" name="frame_no">
<pin_list>
<pin id="27" dir="1" index="0" bw="1" slack="0"/>
</pin_list>
<bind>
<StgValue><ssdm name="frame_no"/></StgValue>
</bind>
</comp>

<comp id="28" class="1001" name="const_28">
<pin_list>
<pin id="29" dir="1" index="0" bw="1" slack="0"/>
</pin_list>
<bind>
<StgValue><ssdm name=""/></StgValue>
</bind>
</comp>

<comp id="30" class="1001" name="const_30">
<pin_list>
<pin id="31" dir="1" index="0" bw="1" slack="0"/>
</pin_list>
<bind>
<StgValue><ssdm name="_ssdm_op_Read.ap_auto.i16"/></StgValue>
</bind>
</comp>

<comp id="32" class="1001" name="const_32">
<pin_list>
<pin id="33" dir="1" index="0" bw="1" slack="0"/>
</pin_list>
<bind>
<StgValue><ssdm name="_ssdm_op_Read.ap_none.i1"/></StgValue>
</bind>
</comp>

<comp id="34" class="1001" name="const_34">
<pin_list>
<pin id="35" dir="1" index="0" bw="1" slack="0"/>
</pin_list>
<bind>
<StgValue><ssdm name="_ssdm_op_Read.ap_none.i5"/></StgValue>
</bind>
</comp>

<comp id="36" class="1001" name="const_36">
<pin_list>
<pin id="37" dir="1" index="0" bw="1" slack="0"/>
</pin_list>
<bind>
<StgValue><ssdm name="_ssdm_op_Read.ap_none.i10"/></StgValue>
</bind>
</comp>

<comp id="38" class="1001" name="const_38">
<pin_list>
<pin id="39" dir="1" index="0" bw="1" slack="0"/>
</pin_list>
<bind>
<StgValue><ssdm name="_ssdm_op_Read.ap_none.i16"/></StgValue>
</bind>
</comp>

<comp id="40" class="1001" name="const_40">
<pin_list>
<pin id="41" dir="1" index="0" bw="1" slack="0"/>
</pin_list>
<bind>
<StgValue><ssdm name="_ssdm_op_Read.ap_none.i6"/></StgValue>
</bind>
</comp>

<comp id="42" class="1001" name="const_42">
<pin_list>
<pin id="43" dir="1" index="0" bw="1" slack="0"/>
</pin_list>
<bind>
<StgValue><ssdm name=""/></StgValue>
</bind>
</comp>

<comp id="44" class="1001" name="const_44">
<pin_list>
<pin id="45" dir="1" index="0" bw="1" slack="2147483647"/>
</pin_list>
<bind>
<StgValue><ssdm name="_ssdm_op_SpecTopModule"/></StgValue>
</bind>
</comp>

<comp id="46" class="1001" name="const_46">
<pin_list>
<pin id="47" dir="1" index="0" bw="1" slack="2147483647"/>
</pin_list>
<bind>
<StgValue><ssdm name="empty_6"/></StgValue>
</bind>
</comp>

<comp id="48" class="1001" name="const_48">
<pin_list>
<pin id="49" dir="1" index="0" bw="1" slack="2147483647"/>
</pin_list>
<bind>
<StgValue><ssdm name="_ssdm_op_SpecInterface"/></StgValue>
</bind>
</comp>

<comp id="50" class="1001" name="const_50">
<pin_list>
<pin id="51" dir="1" index="0" bw="1" slack="2147483647"/>
</pin_list>
<bind>
<StgValue><ssdm name=""/></StgValue>
</bind>
</comp>

<comp id="52" class="1001" name="const_52">
<pin_list>
<pin id="53" dir="1" index="0" bw="1" slack="2147483647"/>
</pin_list>
<bind>
<StgValue><ssdm name="empty_7"/></StgValue>
</bind>
</comp>

<comp id="54" class="1001" name="const_54">
<pin_list>
<pin id="55" dir="1" index="0" bw="1" slack="2147483647"/>
</pin_list>
<bind>
<StgValue><ssdm name="empty_1"/></StgValue>
</bind>
</comp>

<comp id="56" class="1001" name="const_56">
<pin_list>
<pin id="57" dir="1" index="0" bw="1" slack="2147483647"/>
</pin_list>
<bind>
<StgValue><ssdm name=""/></StgValue>
</bind>
</comp>

<comp id="58" class="1001" name="const_58">
<pin_list>
<pin id="59" dir="1" index="0" bw="1" slack="2147483647"/>
</pin_list>
<bind>
<StgValue><ssdm name="empty"/></StgValue>
</bind>
</comp>

<comp id="60" class="1001" name="const_60">
<pin_list>
<pin id="61" dir="1" index="0" bw="1" slack="2147483647"/>
</pin_list>
<bind>
<StgValue><ssdm name="empty_0"/></StgValue>
</bind>
</comp>

<comp id="62" class="1001" name="const_62">
<pin_list>
<pin id="63" dir="1" index="0" bw="1" slack="2147483647"/>
</pin_list>
<bind>
<StgValue><ssdm name="_ssdm_op_SpecBitsMap"/></StgValue>
</bind>
</comp>

<comp id="64" class="1001" name="const_64">
<pin_list>
<pin id="65" dir="1" index="0" bw="1" slack="2147483647"/>
</pin_list>
<bind>
<StgValue><ssdm name="empty_2"/></StgValue>
</bind>
</comp>

<comp id="66" class="1001" name="const_66">
<pin_list>
<pin id="67" dir="1" index="0" bw="1" slack="2147483647"/>
</pin_list>
<bind>
<StgValue><ssdm name="empty_3"/></StgValue>
</bind>
</comp>

<comp id="68" class="1001" name="const_68">
<pin_list>
<pin id="69" dir="1" index="0" bw="1" slack="2147483647"/>
</pin_list>
<bind>
<StgValue><ssdm name="_ssdm_op_SpecChannel"/></StgValue>
</bind>
</comp>

<comp id="70" class="1001" name="const_70">
<pin_list>
<pin id="71" dir="1" index="0" bw="1" slack="2147483647"/>
</pin_list>
<bind>
<StgValue><ssdm name="packed_stream_str"/></StgValue>
</bind>
</comp>

<comp id="72" class="1001" name="const_72">
<pin_list>
<pin id="73" dir="1" index="0" bw="1" slack="2147483647"/>
</pin_list>
<bind>
<StgValue><ssdm name="p_str"/></StgValue>
</bind>
</comp>

<comp id="74" class="1001" name="const_74">
<pin_list>
<pin id="75" dir="1" index="0" bw="1" slack="2147483647"/>
</pin_list>
<bind>
<StgValue><ssdm name=""/></StgValue>
</bind>
</comp>

<comp id="76" class="1001" name="const_76">
<pin_list>
<pin id="77" dir="1" index="0" bw="1" slack="2147483647"/>
</pin_list>
<bind>
<StgValue><ssdm name="empty_4"/></StgValue>
</bind>
</comp>

<comp id="78" class="1001" name="const_78">
<pin_list>
<pin id="79" dir="1" index="0" bw="1" slack="2147483647"/>
</pin_list>
<bind>
<StgValue><ssdm name="packetizer_in_str"/></StgValue>
</bind>
</comp>

<comp id="80" class="1001" name="const_80">
<pin_list>
<pin id="81" dir="1" index="0" bw="1" slack="2147483647"/>
</pin_list>
<bind>
<StgValue><ssdm name="_ssdm_op_SpecAXISSideChannel"/></StgValue>
</bind>
</comp>

<comp id="82" class="1001" name="const_82">
<pin_list>
<pin id="83" dir="1" index="0" bw="1" slack="2147483647"/>
</pin_list>
<bind>
<StgValue><ssdm name=""/></StgValue>
</bind>
</comp>

<comp id="84" class="1001" name="const_84">
<pin_list>
<pin id="85" dir="1" index="0" bw="1" slack="2147483647"/>
</pin_list>
<bind>
<StgValue><ssdm name="empty_5"/></StgValue>
</bind>
</comp>

<comp id="86" class="1001" name="const_86">
<pin_list>
<pin id="87" dir="1" index="0" bw="1" slack="0"/>
</pin_list>
<bind>
<StgValue><ssdm name=""/></StgValue>
</bind>
</comp>

<comp id="88" class="1001" name="const_88">
<pin_list>
<pin id="89" dir="1" index="0" bw="1" slack="0"/>
</pin_list>
<bind>
<StgValue><ssdm name=""/></StgValue>
</bind>
</comp>

<comp id="90" class="1001" name="const_90">
<pin_list>
<pin id="91" dir="1" index="0" bw="1" slack="2147483647"/>
</pin_list>
<bind>
<StgValue><ssdm name="_ssdm_op_SpecLoopTripCount"/></StgValue>
</bind>
</comp>

<comp id="92" class="1001" name="const_92">
<pin_list>
<pin id="93" dir="1" index="0" bw="1" slack="2147483647"/>
</pin_list>
<bind>
<StgValue><ssdm name=""/></StgValue>
</bind>
</comp>

<comp id="94" class="1001" name="const_94">
<pin_list>
<pin id="95" dir="1" index="0" bw="1" slack="2147483647"/>
</pin_list>
<bind>
<StgValue><ssdm name=""/></StgValue>
</bind>
</comp>

<comp id="96" class="1001" name="const_96">
<pin_list>
<pin id="97" dir="1" index="0" bw="1" slack="2147483647"/>
</pin_list>
<bind>
<StgValue><ssdm name=""/></StgValue>
</bind>
</comp>

<comp id="98" class="1001" name="const_98">
<pin_list>
<pin id="99" dir="1" index="0" bw="1" slack="2147483647"/>
</pin_list>
<bind>
<StgValue><ssdm name="_ssdm_op_SpecLoopName"/></StgValue>
</bind>
</comp>

<comp id="100" class="1001" name="const_100">
<pin_list>
<pin id="101" dir="1" index="0" bw="1" slack="2147483647"/>
</pin_list>
<bind>
<StgValue><ssdm name="empty_11"/></StgValue>
</bind>
</comp>

<comp id="102" class="1001" name="const_102">
<pin_list>
<pin id="103" dir="1" index="0" bw="1" slack="0"/>
</pin_list>
<bind>
<StgValue><ssdm name=""/></StgValue>
</bind>
</comp>

<comp id="104" class="1001" name="const_104">
<pin_list>
<pin id="105" dir="1" index="0" bw="1" slack="0"/>
</pin_list>
<bind>
<StgValue><ssdm name=""/></StgValue>
</bind>
</comp>

<comp id="106" class="1001" name="const_106">
<pin_list>
<pin id="107" dir="1" index="0" bw="1" slack="0"/>
</pin_list>
<bind>
<StgValue><ssdm name=""/></StgValue>
</bind>
</comp>

<comp id="108" class="1001" name="const_108">
<pin_list>
<pin id="109" dir="1" index="0" bw="1" slack="0"/>
</pin_list>
<bind>
<StgValue><ssdm name="vdif_chain_Pipeline_VITIS_LOOP_46_3"/></StgValue>
</bind>
</comp>

<comp id="110" class="1001" name="const_110">
<pin_list>
<pin id="111" dir="1" index="0" bw="1" slack="0"/>
</pin_list>
<bind>
<StgValue><ssdm name="vdif_chain_Pipeline_VITIS_LOOP_33_2"/></StgValue>
</bind>
</comp>

<comp id="112" class="1001" name="const_112">
<pin_list>
<pin id="113" dir="1" index="0" bw="1" slack="0"/>
</pin_list>
<bind>
<StgValue><ssdm name="vdif_chain_Pipeline_VITIS_LOOP_20_1"/></StgValue>
</bind>
</comp>

<comp id="114" class="1001" name="const_114">
<pin_list>
<pin id="115" dir="1" index="0" bw="1" slack="0"/>
</pin_list>
<bind>
<StgValue><ssdm name="packetizer"/></StgValue>
</bind>
</comp>

<comp id="116" class="1001" name="const_116">
<pin_list>
<pin id="117" dir="1" index="0" bw="1" slack="0"/>
</pin_list>
<bind>
<StgValue><ssdm name="_ssdm_op_Write.ap_fifo.volatile.i32P0A"/></StgValue>
</bind>
</comp>

<comp id="118" class="1001" name="const_118">
<pin_list>
<pin id="119" dir="1" index="0" bw="1" slack="0"/>
</pin_list>
<bind>
<StgValue><ssdm name="_ssdm_op_Read.ap_fifo.volatile.i32P0A"/></StgValue>
</bind>
</comp>

<comp id="120" class="1004" name="i_fu_120">
<pin_list>
<pin id="121" dir="0" index="0" bw="1" slack="0"/>
<pin id="122" dir="1" index="1" bw="16" slack="0"/>
</pin_list>
<bind>
<opcode="alloca(26) " fcode="alloca"/>
<opset="i/1 "/>
</bind>
</comp>

<comp id="124" class="1004" name="word_4_loc_fu_124">
<pin_list>
<pin id="125" dir="0" index="0" bw="1" slack="0"/>
<pin id="126" dir="1" index="1" bw="32" slack="1"/>
</pin_list>
<bind>
<opcode="alloca(26) " fcode="alloca"/>
<opset="word_4_loc/1 "/>
</bind>
</comp>

<comp id="128" class="1004" name="word_2_loc_fu_128">
<pin_list>
<pin id="129" dir="0" index="0" bw="1" slack="0"/>
<pin id="130" dir="1" index="1" bw="32" slack="1"/>
</pin_list>
<bind>
<opcode="alloca(26) " fcode="alloca"/>
<opset="word_2_loc/1 "/>
</bind>
</comp>

<comp id="132" class="1004" name="word_loc_fu_132">
<pin_list>
<pin id="133" dir="0" index="0" bw="1" slack="0"/>
<pin id="134" dir="1" index="1" bw="32" slack="1"/>
</pin_list>
<bind>
<opcode="alloca(26) " fcode="alloca"/>
<opset="word_loc/1 "/>
</bind>
</comp>

<comp id="136" class="1004" name="packed_stream_fu_136">
<pin_list>
<pin id="137" dir="0" index="0" bw="1" slack="0"/>
<pin id="138" dir="1" index="1" bw="32" slack="0"/>
</pin_list>
<bind>
<opcode="alloca(26) " fcode="alloca"/>
<opset="packed_stream/1 "/>
</bind>
</comp>

<comp id="140" class="1004" name="packetizer_in_fu_140">
<pin_list>
<pin id="141" dir="0" index="0" bw="1" slack="0"/>
<pin id="142" dir="1" index="1" bw="32" slack="0"/>
</pin_list>
<bind>
<opcode="alloca(26) " fcode="alloca"/>
<opset="packetizer_in/1 "/>
</bind>
</comp>

<comp id="144" class="1004" name="payload_words_read_read_fu_144">
<pin_list>
<pin id="145" dir="0" index="0" bw="16" slack="0"/>
<pin id="146" dir="0" index="1" bw="16" slack="0"/>
<pin id="147" dir="1" index="2" bw="16" slack="1"/>
</pin_list>
<bind>
<opcode="read(1150) " fcode="read"/>
<opset="payload_words_read/1 "/>
</bind>
</comp>

<comp id="150" class="1004" name="pps_read_read_fu_150">
<pin_list>
<pin id="151" dir="0" index="0" bw="1" slack="0"/>
<pin id="152" dir="0" index="1" bw="1" slack="0"/>
<pin id="153" dir="1" index="2" bw="1" slack="1"/>
</pin_list>
<bind>
<opcode="read(1150) " fcode="read"/>
<opset="pps_read/1 "/>
</bind>
</comp>

<comp id="156" class="1004" name="complex_data_read_read_fu_156">
<pin_list>
<pin id="157" dir="0" index="0" bw="1" slack="0"/>
<pin id="158" dir="0" index="1" bw="1" slack="0"/>
<pin id="159" dir="1" index="2" bw="1" slack="1"/>
</pin_list>
<bind>
<opcode="read(1150) " fcode="read"/>
<opset="complex_data_read/1 "/>
</bind>
</comp>

<comp id="162" class="1004" name="bits_per_sample_read_read_fu_162">
<pin_list>
<pin id="163" dir="0" index="0" bw="5" slack="0"/>
<pin id="164" dir="0" index="1" bw="5" slack="0"/>
<pin id="165" dir="1" index="2" bw="5" slack="1"/>
</pin_list>
<bind>
<opcode="read(1150) " fcode="read"/>
<opset="bits_per_sample_read/1 "/>
</bind>
</comp>

<comp id="168" class="1004" name="thread_id_read_read_fu_168">
<pin_list>
<pin id="169" dir="0" index="0" bw="10" slack="0"/>
<pin id="170" dir="0" index="1" bw="10" slack="0"/>
<pin id="171" dir="1" index="2" bw="10" slack="1"/>
</pin_list>
<bind>
<opcode="read(1150) " fcode="read"/>
<opset="thread_id_read/1 "/>
</bind>
</comp>

<comp id="174" class="1004" name="station_id_read_read_fu_174">
<pin_list>
<pin id="175" dir="0" index="0" bw="16" slack="0"/>
<pin id="176" dir="0" index="1" bw="16" slack="0"/>
<pin id="177" dir="1" index="2" bw="16" slack="1"/>
</pin_list>
<bind>
<opcode="read(1150) " fcode="read"/>
<opset="station_id_read/1 "/>
</bind>
</comp>

<comp id="180" class="1004" name="epoch_read_read_fu_180">
<pin_list>
<pin id="181" dir="0" index="0" bw="6" slack="0"/>
<pin id="182" dir="0" index="1" bw="6" slack="0"/>
<pin id="183" dir="1" index="2" bw="6" slack="1"/>
</pin_list>
<bind>
<opcode="read(1150) " fcode="read"/>
<opset="epoch_read/1 "/>
</bind>
</comp>

<comp id="186" class="1004" name="grp_write_fu_186">
<pin_list>
<pin id="187" dir="0" index="0" bw="0" slack="0"/>
<pin id="188" dir="0" index="1" bw="32" slack="3"/>
<pin id="189" dir="0" index="2" bw="32" slack="0"/>
<pin id="190" dir="1" index="3" bw="0" slack="2147483647"/>
</pin_list>
<bind>
<opcode="write(1151) " fcode="write"/>
<opset="write_ln54/4 write_ln41/4 write_ln28/4 "/>
</bind>
</comp>

<comp id="192" class="1004" name="packed_out_read_read_fu_192">
<pin_list>
<pin id="193" dir="0" index="0" bw="32" slack="0"/>
<pin id="194" dir="0" index="1" bw="32" slack="4"/>
<pin id="195" dir="1" index="2" bw="32" slack="0"/>
</pin_list>
<bind>
<opcode="read(1150) " fcode="read"/>
<opset="packed_out_read/5 "/>
</bind>
</comp>

<comp id="197" class="1004" name="write_ln77_write_fu_197">
<pin_list>
<pin id="198" dir="0" index="0" bw="0" slack="0"/>
<pin id="199" dir="0" index="1" bw="32" slack="4"/>
<pin id="200" dir="0" index="2" bw="32" slack="0"/>
<pin id="201" dir="1" index="3" bw="0" slack="2147483647"/>
</pin_list>
<bind>
<opcode="write(1151) " fcode="write"/>
<opset="write_ln77/5 "/>
</bind>
</comp>

<comp id="204" class="1004" name="grp_vdif_chain_Pipeline_VITIS_LOOP_46_3_fu_204">
<pin_list>
<pin id="205" dir="0" index="0" bw="0" slack="0"/>
<pin id="206" dir="0" index="1" bw="8" slack="0"/>
<pin id="207" dir="0" index="2" bw="32" slack="1"/>
<pin id="208" dir="1" index="3" bw="0" slack="2147483647"/>
</pin_list>
<bind>
<opcode="call(48) " fcode="call"/>
<opset="call_ln0/2 "/>
</bind>
</comp>

<comp id="211" class="1004" name="grp_vdif_chain_Pipeline_VITIS_LOOP_33_2_fu_211">
<pin_list>
<pin id="212" dir="0" index="0" bw="0" slack="0"/>
<pin id="213" dir="0" index="1" bw="8" slack="0"/>
<pin id="214" dir="0" index="2" bw="32" slack="1"/>
<pin id="215" dir="1" index="3" bw="0" slack="2147483647"/>
</pin_list>
<bind>
<opcode="call(48) " fcode="call"/>
<opset="call_ln0/2 "/>
</bind>
</comp>

<comp id="218" class="1004" name="grp_vdif_chain_Pipeline_VITIS_LOOP_20_1_fu_218">
<pin_list>
<pin id="219" dir="0" index="0" bw="0" slack="0"/>
<pin id="220" dir="0" index="1" bw="8" slack="0"/>
<pin id="221" dir="0" index="2" bw="32" slack="1"/>
<pin id="222" dir="1" index="3" bw="0" slack="2147483647"/>
</pin_list>
<bind>
<opcode="call(48) " fcode="call"/>
<opset="call_ln0/2 "/>
</bind>
</comp>

<comp id="225" class="1004" name="grp_packetizer_fu_225">
<pin_list>
<pin id="226" dir="0" index="0" bw="0" slack="0"/>
<pin id="227" dir="0" index="1" bw="32" slack="1"/>
<pin id="228" dir="0" index="2" bw="32" slack="0"/>
<pin id="229" dir="0" index="3" bw="4" slack="0"/>
<pin id="230" dir="0" index="4" bw="4" slack="0"/>
<pin id="231" dir="0" index="5" bw="1" slack="0"/>
<pin id="232" dir="0" index="6" bw="6" slack="1"/>
<pin id="233" dir="0" index="7" bw="16" slack="1"/>
<pin id="234" dir="0" index="8" bw="10" slack="1"/>
<pin id="235" dir="0" index="9" bw="5" slack="1"/>
<pin id="236" dir="0" index="10" bw="1" slack="1"/>
<pin id="237" dir="0" index="11" bw="1" slack="1"/>
<pin id="238" dir="0" index="12" bw="16" slack="1"/>
<pin id="239" dir="0" index="13" bw="30" slack="0"/>
<pin id="240" dir="0" index="14" bw="24" slack="0"/>
<pin id="241" dir="1" index="15" bw="0" slack="2147483647"/>
</pin_list>
<bind>
<opcode="call(48) " fcode="call"/>
<opset="call_ln86/2 "/>
</bind>
</comp>

<comp id="249" class="1004" name="store_ln69_store_fu_249">
<pin_list>
<pin id="250" dir="0" index="0" bw="1" slack="0"/>
<pin id="251" dir="0" index="1" bw="16" slack="0"/>
<pin id="252" dir="1" index="2" bw="0" slack="2147483647"/>
</pin_list>
<bind>
<opcode="store(28) " fcode="store"/>
<opset="store_ln69/1 "/>
</bind>
</comp>

<comp id="254" class="1004" name="i_6_load_fu_254">
<pin_list>
<pin id="255" dir="0" index="0" bw="16" slack="1"/>
<pin id="256" dir="1" index="1" bw="16" slack="0"/>
</pin_list>
<bind>
<opcode="load(27) " fcode="load"/>
<opset="i_6/2 "/>
</bind>
</comp>

<comp id="257" class="1004" name="icmp_ln69_fu_257">
<pin_list>
<pin id="258" dir="0" index="0" bw="16" slack="0"/>
<pin id="259" dir="0" index="1" bw="16" slack="1"/>
<pin id="260" dir="1" index="2" bw="1" slack="2147483647"/>
</pin_list>
<bind>
<opcode="icmp(45) " fcode="icmp"/>
<opset="icmp_ln69/2 "/>
</bind>
</comp>

<comp id="262" class="1004" name="i_7_fu_262">
<pin_list>
<pin id="263" dir="0" index="0" bw="16" slack="0"/>
<pin id="264" dir="0" index="1" bw="1" slack="0"/>
<pin id="265" dir="1" index="2" bw="16" slack="2"/>
</pin_list>
<bind>
<opcode="add(8) " fcode="add"/>
<opset="i_7/2 "/>
</bind>
</comp>

<comp id="268" class="1004" name="switch_ln18_fu_268">
<pin_list>
<pin id="269" dir="0" index="0" bw="5" slack="1"/>
<pin id="270" dir="0" index="1" bw="3" slack="0"/>
<pin id="271" dir="0" index="2" bw="4" slack="0"/>
<pin id="272" dir="0" index="3" bw="5" slack="0"/>
<pin id="273" dir="1" index="4" bw="0" slack="2147483647"/>
</pin_list>
<bind>
<opcode="switch(3) " fcode="switch"/>
<opset="switch_ln18/2 "/>
</bind>
</comp>

<comp id="277" class="1004" name="word_4_loc_load_load_fu_277">
<pin_list>
<pin id="278" dir="0" index="0" bw="32" slack="3"/>
<pin id="279" dir="1" index="1" bw="32" slack="0"/>
</pin_list>
<bind>
<opcode="load(27) " fcode="load"/>
<opset="word_4_loc_load/4 "/>
</bind>
</comp>

<comp id="281" class="1004" name="word_2_loc_load_load_fu_281">
<pin_list>
<pin id="282" dir="0" index="0" bw="32" slack="3"/>
<pin id="283" dir="1" index="1" bw="32" slack="0"/>
</pin_list>
<bind>
<opcode="load(27) " fcode="load"/>
<opset="word_2_loc_load/4 "/>
</bind>
</comp>

<comp id="285" class="1004" name="word_loc_load_load_fu_285">
<pin_list>
<pin id="286" dir="0" index="0" bw="32" slack="3"/>
<pin id="287" dir="1" index="1" bw="32" slack="0"/>
</pin_list>
<bind>
<opcode="load(27) " fcode="load"/>
<opset="word_loc_load/4 "/>
</bind>
</comp>

<comp id="289" class="1004" name="store_ln69_store_fu_289">
<pin_list>
<pin id="290" dir="0" index="0" bw="16" slack="2"/>
<pin id="291" dir="0" index="1" bw="16" slack="3"/>
<pin id="292" dir="1" index="2" bw="0" slack="2147483647"/>
</pin_list>
<bind>
<opcode="store(28) " fcode="store"/>
<opset="store_ln69/4 "/>
</bind>
</comp>

<comp id="293" class="1005" name="i_reg_293">
<pin_list>
<pin id="294" dir="0" index="0" bw="16" slack="0"/>
<pin id="295" dir="1" index="1" bw="16" slack="0"/>
</pin_list>
<bind>
<opset="i "/>
</bind>
</comp>

<comp id="300" class="1005" name="payload_words_read_reg_300">
<pin_list>
<pin id="301" dir="0" index="0" bw="16" slack="1"/>
<pin id="302" dir="1" index="1" bw="16" slack="1"/>
</pin_list>
<bind>
<opset="payload_words_read "/>
</bind>
</comp>

<comp id="306" class="1005" name="pps_read_reg_306">
<pin_list>
<pin id="307" dir="0" index="0" bw="1" slack="1"/>
<pin id="308" dir="1" index="1" bw="1" slack="1"/>
</pin_list>
<bind>
<opset="pps_read "/>
</bind>
</comp>

<comp id="311" class="1005" name="complex_data_read_reg_311">
<pin_list>
<pin id="312" dir="0" index="0" bw="1" slack="1"/>
<pin id="313" dir="1" index="1" bw="1" slack="1"/>
</pin_list>
<bind>
<opset="complex_data_read "/>
</bind>
</comp>

<comp id="316" class="1005" name="bits_per_sample_read_reg_316">
<pin_list>
<pin id="317" dir="0" index="0" bw="5" slack="1"/>
<pin id="318" dir="1" index="1" bw="5" slack="1"/>
</pin_list>
<bind>
<opset="bits_per_sample_read "/>
</bind>
</comp>

<comp id="322" class="1005" name="thread_id_read_reg_322">
<pin_list>
<pin id="323" dir="0" index="0" bw="10" slack="1"/>
<pin id="324" dir="1" index="1" bw="10" slack="1"/>
</pin_list>
<bind>
<opset="thread_id_read "/>
</bind>
</comp>

<comp id="327" class="1005" name="station_id_read_reg_327">
<pin_list>
<pin id="328" dir="0" index="0" bw="16" slack="1"/>
<pin id="329" dir="1" index="1" bw="16" slack="1"/>
</pin_list>
<bind>
<opset="station_id_read "/>
</bind>
</comp>

<comp id="332" class="1005" name="epoch_read_reg_332">
<pin_list>
<pin id="333" dir="0" index="0" bw="6" slack="1"/>
<pin id="334" dir="1" index="1" bw="6" slack="1"/>
</pin_list>
<bind>
<opset="epoch_read "/>
</bind>
</comp>

<comp id="337" class="1005" name="word_4_loc_reg_337">
<pin_list>
<pin id="338" dir="0" index="0" bw="32" slack="1"/>
<pin id="339" dir="1" index="1" bw="32" slack="1"/>
</pin_list>
<bind>
<opset="word_4_loc "/>
</bind>
</comp>

<comp id="343" class="1005" name="word_2_loc_reg_343">
<pin_list>
<pin id="344" dir="0" index="0" bw="32" slack="1"/>
<pin id="345" dir="1" index="1" bw="32" slack="1"/>
</pin_list>
<bind>
<opset="word_2_loc "/>
</bind>
</comp>

<comp id="349" class="1005" name="word_loc_reg_349">
<pin_list>
<pin id="350" dir="0" index="0" bw="32" slack="1"/>
<pin id="351" dir="1" index="1" bw="32" slack="1"/>
</pin_list>
<bind>
<opset="word_loc "/>
</bind>
</comp>

<comp id="355" class="1005" name="packed_stream_reg_355">
<pin_list>
<pin id="356" dir="0" index="0" bw="32" slack="0"/>
<pin id="357" dir="1" index="1" bw="32" slack="3"/>
</pin_list>
<bind>
<opset="packed_stream "/>
</bind>
</comp>

<comp id="361" class="1005" name="packetizer_in_reg_361">
<pin_list>
<pin id="362" dir="0" index="0" bw="32" slack="0"/>
<pin id="363" dir="1" index="1" bw="32" slack="1"/>
</pin_list>
<bind>
<opset="packetizer_in "/>
</bind>
</comp>

<comp id="370" class="1005" name="i_7_reg_370">
<pin_list>
<pin id="371" dir="0" index="0" bw="16" slack="2"/>
<pin id="372" dir="1" index="1" bw="16" slack="2"/>
</pin_list>
<bind>
<opset="i_7 "/>
</bind>
</comp>

</comp_list>

<net_list>
<net id="123"><net_src comp="28" pin="0"/><net_sink comp="120" pin=0"/></net>

<net id="127"><net_src comp="42" pin="0"/><net_sink comp="124" pin=0"/></net>

<net id="131"><net_src comp="42" pin="0"/><net_sink comp="128" pin=0"/></net>

<net id="135"><net_src comp="42" pin="0"/><net_sink comp="132" pin=0"/></net>

<net id="139"><net_src comp="42" pin="0"/><net_sink comp="136" pin=0"/></net>

<net id="143"><net_src comp="42" pin="0"/><net_sink comp="140" pin=0"/></net>

<net id="148"><net_src comp="30" pin="0"/><net_sink comp="144" pin=0"/></net>

<net id="149"><net_src comp="22" pin="0"/><net_sink comp="144" pin=1"/></net>

<net id="154"><net_src comp="32" pin="0"/><net_sink comp="150" pin=0"/></net>

<net id="155"><net_src comp="20" pin="0"/><net_sink comp="150" pin=1"/></net>

<net id="160"><net_src comp="32" pin="0"/><net_sink comp="156" pin=0"/></net>

<net id="161"><net_src comp="18" pin="0"/><net_sink comp="156" pin=1"/></net>

<net id="166"><net_src comp="34" pin="0"/><net_sink comp="162" pin=0"/></net>

<net id="167"><net_src comp="16" pin="0"/><net_sink comp="162" pin=1"/></net>

<net id="172"><net_src comp="36" pin="0"/><net_sink comp="168" pin=0"/></net>

<net id="173"><net_src comp="14" pin="0"/><net_sink comp="168" pin=1"/></net>

<net id="178"><net_src comp="38" pin="0"/><net_sink comp="174" pin=0"/></net>

<net id="179"><net_src comp="12" pin="0"/><net_sink comp="174" pin=1"/></net>

<net id="184"><net_src comp="40" pin="0"/><net_sink comp="180" pin=0"/></net>

<net id="185"><net_src comp="10" pin="0"/><net_sink comp="180" pin=1"/></net>

<net id="191"><net_src comp="116" pin="0"/><net_sink comp="186" pin=0"/></net>

<net id="196"><net_src comp="118" pin="0"/><net_sink comp="192" pin=0"/></net>

<net id="202"><net_src comp="116" pin="0"/><net_sink comp="197" pin=0"/></net>

<net id="203"><net_src comp="192" pin="2"/><net_sink comp="197" pin=2"/></net>

<net id="209"><net_src comp="108" pin="0"/><net_sink comp="204" pin=0"/></net>

<net id="210"><net_src comp="0" pin="0"/><net_sink comp="204" pin=1"/></net>

<net id="216"><net_src comp="110" pin="0"/><net_sink comp="211" pin=0"/></net>

<net id="217"><net_src comp="0" pin="0"/><net_sink comp="211" pin=1"/></net>

<net id="223"><net_src comp="112" pin="0"/><net_sink comp="218" pin=0"/></net>

<net id="224"><net_src comp="0" pin="0"/><net_sink comp="218" pin=1"/></net>

<net id="242"><net_src comp="114" pin="0"/><net_sink comp="225" pin=0"/></net>

<net id="243"><net_src comp="2" pin="0"/><net_sink comp="225" pin=2"/></net>

<net id="244"><net_src comp="4" pin="0"/><net_sink comp="225" pin=3"/></net>

<net id="245"><net_src comp="6" pin="0"/><net_sink comp="225" pin=4"/></net>

<net id="246"><net_src comp="8" pin="0"/><net_sink comp="225" pin=5"/></net>

<net id="247"><net_src comp="24" pin="0"/><net_sink comp="225" pin=13"/></net>

<net id="248"><net_src comp="26" pin="0"/><net_sink comp="225" pin=14"/></net>

<net id="253"><net_src comp="86" pin="0"/><net_sink comp="249" pin=0"/></net>

<net id="261"><net_src comp="254" pin="1"/><net_sink comp="257" pin=0"/></net>

<net id="266"><net_src comp="254" pin="1"/><net_sink comp="262" pin=0"/></net>

<net id="267"><net_src comp="88" pin="0"/><net_sink comp="262" pin=1"/></net>

<net id="274"><net_src comp="102" pin="0"/><net_sink comp="268" pin=1"/></net>

<net id="275"><net_src comp="104" pin="0"/><net_sink comp="268" pin=2"/></net>

<net id="276"><net_src comp="106" pin="0"/><net_sink comp="268" pin=3"/></net>

<net id="280"><net_src comp="277" pin="1"/><net_sink comp="186" pin=2"/></net>

<net id="284"><net_src comp="281" pin="1"/><net_sink comp="186" pin=2"/></net>

<net id="288"><net_src comp="285" pin="1"/><net_sink comp="186" pin=2"/></net>

<net id="296"><net_src comp="120" pin="1"/><net_sink comp="293" pin=0"/></net>

<net id="297"><net_src comp="293" pin="1"/><net_sink comp="249" pin=1"/></net>

<net id="298"><net_src comp="293" pin="1"/><net_sink comp="254" pin=0"/></net>

<net id="299"><net_src comp="293" pin="1"/><net_sink comp="289" pin=1"/></net>

<net id="303"><net_src comp="144" pin="2"/><net_sink comp="300" pin=0"/></net>

<net id="304"><net_src comp="300" pin="1"/><net_sink comp="257" pin=1"/></net>

<net id="305"><net_src comp="300" pin="1"/><net_sink comp="225" pin=12"/></net>

<net id="309"><net_src comp="150" pin="2"/><net_sink comp="306" pin=0"/></net>

<net id="310"><net_src comp="306" pin="1"/><net_sink comp="225" pin=11"/></net>

<net id="314"><net_src comp="156" pin="2"/><net_sink comp="311" pin=0"/></net>

<net id="315"><net_src comp="311" pin="1"/><net_sink comp="225" pin=10"/></net>

<net id="319"><net_src comp="162" pin="2"/><net_sink comp="316" pin=0"/></net>

<net id="320"><net_src comp="316" pin="1"/><net_sink comp="268" pin=0"/></net>

<net id="321"><net_src comp="316" pin="1"/><net_sink comp="225" pin=9"/></net>

<net id="325"><net_src comp="168" pin="2"/><net_sink comp="322" pin=0"/></net>

<net id="326"><net_src comp="322" pin="1"/><net_sink comp="225" pin=8"/></net>

<net id="330"><net_src comp="174" pin="2"/><net_sink comp="327" pin=0"/></net>

<net id="331"><net_src comp="327" pin="1"/><net_sink comp="225" pin=7"/></net>

<net id="335"><net_src comp="180" pin="2"/><net_sink comp="332" pin=0"/></net>

<net id="336"><net_src comp="332" pin="1"/><net_sink comp="225" pin=6"/></net>

<net id="340"><net_src comp="124" pin="1"/><net_sink comp="337" pin=0"/></net>

<net id="341"><net_src comp="337" pin="1"/><net_sink comp="204" pin=2"/></net>

<net id="342"><net_src comp="337" pin="1"/><net_sink comp="277" pin=0"/></net>

<net id="346"><net_src comp="128" pin="1"/><net_sink comp="343" pin=0"/></net>

<net id="347"><net_src comp="343" pin="1"/><net_sink comp="211" pin=2"/></net>

<net id="348"><net_src comp="343" pin="1"/><net_sink comp="281" pin=0"/></net>

<net id="352"><net_src comp="132" pin="1"/><net_sink comp="349" pin=0"/></net>

<net id="353"><net_src comp="349" pin="1"/><net_sink comp="218" pin=2"/></net>

<net id="354"><net_src comp="349" pin="1"/><net_sink comp="285" pin=0"/></net>

<net id="358"><net_src comp="136" pin="1"/><net_sink comp="355" pin=0"/></net>

<net id="359"><net_src comp="355" pin="1"/><net_sink comp="186" pin=1"/></net>

<net id="360"><net_src comp="355" pin="1"/><net_sink comp="192" pin=1"/></net>

<net id="364"><net_src comp="140" pin="1"/><net_sink comp="361" pin=0"/></net>

<net id="365"><net_src comp="361" pin="1"/><net_sink comp="225" pin=1"/></net>

<net id="366"><net_src comp="361" pin="1"/><net_sink comp="197" pin=1"/></net>

<net id="373"><net_src comp="262" pin="2"/><net_sink comp="370" pin=0"/></net>

<net id="374"><net_src comp="370" pin="1"/><net_sink comp="289" pin=0"/></net>

</net_list>

</model> 
---------------- Datapath Model END ------------------

* FSMD analyzer results:
  - Output states:
	Port: out_stream_V_data_V | {2 6 }
	Port: out_stream_V_keep_V | {2 6 }
	Port: out_stream_V_strb_V | {2 6 }
	Port: out_stream_V_last_V | {2 6 }
	Port: seconds_from_epoch | {2 6 }
	Port: frame_no | {2 6 }
 - Input state : 
	Port: vdif_chain : adc_in | {2 3 }
	Port: vdif_chain : epoch | {1 }
	Port: vdif_chain : station_id | {1 }
	Port: vdif_chain : thread_id | {1 }
	Port: vdif_chain : bits_per_sample | {1 }
	Port: vdif_chain : complex_data | {1 }
	Port: vdif_chain : pps | {1 }
	Port: vdif_chain : payload_words | {1 }
	Port: vdif_chain : seconds_from_epoch | {2 6 }
	Port: vdif_chain : frame_no | {2 6 }
  - Chain level:
	State 1
		empty : 1
		specinterface_ln0 : 1
		empty_31 : 1
		specinterface_ln0 : 1
		store_ln69 : 1
	State 2
		icmp_ln69 : 1
		i_7 : 1
		br_ln69 : 2
	State 3
	State 4
		write_ln54 : 1
		write_ln41 : 1
		write_ln28 : 1
	State 5
	State 6
	State 7


============================================================
+ Verbose Summary: Datapath Resource usage 
============================================================

* Functional unit list:
|----------|------------------------------------------------|---------|---------|---------|
| Operation|                 Functional Unit                |  Delay  |    FF   |   LUT   |
|----------|------------------------------------------------|---------|---------|---------|
|          | grp_vdif_chain_Pipeline_VITIS_LOOP_46_3_fu_204 |    0    |    37   |    58   |
|   call   | grp_vdif_chain_Pipeline_VITIS_LOOP_33_2_fu_211 |    0    |    39   |    62   |
|          | grp_vdif_chain_Pipeline_VITIS_LOOP_20_1_fu_218 |    0    |    42   |    62   |
|          |              grp_packetizer_fu_225             | 4.89486 |   190   |   334   |
|----------|------------------------------------------------|---------|---------|---------|
|   icmp   |                icmp_ln69_fu_257                |    0    |    0    |    23   |
|----------|------------------------------------------------|---------|---------|---------|
|    add   |                   i_7_fu_262                   |    0    |    0    |    23   |
|----------|------------------------------------------------|---------|---------|---------|
|          |         payload_words_read_read_fu_144         |    0    |    0    |    0    |
|          |              pps_read_read_fu_150              |    0    |    0    |    0    |
|          |          complex_data_read_read_fu_156         |    0    |    0    |    0    |
|   read   |        bits_per_sample_read_read_fu_162        |    0    |    0    |    0    |
|          |           thread_id_read_read_fu_168           |    0    |    0    |    0    |
|          |           station_id_read_read_fu_174          |    0    |    0    |    0    |
|          |             epoch_read_read_fu_180             |    0    |    0    |    0    |
|          |           packed_out_read_read_fu_192          |    0    |    0    |    0    |
|----------|------------------------------------------------|---------|---------|---------|
|   write  |                grp_write_fu_186                |    0    |    0    |    0    |
|          |             write_ln77_write_fu_197            |    0    |    0    |    0    |
|----------|------------------------------------------------|---------|---------|---------|
|  switch  |               switch_ln18_fu_268               |    0    |    0    |    0    |
|----------|------------------------------------------------|---------|---------|---------|
|   Total  |                                                | 4.89486 |   308   |   562   |
|----------|------------------------------------------------|---------|---------|---------|

Memories:
N/A

* Register list:
+----------------------------+--------+
|                            |   FF   |
+----------------------------+--------+
|bits_per_sample_read_reg_316|    5   |
|  complex_data_read_reg_311 |    1   |
|     epoch_read_reg_332     |    6   |
|         i_7_reg_370        |   16   |
|          i_reg_293         |   16   |
|    packed_stream_reg_355   |   32   |
|    packetizer_in_reg_361   |   32   |
| payload_words_read_reg_300 |   16   |
|      pps_read_reg_306      |    1   |
|   station_id_read_reg_327  |   16   |
|   thread_id_read_reg_322   |   10   |
|     word_2_loc_reg_343     |   32   |
|     word_4_loc_reg_337     |   32   |
|      word_loc_reg_349      |   32   |
+----------------------------+--------+
|            Total           |   247  |
+----------------------------+--------+

* Multiplexer (MUX) list: 
|------------------|------|------|------|--------||---------||---------||---------|
|       Comp       |  Pin | Size |  BW  | S x BW ||  Delay  ||    FF   ||   LUT   |
|------------------|------|------|------|--------||---------||---------||---------|
| grp_write_fu_186 |  p2  |   3  |  32  |   96   ||    0    ||    13   |
|------------------|------|------|------|--------||---------||---------||---------|
|       Total      |      |      |      |   96   || 1.64243 ||    0    ||    13   |
|------------------|------|------|------|--------||---------||---------||---------|



* Summary:
+-----------+--------+--------+--------+
|           |  Delay |   FF   |   LUT  |
+-----------+--------+--------+--------+
|  Function |    4   |   308  |   562  |
|   Memory  |    -   |    -   |    -   |
|Multiplexer|    1   |    0   |   13   |
|  Register |    -   |   247  |    -   |
+-----------+--------+--------+--------+
|   Total   |    6   |   555  |   575  |
+-----------+--------+--------+--------+
