

================================================================
== Vitis HLS Report for 'vdif_chain_Pipeline_VITIS_LOOP_20_1'
================================================================
* Date:           Fri Jun 12 11:20:13 2026

* Version:        2025.2 (Build 6295257 on Nov 14 2025)
* Project:        vdif_chain
* Solution:       hls (Vivado IP Flow Target)
* Product family: artix7
* Target device:  xc7a12t-cpg238-1


================================================================
== Performance Estimates
================================================================
+ Timing: 
    * Summary: 
    +--------+----------+----------+------------+
    |  Clock |  Target  | Estimated| Uncertainty|
    +--------+----------+----------+------------+
    |ap_clk  |  10.00 ns|  5.082 ns|     2.70 ns|
    +--------+----------+----------+------------+

+ Latency: 
    * Summary: 
    +---------+---------+----------+----------+-----+-----+-------------------+
    |  Latency (cycles) |  Latency (absolute) |  Interval |      Pipeline     |
    |   min   |   max   |    min   |    max   | min | max |        Type       |
    +---------+---------+----------+----------+-----+-----+-------------------+
    |       18|       18|  0.180 us|  0.180 us|    0|    0|  loop pipeline stp|
    +---------+---------+----------+----------+-----+-----+-------------------+

    + Detail: 
        * Instance: 
        N/A

        * Loop: 
        +-------------------+---------+---------+----------+-----------+-----------+------+----------+
        |                   |  Latency (cycles) | Iteration|  Initiation Interval  | Trip |          |
        |     Loop Name     |   min   |   max   |  Latency |  achieved |   target  | Count| Pipelined|
        +-------------------+---------+---------+----------+-----------+-----------+------+----------+
        |- VITIS_LOOP_20_1  |       16|       16|         2|          1|          1|    16|       yes|
        +-------------------+---------+---------+----------+-----------+-----------+------+----------+



================================================================
== Utilization Estimates
================================================================
* Summary: 
+-----------------+---------+----+-------+------+-----+
|       Name      | BRAM_18K| DSP|   FF  |  LUT | URAM|
+-----------------+---------+----+-------+------+-----+
|DSP              |        -|   -|      -|     -|    -|
|Expression       |        -|   -|      0|    31|    -|
|FIFO             |        -|   -|      -|     -|    -|
|Instance         |        -|   -|      0|    36|    -|
|Memory           |        -|   -|      -|     -|    -|
|Multiplexer      |        -|   -|      0|    54|    -|
|Register         |        -|   -|     45|     -|    -|
+-----------------+---------+----+-------+------+-----+
|Total            |        0|   0|     45|   121|    0|
+-----------------+---------+----+-------+------+-----+
|Available        |       40|  40|  16000|  8000|    0|
+-----------------+---------+----+-------+------+-----+
|Utilization (%)  |        0|   0|     ~0|     1|    0|
+-----------------+---------+----+-------+------+-----+

+ Detail: 
    * Instance: 
    +-------------------------------------+----------------------------------+---------+----+---+----+-----+
    |               Instance              |              Module              | BRAM_18K| DSP| FF| LUT| URAM|
    +-------------------------------------+----------------------------------+---------+----+---+----+-----+
    |partset_32ns_32ns_2ns_5ns_32_1_1_U9  |partset_32ns_32ns_2ns_5ns_32_1_1  |        0|   0|  0|  36|    0|
    +-------------------------------------+----------------------------------+---------+----+---+----+-----+
    |Total                                |                                  |        0|   0|  0|  36|    0|
    +-------------------------------------+----------------------------------+---------+----+---+----+-----+

    * DSP: 
    N/A

    * Memory: 
    N/A

    * FIFO: 
    N/A

    * Expression: 
    +--------------------------------+----------+----+---+----+------------+------------+
    |          Variable Name         | Operation| DSP| FF| LUT| Bitwidth P0| Bitwidth P1|
    +--------------------------------+----------+----+---+----+------------+------------+
    |i_5_fu_80_p2                    |         +|   0|  0|  13|           5|           1|
    |ap_block_pp0_stage0_01001_grp1  |       and|   0|  0|   2|           1|           1|
    |icmp_ln20_fu_74_p2              |      icmp|   0|  0|  14|           5|           6|
    |ap_enable_pp0                   |       xor|   0|  0|   2|           1|           2|
    +--------------------------------+----------+----+---+----+------------+------------+
    |Total                           |          |   0|  0|  31|          12|          10|
    +--------------------------------+----------+----+---+----+------------+------------+

    * Multiplexer: 
    +-------------------------+----+-----------+-----+-----------+
    |           Name          | LUT| Input Size| Bits| Total Bits|
    +-------------------------+----+-----------+-----+-----------+
    |adc_in_TDATA_blk_n       |   9|          2|    1|          2|
    |ap_done_int              |   9|          2|    1|          2|
    |ap_enable_reg_pp0_iter1  |   9|          2|    1|          2|
    |ap_sig_allocacmp_i       |   9|          2|    5|         10|
    |i_1_fu_44                |   9|          2|    5|         10|
    |word_fu_40               |   9|          2|   32|         64|
    +-------------------------+----+-----------+-----+-----------+
    |Total                    |  54|         12|   45|         90|
    +-------------------------+----+-----------+-----+-----------+

    * Register: 
    +-------------------------+----+----+-----+-----------+
    |           Name          | FF | LUT| Bits| Const Bits|
    +-------------------------+----+----+-----+-----------+
    |ap_CS_fsm                |   1|   0|    1|          0|
    |ap_done_reg              |   1|   0|    1|          0|
    |ap_enable_reg_pp0_iter1  |   1|   0|    1|          0|
    |i_1_fu_44                |   5|   0|    5|          0|
    |i_reg_137                |   5|   0|    5|          0|
    |word_fu_40               |  32|   0|   32|          0|
    +-------------------------+----+----+-----+-----------+
    |Total                    |  45|   0|   45|          0|
    +-------------------------+----+----+-----+-----------+



================================================================
== Interface
================================================================
* Summary: 
+-----------------+-----+-----+------------+-------------------------------------+--------------+
|    RTL Ports    | Dir | Bits|  Protocol  |            Source Object            |    C Type    |
+-----------------+-----+-----+------------+-------------------------------------+--------------+
|ap_clk           |   in|    1|  ap_ctrl_hs|  vdif_chain_Pipeline_VITIS_LOOP_20_1|  return value|
|ap_rst           |   in|    1|  ap_ctrl_hs|  vdif_chain_Pipeline_VITIS_LOOP_20_1|  return value|
|ap_start         |   in|    1|  ap_ctrl_hs|  vdif_chain_Pipeline_VITIS_LOOP_20_1|  return value|
|ap_done          |  out|    1|  ap_ctrl_hs|  vdif_chain_Pipeline_VITIS_LOOP_20_1|  return value|
|ap_idle          |  out|    1|  ap_ctrl_hs|  vdif_chain_Pipeline_VITIS_LOOP_20_1|  return value|
|ap_ready         |  out|    1|  ap_ctrl_hs|  vdif_chain_Pipeline_VITIS_LOOP_20_1|  return value|
|adc_in_TVALID    |   in|    1|        axis|                               adc_in|       pointer|
|adc_in_TDATA     |   in|    8|        axis|                               adc_in|       pointer|
|adc_in_TREADY    |  out|    1|        axis|                               adc_in|       pointer|
|word_out         |  out|   32|      ap_vld|                             word_out|       pointer|
|word_out_ap_vld  |  out|    1|      ap_vld|                             word_out|       pointer|
+-----------------+-----+-----+------------+-------------------------------------+--------------+

============================================================
+ Verbose Summary: Synthesis Manager
============================================================
InlineROM: 1
ExposeGlobal: 0
============================================================
+ Verbose Summary: CDFG Model
============================================================
IsTopModel: 0
ResetActiveHigh: 1
IsCombinational: 2
IsDatapathOnly: 2
HasWiredReturn: 1
HasMFsm: 2
HasVarLatency: 1
IsPipeline: 0
IsRtlPipelined: 0
IsInstanceOverlapped: 0
IsDontTouch: 0
HasImplIP: 0
IsGatedGlobalClock: 0

+ Individual pipeline summary: 
  * Pipeline-0: initiation interval (II) = 1, depth = 2


============================================================
+ Verbose Summary: Schedule
============================================================
* Number of FSM states : 2
* Pipeline : 1
  Pipeline-0 : II = 1, D = 2, States = { 1 2 }
* Dataflow Pipeline: 0

* FSM state transitions: 
1 --> 2 
2 --> 

* FSM state operations: 

State 1 <SV = 0> <Delay = 5.08>
ST_1 : Operation 5 [1/1] (0.00ns)   --->   "%word = alloca i32 1" [../src/sample_packer/sample_packer.cpp:16->../src/vdif_chain.cpp:71]   --->   Operation 5 'alloca' 'word' <Predicate = true> <Delay = 0.00>
ST_1 : Operation 6 [1/1] (0.00ns)   --->   "%i_1 = alloca i32 1" [../src/sample_packer/sample_packer.cpp:20->../src/vdif_chain.cpp:71]   --->   Operation 6 'alloca' 'i_1' <Predicate = true> <Delay = 0.00>
ST_1 : Operation 7 [1/1] (0.00ns)   --->   "%specinterface_ln0 = specinterface void @_ssdm_op_SpecInterface, i8 %adc_in, void @empty, i32 0, i32 0, void @empty_0, i32 0, i32 0, void @empty_1, void @empty_1, void @empty_1, i32 0, i32 0, i32 0, i32 0, void @empty_1, void @empty_1, i32 4294967295, i32 0, i32 0, i32 0"   --->   Operation 7 'specinterface' 'specinterface_ln0' <Predicate = true> <Delay = 0.00>
ST_1 : Operation 8 [1/1] (1.61ns)   --->   "%store_ln20 = store i5 0, i5 %i_1" [../src/sample_packer/sample_packer.cpp:20->../src/vdif_chain.cpp:71]   --->   Operation 8 'store' 'store_ln20' <Predicate = true> <Delay = 1.61>
ST_1 : Operation 9 [1/1] (1.61ns)   --->   "%store_ln16 = store i32 0, i32 %word" [../src/sample_packer/sample_packer.cpp:16->../src/vdif_chain.cpp:71]   --->   Operation 9 'store' 'store_ln16' <Predicate = true> <Delay = 1.61>
ST_1 : Operation 10 [1/1] (0.00ns)   --->   "%br_ln20 = br void %for.inc.i" [../src/sample_packer/sample_packer.cpp:20->../src/vdif_chain.cpp:71]   --->   Operation 10 'br' 'br_ln20' <Predicate = true> <Delay = 0.00>
ST_1 : Operation 11 [1/1] (0.00ns)   --->   "%i = load i5 %i_1" [../src/sample_packer/sample_packer.cpp:20->../src/vdif_chain.cpp:71]   --->   Operation 11 'load' 'i' <Predicate = true> <Delay = 0.00>
ST_1 : Operation 12 [1/1] (1.86ns)   --->   "%icmp_ln20 = icmp_eq  i5 %i, i5 16" [../src/sample_packer/sample_packer.cpp:20->../src/vdif_chain.cpp:71]   --->   Operation 12 'icmp' 'icmp_ln20' <Predicate = true> <Delay = 1.86> <CoreInst = "Cmp">   --->   Core 9 'Cmp' <Latency = 0> <II = 1> <Delay = 1.94> <FuncUnit> <Opcode : 'seteq' 'setne' 'setle' 'setge' 'setlt' 'setgt'> <InPorts = 2> <OutPorts = 1>
ST_1 : Operation 13 [1/1] (1.86ns)   --->   "%i_5 = add i5 %i, i5 1" [../src/sample_packer/sample_packer.cpp:20->../src/vdif_chain.cpp:71]   --->   Operation 13 'add' 'i_5' <Predicate = true> <Delay = 1.86> <CoreInst = "Adder">   --->   Core 1 'Adder' <Latency = 0> <II = 1> <Delay = 1.86> <FuncUnit> <Opcode : 'add' 'sub'> <InPorts = 2> <OutPorts = 1>
ST_1 : Operation 14 [1/1] (0.00ns)   --->   "%br_ln20 = br i1 %icmp_ln20, void %for.inc.i.split, void %for.end.i.exitStub" [../src/sample_packer/sample_packer.cpp:20->../src/vdif_chain.cpp:71]   --->   Operation 14 'br' 'br_ln20' <Predicate = true> <Delay = 0.00>
ST_1 : Operation 15 [1/1] (1.61ns)   --->   "%store_ln20 = store i5 %i_5, i5 %i_1" [../src/sample_packer/sample_packer.cpp:20->../src/vdif_chain.cpp:71]   --->   Operation 15 'store' 'store_ln20' <Predicate = (!icmp_ln20)> <Delay = 1.61>
ST_1 : Operation 26 [1/1] (0.00ns)   --->   "%word_load = load i32 %word"   --->   Operation 26 'load' 'word_load' <Predicate = (icmp_ln20)> <Delay = 0.00>
ST_1 : Operation 27 [1/1] (0.00ns)   --->   "%write_ln0 = write void @_ssdm_op_Write.ap_auto.i32P0A, i32 %word_out, i32 %word_load"   --->   Operation 27 'write' 'write_ln0' <Predicate = (icmp_ln20)> <Delay = 0.00>
ST_1 : Operation 28 [1/1] (1.61ns)   --->   "%ret_ln0 = ret"   --->   Operation 28 'ret' 'ret_ln0' <Predicate = (icmp_ln20)> <Delay = 1.61>

State 2 <SV = 1> <Delay = 3.28>
ST_2 : Operation 16 [1/1] (0.00ns)   --->   "%word_load_3 = load i32 %word" [../src/sample_packer/sample_packer.cpp:25->../src/vdif_chain.cpp:71]   --->   Operation 16 'load' 'word_load_3' <Predicate = true> <Delay = 0.00>
ST_2 : Operation 17 [1/1] (0.00ns)   --->   "%specpipeline_ln22 = specpipeline void @_ssdm_op_SpecPipeline, i32 1, i32 0, i32 0, i32 0, i32 4294967295, void @empty_1" [../src/sample_packer/sample_packer.cpp:22->../src/vdif_chain.cpp:71]   --->   Operation 17 'specpipeline' 'specpipeline_ln22' <Predicate = true> <Delay = 0.00>
ST_2 : Operation 18 [1/1] (0.00ns)   --->   "%speclooptripcount_ln16 = speclooptripcount void @_ssdm_op_SpecLoopTripCount, i64 16, i64 16, i64 16" [../src/sample_packer/sample_packer.cpp:16->../src/vdif_chain.cpp:71]   --->   Operation 18 'speclooptripcount' 'speclooptripcount_ln16' <Predicate = true> <Delay = 0.00>
ST_2 : Operation 19 [1/1] (0.00ns)   --->   "%specloopname_ln20 = specloopname void @_ssdm_op_SpecLoopName, void @empty_10" [../src/sample_packer/sample_packer.cpp:20->../src/vdif_chain.cpp:71]   --->   Operation 19 'specloopname' 'specloopname_ln20' <Predicate = true> <Delay = 0.00>
ST_2 : Operation 20 [1/1] ( I:0.51ns O:0.51ns )   --->   "%adc_in_read = read i8 @_ssdm_op_Read.axis.volatile.i8P128A, i8 %adc_in" [../src/sample_packer/sample_packer.cpp:24->../src/vdif_chain.cpp:71]   --->   Operation 20 'read' 'adc_in_read' <Predicate = true> <Delay = 0.51> <CoreInst = "regslice">   --->   Core 135 'regslice' <Latency = 0> <II = 1> <Delay = 1.75> <Adapter> <Opcode : 'read' 'write'>
ST_2 : Operation 21 [1/1] (0.00ns)   --->   "%sample = trunc i8 %adc_in_read" [../src/sample_packer/sample_packer.cpp:24->../src/vdif_chain.cpp:71]   --->   Operation 21 'trunc' 'sample' <Predicate = true> <Delay = 0.00>
ST_2 : Operation 22 [1/1] (0.00ns)   --->   "%shl_ln25 = shl i5 %i, i5 1" [../src/sample_packer/sample_packer.cpp:25->../src/vdif_chain.cpp:71]   --->   Operation 22 'shl' 'shl_ln25' <Predicate = true> <Delay = 0.00>
ST_2 : Operation 23 [1/1] (1.15ns)   --->   "%word_1 = partset i32 @_ssdm_op_PartSet.i32.i32.i2.i5, i32 %word_load_3, i2 %sample, i5 %shl_ln25" [../src/sample_packer/sample_packer.cpp:25->../src/vdif_chain.cpp:71]   --->   Operation 23 'partset' 'word_1' <Predicate = true> <Delay = 1.15> <CoreInst = "PartSet">   --->   Core 144 'PartSet' <Latency = 0> <II = 1> <Delay = 1.15> <FuncUnit> <Opcode : 'partset'> <InPorts = 3> <OutPorts = 1>
ST_2 : Operation 24 [1/1] (1.61ns)   --->   "%store_ln16 = store i32 %word_1, i32 %word" [../src/sample_packer/sample_packer.cpp:16->../src/vdif_chain.cpp:71]   --->   Operation 24 'store' 'store_ln16' <Predicate = true> <Delay = 1.61>
ST_2 : Operation 25 [1/1] (0.00ns)   --->   "%br_ln20 = br void %for.inc.i" [../src/sample_packer/sample_packer.cpp:20->../src/vdif_chain.cpp:71]   --->   Operation 25 'br' 'br_ln20' <Predicate = true> <Delay = 0.00>


============================================================
+ Verbose Summary: Binding
============================================================
STG Binding: 
---------------- STG Properties BEGIN ----------------
- Is combinational: 0
- Is one-state seq: 0
- Is datapath-only: 0
- Is pipelined: 0
- Is top level: 0
Port [ Return ] is wired: 1; IO mode=ap_ctrl_hs:ce=0
Port [ adc_in]:  wired=1; compound=1; hidden=0; nouse=0; global=0; static=0; extern=0; dir=0; type=0; pingpong=0; private_global=0; IO mode=axis:ce=0
Port [ word_out]:  wired=1; compound=0; hidden=0; nouse=0; global=0; static=0; extern=0; dir=1; type=0; pingpong=0; private_global=0; IO mode=ap_vld:ce=0
---------------- STG Properties END ------------------

---------------- Datapath Model BEGIN ----------------

<LifeTime>
<method=bitvector/>
word                   (alloca           ) [ 011]
i_1                    (alloca           ) [ 010]
specinterface_ln0      (specinterface    ) [ 000]
store_ln20             (store            ) [ 000]
store_ln16             (store            ) [ 000]
br_ln20                (br               ) [ 000]
i                      (load             ) [ 011]
icmp_ln20              (icmp             ) [ 010]
i_5                    (add              ) [ 000]
br_ln20                (br               ) [ 000]
store_ln20             (store            ) [ 000]
word_load_3            (load             ) [ 000]
specpipeline_ln22      (specpipeline     ) [ 000]
speclooptripcount_ln16 (speclooptripcount) [ 000]
specloopname_ln20      (specloopname     ) [ 000]
adc_in_read            (read             ) [ 000]
sample                 (trunc            ) [ 000]
shl_ln25               (shl              ) [ 000]
word_1                 (partset          ) [ 000]
store_ln16             (store            ) [ 000]
br_ln20                (br               ) [ 000]
word_load              (load             ) [ 000]
write_ln0              (write            ) [ 000]
ret_ln0                (ret              ) [ 000]
</LifeTime>

<model>

<comp_list>
<comp id="0" class="1000" name="adc_in">
<pin_list>
<pin id="1" dir="1" index="0" bw="1" slack="0"/>
</pin_list>
<bind>
<StgValue><ssdm name="adc_in"/></StgValue>
</bind>
</comp>

<comp id="2" class="1000" name="word_out">
<pin_list>
<pin id="3" dir="1" index="0" bw="1" slack="0"/>
</pin_list>
<bind>
<StgValue><ssdm name="word_out"/></StgValue>
</bind>
</comp>

<comp id="4" class="1001" name="const_4">
<pin_list>
<pin id="5" dir="1" index="0" bw="1" slack="0"/>
</pin_list>
<bind>
<StgValue><ssdm name=""/></StgValue>
</bind>
</comp>

<comp id="6" class="1001" name="const_6">
<pin_list>
<pin id="7" dir="1" index="0" bw="1" slack="2147483647"/>
</pin_list>
<bind>
<StgValue><ssdm name="_ssdm_op_SpecInterface"/></StgValue>
</bind>
</comp>

<comp id="8" class="1001" name="const_8">
<pin_list>
<pin id="9" dir="1" index="0" bw="1" slack="2147483647"/>
</pin_list>
<bind>
<StgValue><ssdm name="empty"/></StgValue>
</bind>
</comp>

<comp id="10" class="1001" name="const_10">
<pin_list>
<pin id="11" dir="1" index="0" bw="1" slack="0"/>
</pin_list>
<bind>
<StgValue><ssdm name=""/></StgValue>
</bind>
</comp>

<comp id="12" class="1001" name="const_12">
<pin_list>
<pin id="13" dir="1" index="0" bw="1" slack="2147483647"/>
</pin_list>
<bind>
<StgValue><ssdm name="empty_0"/></StgValue>
</bind>
</comp>

<comp id="14" class="1001" name="const_14">
<pin_list>
<pin id="15" dir="1" index="0" bw="1" slack="2147483647"/>
</pin_list>
<bind>
<StgValue><ssdm name="empty_1"/></StgValue>
</bind>
</comp>

<comp id="16" class="1001" name="const_16">
<pin_list>
<pin id="17" dir="1" index="0" bw="1" slack="2147483647"/>
</pin_list>
<bind>
<StgValue><ssdm name=""/></StgValue>
</bind>
</comp>

<comp id="18" class="1001" name="const_18">
<pin_list>
<pin id="19" dir="1" index="0" bw="1" slack="0"/>
</pin_list>
<bind>
<StgValue><ssdm name=""/></StgValue>
</bind>
</comp>

<comp id="20" class="1001" name="const_20">
<pin_list>
<pin id="21" dir="1" index="0" bw="1" slack="0"/>
</pin_list>
<bind>
<StgValue><ssdm name=""/></StgValue>
</bind>
</comp>

<comp id="22" class="1001" name="const_22">
<pin_list>
<pin id="23" dir="1" index="0" bw="1" slack="0"/>
</pin_list>
<bind>
<StgValue><ssdm name=""/></StgValue>
</bind>
</comp>

<comp id="24" class="1001" name="const_24">
<pin_list>
<pin id="25" dir="1" index="0" bw="1" slack="2147483647"/>
</pin_list>
<bind>
<StgValue><ssdm name="_ssdm_op_SpecPipeline"/></StgValue>
</bind>
</comp>

<comp id="26" class="1001" name="const_26">
<pin_list>
<pin id="27" dir="1" index="0" bw="1" slack="2147483647"/>
</pin_list>
<bind>
<StgValue><ssdm name="_ssdm_op_SpecLoopTripCount"/></StgValue>
</bind>
</comp>

<comp id="28" class="1001" name="const_28">
<pin_list>
<pin id="29" dir="1" index="0" bw="1" slack="2147483647"/>
</pin_list>
<bind>
<StgValue><ssdm name=""/></StgValue>
</bind>
</comp>

<comp id="30" class="1001" name="const_30">
<pin_list>
<pin id="31" dir="1" index="0" bw="1" slack="2147483647"/>
</pin_list>
<bind>
<StgValue><ssdm name="_ssdm_op_SpecLoopName"/></StgValue>
</bind>
</comp>

<comp id="32" class="1001" name="const_32">
<pin_list>
<pin id="33" dir="1" index="0" bw="1" slack="2147483647"/>
</pin_list>
<bind>
<StgValue><ssdm name="empty_10"/></StgValue>
</bind>
</comp>

<comp id="34" class="1001" name="const_34">
<pin_list>
<pin id="35" dir="1" index="0" bw="1" slack="0"/>
</pin_list>
<bind>
<StgValue><ssdm name="_ssdm_op_Read.axis.volatile.i8P128A"/></StgValue>
</bind>
</comp>

<comp id="36" class="1001" name="const_36">
<pin_list>
<pin id="37" dir="1" index="0" bw="1" slack="0"/>
</pin_list>
<bind>
<StgValue><ssdm name="_ssdm_op_PartSet.i32.i32.i2.i5"/></StgValue>
</bind>
</comp>

<comp id="38" class="1001" name="const_38">
<pin_list>
<pin id="39" dir="1" index="0" bw="1" slack="0"/>
</pin_list>
<bind>
<StgValue><ssdm name="_ssdm_op_Write.ap_auto.i32P0A"/></StgValue>
</bind>
</comp>

<comp id="40" class="1004" name="word_fu_40">
<pin_list>
<pin id="41" dir="0" index="0" bw="1" slack="0"/>
<pin id="42" dir="1" index="1" bw="32" slack="0"/>
</pin_list>
<bind>
<opcode="alloca(26) " fcode="alloca"/>
<opset="word/1 "/>
</bind>
</comp>

<comp id="44" class="1004" name="i_1_fu_44">
<pin_list>
<pin id="45" dir="0" index="0" bw="1" slack="0"/>
<pin id="46" dir="1" index="1" bw="5" slack="0"/>
</pin_list>
<bind>
<opcode="alloca(26) " fcode="alloca"/>
<opset="i_1/1 "/>
</bind>
</comp>

<comp id="48" class="1004" name="adc_in_read_read_fu_48">
<pin_list>
<pin id="49" dir="0" index="0" bw="8" slack="0"/>
<pin id="50" dir="0" index="1" bw="8" slack="0"/>
<pin id="51" dir="1" index="2" bw="8" slack="0"/>
</pin_list>
<bind>
<opcode="read(1150) " fcode="read"/>
<opset="adc_in_read/2 "/>
</bind>
</comp>

<comp id="54" class="1004" name="write_ln0_write_fu_54">
<pin_list>
<pin id="55" dir="0" index="0" bw="0" slack="0"/>
<pin id="56" dir="0" index="1" bw="32" slack="0"/>
<pin id="57" dir="0" index="2" bw="32" slack="0"/>
<pin id="58" dir="1" index="3" bw="0" slack="2147483647"/>
</pin_list>
<bind>
<opcode="write(1151) " fcode="write"/>
<opset="write_ln0/1 "/>
</bind>
</comp>

<comp id="61" class="1004" name="store_ln20_store_fu_61">
<pin_list>
<pin id="62" dir="0" index="0" bw="1" slack="0"/>
<pin id="63" dir="0" index="1" bw="5" slack="0"/>
<pin id="64" dir="1" index="2" bw="0" slack="2147483647"/>
</pin_list>
<bind>
<opcode="store(28) " fcode="store"/>
<opset="store_ln20/1 "/>
</bind>
</comp>

<comp id="66" class="1004" name="store_ln16_store_fu_66">
<pin_list>
<pin id="67" dir="0" index="0" bw="1" slack="0"/>
<pin id="68" dir="0" index="1" bw="32" slack="0"/>
<pin id="69" dir="1" index="2" bw="0" slack="2147483647"/>
</pin_list>
<bind>
<opcode="store(28) " fcode="store"/>
<opset="store_ln16/1 "/>
</bind>
</comp>

<comp id="71" class="1004" name="i_load_fu_71">
<pin_list>
<pin id="72" dir="0" index="0" bw="5" slack="0"/>
<pin id="73" dir="1" index="1" bw="5" slack="0"/>
</pin_list>
<bind>
<opcode="load(27) " fcode="load"/>
<opset="i/1 "/>
</bind>
</comp>

<comp id="74" class="1004" name="icmp_ln20_fu_74">
<pin_list>
<pin id="75" dir="0" index="0" bw="5" slack="0"/>
<pin id="76" dir="0" index="1" bw="5" slack="0"/>
<pin id="77" dir="1" index="2" bw="1" slack="2147483647"/>
</pin_list>
<bind>
<opcode="icmp(45) " fcode="icmp"/>
<opset="icmp_ln20/1 "/>
</bind>
</comp>

<comp id="80" class="1004" name="i_5_fu_80">
<pin_list>
<pin id="81" dir="0" index="0" bw="5" slack="0"/>
<pin id="82" dir="0" index="1" bw="1" slack="0"/>
<pin id="83" dir="1" index="2" bw="5" slack="0"/>
</pin_list>
<bind>
<opcode="add(8) " fcode="add"/>
<opset="i_5/1 "/>
</bind>
</comp>

<comp id="86" class="1004" name="store_ln20_store_fu_86">
<pin_list>
<pin id="87" dir="0" index="0" bw="5" slack="0"/>
<pin id="88" dir="0" index="1" bw="5" slack="0"/>
<pin id="89" dir="1" index="2" bw="0" slack="2147483647"/>
</pin_list>
<bind>
<opcode="store(28) " fcode="store"/>
<opset="store_ln20/1 "/>
</bind>
</comp>

<comp id="91" class="1004" name="word_load_3_load_fu_91">
<pin_list>
<pin id="92" dir="0" index="0" bw="32" slack="1"/>
<pin id="93" dir="1" index="1" bw="32" slack="0"/>
</pin_list>
<bind>
<opcode="load(27) " fcode="load"/>
<opset="word_load_3/2 "/>
</bind>
</comp>

<comp id="94" class="1004" name="sample_fu_94">
<pin_list>
<pin id="95" dir="0" index="0" bw="8" slack="0"/>
<pin id="96" dir="1" index="1" bw="2" slack="0"/>
</pin_list>
<bind>
<opcode="trunc(33) " fcode="trunc"/>
<opset="sample/2 "/>
</bind>
</comp>

<comp id="98" class="1004" name="shl_ln25_fu_98">
<pin_list>
<pin id="99" dir="0" index="0" bw="5" slack="1"/>
<pin id="100" dir="0" index="1" bw="1" slack="0"/>
<pin id="101" dir="1" index="2" bw="5" slack="0"/>
</pin_list>
<bind>
<opcode="shl(20) " fcode="shl"/>
<opset="shl_ln25/2 "/>
</bind>
</comp>

<comp id="103" class="1004" name="word_1_fu_103">
<pin_list>
<pin id="104" dir="0" index="0" bw="32" slack="0"/>
<pin id="105" dir="0" index="1" bw="32" slack="0"/>
<pin id="106" dir="0" index="2" bw="2" slack="0"/>
<pin id="107" dir="0" index="3" bw="5" slack="0"/>
<pin id="108" dir="1" index="4" bw="32" slack="0"/>
</pin_list>
<bind>
<opcode="partset(1003) " fcode="partset"/>
<opset="word_1/2 "/>
</bind>
</comp>

<comp id="113" class="1004" name="store_ln16_store_fu_113">
<pin_list>
<pin id="114" dir="0" index="0" bw="32" slack="0"/>
<pin id="115" dir="0" index="1" bw="32" slack="1"/>
<pin id="116" dir="1" index="2" bw="0" slack="2147483647"/>
</pin_list>
<bind>
<opcode="store(28) " fcode="store"/>
<opset="store_ln16/2 "/>
</bind>
</comp>

<comp id="118" class="1004" name="word_load_load_fu_118">
<pin_list>
<pin id="119" dir="0" index="0" bw="32" slack="0"/>
<pin id="120" dir="1" index="1" bw="32" slack="0"/>
</pin_list>
<bind>
<opcode="load(27) " fcode="load"/>
<opset="word_load/1 "/>
</bind>
</comp>

<comp id="122" class="1005" name="word_reg_122">
<pin_list>
<pin id="123" dir="0" index="0" bw="32" slack="0"/>
<pin id="124" dir="1" index="1" bw="32" slack="0"/>
</pin_list>
<bind>
<opset="word "/>
</bind>
</comp>

<comp id="130" class="1005" name="i_1_reg_130">
<pin_list>
<pin id="131" dir="0" index="0" bw="5" slack="0"/>
<pin id="132" dir="1" index="1" bw="5" slack="0"/>
</pin_list>
<bind>
<opset="i_1 "/>
</bind>
</comp>

<comp id="137" class="1005" name="i_reg_137">
<pin_list>
<pin id="138" dir="0" index="0" bw="5" slack="1"/>
<pin id="139" dir="1" index="1" bw="5" slack="1"/>
</pin_list>
<bind>
<opset="i "/>
</bind>
</comp>

</comp_list>

<net_list>
<net id="43"><net_src comp="4" pin="0"/><net_sink comp="40" pin=0"/></net>

<net id="47"><net_src comp="4" pin="0"/><net_sink comp="44" pin=0"/></net>

<net id="52"><net_src comp="34" pin="0"/><net_sink comp="48" pin=0"/></net>

<net id="53"><net_src comp="0" pin="0"/><net_sink comp="48" pin=1"/></net>

<net id="59"><net_src comp="38" pin="0"/><net_sink comp="54" pin=0"/></net>

<net id="60"><net_src comp="2" pin="0"/><net_sink comp="54" pin=1"/></net>

<net id="65"><net_src comp="18" pin="0"/><net_sink comp="61" pin=0"/></net>

<net id="70"><net_src comp="10" pin="0"/><net_sink comp="66" pin=0"/></net>

<net id="78"><net_src comp="71" pin="1"/><net_sink comp="74" pin=0"/></net>

<net id="79"><net_src comp="20" pin="0"/><net_sink comp="74" pin=1"/></net>

<net id="84"><net_src comp="71" pin="1"/><net_sink comp="80" pin=0"/></net>

<net id="85"><net_src comp="22" pin="0"/><net_sink comp="80" pin=1"/></net>

<net id="90"><net_src comp="80" pin="2"/><net_sink comp="86" pin=0"/></net>

<net id="97"><net_src comp="48" pin="2"/><net_sink comp="94" pin=0"/></net>

<net id="102"><net_src comp="22" pin="0"/><net_sink comp="98" pin=1"/></net>

<net id="109"><net_src comp="36" pin="0"/><net_sink comp="103" pin=0"/></net>

<net id="110"><net_src comp="91" pin="1"/><net_sink comp="103" pin=1"/></net>

<net id="111"><net_src comp="94" pin="1"/><net_sink comp="103" pin=2"/></net>

<net id="112"><net_src comp="98" pin="2"/><net_sink comp="103" pin=3"/></net>

<net id="117"><net_src comp="103" pin="4"/><net_sink comp="113" pin=0"/></net>

<net id="121"><net_src comp="118" pin="1"/><net_sink comp="54" pin=2"/></net>

<net id="125"><net_src comp="40" pin="1"/><net_sink comp="122" pin=0"/></net>

<net id="126"><net_src comp="122" pin="1"/><net_sink comp="66" pin=1"/></net>

<net id="127"><net_src comp="122" pin="1"/><net_sink comp="91" pin=0"/></net>

<net id="128"><net_src comp="122" pin="1"/><net_sink comp="113" pin=1"/></net>

<net id="129"><net_src comp="122" pin="1"/><net_sink comp="118" pin=0"/></net>

<net id="133"><net_src comp="44" pin="1"/><net_sink comp="130" pin=0"/></net>

<net id="134"><net_src comp="130" pin="1"/><net_sink comp="61" pin=1"/></net>

<net id="135"><net_src comp="130" pin="1"/><net_sink comp="71" pin=0"/></net>

<net id="136"><net_src comp="130" pin="1"/><net_sink comp="86" pin=1"/></net>

<net id="140"><net_src comp="71" pin="1"/><net_sink comp="137" pin=0"/></net>

<net id="141"><net_src comp="137" pin="1"/><net_sink comp="98" pin=0"/></net>

</net_list>

</model> 
---------------- Datapath Model END ------------------

* FSMD analyzer results:
  - Output states:
	Port: adc_in | {}
	Port: word_out | {1 }
 - Input state : 
	Port: vdif_chain_Pipeline_VITIS_LOOP_20_1 : adc_in | {2 }
  - Chain level:
	State 1
		store_ln20 : 1
		store_ln16 : 1
		i : 1
		icmp_ln20 : 2
		i_5 : 2
		br_ln20 : 3
		store_ln20 : 3
		word_load : 1
		write_ln0 : 2
	State 2
		word_1 : 1
		store_ln16 : 2


============================================================
+ Verbose Summary: Datapath Resource usage 
============================================================

* Functional unit list:
|----------|------------------------|---------|---------|
| Operation|     Functional Unit    |    FF   |   LUT   |
|----------|------------------------|---------|---------|
|  partset |      word_1_fu_103     |    0    |    36   |
|----------|------------------------|---------|---------|
|   icmp   |     icmp_ln20_fu_74    |    0    |    13   |
|----------|------------------------|---------|---------|
|    add   |        i_5_fu_80       |    0    |    13   |
|----------|------------------------|---------|---------|
|   read   | adc_in_read_read_fu_48 |    0    |    0    |
|----------|------------------------|---------|---------|
|   write  |  write_ln0_write_fu_54 |    0    |    0    |
|----------|------------------------|---------|---------|
|   trunc  |      sample_fu_94      |    0    |    0    |
|----------|------------------------|---------|---------|
|    shl   |     shl_ln25_fu_98     |    0    |    0    |
|----------|------------------------|---------|---------|
|   Total  |                        |    0    |    62   |
|----------|------------------------|---------|---------|

Memories:
N/A

* Register list:
+------------+--------+
|            |   FF   |
+------------+--------+
| i_1_reg_130|    5   |
|  i_reg_137 |    5   |
|word_reg_122|   32   |
+------------+--------+
|    Total   |   42   |
+------------+--------+

* Multiplexer (MUX) list: 
|--------|------|------|------|--------|
|  Comp  |  Pin | Size |  BW  | S x BW |
|--------|------|------|------|--------|
|  Total |      |      |      |    0   |
|--------|------|------|------|--------|



* Summary:
+-----------+--------+--------+
|           |   FF   |   LUT  |
+-----------+--------+--------+
|  Function |    0   |   62   |
|   Memory  |    -   |    -   |
|Multiplexer|    -   |    -   |
|  Register |   42   |    -   |
+-----------+--------+--------+
|   Total   |   42   |   62   |
+-----------+--------+--------+
