

================================================================
== Vitis HLS Report for 'vdif_chain'
================================================================
* Date:           Fri Jun 12 11:20:13 2026

* Version:        2025.2 (Build 6295257 on Nov 14 2025)
* Project:        vdif_chain
* Solution:       hls (Vivado IP Flow Target)
* Product family: artix7
* Target device:  xc7a12t-cpg238-1


================================================================
== Performance Estimates
================================================================
+ Timing: 
    * Summary: 
    +--------+----------+----------+------------+
    |  Clock |  Target  | Estimated| Uncertainty|
    +--------+----------+----------+------------+
    |ap_clk  |  10.00 ns|  7.008 ns|     2.70 ns|
    +--------+----------+----------+------------+

+ Latency: 
    * Summary: 
    +---------+---------+----------+-----------+-----+---------+---------+
    |  Latency (cycles) |  Latency (absolute)  |    Interval   | Pipeline|
    |   min   |   max   |    min   |    max    | min |   max   |   Type  |
    +---------+---------+----------+-----------+-----+---------+---------+
    |       16|  1572856|  0.160 us|  15.729 ms|   17|  1572857|       no|
    +---------+---------+----------+-----------+-----+---------+---------+

    + Detail: 
        * Instance: 
        N/A

        * Loop: 
        +-------------------+---------+---------+----------+-----------+-----------+-----------+----------+
        |                   |  Latency (cycles) | Iteration|  Initiation Interval  |    Trip   |          |
        |     Loop Name     |   min   |   max   |  Latency |  achieved |   target  |   Count   | Pipelined|
        +-------------------+---------+---------+----------+-----------+-----------+-----------+----------+
        |- VITIS_LOOP_69_1  |        0|  1441770|    3 ~ 22|          -|          -|  0 ~ 65535|        no|
        +-------------------+---------+---------+----------+-----------+-----------+-----------+----------+

============================================================
+ Verbose Summary: Synthesis Manager
============================================================
InlineROM: 1
ExposeGlobal: 0
============================================================
+ Verbose Summary: CDFG Model
============================================================
IsTopModel: 1
ResetActiveHigh: 1
IsCombinational: 0
IsDatapathOnly: 0
HasWiredReturn: 1
HasMFsm: 0
HasVarLatency: 1
IsPipeline: 0
IsRtlPipelined: 0
IsInstanceOverlapped: 0
IsDontTouch: 0
HasImplIP: 0
IsGatedGlobalClock: 0


============================================================
+ Verbose Summary: Schedule
============================================================
* Number of FSM states : 7
* Pipeline : 0
* Dataflow Pipeline: 0

* FSM state transitions: 
1 --> 2 
2 --> 6 3 4 
3 --> 4 
4 --> 5 
5 --> 2 
6 --> 7 
7 --> 

* FSM state operations: 

State 1 <SV = 0> <Delay = 1.61>
ST_1 : Operation 8 [1/1] (0.00ns)   --->   "%i = alloca i32 1" [../src/vdif_chain.cpp:69]   --->   Operation 8 'alloca' 'i' <Predicate = true> <Delay = 0.00>
ST_1 : Operation 9 [1/1] (0.00ns)   --->   "%payload_words_read = read i16 @_ssdm_op_Read.ap_auto.i16, i16 %payload_words"   --->   Operation 9 'read' 'payload_words_read' <Predicate = true> <Delay = 0.00>
ST_1 : Operation 10 [1/1] (0.00ns)   --->   "%pps_read = read i1 @_ssdm_op_Read.ap_none.i1, i1 %pps"   --->   Operation 10 'read' 'pps_read' <Predicate = true> <Delay = 0.00>
ST_1 : Operation 11 [1/1] (0.00ns)   --->   "%complex_data_read = read i1 @_ssdm_op_Read.ap_none.i1, i1 %complex_data"   --->   Operation 11 'read' 'complex_data_read' <Predicate = true> <Delay = 0.00>
ST_1 : Operation 12 [1/1] (0.00ns)   --->   "%bits_per_sample_read = read i5 @_ssdm_op_Read.ap_none.i5, i5 %bits_per_sample"   --->   Operation 12 'read' 'bits_per_sample_read' <Predicate = true> <Delay = 0.00>
ST_1 : Operation 13 [1/1] (0.00ns)   --->   "%thread_id_read = read i10 @_ssdm_op_Read.ap_none.i10, i10 %thread_id"   --->   Operation 13 'read' 'thread_id_read' <Predicate = true> <Delay = 0.00>
ST_1 : Operation 14 [1/1] (0.00ns)   --->   "%station_id_read = read i16 @_ssdm_op_Read.ap_none.i16, i16 %station_id"   --->   Operation 14 'read' 'station_id_read' <Predicate = true> <Delay = 0.00>
ST_1 : Operation 15 [1/1] (0.00ns)   --->   "%epoch_read = read i6 @_ssdm_op_Read.ap_none.i6, i6 %epoch"   --->   Operation 15 'read' 'epoch_read' <Predicate = true> <Delay = 0.00>
ST_1 : Operation 16 [1/1] (0.00ns)   --->   "%word_4_loc = alloca i64 1"   --->   Operation 16 'alloca' 'word_4_loc' <Predicate = true> <Delay = 0.00>
ST_1 : Operation 17 [1/1] (0.00ns)   --->   "%word_2_loc = alloca i64 1"   --->   Operation 17 'alloca' 'word_2_loc' <Predicate = true> <Delay = 0.00>
ST_1 : Operation 18 [1/1] (0.00ns)   --->   "%word_loc = alloca i64 1"   --->   Operation 18 'alloca' 'word_loc' <Predicate = true> <Delay = 0.00>
ST_1 : Operation 19 [1/1] (0.00ns)   --->   "%spectopmodule_ln33 = spectopmodule void @_ssdm_op_SpecTopModule, void @empty_6" [../src/vdif_chain.cpp:33]   --->   Operation 19 'spectopmodule' 'spectopmodule_ln33' <Predicate = true> <Delay = 0.00>
ST_1 : Operation 20 [1/1] (0.00ns)   --->   "%specinterface_ln33 = specinterface void @_ssdm_op_SpecInterface, i32 0, void @empty_7, i32 0, i32 0, void @empty_1, i32 0, i32 0, void @empty_1, void @empty_1, void @empty_1, i32 0, i32 0, i32 0, i32 0, void @empty_1, void @empty_1, i32 4294967295, i32 0, i32 0, i32 0" [../src/vdif_chain.cpp:33]   --->   Operation 20 'specinterface' 'specinterface_ln33' <Predicate = true> <Delay = 0.00>
ST_1 : Operation 21 [1/1] (0.00ns)   --->   "%specinterface_ln0 = specinterface void @_ssdm_op_SpecInterface, i8 %adc_in, void @empty, i32 1, i32 1, void @empty_0, i32 0, i32 0, void @empty_1, void @empty_1, void @empty_1, i32 0, i32 0, i32 0, i32 0, void @empty_1, void @empty_1, i32 4294967295, i32 0, i32 0, i32 0"   --->   Operation 21 'specinterface' 'specinterface_ln0' <Predicate = true> <Delay = 0.00>
ST_1 : Operation 22 [1/1] (0.00ns)   --->   "%specbitsmap_ln0 = specbitsmap void @_ssdm_op_SpecBitsMap, i8 %adc_in"   --->   Operation 22 'specbitsmap' 'specbitsmap_ln0' <Predicate = true> <Delay = 0.00>
ST_1 : Operation 23 [1/1] (0.00ns)   --->   "%specinterface_ln0 = specinterface void @_ssdm_op_SpecInterface, i32 %out_stream_V_data_V, i4 %out_stream_V_keep_V, i4 %out_stream_V_strb_V, i1 %out_stream_V_last_V, void @empty, i32 1, i32 1, void @empty_0, i32 0, i32 0, void @empty_1, void @empty_1, void @empty_1, i32 0, i32 0, i32 0, i32 0, void @empty_1, void @empty_1, i32 4294967295, i32 0, i32 0, i32 0"   --->   Operation 23 'specinterface' 'specinterface_ln0' <Predicate = true> <Delay = 0.00>
ST_1 : Operation 24 [1/1] (0.00ns)   --->   "%specbitsmap_ln0 = specbitsmap void @_ssdm_op_SpecBitsMap, i32 %out_stream_V_data_V"   --->   Operation 24 'specbitsmap' 'specbitsmap_ln0' <Predicate = true> <Delay = 0.00>
ST_1 : Operation 25 [1/1] (0.00ns)   --->   "%specbitsmap_ln0 = specbitsmap void @_ssdm_op_SpecBitsMap, i4 %out_stream_V_keep_V"   --->   Operation 25 'specbitsmap' 'specbitsmap_ln0' <Predicate = true> <Delay = 0.00>
ST_1 : Operation 26 [1/1] (0.00ns)   --->   "%specbitsmap_ln0 = specbitsmap void @_ssdm_op_SpecBitsMap, i4 %out_stream_V_strb_V"   --->   Operation 26 'specbitsmap' 'specbitsmap_ln0' <Predicate = true> <Delay = 0.00>
ST_1 : Operation 27 [1/1] (0.00ns)   --->   "%specbitsmap_ln0 = specbitsmap void @_ssdm_op_SpecBitsMap, i1 %out_stream_V_last_V"   --->   Operation 27 'specbitsmap' 'specbitsmap_ln0' <Predicate = true> <Delay = 0.00>
ST_1 : Operation 28 [1/1] (0.00ns)   --->   "%specbitsmap_ln0 = specbitsmap void @_ssdm_op_SpecBitsMap, i6 %epoch"   --->   Operation 28 'specbitsmap' 'specbitsmap_ln0' <Predicate = true> <Delay = 0.00>
ST_1 : Operation 29 [1/1] (0.00ns)   --->   "%specinterface_ln0 = specinterface void @_ssdm_op_SpecInterface, i6 %epoch, void @empty_2, i32 4294967295, i32 4294967295, void @empty_1, i32 0, i32 0, void @empty_1, void @empty_1, void @empty_1, i32 0, i32 0, i32 0, i32 0, void @empty_1, void @empty_1, i32 4294967295, i32 0, i32 0, i32 0"   --->   Operation 29 'specinterface' 'specinterface_ln0' <Predicate = true> <Delay = 0.00>
ST_1 : Operation 30 [1/1] (0.00ns)   --->   "%specbitsmap_ln0 = specbitsmap void @_ssdm_op_SpecBitsMap, i16 %station_id"   --->   Operation 30 'specbitsmap' 'specbitsmap_ln0' <Predicate = true> <Delay = 0.00>
ST_1 : Operation 31 [1/1] (0.00ns)   --->   "%specinterface_ln0 = specinterface void @_ssdm_op_SpecInterface, i16 %station_id, void @empty_2, i32 4294967295, i32 4294967295, void @empty_1, i32 0, i32 0, void @empty_1, void @empty_1, void @empty_1, i32 0, i32 0, i32 0, i32 0, void @empty_1, void @empty_1, i32 4294967295, i32 0, i32 0, i32 0"   --->   Operation 31 'specinterface' 'specinterface_ln0' <Predicate = true> <Delay = 0.00>
ST_1 : Operation 32 [1/1] (0.00ns)   --->   "%specbitsmap_ln0 = specbitsmap void @_ssdm_op_SpecBitsMap, i10 %thread_id"   --->   Operation 32 'specbitsmap' 'specbitsmap_ln0' <Predicate = true> <Delay = 0.00>
ST_1 : Operation 33 [1/1] (0.00ns)   --->   "%specinterface_ln0 = specinterface void @_ssdm_op_SpecInterface, i10 %thread_id, void @empty_2, i32 4294967295, i32 4294967295, void @empty_1, i32 0, i32 0, void @empty_1, void @empty_1, void @empty_1, i32 0, i32 0, i32 0, i32 0, void @empty_1, void @empty_1, i32 4294967295, i32 0, i32 0, i32 0"   --->   Operation 33 'specinterface' 'specinterface_ln0' <Predicate = true> <Delay = 0.00>
ST_1 : Operation 34 [1/1] (0.00ns)   --->   "%specbitsmap_ln0 = specbitsmap void @_ssdm_op_SpecBitsMap, i5 %bits_per_sample"   --->   Operation 34 'specbitsmap' 'specbitsmap_ln0' <Predicate = true> <Delay = 0.00>
ST_1 : Operation 35 [1/1] (0.00ns)   --->   "%specinterface_ln0 = specinterface void @_ssdm_op_SpecInterface, i5 %bits_per_sample, void @empty_2, i32 4294967295, i32 4294967295, void @empty_1, i32 0, i32 0, void @empty_1, void @empty_1, void @empty_1, i32 0, i32 0, i32 0, i32 0, void @empty_1, void @empty_1, i32 4294967295, i32 0, i32 0, i32 0"   --->   Operation 35 'specinterface' 'specinterface_ln0' <Predicate = true> <Delay = 0.00>
ST_1 : Operation 36 [1/1] (0.00ns)   --->   "%specbitsmap_ln0 = specbitsmap void @_ssdm_op_SpecBitsMap, i1 %complex_data"   --->   Operation 36 'specbitsmap' 'specbitsmap_ln0' <Predicate = true> <Delay = 0.00>
ST_1 : Operation 37 [1/1] (0.00ns)   --->   "%specinterface_ln0 = specinterface void @_ssdm_op_SpecInterface, i1 %complex_data, void @empty_2, i32 4294967295, i32 4294967295, void @empty_1, i32 0, i32 0, void @empty_1, void @empty_1, void @empty_1, i32 0, i32 0, i32 0, i32 0, void @empty_1, void @empty_1, i32 4294967295, i32 0, i32 0, i32 0"   --->   Operation 37 'specinterface' 'specinterface_ln0' <Predicate = true> <Delay = 0.00>
ST_1 : Operation 38 [1/1] (0.00ns)   --->   "%specbitsmap_ln0 = specbitsmap void @_ssdm_op_SpecBitsMap, i1 %pps"   --->   Operation 38 'specbitsmap' 'specbitsmap_ln0' <Predicate = true> <Delay = 0.00>
ST_1 : Operation 39 [1/1] (0.00ns)   --->   "%specinterface_ln0 = specinterface void @_ssdm_op_SpecInterface, i1 %pps, void @empty_2, i32 4294967295, i32 4294967295, void @empty_1, i32 0, i32 0, void @empty_1, void @empty_1, void @empty_1, i32 0, i32 0, i32 0, i32 0, void @empty_1, void @empty_1, i32 4294967295, i32 0, i32 0, i32 0"   --->   Operation 39 'specinterface' 'specinterface_ln0' <Predicate = true> <Delay = 0.00>
ST_1 : Operation 40 [1/1] (0.00ns)   --->   "%specbitsmap_ln0 = specbitsmap void @_ssdm_op_SpecBitsMap, i16 %payload_words"   --->   Operation 40 'specbitsmap' 'specbitsmap_ln0' <Predicate = true> <Delay = 0.00>
ST_1 : Operation 41 [1/1] (0.00ns)   --->   "%specinterface_ln0 = specinterface void @_ssdm_op_SpecInterface, i16 %payload_words, void @empty_3, i32 0, i32 0, void @empty_1, i32 0, i32 0, void @empty_1, void @empty_1, void @empty_1, i32 0, i32 0, i32 0, i32 0, void @empty_1, void @empty_1, i32 4294967295, i32 0, i32 0, i32 0"   --->   Operation 41 'specinterface' 'specinterface_ln0' <Predicate = true> <Delay = 0.00>
ST_1 : Operation 42 [1/1] (0.00ns)   --->   "%packed_stream = alloca i64 1" [../src/vdif_chain.cpp:59]   --->   Operation 42 'alloca' 'packed_stream' <Predicate = true> <Delay = 0.00> <CoreInst = "FIFO">   --->   Core 77 'FIFO' <Latency = 0> <II = 1> <Delay = 3.50> <Storage> <Opcode : 'read' 'write' 'nbread' 'nbwrite'> <Ports = 0> <Width = 32> <Depth = 2048> <FIFO>
ST_1 : Operation 43 [1/1] (0.00ns)   --->   "%empty = specchannel i32 @_ssdm_op_SpecChannel, void @packed_stream_str, i32 1, void @p_str, void @p_str, i32 2048, i32 2048, i32 %packed_stream, i32 %packed_stream"   --->   Operation 43 'specchannel' 'empty' <Predicate = true> <Delay = 0.00>
ST_1 : Operation 44 [1/1] (0.00ns)   --->   "%specinterface_ln0 = specinterface void @_ssdm_op_SpecInterface, i32 %packed_stream, void @empty_4, i32 0, i32 0, void @empty_1, i32 0, i32 0, void @empty_1, void @empty_1, void @empty_1, i32 0, i32 0, i32 0, i32 0, void @empty_1, void @empty_1, i32 4294967295, i32 0, i32 0, i32 0"   --->   Operation 44 'specinterface' 'specinterface_ln0' <Predicate = true> <Delay = 0.00>
ST_1 : Operation 45 [1/1] (0.00ns)   --->   "%packetizer_in = alloca i64 1" [../src/vdif_chain.cpp:62]   --->   Operation 45 'alloca' 'packetizer_in' <Predicate = true> <Delay = 0.00> <CoreInst = "FIFO">   --->   Core 77 'FIFO' <Latency = 0> <II = 1> <Delay = 3.50> <Storage> <Opcode : 'read' 'write' 'nbread' 'nbwrite'> <Ports = 0> <Width = 32> <Depth = 2048> <FIFO>
ST_1 : Operation 46 [1/1] (0.00ns)   --->   "%empty_31 = specchannel i32 @_ssdm_op_SpecChannel, void @packetizer_in_str, i32 1, void @p_str, void @p_str, i32 2048, i32 2048, i32 %packetizer_in, i32 %packetizer_in"   --->   Operation 46 'specchannel' 'empty_31' <Predicate = true> <Delay = 0.00>
ST_1 : Operation 47 [1/1] (0.00ns)   --->   "%specinterface_ln0 = specinterface void @_ssdm_op_SpecInterface, i32 %packetizer_in, void @empty_4, i32 0, i32 0, void @empty_1, i32 0, i32 0, void @empty_1, void @empty_1, void @empty_1, i32 0, i32 0, i32 0, i32 0, void @empty_1, void @empty_1, i32 4294967295, i32 0, i32 0, i32 0"   --->   Operation 47 'specinterface' 'specinterface_ln0' <Predicate = true> <Delay = 0.00>
ST_1 : Operation 48 [1/1] (0.00ns)   --->   "%specaxissidechannel_ln69 = specaxissidechannel void @_ssdm_op_SpecAXISSideChannel, i32 %out_stream_V_data_V, i4 %out_stream_V_keep_V, i4 %out_stream_V_strb_V, i1 0, i1 %out_stream_V_last_V, i1 0, i1 0, void @empty_5" [../src/vdif_chain.cpp:69]   --->   Operation 48 'specaxissidechannel' 'specaxissidechannel_ln69' <Predicate = true> <Delay = 0.00>
ST_1 : Operation 49 [1/1] (1.61ns)   --->   "%store_ln69 = store i16 0, i16 %i" [../src/vdif_chain.cpp:69]   --->   Operation 49 'store' 'store_ln69' <Predicate = true> <Delay = 1.61>
ST_1 : Operation 50 [1/1] (0.00ns)   --->   "%br_ln69 = br void %for.inc" [../src/vdif_chain.cpp:69]   --->   Operation 50 'br' 'br_ln69' <Predicate = true> <Delay = 0.00>

State 2 <SV = 1> <Delay = 5.90>
ST_2 : Operation 51 [1/1] (0.00ns)   --->   "%i_6 = load i16 %i" [../src/vdif_chain.cpp:69]   --->   Operation 51 'load' 'i_6' <Predicate = true> <Delay = 0.00>
ST_2 : Operation 52 [1/1] (2.14ns)   --->   "%icmp_ln69 = icmp_eq  i16 %i_6, i16 %payload_words_read" [../src/vdif_chain.cpp:69]   --->   Operation 52 'icmp' 'icmp_ln69' <Predicate = true> <Delay = 2.14> <CoreInst = "Cmp">   --->   Core 9 'Cmp' <Latency = 0> <II = 1> <Delay = 2.14> <FuncUnit> <Opcode : 'seteq' 'setne' 'setle' 'setge' 'setlt' 'setgt'> <InPorts = 2> <OutPorts = 1>
ST_2 : Operation 53 [1/1] (2.14ns)   --->   "%i_7 = add i16 %i_6, i16 1" [../src/vdif_chain.cpp:69]   --->   Operation 53 'add' 'i_7' <Predicate = true> <Delay = 2.14> <CoreInst = "Adder">   --->   Core 1 'Adder' <Latency = 0> <II = 1> <Delay = 2.14> <FuncUnit> <Opcode : 'add' 'sub'> <InPorts = 2> <OutPorts = 1>
ST_2 : Operation 54 [1/1] (0.00ns)   --->   "%br_ln69 = br i1 %icmp_ln69, void %for.inc.split, void %for.end" [../src/vdif_chain.cpp:69]   --->   Operation 54 'br' 'br_ln69' <Predicate = true> <Delay = 0.00>
ST_2 : Operation 55 [1/1] (0.00ns)   --->   "%speclooptripcount_ln69 = speclooptripcount void @_ssdm_op_SpecLoopTripCount, i64 0, i64 65535, i64 32767" [../src/vdif_chain.cpp:69]   --->   Operation 55 'speclooptripcount' 'speclooptripcount_ln69' <Predicate = (!icmp_ln69)> <Delay = 0.00>
ST_2 : Operation 56 [1/1] (0.00ns)   --->   "%specloopname_ln69 = specloopname void @_ssdm_op_SpecLoopName, void @empty_11" [../src/vdif_chain.cpp:69]   --->   Operation 56 'specloopname' 'specloopname_ln69' <Predicate = (!icmp_ln69)> <Delay = 0.00>
ST_2 : Operation 57 [1/1] (1.86ns)   --->   "%switch_ln18 = switch i5 %bits_per_sample_read, void %if.end.i, i5 2, void %for.inc.i.preheader, i5 4, void %for.inc18.i.preheader, i5 8, void %for.inc35.i.preheader" [../src/sample_packer/sample_packer.cpp:18->../src/vdif_chain.cpp:71]   --->   Operation 57 'switch' 'switch_ln18' <Predicate = (!icmp_ln69)> <Delay = 1.86>
ST_2 : Operation 58 [2/2] (3.28ns)   --->   "%call_ln0 = call void @vdif_chain_Pipeline_VITIS_LOOP_46_3, i8 %adc_in, i32 %word_4_loc"   --->   Operation 58 'call' 'call_ln0' <Predicate = (!icmp_ln69 & bits_per_sample_read == 8)> <Delay = 3.28> <CoreType = "Generic">   --->   Generic Core
ST_2 : Operation 59 [2/2] (3.28ns)   --->   "%call_ln0 = call void @vdif_chain_Pipeline_VITIS_LOOP_33_2, i8 %adc_in, i32 %word_2_loc"   --->   Operation 59 'call' 'call_ln0' <Predicate = (!icmp_ln69 & bits_per_sample_read == 4)> <Delay = 3.28> <CoreType = "Generic">   --->   Generic Core
ST_2 : Operation 60 [2/2] (3.28ns)   --->   "%call_ln0 = call void @vdif_chain_Pipeline_VITIS_LOOP_20_1, i8 %adc_in, i32 %word_loc"   --->   Operation 60 'call' 'call_ln0' <Predicate = (!icmp_ln69 & bits_per_sample_read == 2)> <Delay = 3.28> <CoreType = "Generic">   --->   Generic Core
ST_2 : Operation 61 [2/2] (3.75ns)   --->   "%call_ln86 = call void @packetizer, i32 %packetizer_in, i32 %out_stream_V_data_V, i4 %out_stream_V_keep_V, i4 %out_stream_V_strb_V, i1 %out_stream_V_last_V, i6 %epoch_read, i16 %station_id_read, i10 %thread_id_read, i5 %bits_per_sample_read, i1 %complex_data_read, i1 %pps_read, i16 %payload_words_read, i30 %seconds_from_epoch, i24 %frame_no" [../src/vdif_chain.cpp:86]   --->   Operation 61 'call' 'call_ln86' <Predicate = (icmp_ln69)> <Delay = 3.75> <CoreType = "Generic">   --->   Generic Core

State 3 <SV = 2> <Delay = 5.08>
ST_3 : Operation 62 [1/2] (4.90ns)   --->   "%call_ln0 = call void @vdif_chain_Pipeline_VITIS_LOOP_46_3, i8 %adc_in, i32 %word_4_loc"   --->   Operation 62 'call' 'call_ln0' <Predicate = (bits_per_sample_read == 8)> <Delay = 4.90> <CoreType = "Generic">   --->   Generic Core
ST_3 : Operation 63 [1/2] (4.99ns)   --->   "%call_ln0 = call void @vdif_chain_Pipeline_VITIS_LOOP_33_2, i8 %adc_in, i32 %word_2_loc"   --->   Operation 63 'call' 'call_ln0' <Predicate = (bits_per_sample_read == 4)> <Delay = 4.99> <CoreType = "Generic">   --->   Generic Core
ST_3 : Operation 64 [1/2] (5.08ns)   --->   "%call_ln0 = call void @vdif_chain_Pipeline_VITIS_LOOP_20_1, i8 %adc_in, i32 %word_loc"   --->   Operation 64 'call' 'call_ln0' <Predicate = (bits_per_sample_read == 2)> <Delay = 5.08> <CoreType = "Generic">   --->   Generic Core

State 4 <SV = 3> <Delay = 3.50>
ST_4 : Operation 65 [1/1] (0.00ns)   --->   "%word_4_loc_load = load i32 %word_4_loc"   --->   Operation 65 'load' 'word_4_loc_load' <Predicate = (bits_per_sample_read == 8)> <Delay = 0.00>
ST_4 : Operation 66 [1/1] ( I:3.50ns O:3.50ns )   --->   "%write_ln54 = write void @_ssdm_op_Write.ap_fifo.volatile.i32P0A, i32 %packed_stream, i32 %word_4_loc_load" [../src/sample_packer/sample_packer.cpp:54->../src/vdif_chain.cpp:71]   --->   Operation 66 'write' 'write_ln54' <Predicate = (bits_per_sample_read == 8)> <Delay = 3.50> <CoreInst = "FIFO">   --->   Core 77 'FIFO' <Latency = 0> <II = 1> <Delay = 3.50> <Storage> <Opcode : 'read' 'write' 'nbread' 'nbwrite'> <Ports = 0> <Width = 32> <Depth = 2048> <FIFO>
ST_4 : Operation 67 [1/1] (0.00ns)   --->   "%br_ln55 = br void %if.end.i" [../src/sample_packer/sample_packer.cpp:55->../src/vdif_chain.cpp:71]   --->   Operation 67 'br' 'br_ln55' <Predicate = (bits_per_sample_read == 8)> <Delay = 0.00>
ST_4 : Operation 68 [1/1] (0.00ns)   --->   "%word_2_loc_load = load i32 %word_2_loc"   --->   Operation 68 'load' 'word_2_loc_load' <Predicate = (bits_per_sample_read == 4)> <Delay = 0.00>
ST_4 : Operation 69 [1/1] ( I:3.50ns O:3.50ns )   --->   "%write_ln41 = write void @_ssdm_op_Write.ap_fifo.volatile.i32P0A, i32 %packed_stream, i32 %word_2_loc_load" [../src/sample_packer/sample_packer.cpp:41->../src/vdif_chain.cpp:71]   --->   Operation 69 'write' 'write_ln41' <Predicate = (bits_per_sample_read == 4)> <Delay = 3.50> <CoreInst = "FIFO">   --->   Core 77 'FIFO' <Latency = 0> <II = 1> <Delay = 3.50> <Storage> <Opcode : 'read' 'write' 'nbread' 'nbwrite'> <Ports = 0> <Width = 32> <Depth = 2048> <FIFO>
ST_4 : Operation 70 [1/1] (0.00ns)   --->   "%br_ln42 = br void %if.end38.i" [../src/sample_packer/sample_packer.cpp:42->../src/vdif_chain.cpp:71]   --->   Operation 70 'br' 'br_ln42' <Predicate = (bits_per_sample_read == 4)> <Delay = 0.00>
ST_4 : Operation 71 [1/1] (0.00ns)   --->   "%word_loc_load = load i32 %word_loc"   --->   Operation 71 'load' 'word_loc_load' <Predicate = (bits_per_sample_read == 2)> <Delay = 0.00>
ST_4 : Operation 72 [1/1] ( I:3.50ns O:3.50ns )   --->   "%write_ln28 = write void @_ssdm_op_Write.ap_fifo.volatile.i32P0A, i32 %packed_stream, i32 %word_loc_load" [../src/sample_packer/sample_packer.cpp:28->../src/vdif_chain.cpp:71]   --->   Operation 72 'write' 'write_ln28' <Predicate = (bits_per_sample_read == 2)> <Delay = 3.50> <CoreInst = "FIFO">   --->   Core 77 'FIFO' <Latency = 0> <II = 1> <Delay = 3.50> <Storage> <Opcode : 'read' 'write' 'nbread' 'nbwrite'> <Ports = 0> <Width = 32> <Depth = 2048> <FIFO>
ST_4 : Operation 73 [1/1] (0.00ns)   --->   "%br_ln29 = br void %_Z13sample_packerRN3hls6streamI7ap_uintILi8EELi0EEERNS0_IS1_ILi32EELi0EEES1_ILi5EE.exit" [../src/sample_packer/sample_packer.cpp:29->../src/vdif_chain.cpp:71]   --->   Operation 73 'br' 'br_ln29' <Predicate = (bits_per_sample_read == 2)> <Delay = 0.00>
ST_4 : Operation 74 [1/1] (0.00ns)   --->   "%br_ln0 = br void %if.end38.i"   --->   Operation 74 'br' 'br_ln0' <Predicate = (bits_per_sample_read != 2 & bits_per_sample_read != 4)> <Delay = 0.00>
ST_4 : Operation 75 [1/1] (0.00ns)   --->   "%br_ln0 = br void %_Z13sample_packerRN3hls6streamI7ap_uintILi8EELi0EEERNS0_IS1_ILi32EELi0EEES1_ILi5EE.exit"   --->   Operation 75 'br' 'br_ln0' <Predicate = (bits_per_sample_read != 2)> <Delay = 0.00>
ST_4 : Operation 76 [1/1] (1.61ns)   --->   "%store_ln69 = store i16 %i_7, i16 %i" [../src/vdif_chain.cpp:69]   --->   Operation 76 'store' 'store_ln69' <Predicate = true> <Delay = 1.61>

State 5 <SV = 4> <Delay = 7.00>
ST_5 : Operation 77 [1/1] ( I:3.50ns O:3.50ns )   --->   "%packed_out_read = read i32 @_ssdm_op_Read.ap_fifo.volatile.i32P0A, i32 %packed_stream" [../src/vdif_chain.cpp:78]   --->   Operation 77 'read' 'packed_out_read' <Predicate = true> <Delay = 3.50> <CoreInst = "FIFO">   --->   Core 77 'FIFO' <Latency = 0> <II = 1> <Delay = 3.50> <Storage> <Opcode : 'read' 'write' 'nbread' 'nbwrite'> <Ports = 0> <Width = 32> <Depth = 2048> <FIFO>
ST_5 : Operation 78 [1/1] ( I:3.50ns O:3.50ns )   --->   "%write_ln77 = write void @_ssdm_op_Write.ap_fifo.volatile.i32P0A, i32 %packetizer_in, i32 %packed_out_read" [../src/vdif_chain.cpp:77]   --->   Operation 78 'write' 'write_ln77' <Predicate = true> <Delay = 3.50> <CoreInst = "FIFO">   --->   Core 77 'FIFO' <Latency = 0> <II = 1> <Delay = 3.50> <Storage> <Opcode : 'read' 'write' 'nbread' 'nbwrite'> <Ports = 0> <Width = 32> <Depth = 2048> <FIFO>
ST_5 : Operation 79 [1/1] (0.00ns)   --->   "%br_ln69 = br void %for.inc" [../src/vdif_chain.cpp:69]   --->   Operation 79 'br' 'br_ln69' <Predicate = true> <Delay = 0.00>

State 6 <SV = 2> <Delay = 5.56>
ST_6 : Operation 80 [1/2] (5.56ns)   --->   "%call_ln86 = call void @packetizer, i32 %packetizer_in, i32 %out_stream_V_data_V, i4 %out_stream_V_keep_V, i4 %out_stream_V_strb_V, i1 %out_stream_V_last_V, i6 %epoch_read, i16 %station_id_read, i10 %thread_id_read, i5 %bits_per_sample_read, i1 %complex_data_read, i1 %pps_read, i16 %payload_words_read, i30 %seconds_from_epoch, i24 %frame_no" [../src/vdif_chain.cpp:86]   --->   Operation 80 'call' 'call_ln86' <Predicate = true> <Delay = 5.56> <CoreType = "Generic">   --->   Generic Core

State 7 <SV = 3> <Delay = 0.00>
ST_7 : Operation 81 [1/1] (0.00ns)   --->   "%ret_ln97 = ret" [../src/vdif_chain.cpp:97]   --->   Operation 81 'ret' 'ret_ln97' <Predicate = true> <Delay = 0.00>


============================================================
+ Verbose Summary: Timing violations
============================================================
Target clock period: 10.000ns, clock uncertainty: 2.700ns.

 <State 1>: 1.610ns
The critical path consists of the following:
	'alloca' operation 16 bit ('i', ../src/vdif_chain.cpp:69) [15]  (0.000 ns)
	'store' operation ('store_ln69', ../src/vdif_chain.cpp:69) of constant 0 16 bit on local variable 'i', ../src/vdif_chain.cpp:69 [56]  (1.610 ns)

 <State 2>: 5.902ns
The critical path consists of the following:
	'load' operation 16 bit ('i', ../src/vdif_chain.cpp:69) on local variable 'i', ../src/vdif_chain.cpp:69 [59]  (0.000 ns)
	'icmp' operation 1 bit ('icmp_ln69', ../src/vdif_chain.cpp:69) [60]  (2.146 ns)
	'call' operation ('call_ln86', ../src/vdif_chain.cpp:86) to 'packetizer' [92]  (3.756 ns)

 <State 3>: 5.082ns
The critical path consists of the following:
	'call' operation ('call_ln0') to 'vdif_chain_Pipeline_VITIS_LOOP_20_1' [78]  (5.082 ns)

 <State 4>: 3.504ns
The critical path consists of the following:
	'load' operation 32 bit ('word_loc_load') on local variable 'word_loc' [79]  (0.000 ns)
	fifo write operation ('write_ln28', ../src/sample_packer/sample_packer.cpp:28->../src/vdif_chain.cpp:71) on port 'packed_stream', ../src/vdif_chain.cpp:59 (../src/sample_packer/sample_packer.cpp:28->../src/vdif_chain.cpp:71) [80]  (3.504 ns)

 <State 5>: 7.008ns
The critical path consists of the following:
	fifo read operation ('packed_out_read', ../src/vdif_chain.cpp:78) on port 'packed_stream', ../src/vdif_chain.cpp:59 (../src/vdif_chain.cpp:78) [87]  (3.504 ns)
	fifo write operation ('write_ln77', ../src/vdif_chain.cpp:77) on port 'packetizer_in', ../src/vdif_chain.cpp:62 (../src/vdif_chain.cpp:77) [88]  (3.504 ns)

 <State 6>: 5.560ns
The critical path consists of the following:
	'call' operation ('call_ln86', ../src/vdif_chain.cpp:86) to 'packetizer' [92]  (5.560 ns)

 <State 7>: 0.000ns
The critical path consists of the following:


============================================================
+ Verbose Summary: Binding
============================================================
N/A
* FSMD analyzer results:
  - Output states:
 - Input state : 
  - Chain level:
	State 1
	State 2
	State 3
	State 4
	State 5
	State 6
	State 7


============================================================
+ Verbose Summary: Datapath Resource usage 
============================================================
N/A
