

================================================================
== Synthesis Summary Report of 'packetizer'
================================================================
+ General Information: 
    * Date:           Mon Jun  8 17:11:50 2026
    * Version:        2025.2 (Build 6295257 on Nov 14 2025)
    * Project:        hls_component1
    * Solution:       hls (Vivado IP Flow Target)
    * Product family: artix7
    * Target device:  xc7a12t-cpg238-1
    

* Performance & Resource Estimates: 
+----------------------------------------+------+---------------+----------+---------+------+----------+---------+---------+------+------+----+----------+----------+-----+
|                 Modules                | Issue|               | Iteration|         | Trip |          |      Latency      |      |      |    |          |          |     |
|                 & Loops                | Type | Violation Type|  Latency | Interval| Count| Pipelined| (cycles)|   (ns)  | Slack| BRAM | DSP|    FF    |    LUT   | URAM|
+----------------------------------------+------+---------------+----------+---------+------+----------+---------+---------+------+------+----+----------+----------+-----+
|+ packetizer                            |     -|              -|         -|       23|     -|        no|       22|  220.000|  2.33|     -|   -|  198 (1%)|  443 (5%)|    -|
| + packetizer_Pipeline_VITIS_LOOP_36_1  |     -|              -|         -|        -|     -|       yes|        6|   60.000|  2.40|     -|   -|  14 (~0%)|   84 (1%)|    -|
|  o VITIS_LOOP_36_1                     |     -|              -|         2|        1|     4|       yes|        4|   40.000|  7.30|     -|   -|         -|         -|    -|
| + packetizer_Pipeline_VITIS_LOOP_94_2  |     -|              -|         -|        -|     -|       yes|        6|   60.000|  2.33|     -|   -|   7 (~0%)|   97 (1%)|    -|
|  o VITIS_LOOP_94_2                     |     -|              -|         2|        1|     4|       yes|        4|   40.000|  7.30|     -|   -|         -|         -|    -|
+----------------------------------------+------+---------------+----------+---------+------+----------+---------+---------+------+------+----+----------+----------+-----+
    Name Prefix: '+' for module, 'o' for loop, '*' for dataflow


================================================================
== HW Interfaces
================================================================
* AXIS
+------------+-----------+---------------+-------+-------+-------+--------+-------+--------+
| Interface  | Direction | Register Mode | TDATA | TKEEP | TLAST | TREADY | TSTRB | TVALID |
+------------+-----------+---------------+-------+-------+-------+--------+-------+--------+
| in_stream  | in        | both          | 32    | 4     | 1     | 1      | 4     | 1      |
| out_stream | out       | both          | 32    | 4     | 1     | 1      | 4     | 1      |
+------------+-----------+---------------+-------+-------+-------+--------+-------+--------+

* TOP LEVEL CONTROL
+-----------+--------------+----------+
| Interface | Type         | Ports    |
+-----------+--------------+----------+
| ap_clk    | clock        | ap_clk   |
| ap_rst_n  | reset        | ap_rst_n |
| ap_ctrl   | ap_ctrl_none |          |
+-----------+--------------+----------+


================================================================
== SW I/O Information
================================================================
* Top Function Arguments
+------------+-----------+------------------------------------------------------------------------------+
| Argument   | Direction | Datatype                                                                     |
+------------+-----------+------------------------------------------------------------------------------+
| in_stream  | in        | stream<hls::axis<ap_uint<32>, 0UL, 0UL, 0UL, (unsigned char)'8', false>, 0>& |
| out_stream | out       | stream<hls::axis<ap_uint<32>, 0UL, 0UL, 0UL, (unsigned char)'8', false>, 0>& |
+------------+-----------+------------------------------------------------------------------------------+

* SW-to-HW Mapping
+------------+--------------+-----------+
| Argument   | HW Interface | HW Type   |
+------------+--------------+-----------+
| in_stream  | in_stream    | interface |
| out_stream | out_stream   | interface |
+------------+--------------+-----------+


================================================================
== Bind Op Report
================================================================
+----------------------------------------+-----+--------+------------+-------+--------+---------+
| Name                                   | DSP | Pragma | Variable   | Op    | Impl   | Latency |
+----------------------------------------+-----+--------+------------+-------+--------+---------+
| + packetizer                           | 0   |        |            |       |        |         |
|   add_ln108_fu_175_p2                  |     |        | add_ln108  | add   | fabric | 0       |
|  + packetizer_Pipeline_VITIS_LOOP_36_1 | 0   |        |            |       |        |         |
|    icmp_ln36_fu_111_p2                 |     |        | icmp_ln36  | seteq | auto   | 0       |
|    i_4_fu_117_p2                       |     |        | i_4        | add   | fabric | 0       |
|  + packetizer_Pipeline_VITIS_LOOP_94_2 | 0   |        |            |       |        |         |
|    icmp_ln94_fu_107_p2                 |     |        | icmp_ln94  | seteq | auto   | 0       |
|    i_2_fu_113_p2                       |     |        | i_2        | add   | fabric | 0       |
|    icmp_ln100_fu_119_p2                |     |        | icmp_ln100 | seteq | auto   | 0       |
+----------------------------------------+-----+--------+------------+-------+--------+---------+


================================================================
== Storage Report
================================================================
+---------------+------------+------+------+------+--------+----------+------+---------+------------------+
| Name          | Usage      | Type | BRAM | URAM | Pragma | Variable | Impl | Latency | Bitwidth, Depth, |
|               |            |      |      |      |        |          |      |         | Banks            |
+---------------+------------+------+------+------+--------+----------+------+---------+------------------+
| + packetizer  |            |      | 0    | 0    |        |          |      |         |                  |
|   fifo_fifo_U | fifo array |      |      |      |        | fifo     | srl  | 0       | 32, 8, 1         |
+---------------+------------+------+------+------+--------+----------+------+---------+------------------+


================================================================
== Pragma Report
================================================================
* Valid Pragma Syntax
+-----------+--------------------------+-----------------------------------------------------+
| Type      | Options                  | Location                                            |
+-----------+--------------------------+-----------------------------------------------------+
| INTERFACE | axis port=in_stream      | in packetizer (../hls_component/packetizer1.cpp:12) |
| INTERFACE | axis port=out_stream     | in packetizer (../hls_component/packetizer1.cpp:13) |
| INTERFACE | ap_ctrl_none port=return | in packetizer (../hls_component/packetizer1.cpp:14) |
| STREAM    | variable=fifo depth=8    | in packetizer (../hls_component/packetizer1.cpp:17) |
| PIPELINE  | ii=1                     | in packetizer (../hls_component/packetizer1.cpp:38) |
| PIPELINE  | ii=1                     | in packetizer (../hls_component/packetizer1.cpp:96) |
+-----------+--------------------------+-----------------------------------------------------+


