

================================================================
== Vitis HLS Report for 'packetizer'
================================================================
* Date:           Mon Jun  8 17:44:13 2026

* Version:        2025.2 (Build 6295257 on Nov 14 2025)
* Project:        hls_componentv2
* Solution:       hls (Vivado IP Flow Target)
* Product family: artix7
* Target device:  xc7a12t-cpg238-1


================================================================
== Performance Estimates
================================================================
+ Timing: 
    * Summary: 
    +--------+----------+----------+------------+
    |  Clock |  Target  | Estimated| Uncertainty|
    +--------+----------+----------+------------+
    |ap_clk  |  10.00 ns|  4.980 ns|     2.70 ns|
    +--------+----------+----------+------------+

+ Latency: 
    * Summary: 
    +---------+---------+----------+----------+-----+-----+---------+
    |  Latency (cycles) |  Latency (absolute) |  Interval | Pipeline|
    |   min   |   max   |    min   |    max   | min | max |   Type  |
    +---------+---------+----------+----------+-----+-----+---------+
    |       21|       21|  0.210 us|  0.210 us|   22|   22|       no|
    +---------+---------+----------+----------+-----+-----+---------+

    + Detail: 
        * Instance: 
        +-------------------------------------------------+--------------------------------------+---------+---------+-----------+-----------+-----+-----+-------------------+
        |                                                 |                                      |  Latency (cycles) |   Latency (absolute)  |  Interval |      Pipeline     |
        |                     Instance                    |                Module                |   min   |   max   |    min    |    max    | min | max |        Type       |
        +-------------------------------------------------+--------------------------------------+---------+---------+-----------+-----------+-----+-----+-------------------+
        |grp_packetizer_Pipeline_VITIS_LOOP_54_1_fu_210   |packetizer_Pipeline_VITIS_LOOP_54_1   |        6|        6|  60.000 ns|  60.000 ns|    0|    0|  loop pipeline stp|
        |grp_packetizer_Pipeline_VITIS_LOOP_112_2_fu_225  |packetizer_Pipeline_VITIS_LOOP_112_2  |        6|        6|  60.000 ns|  60.000 ns|    0|    0|  loop pipeline stp|
        +-------------------------------------------------+--------------------------------------+---------+---------+-----------+-----------+-----+-----+-------------------+

        * Loop: 
        N/A



================================================================
== Utilization Estimates
================================================================
* Summary: 
+-----------------+---------+----+-------+------+-----+
|       Name      | BRAM_18K| DSP|   FF  |  LUT | URAM|
+-----------------+---------+----+-------+------+-----+
|DSP              |        -|   -|      -|     -|    -|
|Expression       |        -|   -|      0|   141|    -|
|FIFO             |        -|   -|     99|    67|    -|
|Instance         |        -|   -|     21|   179|    -|
|Memory           |        -|   -|      -|     -|    -|
|Multiplexer      |        -|   -|      0|   176|    -|
|Register         |        -|   -|    199|     -|    -|
+-----------------+---------+----+-------+------+-----+
|Total            |        0|   0|    319|   563|    0|
+-----------------+---------+----+-------+------+-----+
|Available        |       40|  40|  16000|  8000|    0|
+-----------------+---------+----+-------+------+-----+
|Utilization (%)  |        0|   0|      1|     7|    0|
+-----------------+---------+----+-------+------+-----+

+ Detail: 
    * Instance: 
    +-------------------------------------------------+--------------------------------------+---------+----+----+----+-----+
    |                     Instance                    |                Module                | BRAM_18K| DSP| FF | LUT| URAM|
    +-------------------------------------------------+--------------------------------------+---------+----+----+----+-----+
    |grp_packetizer_Pipeline_VITIS_LOOP_112_2_fu_225  |packetizer_Pipeline_VITIS_LOOP_112_2  |        0|   0|   7|  95|    0|
    |grp_packetizer_Pipeline_VITIS_LOOP_54_1_fu_210   |packetizer_Pipeline_VITIS_LOOP_54_1   |        0|   0|  14|  84|    0|
    +-------------------------------------------------+--------------------------------------+---------+----+----+----+-----+
    |Total                                            |                                      |        0|   0|  21| 179|    0|
    +-------------------------------------------------+--------------------------------------+---------+----+----+----+-----+

    * DSP: 
    N/A

    * Memory: 
    N/A

    * FIFO: 
    +-------------+---------+----+----+-----+------+-----+---------+
    |     Name    | BRAM_18K| FF | LUT| URAM| Depth| Bits| Size:D*B|
    +-------------+---------+----+----+-----+------+-----+---------+
    |fifo_fifo_U  |        0|  99|   0|    -|     8|   32|      256|
    +-------------+---------+----+----+-----+------+-----+---------+
    |Total        |        0|  99|   0|    0|     8|   32|      256|
    +-------------+---------+----+----+-----+------+-----+---------+

    * Expression: 
    +-------------------------------------------------------------------+----------+----+---+----+------------+------------+
    |                           Variable Name                           | Operation| DSP| FF| LUT| Bitwidth P0| Bitwidth P1|
    +-------------------------------------------------------------------+----------+----+---+----+------------+------------+
    |add_ln126_fu_260_p2                                                |         +|   0|  0|  31|          24|           1|
    |add_ln46_fu_248_p2                                                 |         +|   0|  0|  37|          30|           1|
    |add_ln85_fu_315_p2                                                 |         +|   0|  0|  39|          32|          28|
    |grp_packetizer_Pipeline_VITIS_LOOP_112_2_fu_225_out_stream_TREADY  |       and|   0|  0|   2|           1|           1|
    |word3_fu_339_p2                                                    |        or|   0|  0|  32|          32|          32|
    +-------------------------------------------------------------------+----------+----+---+----+------------+------------+
    |Total                                                              |          |   0|  0| 141|         119|          63|
    +-------------------------------------------------------------------+----------+----+---+----+------------+------------+

    * Multiplexer: 
    +--------------------------------+----+-----------+-----+-----------+
    |              Name              | LUT| Input Size| Bits| Total Bits|
    +--------------------------------+----+-----------+-----+-----------+
    |ap_NS_fsm                       |  45|         11|    1|         11|
    |fifo_read                       |   9|          2|    1|          2|
    |fifo_write                      |   9|          2|    1|          2|
    |frame_no_loc_0_reg_198          |   9|          2|   24|         48|
    |in_stream_TREADY_int_regslice   |   9|          2|    1|          2|
    |out_stream_TDATA_blk_n          |   9|          2|    1|          2|
    |out_stream_TDATA_int_regslice   |  25|          6|   32|        192|
    |out_stream_TKEEP_int_regslice   |  13|          3|    4|         12|
    |out_stream_TLAST_int_regslice   |  13|          3|    1|          3|
    |out_stream_TSTRB_int_regslice   |  13|          3|    4|         12|
    |out_stream_TVALID_int_regslice  |  13|          3|    1|          3|
    |word0_reg_188                   |   9|          2|   30|         60|
    +--------------------------------+----+-----------+-----+-----------+
    |Total                           | 176|         41|  101|        349|
    +--------------------------------+----+-----------+-----+-----------+

    * Register: 
    +--------------------------------------------------------------+----+----+-----+-----------+
    |                             Name                             | FF | LUT| Bits| Const Bits|
    +--------------------------------------------------------------+----+----+-----+-----------+
    |ap_CS_fsm                                                     |  10|   0|   10|          0|
    |bits_per_sample_read_reg_354                                  |   5|   0|    5|          0|
    |complex_data_read_reg_349                                     |   1|   0|    1|          0|
    |epoch_read_reg_369                                            |   6|   0|    6|          0|
    |frame_no                                                      |  24|   0|   24|          0|
    |frame_no_loc_0_reg_198                                        |  24|   0|   24|          0|
    |grp_packetizer_Pipeline_VITIS_LOOP_112_2_fu_225_ap_start_reg  |   1|   0|    1|          0|
    |grp_packetizer_Pipeline_VITIS_LOOP_54_1_fu_210_ap_start_reg   |   1|   0|    1|          0|
    |out_stream_TDATA_reg                                          |  32|   0|   32|          0|
    |out_stream_TKEEP_reg                                          |   4|   0|    4|          0|
    |out_stream_TLAST_reg                                          |   1|   0|    1|          0|
    |out_stream_TSTRB_reg                                          |   4|   0|    4|          0|
    |seconds_from_epoch                                            |  30|   0|   30|          0|
    |station_id_read_reg_364                                       |  16|   0|   16|          0|
    |thread_id_read_reg_359                                        |  10|   0|   10|          0|
    |word0_reg_188                                                 |  30|   0|   30|          0|
    +--------------------------------------------------------------+----+----+-----+-----------+
    |Total                                                         | 199|   0|  199|          0|
    +--------------------------------------------------------------+----+----+-----+-----------+



================================================================
== Interface
================================================================
* Summary: 
+-------------------+-----+-----+--------------+---------------------+--------------+
|     RTL Ports     | Dir | Bits|   Protocol   |    Source Object    |    C Type    |
+-------------------+-----+-----+--------------+---------------------+--------------+
|ap_clk             |   in|    1|  ap_ctrl_none|           packetizer|  return value|
|ap_rst_n           |   in|    1|  ap_ctrl_none|           packetizer|  return value|
|in_stream_TDATA    |   in|   32|          axis|   in_stream_V_data_V|       pointer|
|in_stream_TVALID   |   in|    1|          axis|   in_stream_V_last_V|       pointer|
|in_stream_TREADY   |  out|    1|          axis|   in_stream_V_last_V|       pointer|
|in_stream_TLAST    |   in|    1|          axis|   in_stream_V_last_V|       pointer|
|in_stream_TKEEP    |   in|    4|          axis|   in_stream_V_keep_V|       pointer|
|in_stream_TSTRB    |   in|    4|          axis|   in_stream_V_strb_V|       pointer|
|out_stream_TDATA   |  out|   32|          axis|  out_stream_V_data_V|       pointer|
|out_stream_TVALID  |  out|    1|          axis|  out_stream_V_last_V|       pointer|
|out_stream_TREADY  |   in|    1|          axis|  out_stream_V_last_V|       pointer|
|out_stream_TLAST   |  out|    1|          axis|  out_stream_V_last_V|       pointer|
|out_stream_TKEEP   |  out|    4|          axis|  out_stream_V_keep_V|       pointer|
|out_stream_TSTRB   |  out|    4|          axis|  out_stream_V_strb_V|       pointer|
|epoch              |   in|    6|       ap_none|                epoch|        scalar|
|station_id         |   in|   16|       ap_none|           station_id|        scalar|
|thread_id          |   in|   10|       ap_none|            thread_id|        scalar|
|bits_per_sample    |   in|    5|       ap_none|      bits_per_sample|        scalar|
|complex_data       |   in|    1|       ap_none|         complex_data|        scalar|
|pps                |   in|    1|       ap_none|                  pps|        scalar|
+-------------------+-----+-----+--------------+---------------------+--------------+

============================================================
+ Verbose Summary: Synthesis Manager
============================================================
InlineROM: 1
ExposeGlobal: 0
============================================================
+ Verbose Summary: CDFG Model
============================================================
IsTopModel: 1
ResetActiveHigh: 1
IsCombinational: 2
IsDatapathOnly: 2
HasWiredReturn: 1
HasMFsm: 0
HasVarLatency: 1
IsPipeline: 0
IsRtlPipelined: 0
IsInstanceOverlapped: 0
IsDontTouch: 0
HasImplIP: 0
IsGatedGlobalClock: 0


============================================================
+ Verbose Summary: Schedule
============================================================
* Number of FSM states : 10
* Pipeline : 0
* Dataflow Pipeline: 0

* FSM state transitions: 
1 --> 2 
2 --> 3 
3 --> 4 
4 --> 5 
5 --> 6 
6 --> 7 
7 --> 8 
8 --> 9 
9 --> 10 
10 --> 

* FSM state operations: 

State 1 <SV = 0> <Delay = 4.16>
ST_1 : Operation 11 [1/1] (0.00ns)   --->   "%pps_read = read i1 @_ssdm_op_Read.ap_none.i1, i1 %pps"   --->   Operation 11 'read' 'pps_read' <Predicate = true> <Delay = 0.00>
ST_1 : Operation 12 [1/1] (0.00ns)   --->   "%complex_data_read = read i1 @_ssdm_op_Read.ap_none.i1, i1 %complex_data"   --->   Operation 12 'read' 'complex_data_read' <Predicate = true> <Delay = 0.00>
ST_1 : Operation 13 [1/1] (0.00ns)   --->   "%bits_per_sample_read = read i5 @_ssdm_op_Read.ap_none.i5, i5 %bits_per_sample"   --->   Operation 13 'read' 'bits_per_sample_read' <Predicate = true> <Delay = 0.00>
ST_1 : Operation 14 [1/1] (0.00ns)   --->   "%thread_id_read = read i10 @_ssdm_op_Read.ap_none.i10, i10 %thread_id"   --->   Operation 14 'read' 'thread_id_read' <Predicate = true> <Delay = 0.00>
ST_1 : Operation 15 [1/1] (0.00ns)   --->   "%station_id_read = read i16 @_ssdm_op_Read.ap_none.i16, i16 %station_id"   --->   Operation 15 'read' 'station_id_read' <Predicate = true> <Delay = 0.00>
ST_1 : Operation 16 [1/1] (0.00ns)   --->   "%epoch_read = read i6 @_ssdm_op_Read.ap_none.i6, i6 %epoch"   --->   Operation 16 'read' 'epoch_read' <Predicate = true> <Delay = 0.00>
ST_1 : Operation 17 [1/1] (0.00ns)   --->   "%p_phi4_loc = alloca i64 1"   --->   Operation 17 'alloca' 'p_phi4_loc' <Predicate = true> <Delay = 0.00>
ST_1 : Operation 18 [1/1] (0.00ns)   --->   "%p_phi_loc = alloca i64 1"   --->   Operation 18 'alloca' 'p_phi_loc' <Predicate = true> <Delay = 0.00>
ST_1 : Operation 19 [1/1] (0.00ns)   --->   "%spectopmodule_ln7 = spectopmodule void @_ssdm_op_SpecTopModule, void @empty_6" [../packetizer2.cpp:7]   --->   Operation 19 'spectopmodule' 'spectopmodule_ln7' <Predicate = true> <Delay = 0.00>
ST_1 : Operation 20 [1/1] (0.00ns)   --->   "%specinterface_ln7 = specinterface void @_ssdm_op_SpecInterface, i32 0, void @empty_7, i32 0, i32 0, void @empty_1, i32 0, i32 0, void @empty_1, void @empty_1, void @empty_1, i32 0, i32 0, i32 0, i32 0, void @empty_1, void @empty_1, i32 4294967295, i32 0, i32 0, i32 0" [../packetizer2.cpp:7]   --->   Operation 20 'specinterface' 'specinterface_ln7' <Predicate = true> <Delay = 0.00>
ST_1 : Operation 21 [1/1] (0.00ns)   --->   "%specinterface_ln0 = specinterface void @_ssdm_op_SpecInterface, i32 %in_stream_V_data_V, i4 %in_stream_V_keep_V, i4 %in_stream_V_strb_V, i1 %in_stream_V_last_V, void @empty, i32 1, i32 1, void @empty_0, i32 0, i32 0, void @empty_1, void @empty_1, void @empty_1, i32 0, i32 0, i32 0, i32 0, void @empty_1, void @empty_1, i32 4294967295, i32 0, i32 0, i32 0"   --->   Operation 21 'specinterface' 'specinterface_ln0' <Predicate = true> <Delay = 0.00>
ST_1 : Operation 22 [1/1] (0.00ns)   --->   "%specbitsmap_ln0 = specbitsmap void @_ssdm_op_SpecBitsMap, i32 %in_stream_V_data_V"   --->   Operation 22 'specbitsmap' 'specbitsmap_ln0' <Predicate = true> <Delay = 0.00>
ST_1 : Operation 23 [1/1] (0.00ns)   --->   "%specbitsmap_ln0 = specbitsmap void @_ssdm_op_SpecBitsMap, i4 %in_stream_V_keep_V"   --->   Operation 23 'specbitsmap' 'specbitsmap_ln0' <Predicate = true> <Delay = 0.00>
ST_1 : Operation 24 [1/1] (0.00ns)   --->   "%specbitsmap_ln0 = specbitsmap void @_ssdm_op_SpecBitsMap, i4 %in_stream_V_strb_V"   --->   Operation 24 'specbitsmap' 'specbitsmap_ln0' <Predicate = true> <Delay = 0.00>
ST_1 : Operation 25 [1/1] (0.00ns)   --->   "%specbitsmap_ln0 = specbitsmap void @_ssdm_op_SpecBitsMap, i1 %in_stream_V_last_V"   --->   Operation 25 'specbitsmap' 'specbitsmap_ln0' <Predicate = true> <Delay = 0.00>
ST_1 : Operation 26 [1/1] (0.00ns)   --->   "%specinterface_ln0 = specinterface void @_ssdm_op_SpecInterface, i32 %out_stream_V_data_V, i4 %out_stream_V_keep_V, i4 %out_stream_V_strb_V, i1 %out_stream_V_last_V, void @empty, i32 1, i32 1, void @empty_0, i32 0, i32 0, void @empty_1, void @empty_1, void @empty_1, i32 0, i32 0, i32 0, i32 0, void @empty_1, void @empty_1, i32 4294967295, i32 0, i32 0, i32 0"   --->   Operation 26 'specinterface' 'specinterface_ln0' <Predicate = true> <Delay = 0.00>
ST_1 : Operation 27 [1/1] (0.00ns)   --->   "%specbitsmap_ln0 = specbitsmap void @_ssdm_op_SpecBitsMap, i32 %out_stream_V_data_V"   --->   Operation 27 'specbitsmap' 'specbitsmap_ln0' <Predicate = true> <Delay = 0.00>
ST_1 : Operation 28 [1/1] (0.00ns)   --->   "%specbitsmap_ln0 = specbitsmap void @_ssdm_op_SpecBitsMap, i4 %out_stream_V_keep_V"   --->   Operation 28 'specbitsmap' 'specbitsmap_ln0' <Predicate = true> <Delay = 0.00>
ST_1 : Operation 29 [1/1] (0.00ns)   --->   "%specbitsmap_ln0 = specbitsmap void @_ssdm_op_SpecBitsMap, i4 %out_stream_V_strb_V"   --->   Operation 29 'specbitsmap' 'specbitsmap_ln0' <Predicate = true> <Delay = 0.00>
ST_1 : Operation 30 [1/1] (0.00ns)   --->   "%specbitsmap_ln0 = specbitsmap void @_ssdm_op_SpecBitsMap, i1 %out_stream_V_last_V"   --->   Operation 30 'specbitsmap' 'specbitsmap_ln0' <Predicate = true> <Delay = 0.00>
ST_1 : Operation 31 [1/1] (0.00ns)   --->   "%specbitsmap_ln0 = specbitsmap void @_ssdm_op_SpecBitsMap, i6 %epoch"   --->   Operation 31 'specbitsmap' 'specbitsmap_ln0' <Predicate = true> <Delay = 0.00>
ST_1 : Operation 32 [1/1] (0.00ns)   --->   "%specinterface_ln0 = specinterface void @_ssdm_op_SpecInterface, i6 %epoch, void @empty_2, i32 4294967295, i32 4294967295, void @empty_1, i32 0, i32 0, void @empty_1, void @empty_1, void @empty_1, i32 0, i32 0, i32 0, i32 0, void @empty_1, void @empty_1, i32 4294967295, i32 0, i32 0, i32 0"   --->   Operation 32 'specinterface' 'specinterface_ln0' <Predicate = true> <Delay = 0.00>
ST_1 : Operation 33 [1/1] (0.00ns)   --->   "%specbitsmap_ln0 = specbitsmap void @_ssdm_op_SpecBitsMap, i16 %station_id"   --->   Operation 33 'specbitsmap' 'specbitsmap_ln0' <Predicate = true> <Delay = 0.00>
ST_1 : Operation 34 [1/1] (0.00ns)   --->   "%specinterface_ln0 = specinterface void @_ssdm_op_SpecInterface, i16 %station_id, void @empty_2, i32 4294967295, i32 4294967295, void @empty_1, i32 0, i32 0, void @empty_1, void @empty_1, void @empty_1, i32 0, i32 0, i32 0, i32 0, void @empty_1, void @empty_1, i32 4294967295, i32 0, i32 0, i32 0"   --->   Operation 34 'specinterface' 'specinterface_ln0' <Predicate = true> <Delay = 0.00>
ST_1 : Operation 35 [1/1] (0.00ns)   --->   "%specbitsmap_ln0 = specbitsmap void @_ssdm_op_SpecBitsMap, i10 %thread_id"   --->   Operation 35 'specbitsmap' 'specbitsmap_ln0' <Predicate = true> <Delay = 0.00>
ST_1 : Operation 36 [1/1] (0.00ns)   --->   "%specinterface_ln0 = specinterface void @_ssdm_op_SpecInterface, i10 %thread_id, void @empty_2, i32 4294967295, i32 4294967295, void @empty_1, i32 0, i32 0, void @empty_1, void @empty_1, void @empty_1, i32 0, i32 0, i32 0, i32 0, void @empty_1, void @empty_1, i32 4294967295, i32 0, i32 0, i32 0"   --->   Operation 36 'specinterface' 'specinterface_ln0' <Predicate = true> <Delay = 0.00>
ST_1 : Operation 37 [1/1] (0.00ns)   --->   "%specbitsmap_ln0 = specbitsmap void @_ssdm_op_SpecBitsMap, i5 %bits_per_sample"   --->   Operation 37 'specbitsmap' 'specbitsmap_ln0' <Predicate = true> <Delay = 0.00>
ST_1 : Operation 38 [1/1] (0.00ns)   --->   "%specinterface_ln0 = specinterface void @_ssdm_op_SpecInterface, i5 %bits_per_sample, void @empty_2, i32 4294967295, i32 4294967295, void @empty_1, i32 0, i32 0, void @empty_1, void @empty_1, void @empty_1, i32 0, i32 0, i32 0, i32 0, void @empty_1, void @empty_1, i32 4294967295, i32 0, i32 0, i32 0"   --->   Operation 38 'specinterface' 'specinterface_ln0' <Predicate = true> <Delay = 0.00>
ST_1 : Operation 39 [1/1] (0.00ns)   --->   "%specbitsmap_ln0 = specbitsmap void @_ssdm_op_SpecBitsMap, i1 %complex_data"   --->   Operation 39 'specbitsmap' 'specbitsmap_ln0' <Predicate = true> <Delay = 0.00>
ST_1 : Operation 40 [1/1] (0.00ns)   --->   "%specinterface_ln0 = specinterface void @_ssdm_op_SpecInterface, i1 %complex_data, void @empty_2, i32 4294967295, i32 4294967295, void @empty_1, i32 0, i32 0, void @empty_1, void @empty_1, void @empty_1, i32 0, i32 0, i32 0, i32 0, void @empty_1, void @empty_1, i32 4294967295, i32 0, i32 0, i32 0"   --->   Operation 40 'specinterface' 'specinterface_ln0' <Predicate = true> <Delay = 0.00>
ST_1 : Operation 41 [1/1] (0.00ns)   --->   "%specbitsmap_ln0 = specbitsmap void @_ssdm_op_SpecBitsMap, i1 %pps"   --->   Operation 41 'specbitsmap' 'specbitsmap_ln0' <Predicate = true> <Delay = 0.00>
ST_1 : Operation 42 [1/1] (0.00ns)   --->   "%specinterface_ln0 = specinterface void @_ssdm_op_SpecInterface, i1 %pps, void @empty_2, i32 4294967295, i32 4294967295, void @empty_1, i32 0, i32 0, void @empty_1, void @empty_1, void @empty_1, i32 0, i32 0, i32 0, i32 0, void @empty_1, void @empty_1, i32 4294967295, i32 0, i32 0, i32 0"   --->   Operation 42 'specinterface' 'specinterface_ln0' <Predicate = true> <Delay = 0.00>
ST_1 : Operation 43 [1/1] (0.00ns)   --->   "%fifo = alloca i64 1" [../packetizer2.cpp:32]   --->   Operation 43 'alloca' 'fifo' <Predicate = true> <Delay = 0.00> <CoreInst = "FIFO_SRL">   --->   Core 80 'FIFO_SRL' <Latency = 0> <II = 1> <Delay = 3.68> <Storage> <Opcode : 'read' 'write' 'nbread' 'nbwrite'> <Ports = 0> <Width = 32> <Depth = 8> <FIFO>
ST_1 : Operation 44 [1/1] (0.00ns)   --->   "%empty = specchannel i32 @_ssdm_op_SpecChannel, void @fifo_str, i32 1, void @p_str, void @p_str, i32 8, i32 8, i32 %fifo, i32 %fifo"   --->   Operation 44 'specchannel' 'empty' <Predicate = true> <Delay = 0.00>
ST_1 : Operation 45 [1/1] (0.00ns)   --->   "%specinterface_ln0 = specinterface void @_ssdm_op_SpecInterface, i32 %fifo, void @empty_3, i32 0, i32 0, void @empty_1, i32 0, i32 0, void @empty_1, void @empty_1, void @empty_1, i32 0, i32 0, i32 0, i32 0, void @empty_1, void @empty_1, i32 4294967295, i32 0, i32 0, i32 0"   --->   Operation 45 'specinterface' 'specinterface_ln0' <Predicate = true> <Delay = 0.00>
ST_1 : Operation 46 [1/1] (0.00ns)   --->   "%specaxissidechannel_ln44 = specaxissidechannel void @_ssdm_op_SpecAXISSideChannel, i32 %out_stream_V_data_V, i4 %out_stream_V_keep_V, i4 %out_stream_V_strb_V, i1 0, i1 %out_stream_V_last_V, i1 0, i1 0, void @empty_4" [../packetizer2.cpp:44]   --->   Operation 46 'specaxissidechannel' 'specaxissidechannel_ln44' <Predicate = true> <Delay = 0.00>
ST_1 : Operation 47 [1/1] (0.00ns)   --->   "%specaxissidechannel_ln44 = specaxissidechannel void @_ssdm_op_SpecAXISSideChannel, i32 %in_stream_V_data_V, i4 %in_stream_V_keep_V, i4 %in_stream_V_strb_V, i1 0, i1 %in_stream_V_last_V, i1 0, i1 0, void @empty_5" [../packetizer2.cpp:44]   --->   Operation 47 'specaxissidechannel' 'specaxissidechannel_ln44' <Predicate = true> <Delay = 0.00>
ST_1 : Operation 48 [1/1] (0.00ns)   --->   "%seconds_from_epoch_load = load i30 %seconds_from_epoch" [../packetizer2.cpp:46]   --->   Operation 48 'load' 'seconds_from_epoch_load' <Predicate = true> <Delay = 0.00>
ST_1 : Operation 49 [1/1] (0.00ns)   --->   "%frame_no_load = load i24 %frame_no" [../packetizer2.cpp:70]   --->   Operation 49 'load' 'frame_no_load' <Predicate = true> <Delay = 0.00>
ST_1 : Operation 50 [1/1] (1.61ns)   --->   "%br_ln44 = br i1 %pps_read, void %VITIS_LOOP_54_1, void %if.then" [../packetizer2.cpp:44]   --->   Operation 50 'br' 'br_ln44' <Predicate = true> <Delay = 1.61>
ST_1 : Operation 51 [1/1] (2.63ns)   --->   "%add_ln46 = add i30 %seconds_from_epoch_load, i30 1" [../packetizer2.cpp:46]   --->   Operation 51 'add' 'add_ln46' <Predicate = (pps_read)> <Delay = 2.63> <CoreInst = "Adder">   --->   Core 1 'Adder' <Latency = 0> <II = 1> <Delay = 2.63> <FuncUnit> <Opcode : 'add' 'sub'> <InPorts = 2> <OutPorts = 1>
ST_1 : Operation 52 [1/1] (0.00ns)   --->   "%store_ln46 = store i30 %add_ln46, i30 %seconds_from_epoch" [../packetizer2.cpp:46]   --->   Operation 52 'store' 'store_ln46' <Predicate = (pps_read)> <Delay = 0.00>
ST_1 : Operation 53 [1/1] (1.61ns)   --->   "%br_ln48 = br void %VITIS_LOOP_54_1" [../packetizer2.cpp:48]   --->   Operation 53 'br' 'br_ln48' <Predicate = (pps_read)> <Delay = 1.61>
ST_1 : Operation 54 [2/2] (4.16ns)   --->   "%call_ln0 = call void @packetizer_Pipeline_VITIS_LOOP_54_1, i32 %in_stream_V_data_V, i4 %in_stream_V_keep_V, i4 %in_stream_V_strb_V, i1 %in_stream_V_last_V, i32 %fifo, i4 %p_phi_loc, i4 %p_phi4_loc"   --->   Operation 54 'call' 'call_ln0' <Predicate = true> <Delay = 4.16> <CoreType = "Generic">   --->   Generic Core

State 2 <SV = 1> <Delay = 4.90>
ST_2 : Operation 55 [1/1] (0.00ns)   --->   "%word0 = phi i30 %add_ln46, void %if.then, i30 %seconds_from_epoch_load, void %entry" [../packetizer2.cpp:46]   --->   Operation 55 'phi' 'word0' <Predicate = true> <Delay = 0.00>
ST_2 : Operation 56 [1/1] (0.00ns)   --->   "%frame_no_loc_0 = phi i24 0, void %if.then, i24 %frame_no_load, void %entry" [../packetizer2.cpp:70]   --->   Operation 56 'phi' 'frame_no_loc_0' <Predicate = true> <Delay = 0.00>
ST_2 : Operation 57 [1/2] (4.90ns)   --->   "%call_ln0 = call void @packetizer_Pipeline_VITIS_LOOP_54_1, i32 %in_stream_V_data_V, i4 %in_stream_V_keep_V, i4 %in_stream_V_strb_V, i1 %in_stream_V_last_V, i32 %fifo, i4 %p_phi_loc, i4 %p_phi4_loc"   --->   Operation 57 'call' 'call_ln0' <Predicate = true> <Delay = 4.90> <CoreType = "Generic">   --->   Generic Core
ST_2 : Operation 58 [1/1] (2.42ns)   --->   "%add_ln126 = add i24 %frame_no_loc_0, i24 1" [../packetizer2.cpp:126]   --->   Operation 58 'add' 'add_ln126' <Predicate = true> <Delay = 2.42> <CoreInst = "Adder">   --->   Core 1 'Adder' <Latency = 0> <II = 1> <Delay = 2.42> <FuncUnit> <Opcode : 'add' 'sub'> <InPorts = 2> <OutPorts = 1>
ST_2 : Operation 59 [1/1] (0.00ns)   --->   "%store_ln47 = store i24 %add_ln126, i24 %frame_no" [../packetizer2.cpp:47]   --->   Operation 59 'store' 'store_ln47' <Predicate = true> <Delay = 0.00>

State 3 <SV = 2> <Delay = 1.31>
ST_3 : Operation 60 [1/1] (0.00ns)   --->   "%p_phi_loc_load = load i4 %p_phi_loc"   --->   Operation 60 'load' 'p_phi_loc_load' <Predicate = true> <Delay = 0.00>
ST_3 : Operation 61 [1/1] (0.00ns)   --->   "%p_phi4_loc_load = load i4 %p_phi4_loc"   --->   Operation 61 'load' 'p_phi4_loc_load' <Predicate = true> <Delay = 0.00>
ST_3 : Operation 62 [1/1] (0.00ns)   --->   "%zext_ln67 = zext i30 %word0" [../packetizer2.cpp:67]   --->   Operation 62 'zext' 'zext_ln67' <Predicate = true> <Delay = 0.00>
ST_3 : Operation 63 [2/2] (1.31ns)   --->   "%write_ln94 = write void @_ssdm_op_Write.axis.volatile.i32P0A.i4P0A.i4P0A.i1P0A, i32 %out_stream_V_data_V, i4 %out_stream_V_keep_V, i4 %out_stream_V_strb_V, i1 %out_stream_V_last_V, i32 %zext_ln67, i4 %p_phi_loc_load, i4 %p_phi4_loc_load, i1 0" [../packetizer2.cpp:94]   --->   Operation 63 'write' 'write_ln94' <Predicate = true> <Delay = 1.31> <CoreInst = "regslice">   --->   Core 135 'regslice' <Latency = 0> <II = 1> <Delay = 2.05> <Adapter> <Opcode : 'read' 'write'>

State 4 <SV = 3> <Delay = 1.31>
ST_4 : Operation 64 [1/1] (0.00ns)   --->   "%word1 = bitconcatenate i30 @_ssdm_op_BitConcatenate.i30.i6.i24, i6 %epoch_read, i24 %frame_no_loc_0" [../packetizer2.cpp:70]   --->   Operation 64 'bitconcatenate' 'word1' <Predicate = true> <Delay = 0.00>
ST_4 : Operation 65 [1/1] (0.00ns)   --->   "%zext_ln70 = zext i30 %word1" [../packetizer2.cpp:70]   --->   Operation 65 'zext' 'zext_ln70' <Predicate = true> <Delay = 0.00>
ST_4 : Operation 66 [1/2] ( I:1.31ns O:1.31ns )   --->   "%write_ln94 = write void @_ssdm_op_Write.axis.volatile.i32P0A.i4P0A.i4P0A.i1P0A, i32 %out_stream_V_data_V, i4 %out_stream_V_keep_V, i4 %out_stream_V_strb_V, i1 %out_stream_V_last_V, i32 %zext_ln67, i4 %p_phi_loc_load, i4 %p_phi4_loc_load, i1 0" [../packetizer2.cpp:94]   --->   Operation 66 'write' 'write_ln94' <Predicate = true> <Delay = 1.31> <CoreInst = "regslice">   --->   Core 135 'regslice' <Latency = 0> <II = 1> <Delay = 2.05> <Adapter> <Opcode : 'read' 'write'>
ST_4 : Operation 67 [2/2] (1.31ns)   --->   "%write_ln98 = write void @_ssdm_op_Write.axis.volatile.i32P0A.i4P0A.i4P0A.i1P0A, i32 %out_stream_V_data_V, i4 %out_stream_V_keep_V, i4 %out_stream_V_strb_V, i1 %out_stream_V_last_V, i32 %zext_ln70, i4 %p_phi_loc_load, i4 %p_phi4_loc_load, i1 0" [../packetizer2.cpp:98]   --->   Operation 67 'write' 'write_ln98' <Predicate = true> <Delay = 1.31> <CoreInst = "regslice">   --->   Core 135 'regslice' <Latency = 0> <II = 1> <Delay = 2.05> <Adapter> <Opcode : 'read' 'write'>

State 5 <SV = 4> <Delay = 1.31>
ST_5 : Operation 68 [1/2] ( I:1.31ns O:1.31ns )   --->   "%write_ln98 = write void @_ssdm_op_Write.axis.volatile.i32P0A.i4P0A.i4P0A.i1P0A, i32 %out_stream_V_data_V, i4 %out_stream_V_keep_V, i4 %out_stream_V_strb_V, i1 %out_stream_V_last_V, i32 %zext_ln70, i4 %p_phi_loc_load, i4 %p_phi4_loc_load, i1 0" [../packetizer2.cpp:98]   --->   Operation 68 'write' 'write_ln98' <Predicate = true> <Delay = 1.31> <CoreInst = "regslice">   --->   Core 135 'regslice' <Latency = 0> <II = 1> <Delay = 2.05> <Adapter> <Opcode : 'read' 'write'>
ST_5 : Operation 69 [2/2] (1.31ns)   --->   "%write_ln102 = write void @_ssdm_op_Write.axis.volatile.i32P0A.i4P0A.i4P0A.i1P0A, i32 %out_stream_V_data_V, i4 %out_stream_V_keep_V, i4 %out_stream_V_strb_V, i1 %out_stream_V_last_V, i32 536870920, i4 %p_phi_loc_load, i4 %p_phi4_loc_load, i1 0" [../packetizer2.cpp:102]   --->   Operation 69 'write' 'write_ln102' <Predicate = true> <Delay = 1.31> <CoreInst = "regslice">   --->   Core 135 'regslice' <Latency = 0> <II = 1> <Delay = 2.05> <Adapter> <Opcode : 'read' 'write'>

State 6 <SV = 5> <Delay = 4.98>
ST_6 : Operation 70 [1/1] (0.00ns)   --->   "%shl_ln = bitconcatenate i32 @_ssdm_op_BitConcatenate.i32.i1.i31, i1 %complex_data_read, i31 0" [../packetizer2.cpp:83]   --->   Operation 70 'bitconcatenate' 'shl_ln' <Predicate = true> <Delay = 0.00>
ST_6 : Operation 71 [1/1] (0.00ns)   --->   "%shl_ln1 = bitconcatenate i31 @_ssdm_op_BitConcatenate.i31.i5.i26, i5 %bits_per_sample_read, i26 0" [../packetizer2.cpp:84]   --->   Operation 71 'bitconcatenate' 'shl_ln1' <Predicate = true> <Delay = 0.00>
ST_6 : Operation 72 [1/1] (0.00ns)   --->   "%zext_ln85 = zext i31 %shl_ln1" [../packetizer2.cpp:85]   --->   Operation 72 'zext' 'zext_ln85' <Predicate = true> <Delay = 0.00>
ST_6 : Operation 73 [1/1] (2.66ns)   --->   "%add_ln85 = add i32 %zext_ln85, i32 4227858432" [../packetizer2.cpp:85]   --->   Operation 73 'add' 'add_ln85' <Predicate = true> <Delay = 2.66> <CoreInst = "Adder">   --->   Core 1 'Adder' <Latency = 0> <II = 1> <Delay = 2.70> <FuncUnit> <Opcode : 'add' 'sub'> <InPorts = 2> <OutPorts = 1>
ST_6 : Operation 74 [1/1] (0.00ns)   --->   "%tmp_1 = partselect i6 @_ssdm_op_PartSelect.i6.i32.i32.i32, i32 %add_ln85, i32 26, i32 31" [../packetizer2.cpp:85]   --->   Operation 74 'partselect' 'tmp_1' <Predicate = true> <Delay = 0.00>
ST_6 : Operation 75 [1/1] (0.00ns)   --->   "%or_ln85_1 = bitconcatenate i32 @_ssdm_op_BitConcatenate.i32.i6.i10.i16, i6 %tmp_1, i10 %thread_id_read, i16 %station_id_read" [../packetizer2.cpp:85]   --->   Operation 75 'bitconcatenate' 'or_ln85_1' <Predicate = true> <Delay = 0.00>
ST_6 : Operation 76 [1/1] (0.99ns)   --->   "%word3 = or i32 %or_ln85_1, i32 %shl_ln" [../packetizer2.cpp:85]   --->   Operation 76 'or' 'word3' <Predicate = true> <Delay = 0.99> <CoreInst = "LogicGate">   --->   Core 74 'LogicGate' <Latency = 0> <II = 1> <Delay = 0.99> <FuncUnit> <Opcode : 'and' 'or' 'xor'> <InPorts = 2> <OutPorts = 1>
ST_6 : Operation 77 [1/2] ( I:1.31ns O:1.31ns )   --->   "%write_ln102 = write void @_ssdm_op_Write.axis.volatile.i32P0A.i4P0A.i4P0A.i1P0A, i32 %out_stream_V_data_V, i4 %out_stream_V_keep_V, i4 %out_stream_V_strb_V, i1 %out_stream_V_last_V, i32 536870920, i4 %p_phi_loc_load, i4 %p_phi4_loc_load, i1 0" [../packetizer2.cpp:102]   --->   Operation 77 'write' 'write_ln102' <Predicate = true> <Delay = 1.31> <CoreInst = "regslice">   --->   Core 135 'regslice' <Latency = 0> <II = 1> <Delay = 2.05> <Adapter> <Opcode : 'read' 'write'>
ST_6 : Operation 78 [2/2] (1.31ns)   --->   "%write_ln106 = write void @_ssdm_op_Write.axis.volatile.i32P0A.i4P0A.i4P0A.i1P0A, i32 %out_stream_V_data_V, i4 %out_stream_V_keep_V, i4 %out_stream_V_strb_V, i1 %out_stream_V_last_V, i32 %word3, i4 %p_phi_loc_load, i4 %p_phi4_loc_load, i1 0" [../packetizer2.cpp:106]   --->   Operation 78 'write' 'write_ln106' <Predicate = true> <Delay = 1.31> <CoreInst = "regslice">   --->   Core 135 'regslice' <Latency = 0> <II = 1> <Delay = 2.05> <Adapter> <Opcode : 'read' 'write'>

State 7 <SV = 6> <Delay = 1.31>
ST_7 : Operation 79 [1/2] ( I:1.31ns O:1.31ns )   --->   "%write_ln106 = write void @_ssdm_op_Write.axis.volatile.i32P0A.i4P0A.i4P0A.i1P0A, i32 %out_stream_V_data_V, i4 %out_stream_V_keep_V, i4 %out_stream_V_strb_V, i1 %out_stream_V_last_V, i32 %word3, i4 %p_phi_loc_load, i4 %p_phi4_loc_load, i1 0" [../packetizer2.cpp:106]   --->   Operation 79 'write' 'write_ln106' <Predicate = true> <Delay = 1.31> <CoreInst = "regslice">   --->   Core 135 'regslice' <Latency = 0> <II = 1> <Delay = 2.05> <Adapter> <Opcode : 'read' 'write'>

State 8 <SV = 7> <Delay = 0.00>
ST_8 : Operation 80 [2/2] (0.00ns)   --->   "%call_ln0 = call void @packetizer_Pipeline_VITIS_LOOP_112_2, i32 %fifo, i4 %p_phi_loc_load, i4 %p_phi4_loc_load, i32 %out_stream_V_data_V, i4 %out_stream_V_keep_V, i4 %out_stream_V_strb_V, i1 %out_stream_V_last_V"   --->   Operation 80 'call' 'call_ln0' <Predicate = true> <Delay = 0.00> <CoreType = "Generic">   --->   Generic Core

State 9 <SV = 8> <Delay = 4.96>
ST_9 : Operation 81 [1/2] (4.96ns)   --->   "%call_ln0 = call void @packetizer_Pipeline_VITIS_LOOP_112_2, i32 %fifo, i4 %p_phi_loc_load, i4 %p_phi4_loc_load, i32 %out_stream_V_data_V, i4 %out_stream_V_keep_V, i4 %out_stream_V_strb_V, i1 %out_stream_V_last_V"   --->   Operation 81 'call' 'call_ln0' <Predicate = true> <Delay = 4.96> <CoreType = "Generic">   --->   Generic Core

State 10 <SV = 9> <Delay = 0.00>
ST_10 : Operation 82 [1/1] (0.00ns)   --->   "%ret_ln127 = ret" [../packetizer2.cpp:127]   --->   Operation 82 'ret' 'ret_ln127' <Predicate = true> <Delay = 0.00>


============================================================
+ Verbose Summary: Binding
============================================================
STG Binding: 
---------------- STG Properties BEGIN ----------------
- Is combinational: 0
- Is one-state seq: 0
- Is datapath-only: 0
- Is pipelined: 0
- Is top level: 1
Port [ Return ] is wired: 1; IO mode=ap_ctrl_none:ce=0
Port [ in_stream_V_data_V]:  wired=1; compound=1; hidden=0; nouse=0; global=0; static=0; extern=0; dir=0; type=0; pingpong=0; private_global=0; IO mode=axis:ce=0
Port [ in_stream_V_keep_V]:  wired=1; compound=1; hidden=0; nouse=0; global=0; static=0; extern=0; dir=0; type=0; pingpong=0; private_global=0; IO mode=axis:ce=0
Port [ in_stream_V_strb_V]:  wired=1; compound=1; hidden=0; nouse=0; global=0; static=0; extern=0; dir=0; type=0; pingpong=0; private_global=0; IO mode=axis:ce=0
Port [ in_stream_V_last_V]:  wired=1; compound=1; hidden=0; nouse=0; global=0; static=0; extern=0; dir=0; type=0; pingpong=0; private_global=0; IO mode=axis:ce=0
Port [ out_stream_V_data_V]:  wired=1; compound=1; hidden=0; nouse=0; global=0; static=0; extern=0; dir=1; type=0; pingpong=0; private_global=0; IO mode=axis:ce=0
Port [ out_stream_V_keep_V]:  wired=1; compound=1; hidden=0; nouse=0; global=0; static=0; extern=0; dir=1; type=0; pingpong=0; private_global=0; IO mode=axis:ce=0
Port [ out_stream_V_strb_V]:  wired=1; compound=1; hidden=0; nouse=0; global=0; static=0; extern=0; dir=1; type=0; pingpong=0; private_global=0; IO mode=axis:ce=0
Port [ out_stream_V_last_V]:  wired=1; compound=1; hidden=0; nouse=0; global=0; static=0; extern=0; dir=1; type=0; pingpong=0; private_global=0; IO mode=axis:ce=0
Port [ epoch]:  wired=1; compound=0; hidden=0; nouse=0; global=0; static=0; extern=0; dir=0; type=0; pingpong=0; private_global=0; IO mode=ap_none:ce=0
Port [ station_id]:  wired=1; compound=0; hidden=0; nouse=0; global=0; static=0; extern=0; dir=0; type=0; pingpong=0; private_global=0; IO mode=ap_none:ce=0
Port [ thread_id]:  wired=1; compound=0; hidden=0; nouse=0; global=0; static=0; extern=0; dir=0; type=0; pingpong=0; private_global=0; IO mode=ap_none:ce=0
Port [ bits_per_sample]:  wired=1; compound=0; hidden=0; nouse=0; global=0; static=0; extern=0; dir=0; type=0; pingpong=0; private_global=0; IO mode=ap_none:ce=0
Port [ complex_data]:  wired=1; compound=0; hidden=0; nouse=0; global=0; static=0; extern=0; dir=0; type=0; pingpong=0; private_global=0; IO mode=ap_none:ce=0
Port [ pps]:  wired=1; compound=0; hidden=0; nouse=0; global=0; static=0; extern=0; dir=0; type=0; pingpong=0; private_global=0; IO mode=ap_none:ce=0
Port [ seconds_from_epoch]:  wired=0; compound=0; hidden=1; nouse=0; global=1; static=1; extern=0; dir=2; type=0; pingpong=0; private_global=1; IO mode=ap_ovld:ce=0
Port [ frame_no]:  wired=0; compound=0; hidden=1; nouse=0; global=1; static=1; extern=0; dir=2; type=0; pingpong=0; private_global=1; IO mode=ap_ovld:ce=0
---------------- STG Properties END ------------------

---------------- Datapath Model BEGIN ----------------

<LifeTime>
<method=bitvector/>
pps_read                 (read               ) [ 01000000000]
complex_data_read        (read               ) [ 00111110000]
bits_per_sample_read     (read               ) [ 00111110000]
thread_id_read           (read               ) [ 00111110000]
station_id_read          (read               ) [ 00111110000]
epoch_read               (read               ) [ 00111000000]
p_phi4_loc               (alloca             ) [ 01110000000]
p_phi_loc                (alloca             ) [ 01110000000]
spectopmodule_ln7        (spectopmodule      ) [ 00000000000]
specinterface_ln7        (specinterface      ) [ 00000000000]
specinterface_ln0        (specinterface      ) [ 00000000000]
specbitsmap_ln0          (specbitsmap        ) [ 00000000000]
specbitsmap_ln0          (specbitsmap        ) [ 00000000000]
specbitsmap_ln0          (specbitsmap        ) [ 00000000000]
specbitsmap_ln0          (specbitsmap        ) [ 00000000000]
specinterface_ln0        (specinterface      ) [ 00000000000]
specbitsmap_ln0          (specbitsmap        ) [ 00000000000]
specbitsmap_ln0          (specbitsmap        ) [ 00000000000]
specbitsmap_ln0          (specbitsmap        ) [ 00000000000]
specbitsmap_ln0          (specbitsmap        ) [ 00000000000]
specbitsmap_ln0          (specbitsmap        ) [ 00000000000]
specinterface_ln0        (specinterface      ) [ 00000000000]
specbitsmap_ln0          (specbitsmap        ) [ 00000000000]
specinterface_ln0        (specinterface      ) [ 00000000000]
specbitsmap_ln0          (specbitsmap        ) [ 00000000000]
specinterface_ln0        (specinterface      ) [ 00000000000]
specbitsmap_ln0          (specbitsmap        ) [ 00000000000]
specinterface_ln0        (specinterface      ) [ 00000000000]
specbitsmap_ln0          (specbitsmap        ) [ 00000000000]
specinterface_ln0        (specinterface      ) [ 00000000000]
specbitsmap_ln0          (specbitsmap        ) [ 00000000000]
specinterface_ln0        (specinterface      ) [ 00000000000]
fifo                     (alloca             ) [ 01111111110]
empty                    (specchannel        ) [ 00000000000]
specinterface_ln0        (specinterface      ) [ 00000000000]
specaxissidechannel_ln44 (specaxissidechannel) [ 00000000000]
specaxissidechannel_ln44 (specaxissidechannel) [ 00000000000]
seconds_from_epoch_load  (load               ) [ 01100000000]
frame_no_load            (load               ) [ 01100000000]
br_ln44                  (br                 ) [ 01100000000]
add_ln46                 (add                ) [ 01100000000]
store_ln46               (store              ) [ 00000000000]
br_ln48                  (br                 ) [ 01100000000]
word0                    (phi                ) [ 00110000000]
frame_no_loc_0           (phi                ) [ 00111000000]
call_ln0                 (call               ) [ 00000000000]
add_ln126                (add                ) [ 00000000000]
store_ln47               (store              ) [ 00000000000]
p_phi_loc_load           (load               ) [ 00001111110]
p_phi4_loc_load          (load               ) [ 00001111110]
zext_ln67                (zext               ) [ 00001000000]
word1                    (bitconcatenate     ) [ 00000000000]
zext_ln70                (zext               ) [ 00000100000]
write_ln94               (write              ) [ 00000000000]
write_ln98               (write              ) [ 00000000000]
shl_ln                   (bitconcatenate     ) [ 00000000000]
shl_ln1                  (bitconcatenate     ) [ 00000000000]
zext_ln85                (zext               ) [ 00000000000]
add_ln85                 (add                ) [ 00000000000]
tmp_1                    (partselect         ) [ 00000000000]
or_ln85_1                (bitconcatenate     ) [ 00000000000]
word3                    (or                 ) [ 00000001000]
write_ln102              (write              ) [ 00000000000]
write_ln106              (write              ) [ 00000000000]
call_ln0                 (call               ) [ 00000000000]
ret_ln127                (ret                ) [ 00000000000]
</LifeTime>

<model>

<comp_list>
<comp id="0" class="1000" name="in_stream_V_data_V">
<pin_list>
<pin id="1" dir="1" index="0" bw="1" slack="0"/>
</pin_list>
<bind>
<StgValue><ssdm name="in_stream_V_data_V"/></StgValue>
</bind>
</comp>

<comp id="2" class="1000" name="in_stream_V_keep_V">
<pin_list>
<pin id="3" dir="1" index="0" bw="1" slack="0"/>
</pin_list>
<bind>
<StgValue><ssdm name="in_stream_V_keep_V"/></StgValue>
</bind>
</comp>

<comp id="4" class="1000" name="in_stream_V_strb_V">
<pin_list>
<pin id="5" dir="1" index="0" bw="1" slack="0"/>
</pin_list>
<bind>
<StgValue><ssdm name="in_stream_V_strb_V"/></StgValue>
</bind>
</comp>

<comp id="6" class="1000" name="in_stream_V_last_V">
<pin_list>
<pin id="7" dir="1" index="0" bw="1" slack="0"/>
</pin_list>
<bind>
<StgValue><ssdm name="in_stream_V_last_V"/></StgValue>
</bind>
</comp>

<comp id="8" class="1000" name="out_stream_V_data_V">
<pin_list>
<pin id="9" dir="1" index="0" bw="1" slack="0"/>
</pin_list>
<bind>
<StgValue><ssdm name="out_stream_V_data_V"/></StgValue>
</bind>
</comp>

<comp id="10" class="1000" name="out_stream_V_keep_V">
<pin_list>
<pin id="11" dir="1" index="0" bw="1" slack="0"/>
</pin_list>
<bind>
<StgValue><ssdm name="out_stream_V_keep_V"/></StgValue>
</bind>
</comp>

<comp id="12" class="1000" name="out_stream_V_strb_V">
<pin_list>
<pin id="13" dir="1" index="0" bw="1" slack="0"/>
</pin_list>
<bind>
<StgValue><ssdm name="out_stream_V_strb_V"/></StgValue>
</bind>
</comp>

<comp id="14" class="1000" name="out_stream_V_last_V">
<pin_list>
<pin id="15" dir="1" index="0" bw="1" slack="0"/>
</pin_list>
<bind>
<StgValue><ssdm name="out_stream_V_last_V"/></StgValue>
</bind>
</comp>

<comp id="16" class="1000" name="epoch">
<pin_list>
<pin id="17" dir="1" index="0" bw="1" slack="0"/>
</pin_list>
<bind>
<StgValue><ssdm name="epoch"/></StgValue>
</bind>
</comp>

<comp id="18" class="1000" name="station_id">
<pin_list>
<pin id="19" dir="1" index="0" bw="1" slack="0"/>
</pin_list>
<bind>
<StgValue><ssdm name="station_id"/></StgValue>
</bind>
</comp>

<comp id="20" class="1000" name="thread_id">
<pin_list>
<pin id="21" dir="1" index="0" bw="1" slack="0"/>
</pin_list>
<bind>
<StgValue><ssdm name="thread_id"/></StgValue>
</bind>
</comp>

<comp id="22" class="1000" name="bits_per_sample">
<pin_list>
<pin id="23" dir="1" index="0" bw="1" slack="0"/>
</pin_list>
<bind>
<StgValue><ssdm name="bits_per_sample"/></StgValue>
</bind>
</comp>

<comp id="24" class="1000" name="complex_data">
<pin_list>
<pin id="25" dir="1" index="0" bw="1" slack="0"/>
</pin_list>
<bind>
<StgValue><ssdm name="complex_data"/></StgValue>
</bind>
</comp>

<comp id="26" class="1000" name="pps">
<pin_list>
<pin id="27" dir="1" index="0" bw="1" slack="0"/>
</pin_list>
<bind>
<StgValue><ssdm name="pps"/></StgValue>
</bind>
</comp>

<comp id="28" class="1000" name="seconds_from_epoch">
<pin_list>
<pin id="29" dir="1" index="0" bw="1" slack="0"/>
</pin_list>
<bind>
<StgValue><ssdm name="seconds_from_epoch"/></StgValue>
</bind>
</comp>

<comp id="30" class="1000" name="frame_no">
<pin_list>
<pin id="31" dir="1" index="0" bw="1" slack="0"/>
</pin_list>
<bind>
<StgValue><ssdm name="frame_no"/></StgValue>
</bind>
</comp>

<comp id="32" class="1001" name="const_32">
<pin_list>
<pin id="33" dir="1" index="0" bw="1" slack="0"/>
</pin_list>
<bind>
<StgValue><ssdm name="_ssdm_op_Read.ap_none.i1"/></StgValue>
</bind>
</comp>

<comp id="34" class="1001" name="const_34">
<pin_list>
<pin id="35" dir="1" index="0" bw="1" slack="0"/>
</pin_list>
<bind>
<StgValue><ssdm name="_ssdm_op_Read.ap_none.i5"/></StgValue>
</bind>
</comp>

<comp id="36" class="1001" name="const_36">
<pin_list>
<pin id="37" dir="1" index="0" bw="1" slack="0"/>
</pin_list>
<bind>
<StgValue><ssdm name="_ssdm_op_Read.ap_none.i10"/></StgValue>
</bind>
</comp>

<comp id="38" class="1001" name="const_38">
<pin_list>
<pin id="39" dir="1" index="0" bw="1" slack="0"/>
</pin_list>
<bind>
<StgValue><ssdm name="_ssdm_op_Read.ap_none.i16"/></StgValue>
</bind>
</comp>

<comp id="40" class="1001" name="const_40">
<pin_list>
<pin id="41" dir="1" index="0" bw="1" slack="0"/>
</pin_list>
<bind>
<StgValue><ssdm name="_ssdm_op_Read.ap_none.i6"/></StgValue>
</bind>
</comp>

<comp id="42" class="1001" name="const_42">
<pin_list>
<pin id="43" dir="1" index="0" bw="1" slack="0"/>
</pin_list>
<bind>
<StgValue><ssdm name=""/></StgValue>
</bind>
</comp>

<comp id="44" class="1001" name="const_44">
<pin_list>
<pin id="45" dir="1" index="0" bw="1" slack="2147483647"/>
</pin_list>
<bind>
<StgValue><ssdm name="_ssdm_op_SpecTopModule"/></StgValue>
</bind>
</comp>

<comp id="46" class="1001" name="const_46">
<pin_list>
<pin id="47" dir="1" index="0" bw="1" slack="2147483647"/>
</pin_list>
<bind>
<StgValue><ssdm name="empty_6"/></StgValue>
</bind>
</comp>

<comp id="48" class="1001" name="const_48">
<pin_list>
<pin id="49" dir="1" index="0" bw="1" slack="2147483647"/>
</pin_list>
<bind>
<StgValue><ssdm name="_ssdm_op_SpecInterface"/></StgValue>
</bind>
</comp>

<comp id="50" class="1001" name="const_50">
<pin_list>
<pin id="51" dir="1" index="0" bw="1" slack="2147483647"/>
</pin_list>
<bind>
<StgValue><ssdm name=""/></StgValue>
</bind>
</comp>

<comp id="52" class="1001" name="const_52">
<pin_list>
<pin id="53" dir="1" index="0" bw="1" slack="2147483647"/>
</pin_list>
<bind>
<StgValue><ssdm name="empty_7"/></StgValue>
</bind>
</comp>

<comp id="54" class="1001" name="const_54">
<pin_list>
<pin id="55" dir="1" index="0" bw="1" slack="2147483647"/>
</pin_list>
<bind>
<StgValue><ssdm name="empty_1"/></StgValue>
</bind>
</comp>

<comp id="56" class="1001" name="const_56">
<pin_list>
<pin id="57" dir="1" index="0" bw="1" slack="2147483647"/>
</pin_list>
<bind>
<StgValue><ssdm name=""/></StgValue>
</bind>
</comp>

<comp id="58" class="1001" name="const_58">
<pin_list>
<pin id="59" dir="1" index="0" bw="1" slack="2147483647"/>
</pin_list>
<bind>
<StgValue><ssdm name="empty"/></StgValue>
</bind>
</comp>

<comp id="60" class="1001" name="const_60">
<pin_list>
<pin id="61" dir="1" index="0" bw="1" slack="2147483647"/>
</pin_list>
<bind>
<StgValue><ssdm name=""/></StgValue>
</bind>
</comp>

<comp id="62" class="1001" name="const_62">
<pin_list>
<pin id="63" dir="1" index="0" bw="1" slack="2147483647"/>
</pin_list>
<bind>
<StgValue><ssdm name="empty_0"/></StgValue>
</bind>
</comp>

<comp id="64" class="1001" name="const_64">
<pin_list>
<pin id="65" dir="1" index="0" bw="1" slack="2147483647"/>
</pin_list>
<bind>
<StgValue><ssdm name="_ssdm_op_SpecBitsMap"/></StgValue>
</bind>
</comp>

<comp id="66" class="1001" name="const_66">
<pin_list>
<pin id="67" dir="1" index="0" bw="1" slack="2147483647"/>
</pin_list>
<bind>
<StgValue><ssdm name="empty_2"/></StgValue>
</bind>
</comp>

<comp id="68" class="1001" name="const_68">
<pin_list>
<pin id="69" dir="1" index="0" bw="1" slack="2147483647"/>
</pin_list>
<bind>
<StgValue><ssdm name="_ssdm_op_SpecChannel"/></StgValue>
</bind>
</comp>

<comp id="70" class="1001" name="const_70">
<pin_list>
<pin id="71" dir="1" index="0" bw="1" slack="2147483647"/>
</pin_list>
<bind>
<StgValue><ssdm name="fifo_str"/></StgValue>
</bind>
</comp>

<comp id="72" class="1001" name="const_72">
<pin_list>
<pin id="73" dir="1" index="0" bw="1" slack="2147483647"/>
</pin_list>
<bind>
<StgValue><ssdm name="p_str"/></StgValue>
</bind>
</comp>

<comp id="74" class="1001" name="const_74">
<pin_list>
<pin id="75" dir="1" index="0" bw="1" slack="2147483647"/>
</pin_list>
<bind>
<StgValue><ssdm name=""/></StgValue>
</bind>
</comp>

<comp id="76" class="1001" name="const_76">
<pin_list>
<pin id="77" dir="1" index="0" bw="1" slack="2147483647"/>
</pin_list>
<bind>
<StgValue><ssdm name="empty_3"/></StgValue>
</bind>
</comp>

<comp id="78" class="1001" name="const_78">
<pin_list>
<pin id="79" dir="1" index="0" bw="1" slack="2147483647"/>
</pin_list>
<bind>
<StgValue><ssdm name="_ssdm_op_SpecAXISSideChannel"/></StgValue>
</bind>
</comp>

<comp id="80" class="1001" name="const_80">
<pin_list>
<pin id="81" dir="1" index="0" bw="1" slack="2147483647"/>
</pin_list>
<bind>
<StgValue><ssdm name=""/></StgValue>
</bind>
</comp>

<comp id="82" class="1001" name="const_82">
<pin_list>
<pin id="83" dir="1" index="0" bw="1" slack="2147483647"/>
</pin_list>
<bind>
<StgValue><ssdm name="empty_4"/></StgValue>
</bind>
</comp>

<comp id="84" class="1001" name="const_84">
<pin_list>
<pin id="85" dir="1" index="0" bw="1" slack="2147483647"/>
</pin_list>
<bind>
<StgValue><ssdm name="empty_5"/></StgValue>
</bind>
</comp>

<comp id="86" class="1001" name="const_86">
<pin_list>
<pin id="87" dir="1" index="0" bw="1" slack="0"/>
</pin_list>
<bind>
<StgValue><ssdm name=""/></StgValue>
</bind>
</comp>

<comp id="88" class="1001" name="const_88">
<pin_list>
<pin id="89" dir="1" index="0" bw="1" slack="0"/>
</pin_list>
<bind>
<StgValue><ssdm name="packetizer_Pipeline_VITIS_LOOP_54_1"/></StgValue>
</bind>
</comp>

<comp id="90" class="1001" name="const_90">
<pin_list>
<pin id="91" dir="1" index="0" bw="1" slack="1"/>
</pin_list>
<bind>
<StgValue><ssdm name=""/></StgValue>
</bind>
</comp>

<comp id="92" class="1001" name="const_92">
<pin_list>
<pin id="93" dir="1" index="0" bw="1" slack="0"/>
</pin_list>
<bind>
<StgValue><ssdm name=""/></StgValue>
</bind>
</comp>

<comp id="94" class="1001" name="const_94">
<pin_list>
<pin id="95" dir="1" index="0" bw="1" slack="0"/>
</pin_list>
<bind>
<StgValue><ssdm name="_ssdm_op_Write.axis.volatile.i32P0A.i4P0A.i4P0A.i1P0A"/></StgValue>
</bind>
</comp>

<comp id="96" class="1001" name="const_96">
<pin_list>
<pin id="97" dir="1" index="0" bw="1" slack="0"/>
</pin_list>
<bind>
<StgValue><ssdm name=""/></StgValue>
</bind>
</comp>

<comp id="98" class="1001" name="const_98">
<pin_list>
<pin id="99" dir="1" index="0" bw="1" slack="0"/>
</pin_list>
<bind>
<StgValue><ssdm name="_ssdm_op_BitConcatenate.i30.i6.i24"/></StgValue>
</bind>
</comp>

<comp id="100" class="1001" name="const_100">
<pin_list>
<pin id="101" dir="1" index="0" bw="1" slack="0"/>
</pin_list>
<bind>
<StgValue><ssdm name=""/></StgValue>
</bind>
</comp>

<comp id="102" class="1001" name="const_102">
<pin_list>
<pin id="103" dir="1" index="0" bw="1" slack="0"/>
</pin_list>
<bind>
<StgValue><ssdm name="_ssdm_op_BitConcatenate.i32.i1.i31"/></StgValue>
</bind>
</comp>

<comp id="104" class="1001" name="const_104">
<pin_list>
<pin id="105" dir="1" index="0" bw="1" slack="0"/>
</pin_list>
<bind>
<StgValue><ssdm name=""/></StgValue>
</bind>
</comp>

<comp id="106" class="1001" name="const_106">
<pin_list>
<pin id="107" dir="1" index="0" bw="1" slack="0"/>
</pin_list>
<bind>
<StgValue><ssdm name="_ssdm_op_BitConcatenate.i31.i5.i26"/></StgValue>
</bind>
</comp>

<comp id="108" class="1001" name="const_108">
<pin_list>
<pin id="109" dir="1" index="0" bw="1" slack="0"/>
</pin_list>
<bind>
<StgValue><ssdm name=""/></StgValue>
</bind>
</comp>

<comp id="110" class="1001" name="const_110">
<pin_list>
<pin id="111" dir="1" index="0" bw="1" slack="0"/>
</pin_list>
<bind>
<StgValue><ssdm name=""/></StgValue>
</bind>
</comp>

<comp id="112" class="1001" name="const_112">
<pin_list>
<pin id="113" dir="1" index="0" bw="1" slack="0"/>
</pin_list>
<bind>
<StgValue><ssdm name="_ssdm_op_PartSelect.i6.i32.i32.i32"/></StgValue>
</bind>
</comp>

<comp id="114" class="1001" name="const_114">
<pin_list>
<pin id="115" dir="1" index="0" bw="1" slack="0"/>
</pin_list>
<bind>
<StgValue><ssdm name=""/></StgValue>
</bind>
</comp>

<comp id="116" class="1001" name="const_116">
<pin_list>
<pin id="117" dir="1" index="0" bw="1" slack="0"/>
</pin_list>
<bind>
<StgValue><ssdm name=""/></StgValue>
</bind>
</comp>

<comp id="118" class="1001" name="const_118">
<pin_list>
<pin id="119" dir="1" index="0" bw="1" slack="0"/>
</pin_list>
<bind>
<StgValue><ssdm name="_ssdm_op_BitConcatenate.i32.i6.i10.i16"/></StgValue>
</bind>
</comp>

<comp id="120" class="1001" name="const_120">
<pin_list>
<pin id="121" dir="1" index="0" bw="1" slack="0"/>
</pin_list>
<bind>
<StgValue><ssdm name="packetizer_Pipeline_VITIS_LOOP_112_2"/></StgValue>
</bind>
</comp>

<comp id="122" class="1004" name="p_phi4_loc_fu_122">
<pin_list>
<pin id="123" dir="0" index="0" bw="1" slack="0"/>
<pin id="124" dir="1" index="1" bw="4" slack="0"/>
</pin_list>
<bind>
<opcode="alloca(26) " fcode="alloca"/>
<opset="p_phi4_loc/1 "/>
</bind>
</comp>

<comp id="126" class="1004" name="p_phi_loc_fu_126">
<pin_list>
<pin id="127" dir="0" index="0" bw="1" slack="0"/>
<pin id="128" dir="1" index="1" bw="4" slack="0"/>
</pin_list>
<bind>
<opcode="alloca(26) " fcode="alloca"/>
<opset="p_phi_loc/1 "/>
</bind>
</comp>

<comp id="130" class="1004" name="fifo_fu_130">
<pin_list>
<pin id="131" dir="0" index="0" bw="1" slack="0"/>
<pin id="132" dir="1" index="1" bw="32" slack="0"/>
</pin_list>
<bind>
<opcode="alloca(26) " fcode="alloca"/>
<opset="fifo/1 "/>
</bind>
</comp>

<comp id="134" class="1004" name="pps_read_read_fu_134">
<pin_list>
<pin id="135" dir="0" index="0" bw="1" slack="0"/>
<pin id="136" dir="0" index="1" bw="1" slack="0"/>
<pin id="137" dir="1" index="2" bw="1" slack="2147483647"/>
</pin_list>
<bind>
<opcode="read(1150) " fcode="read"/>
<opset="pps_read/1 "/>
</bind>
</comp>

<comp id="140" class="1004" name="complex_data_read_read_fu_140">
<pin_list>
<pin id="141" dir="0" index="0" bw="1" slack="0"/>
<pin id="142" dir="0" index="1" bw="1" slack="0"/>
<pin id="143" dir="1" index="2" bw="1" slack="5"/>
</pin_list>
<bind>
<opcode="read(1150) " fcode="read"/>
<opset="complex_data_read/1 "/>
</bind>
</comp>

<comp id="146" class="1004" name="bits_per_sample_read_read_fu_146">
<pin_list>
<pin id="147" dir="0" index="0" bw="5" slack="0"/>
<pin id="148" dir="0" index="1" bw="5" slack="0"/>
<pin id="149" dir="1" index="2" bw="5" slack="5"/>
</pin_list>
<bind>
<opcode="read(1150) " fcode="read"/>
<opset="bits_per_sample_read/1 "/>
</bind>
</comp>

<comp id="152" class="1004" name="thread_id_read_read_fu_152">
<pin_list>
<pin id="153" dir="0" index="0" bw="10" slack="0"/>
<pin id="154" dir="0" index="1" bw="10" slack="0"/>
<pin id="155" dir="1" index="2" bw="10" slack="5"/>
</pin_list>
<bind>
<opcode="read(1150) " fcode="read"/>
<opset="thread_id_read/1 "/>
</bind>
</comp>

<comp id="158" class="1004" name="station_id_read_read_fu_158">
<pin_list>
<pin id="159" dir="0" index="0" bw="16" slack="0"/>
<pin id="160" dir="0" index="1" bw="16" slack="0"/>
<pin id="161" dir="1" index="2" bw="16" slack="5"/>
</pin_list>
<bind>
<opcode="read(1150) " fcode="read"/>
<opset="station_id_read/1 "/>
</bind>
</comp>

<comp id="164" class="1004" name="epoch_read_read_fu_164">
<pin_list>
<pin id="165" dir="0" index="0" bw="6" slack="0"/>
<pin id="166" dir="0" index="1" bw="6" slack="0"/>
<pin id="167" dir="1" index="2" bw="6" slack="3"/>
</pin_list>
<bind>
<opcode="read(1150) " fcode="read"/>
<opset="epoch_read/1 "/>
</bind>
</comp>

<comp id="170" class="1004" name="grp_write_fu_170">
<pin_list>
<pin id="171" dir="0" index="0" bw="0" slack="0"/>
<pin id="172" dir="0" index="1" bw="32" slack="0"/>
<pin id="173" dir="0" index="2" bw="4" slack="0"/>
<pin id="174" dir="0" index="3" bw="4" slack="0"/>
<pin id="175" dir="0" index="4" bw="1" slack="0"/>
<pin id="176" dir="0" index="5" bw="32" slack="0"/>
<pin id="177" dir="0" index="6" bw="4" slack="0"/>
<pin id="178" dir="0" index="7" bw="4" slack="0"/>
<pin id="179" dir="0" index="8" bw="1" slack="0"/>
<pin id="180" dir="1" index="9" bw="0" slack="2147483647"/>
</pin_list>
<bind>
<opcode="write(1151) " fcode="write"/>
<opset="write_ln94/3 write_ln98/4 write_ln102/5 write_ln106/6 "/>
</bind>
</comp>

<comp id="188" class="1005" name="word0_reg_188">
<pin_list>
<pin id="189" dir="0" index="0" bw="30" slack="1"/>
<pin id="190" dir="1" index="1" bw="30" slack="1"/>
</pin_list>
<bind>
<opset="word0 (phireg) "/>
</bind>
</comp>

<comp id="191" class="1004" name="word0_phi_fu_191">
<pin_list>
<pin id="192" dir="0" index="0" bw="30" slack="1"/>
<pin id="193" dir="0" index="1" bw="0" slack="2147483647"/>
<pin id="194" dir="0" index="2" bw="30" slack="1"/>
<pin id="195" dir="0" index="3" bw="0" slack="2147483647"/>
<pin id="196" dir="1" index="4" bw="30" slack="1"/>
</pin_list>
<bind>
<opcode="phi(47) " fcode="phi"/>
<opset="word0/2 "/>
</bind>
</comp>

<comp id="198" class="1005" name="frame_no_loc_0_reg_198">
<pin_list>
<pin id="199" dir="0" index="0" bw="24" slack="1"/>
<pin id="200" dir="1" index="1" bw="24" slack="1"/>
</pin_list>
<bind>
<opset="frame_no_loc_0 (phireg) "/>
</bind>
</comp>

<comp id="202" class="1004" name="frame_no_loc_0_phi_fu_202">
<pin_list>
<pin id="203" dir="0" index="0" bw="1" slack="1"/>
<pin id="204" dir="0" index="1" bw="0" slack="2147483647"/>
<pin id="205" dir="0" index="2" bw="24" slack="2147483647"/>
<pin id="206" dir="0" index="3" bw="0" slack="2147483647"/>
<pin id="207" dir="1" index="4" bw="24" slack="0"/>
</pin_list>
<bind>
<opcode="phi(47) " fcode="phi"/>
<opset="frame_no_loc_0/2 "/>
</bind>
</comp>

<comp id="210" class="1004" name="grp_packetizer_Pipeline_VITIS_LOOP_54_1_fu_210">
<pin_list>
<pin id="211" dir="0" index="0" bw="0" slack="0"/>
<pin id="212" dir="0" index="1" bw="32" slack="0"/>
<pin id="213" dir="0" index="2" bw="4" slack="0"/>
<pin id="214" dir="0" index="3" bw="4" slack="0"/>
<pin id="215" dir="0" index="4" bw="1" slack="0"/>
<pin id="216" dir="0" index="5" bw="32" slack="0"/>
<pin id="217" dir="0" index="6" bw="4" slack="0"/>
<pin id="218" dir="0" index="7" bw="4" slack="0"/>
<pin id="219" dir="1" index="8" bw="0" slack="2147483647"/>
</pin_list>
<bind>
<opcode="call(48) " fcode="call"/>
<opset="call_ln0/1 "/>
</bind>
</comp>

<comp id="225" class="1004" name="grp_packetizer_Pipeline_VITIS_LOOP_112_2_fu_225">
<pin_list>
<pin id="226" dir="0" index="0" bw="0" slack="0"/>
<pin id="227" dir="0" index="1" bw="32" slack="7"/>
<pin id="228" dir="0" index="2" bw="4" slack="2147483647"/>
<pin id="229" dir="0" index="3" bw="4" slack="2147483647"/>
<pin id="230" dir="0" index="4" bw="32" slack="0"/>
<pin id="231" dir="0" index="5" bw="4" slack="0"/>
<pin id="232" dir="0" index="6" bw="4" slack="0"/>
<pin id="233" dir="0" index="7" bw="1" slack="0"/>
<pin id="234" dir="1" index="8" bw="0" slack="2147483647"/>
</pin_list>
<bind>
<opcode="call(48) " fcode="call"/>
<opset="call_ln0/8 "/>
</bind>
</comp>

<comp id="240" class="1004" name="seconds_from_epoch_load_load_fu_240">
<pin_list>
<pin id="241" dir="0" index="0" bw="30" slack="0"/>
<pin id="242" dir="1" index="1" bw="30" slack="0"/>
</pin_list>
<bind>
<opcode="load(27) " fcode="load"/>
<opset="seconds_from_epoch_load/1 "/>
</bind>
</comp>

<comp id="244" class="1004" name="frame_no_load_load_fu_244">
<pin_list>
<pin id="245" dir="0" index="0" bw="24" slack="0"/>
<pin id="246" dir="1" index="1" bw="24" slack="2147483647"/>
</pin_list>
<bind>
<opcode="load(27) " fcode="load"/>
<opset="frame_no_load/1 "/>
</bind>
</comp>

<comp id="248" class="1004" name="add_ln46_fu_248">
<pin_list>
<pin id="249" dir="0" index="0" bw="30" slack="0"/>
<pin id="250" dir="0" index="1" bw="1" slack="0"/>
<pin id="251" dir="1" index="2" bw="30" slack="0"/>
</pin_list>
<bind>
<opcode="add(8) " fcode="add"/>
<opset="add_ln46/1 "/>
</bind>
</comp>

<comp id="254" class="1004" name="store_ln46_store_fu_254">
<pin_list>
<pin id="255" dir="0" index="0" bw="30" slack="0"/>
<pin id="256" dir="0" index="1" bw="30" slack="0"/>
<pin id="257" dir="1" index="2" bw="0" slack="2147483647"/>
</pin_list>
<bind>
<opcode="store(28) " fcode="store"/>
<opset="store_ln46/1 "/>
</bind>
</comp>

<comp id="260" class="1004" name="add_ln126_fu_260">
<pin_list>
<pin id="261" dir="0" index="0" bw="24" slack="0"/>
<pin id="262" dir="0" index="1" bw="1" slack="0"/>
<pin id="263" dir="1" index="2" bw="24" slack="0"/>
</pin_list>
<bind>
<opcode="add(8) " fcode="add"/>
<opset="add_ln126/2 "/>
</bind>
</comp>

<comp id="266" class="1004" name="store_ln47_store_fu_266">
<pin_list>
<pin id="267" dir="0" index="0" bw="24" slack="0"/>
<pin id="268" dir="0" index="1" bw="24" slack="0"/>
<pin id="269" dir="1" index="2" bw="0" slack="2147483647"/>
</pin_list>
<bind>
<opcode="store(28) " fcode="store"/>
<opset="store_ln47/2 "/>
</bind>
</comp>

<comp id="272" class="1004" name="p_phi_loc_load_load_fu_272">
<pin_list>
<pin id="273" dir="0" index="0" bw="4" slack="2"/>
<pin id="274" dir="1" index="1" bw="4" slack="0"/>
</pin_list>
<bind>
<opcode="load(27) " fcode="load"/>
<opset="p_phi_loc_load/3 "/>
</bind>
</comp>

<comp id="276" class="1004" name="p_phi4_loc_load_load_fu_276">
<pin_list>
<pin id="277" dir="0" index="0" bw="4" slack="2"/>
<pin id="278" dir="1" index="1" bw="4" slack="0"/>
</pin_list>
<bind>
<opcode="load(27) " fcode="load"/>
<opset="p_phi4_loc_load/3 "/>
</bind>
</comp>

<comp id="280" class="1004" name="zext_ln67_fu_280">
<pin_list>
<pin id="281" dir="0" index="0" bw="30" slack="1"/>
<pin id="282" dir="1" index="1" bw="32" slack="0"/>
</pin_list>
<bind>
<opcode="zext(34) " fcode="zext"/>
<opset="zext_ln67/3 "/>
</bind>
</comp>

<comp id="285" class="1004" name="word1_fu_285">
<pin_list>
<pin id="286" dir="0" index="0" bw="30" slack="0"/>
<pin id="287" dir="0" index="1" bw="6" slack="3"/>
<pin id="288" dir="0" index="2" bw="24" slack="2"/>
<pin id="289" dir="1" index="3" bw="30" slack="0"/>
</pin_list>
<bind>
<opcode="bitconcatenate(1004) " fcode="bitconcatenate"/>
<opset="word1/4 "/>
</bind>
</comp>

<comp id="292" class="1004" name="zext_ln70_fu_292">
<pin_list>
<pin id="293" dir="0" index="0" bw="30" slack="0"/>
<pin id="294" dir="1" index="1" bw="32" slack="0"/>
</pin_list>
<bind>
<opcode="zext(34) " fcode="zext"/>
<opset="zext_ln70/4 "/>
</bind>
</comp>

<comp id="297" class="1004" name="shl_ln_fu_297">
<pin_list>
<pin id="298" dir="0" index="0" bw="32" slack="0"/>
<pin id="299" dir="0" index="1" bw="1" slack="5"/>
<pin id="300" dir="0" index="2" bw="1" slack="0"/>
<pin id="301" dir="1" index="3" bw="32" slack="0"/>
</pin_list>
<bind>
<opcode="bitconcatenate(1004) " fcode="bitconcatenate"/>
<opset="shl_ln/6 "/>
</bind>
</comp>

<comp id="304" class="1004" name="shl_ln1_fu_304">
<pin_list>
<pin id="305" dir="0" index="0" bw="31" slack="0"/>
<pin id="306" dir="0" index="1" bw="5" slack="5"/>
<pin id="307" dir="0" index="2" bw="1" slack="0"/>
<pin id="308" dir="1" index="3" bw="31" slack="0"/>
</pin_list>
<bind>
<opcode="bitconcatenate(1004) " fcode="bitconcatenate"/>
<opset="shl_ln1/6 "/>
</bind>
</comp>

<comp id="311" class="1004" name="zext_ln85_fu_311">
<pin_list>
<pin id="312" dir="0" index="0" bw="31" slack="0"/>
<pin id="313" dir="1" index="1" bw="32" slack="0"/>
</pin_list>
<bind>
<opcode="zext(34) " fcode="zext"/>
<opset="zext_ln85/6 "/>
</bind>
</comp>

<comp id="315" class="1004" name="add_ln85_fu_315">
<pin_list>
<pin id="316" dir="0" index="0" bw="31" slack="0"/>
<pin id="317" dir="0" index="1" bw="27" slack="0"/>
<pin id="318" dir="1" index="2" bw="32" slack="0"/>
</pin_list>
<bind>
<opcode="add(8) " fcode="add"/>
<opset="add_ln85/6 "/>
</bind>
</comp>

<comp id="321" class="1004" name="tmp_1_fu_321">
<pin_list>
<pin id="322" dir="0" index="0" bw="6" slack="0"/>
<pin id="323" dir="0" index="1" bw="32" slack="0"/>
<pin id="324" dir="0" index="2" bw="6" slack="0"/>
<pin id="325" dir="0" index="3" bw="6" slack="0"/>
<pin id="326" dir="1" index="4" bw="6" slack="0"/>
</pin_list>
<bind>
<opcode="partselect(1002) " fcode="partselect"/>
<opset="tmp_1/6 "/>
</bind>
</comp>

<comp id="331" class="1004" name="or_ln85_1_fu_331">
<pin_list>
<pin id="332" dir="0" index="0" bw="32" slack="0"/>
<pin id="333" dir="0" index="1" bw="6" slack="0"/>
<pin id="334" dir="0" index="2" bw="10" slack="5"/>
<pin id="335" dir="0" index="3" bw="16" slack="5"/>
<pin id="336" dir="1" index="4" bw="32" slack="0"/>
</pin_list>
<bind>
<opcode="bitconcatenate(1004) " fcode="bitconcatenate"/>
<opset="or_ln85_1/6 "/>
</bind>
</comp>

<comp id="339" class="1004" name="word3_fu_339">
<pin_list>
<pin id="340" dir="0" index="0" bw="32" slack="0"/>
<pin id="341" dir="0" index="1" bw="32" slack="0"/>
<pin id="342" dir="1" index="2" bw="32" slack="0"/>
</pin_list>
<bind>
<opcode="or(24) " fcode="or"/>
<opset="word3/6 "/>
</bind>
</comp>

<comp id="349" class="1005" name="complex_data_read_reg_349">
<pin_list>
<pin id="350" dir="0" index="0" bw="1" slack="5"/>
<pin id="351" dir="1" index="1" bw="1" slack="5"/>
</pin_list>
<bind>
<opset="complex_data_read "/>
</bind>
</comp>

<comp id="354" class="1005" name="bits_per_sample_read_reg_354">
<pin_list>
<pin id="355" dir="0" index="0" bw="5" slack="5"/>
<pin id="356" dir="1" index="1" bw="5" slack="5"/>
</pin_list>
<bind>
<opset="bits_per_sample_read "/>
</bind>
</comp>

<comp id="359" class="1005" name="thread_id_read_reg_359">
<pin_list>
<pin id="360" dir="0" index="0" bw="10" slack="5"/>
<pin id="361" dir="1" index="1" bw="10" slack="5"/>
</pin_list>
<bind>
<opset="thread_id_read "/>
</bind>
</comp>

<comp id="364" class="1005" name="station_id_read_reg_364">
<pin_list>
<pin id="365" dir="0" index="0" bw="16" slack="5"/>
<pin id="366" dir="1" index="1" bw="16" slack="5"/>
</pin_list>
<bind>
<opset="station_id_read "/>
</bind>
</comp>

<comp id="369" class="1005" name="epoch_read_reg_369">
<pin_list>
<pin id="370" dir="0" index="0" bw="6" slack="3"/>
<pin id="371" dir="1" index="1" bw="6" slack="3"/>
</pin_list>
<bind>
<opset="epoch_read "/>
</bind>
</comp>

<comp id="374" class="1005" name="p_phi4_loc_reg_374">
<pin_list>
<pin id="375" dir="0" index="0" bw="4" slack="0"/>
<pin id="376" dir="1" index="1" bw="4" slack="0"/>
</pin_list>
<bind>
<opset="p_phi4_loc "/>
</bind>
</comp>

<comp id="380" class="1005" name="p_phi_loc_reg_380">
<pin_list>
<pin id="381" dir="0" index="0" bw="4" slack="0"/>
<pin id="382" dir="1" index="1" bw="4" slack="0"/>
</pin_list>
<bind>
<opset="p_phi_loc "/>
</bind>
</comp>

<comp id="386" class="1005" name="fifo_reg_386">
<pin_list>
<pin id="387" dir="0" index="0" bw="32" slack="0"/>
<pin id="388" dir="1" index="1" bw="32" slack="0"/>
</pin_list>
<bind>
<opset="fifo "/>
</bind>
</comp>

<comp id="392" class="1005" name="seconds_from_epoch_load_reg_392">
<pin_list>
<pin id="393" dir="0" index="0" bw="30" slack="1"/>
<pin id="394" dir="1" index="1" bw="30" slack="1"/>
</pin_list>
<bind>
<opset="seconds_from_epoch_load "/>
</bind>
</comp>

<comp id="400" class="1005" name="add_ln46_reg_400">
<pin_list>
<pin id="401" dir="0" index="0" bw="30" slack="1"/>
<pin id="402" dir="1" index="1" bw="30" slack="1"/>
</pin_list>
<bind>
<opset="add_ln46 "/>
</bind>
</comp>

<comp id="411" class="1005" name="zext_ln67_reg_411">
<pin_list>
<pin id="412" dir="0" index="0" bw="32" slack="1"/>
<pin id="413" dir="1" index="1" bw="32" slack="1"/>
</pin_list>
<bind>
<opset="zext_ln67 "/>
</bind>
</comp>

<comp id="416" class="1005" name="zext_ln70_reg_416">
<pin_list>
<pin id="417" dir="0" index="0" bw="32" slack="1"/>
<pin id="418" dir="1" index="1" bw="32" slack="1"/>
</pin_list>
<bind>
<opset="zext_ln70 "/>
</bind>
</comp>

<comp id="421" class="1005" name="word3_reg_421">
<pin_list>
<pin id="422" dir="0" index="0" bw="32" slack="1"/>
<pin id="423" dir="1" index="1" bw="32" slack="1"/>
</pin_list>
<bind>
<opset="word3 "/>
</bind>
</comp>

</comp_list>

<net_list>
<net id="125"><net_src comp="42" pin="0"/><net_sink comp="122" pin=0"/></net>

<net id="129"><net_src comp="42" pin="0"/><net_sink comp="126" pin=0"/></net>

<net id="133"><net_src comp="42" pin="0"/><net_sink comp="130" pin=0"/></net>

<net id="138"><net_src comp="32" pin="0"/><net_sink comp="134" pin=0"/></net>

<net id="139"><net_src comp="26" pin="0"/><net_sink comp="134" pin=1"/></net>

<net id="144"><net_src comp="32" pin="0"/><net_sink comp="140" pin=0"/></net>

<net id="145"><net_src comp="24" pin="0"/><net_sink comp="140" pin=1"/></net>

<net id="150"><net_src comp="34" pin="0"/><net_sink comp="146" pin=0"/></net>

<net id="151"><net_src comp="22" pin="0"/><net_sink comp="146" pin=1"/></net>

<net id="156"><net_src comp="36" pin="0"/><net_sink comp="152" pin=0"/></net>

<net id="157"><net_src comp="20" pin="0"/><net_sink comp="152" pin=1"/></net>

<net id="162"><net_src comp="38" pin="0"/><net_sink comp="158" pin=0"/></net>

<net id="163"><net_src comp="18" pin="0"/><net_sink comp="158" pin=1"/></net>

<net id="168"><net_src comp="40" pin="0"/><net_sink comp="164" pin=0"/></net>

<net id="169"><net_src comp="16" pin="0"/><net_sink comp="164" pin=1"/></net>

<net id="181"><net_src comp="94" pin="0"/><net_sink comp="170" pin=0"/></net>

<net id="182"><net_src comp="8" pin="0"/><net_sink comp="170" pin=1"/></net>

<net id="183"><net_src comp="10" pin="0"/><net_sink comp="170" pin=2"/></net>

<net id="184"><net_src comp="12" pin="0"/><net_sink comp="170" pin=3"/></net>

<net id="185"><net_src comp="14" pin="0"/><net_sink comp="170" pin=4"/></net>

<net id="186"><net_src comp="96" pin="0"/><net_sink comp="170" pin=8"/></net>

<net id="187"><net_src comp="100" pin="0"/><net_sink comp="170" pin=5"/></net>

<net id="197"><net_src comp="191" pin="4"/><net_sink comp="188" pin=0"/></net>

<net id="201"><net_src comp="90" pin="0"/><net_sink comp="198" pin=0"/></net>

<net id="208"><net_src comp="198" pin="1"/><net_sink comp="202" pin=0"/></net>

<net id="209"><net_src comp="202" pin="4"/><net_sink comp="198" pin=0"/></net>

<net id="220"><net_src comp="88" pin="0"/><net_sink comp="210" pin=0"/></net>

<net id="221"><net_src comp="0" pin="0"/><net_sink comp="210" pin=1"/></net>

<net id="222"><net_src comp="2" pin="0"/><net_sink comp="210" pin=2"/></net>

<net id="223"><net_src comp="4" pin="0"/><net_sink comp="210" pin=3"/></net>

<net id="224"><net_src comp="6" pin="0"/><net_sink comp="210" pin=4"/></net>

<net id="235"><net_src comp="120" pin="0"/><net_sink comp="225" pin=0"/></net>

<net id="236"><net_src comp="8" pin="0"/><net_sink comp="225" pin=4"/></net>

<net id="237"><net_src comp="10" pin="0"/><net_sink comp="225" pin=5"/></net>

<net id="238"><net_src comp="12" pin="0"/><net_sink comp="225" pin=6"/></net>

<net id="239"><net_src comp="14" pin="0"/><net_sink comp="225" pin=7"/></net>

<net id="243"><net_src comp="28" pin="0"/><net_sink comp="240" pin=0"/></net>

<net id="247"><net_src comp="30" pin="0"/><net_sink comp="244" pin=0"/></net>

<net id="252"><net_src comp="240" pin="1"/><net_sink comp="248" pin=0"/></net>

<net id="253"><net_src comp="86" pin="0"/><net_sink comp="248" pin=1"/></net>

<net id="258"><net_src comp="248" pin="2"/><net_sink comp="254" pin=0"/></net>

<net id="259"><net_src comp="28" pin="0"/><net_sink comp="254" pin=1"/></net>

<net id="264"><net_src comp="202" pin="4"/><net_sink comp="260" pin=0"/></net>

<net id="265"><net_src comp="92" pin="0"/><net_sink comp="260" pin=1"/></net>

<net id="270"><net_src comp="260" pin="2"/><net_sink comp="266" pin=0"/></net>

<net id="271"><net_src comp="30" pin="0"/><net_sink comp="266" pin=1"/></net>

<net id="275"><net_src comp="272" pin="1"/><net_sink comp="170" pin=6"/></net>

<net id="279"><net_src comp="276" pin="1"/><net_sink comp="170" pin=7"/></net>

<net id="283"><net_src comp="188" pin="1"/><net_sink comp="280" pin=0"/></net>

<net id="284"><net_src comp="280" pin="1"/><net_sink comp="170" pin=5"/></net>

<net id="290"><net_src comp="98" pin="0"/><net_sink comp="285" pin=0"/></net>

<net id="291"><net_src comp="198" pin="1"/><net_sink comp="285" pin=2"/></net>

<net id="295"><net_src comp="285" pin="3"/><net_sink comp="292" pin=0"/></net>

<net id="296"><net_src comp="292" pin="1"/><net_sink comp="170" pin=5"/></net>

<net id="302"><net_src comp="102" pin="0"/><net_sink comp="297" pin=0"/></net>

<net id="303"><net_src comp="104" pin="0"/><net_sink comp="297" pin=2"/></net>

<net id="309"><net_src comp="106" pin="0"/><net_sink comp="304" pin=0"/></net>

<net id="310"><net_src comp="108" pin="0"/><net_sink comp="304" pin=2"/></net>

<net id="314"><net_src comp="304" pin="3"/><net_sink comp="311" pin=0"/></net>

<net id="319"><net_src comp="311" pin="1"/><net_sink comp="315" pin=0"/></net>

<net id="320"><net_src comp="110" pin="0"/><net_sink comp="315" pin=1"/></net>

<net id="327"><net_src comp="112" pin="0"/><net_sink comp="321" pin=0"/></net>

<net id="328"><net_src comp="315" pin="2"/><net_sink comp="321" pin=1"/></net>

<net id="329"><net_src comp="114" pin="0"/><net_sink comp="321" pin=2"/></net>

<net id="330"><net_src comp="116" pin="0"/><net_sink comp="321" pin=3"/></net>

<net id="337"><net_src comp="118" pin="0"/><net_sink comp="331" pin=0"/></net>

<net id="338"><net_src comp="321" pin="4"/><net_sink comp="331" pin=1"/></net>

<net id="343"><net_src comp="331" pin="4"/><net_sink comp="339" pin=0"/></net>

<net id="344"><net_src comp="297" pin="3"/><net_sink comp="339" pin=1"/></net>

<net id="345"><net_src comp="339" pin="2"/><net_sink comp="170" pin=5"/></net>

<net id="352"><net_src comp="140" pin="2"/><net_sink comp="349" pin=0"/></net>

<net id="353"><net_src comp="349" pin="1"/><net_sink comp="297" pin=1"/></net>

<net id="357"><net_src comp="146" pin="2"/><net_sink comp="354" pin=0"/></net>

<net id="358"><net_src comp="354" pin="1"/><net_sink comp="304" pin=1"/></net>

<net id="362"><net_src comp="152" pin="2"/><net_sink comp="359" pin=0"/></net>

<net id="363"><net_src comp="359" pin="1"/><net_sink comp="331" pin=2"/></net>

<net id="367"><net_src comp="158" pin="2"/><net_sink comp="364" pin=0"/></net>

<net id="368"><net_src comp="364" pin="1"/><net_sink comp="331" pin=3"/></net>

<net id="372"><net_src comp="164" pin="2"/><net_sink comp="369" pin=0"/></net>

<net id="373"><net_src comp="369" pin="1"/><net_sink comp="285" pin=1"/></net>

<net id="377"><net_src comp="122" pin="1"/><net_sink comp="374" pin=0"/></net>

<net id="378"><net_src comp="374" pin="1"/><net_sink comp="210" pin=7"/></net>

<net id="379"><net_src comp="374" pin="1"/><net_sink comp="276" pin=0"/></net>

<net id="383"><net_src comp="126" pin="1"/><net_sink comp="380" pin=0"/></net>

<net id="384"><net_src comp="380" pin="1"/><net_sink comp="210" pin=6"/></net>

<net id="385"><net_src comp="380" pin="1"/><net_sink comp="272" pin=0"/></net>

<net id="389"><net_src comp="130" pin="1"/><net_sink comp="386" pin=0"/></net>

<net id="390"><net_src comp="386" pin="1"/><net_sink comp="210" pin=5"/></net>

<net id="391"><net_src comp="386" pin="1"/><net_sink comp="225" pin=1"/></net>

<net id="395"><net_src comp="240" pin="1"/><net_sink comp="392" pin=0"/></net>

<net id="396"><net_src comp="392" pin="1"/><net_sink comp="191" pin=2"/></net>

<net id="403"><net_src comp="248" pin="2"/><net_sink comp="400" pin=0"/></net>

<net id="404"><net_src comp="400" pin="1"/><net_sink comp="191" pin=0"/></net>

<net id="414"><net_src comp="280" pin="1"/><net_sink comp="411" pin=0"/></net>

<net id="415"><net_src comp="411" pin="1"/><net_sink comp="170" pin=5"/></net>

<net id="419"><net_src comp="292" pin="1"/><net_sink comp="416" pin=0"/></net>

<net id="420"><net_src comp="416" pin="1"/><net_sink comp="170" pin=5"/></net>

<net id="424"><net_src comp="339" pin="2"/><net_sink comp="421" pin=0"/></net>

<net id="425"><net_src comp="421" pin="1"/><net_sink comp="170" pin=5"/></net>

</net_list>

</model> 
---------------- Datapath Model END ------------------

* FSMD analyzer results:
  - Output states:
	Port: out_stream_V_data_V | {4 5 6 7 8 9 }
	Port: out_stream_V_keep_V | {4 5 6 7 8 9 }
	Port: out_stream_V_strb_V | {4 5 6 7 8 9 }
	Port: out_stream_V_last_V | {4 5 6 7 8 9 }
	Port: seconds_from_epoch | {1 }
	Port: frame_no | {2 }
 - Input state : 
	Port: packetizer : in_stream_V_data_V | {1 2 }
	Port: packetizer : in_stream_V_keep_V | {1 2 }
	Port: packetizer : in_stream_V_strb_V | {1 2 }
	Port: packetizer : in_stream_V_last_V | {1 2 }
	Port: packetizer : epoch | {1 }
	Port: packetizer : station_id | {1 }
	Port: packetizer : thread_id | {1 }
	Port: packetizer : bits_per_sample | {1 }
	Port: packetizer : complex_data | {1 }
	Port: packetizer : pps | {1 }
	Port: packetizer : seconds_from_epoch | {1 }
	Port: packetizer : frame_no | {1 }
  - Chain level:
	State 1
		empty : 1
		specinterface_ln0 : 1
		add_ln46 : 1
		store_ln46 : 2
		call_ln0 : 1
	State 2
		add_ln126 : 1
		store_ln47 : 2
	State 3
		write_ln94 : 1
	State 4
		zext_ln70 : 1
		write_ln98 : 2
	State 5
	State 6
		zext_ln85 : 1
		add_ln85 : 2
		tmp_1 : 3
		or_ln85_1 : 4
		word3 : 5
		write_ln106 : 5
	State 7
	State 8
	State 9
	State 10


============================================================
+ Verbose Summary: Datapath Resource usage 
============================================================

* Functional unit list:
|----------|-------------------------------------------------|---------|---------|
| Operation|                 Functional Unit                 |    FF   |   LUT   |
|----------|-------------------------------------------------|---------|---------|
|          |                 add_ln46_fu_248                 |    0    |    37   |
|    add   |                 add_ln126_fu_260                |    0    |    31   |
|          |                 add_ln85_fu_315                 |    0    |    38   |
|----------|-------------------------------------------------|---------|---------|
|   call   |  grp_packetizer_Pipeline_VITIS_LOOP_54_1_fu_210 |    11   |    22   |
|          | grp_packetizer_Pipeline_VITIS_LOOP_112_2_fu_225 |    12   |    33   |
|----------|-------------------------------------------------|---------|---------|
|    or    |                   word3_fu_339                  |    0    |    32   |
|----------|-------------------------------------------------|---------|---------|
|          |               pps_read_read_fu_134              |    0    |    0    |
|          |          complex_data_read_read_fu_140          |    0    |    0    |
|   read   |         bits_per_sample_read_read_fu_146        |    0    |    0    |
|          |            thread_id_read_read_fu_152           |    0    |    0    |
|          |           station_id_read_read_fu_158           |    0    |    0    |
|          |              epoch_read_read_fu_164             |    0    |    0    |
|----------|-------------------------------------------------|---------|---------|
|   write  |                 grp_write_fu_170                |    0    |    0    |
|----------|-------------------------------------------------|---------|---------|
|          |                 zext_ln67_fu_280                |    0    |    0    |
|   zext   |                 zext_ln70_fu_292                |    0    |    0    |
|          |                 zext_ln85_fu_311                |    0    |    0    |
|----------|-------------------------------------------------|---------|---------|
|          |                   word1_fu_285                  |    0    |    0    |
|bitconcatenate|                  shl_ln_fu_297                  |    0    |    0    |
|          |                  shl_ln1_fu_304                 |    0    |    0    |
|          |                 or_ln85_1_fu_331                |    0    |    0    |
|----------|-------------------------------------------------|---------|---------|
|partselect|                   tmp_1_fu_321                  |    0    |    0    |
|----------|-------------------------------------------------|---------|---------|
|   Total  |                                                 |    23   |   193   |
|----------|-------------------------------------------------|---------|---------|

Memories:
N/A

* Register list:
+-------------------------------+--------+
|                               |   FF   |
+-------------------------------+--------+
|        add_ln46_reg_400       |   30   |
|  bits_per_sample_read_reg_354 |    5   |
|   complex_data_read_reg_349   |    1   |
|       epoch_read_reg_369      |    6   |
|          fifo_reg_386         |   32   |
|     frame_no_loc_0_reg_198    |   24   |
|       p_phi4_loc_reg_374      |    4   |
|       p_phi_loc_reg_380       |    4   |
|seconds_from_epoch_load_reg_392|   30   |
|    station_id_read_reg_364    |   16   |
|     thread_id_read_reg_359    |   10   |
|         word0_reg_188         |   30   |
|         word3_reg_421         |   32   |
|       zext_ln67_reg_411       |   32   |
|       zext_ln70_reg_416       |   32   |
+-------------------------------+--------+
|             Total             |   288  |
+-------------------------------+--------+

* Multiplexer (MUX) list: 
|------------------------|------|------|------|--------||---------||---------||---------|
|          Comp          |  Pin | Size |  BW  | S x BW ||  Delay  ||    FF   ||   LUT   |
|------------------------|------|------|------|--------||---------||---------||---------|
|    grp_write_fu_170    |  p5  |   7  |  32  |   224  ||    0    ||    29   |
| frame_no_loc_0_reg_198 |  p0  |   2  |  24  |   48   ||    0    ||    9    |
|------------------------|------|------|------|--------||---------||---------||---------|
|          Total         |      |      |      |   272  || 3.38214 ||    0    ||    38   |
|------------------------|------|------|------|--------||---------||---------||---------|



* Summary:
+-----------+--------+--------+--------+
|           |  Delay |   FF   |   LUT  |
+-----------+--------+--------+--------+
|  Function |    -   |   23   |   193  |
|   Memory  |    -   |    -   |    -   |
|Multiplexer|    3   |    0   |   38   |
|  Register |    -   |   288  |    -   |
+-----------+--------+--------+--------+
|   Total   |    3   |   311  |   231  |
+-----------+--------+--------+--------+
