

================================================================
== Vitis HLS Report for 'packetizer_Pipeline_VITIS_LOOP_54_1'
================================================================
* Date:           Mon Jun  8 17:44:12 2026

* Version:        2025.2 (Build 6295257 on Nov 14 2025)
* Project:        hls_componentv2
* Solution:       hls (Vivado IP Flow Target)
* Product family: artix7
* Target device:  xc7a12t-cpg238-1


================================================================
== Performance Estimates
================================================================
+ Timing: 
    * Summary: 
    +--------+----------+----------+------------+
    |  Clock |  Target  | Estimated| Uncertainty|
    +--------+----------+----------+------------+
    |ap_clk  |  10.00 ns|  4.901 ns|     2.70 ns|
    +--------+----------+----------+------------+

+ Latency: 
    * Summary: 
    +---------+---------+-----------+-----------+-----+-----+-------------------+
    |  Latency (cycles) |   Latency (absolute)  |  Interval |      Pipeline     |
    |   min   |   max   |    min    |    max    | min | max |        Type       |
    +---------+---------+-----------+-----------+-----+-----+-------------------+
    |        6|        6|  60.000 ns|  60.000 ns|    0|    0|  loop pipeline stp|
    +---------+---------+-----------+-----------+-----+-----+-------------------+

    + Detail: 
        * Instance: 
        N/A

        * Loop: 
        +-------------------+---------+---------+----------+-----------+-----------+------+----------+
        |                   |  Latency (cycles) | Iteration|  Initiation Interval  | Trip |          |
        |     Loop Name     |   min   |   max   |  Latency |  achieved |   target  | Count| Pipelined|
        +-------------------+---------+---------+----------+-----------+-----------+------+----------+
        |- VITIS_LOOP_54_1  |        4|        4|         2|          1|          1|     4|       yes|
        +-------------------+---------+---------+----------+-----------+-----------+------+----------+

============================================================
+ Verbose Summary: Synthesis Manager
============================================================
InlineROM: 1
ExposeGlobal: 0
============================================================
+ Verbose Summary: CDFG Model
============================================================
IsTopModel: 0
ResetActiveHigh: 1
IsCombinational: 0
IsDatapathOnly: 0
HasWiredReturn: 1
HasMFsm: 2
HasVarLatency: 1
IsPipeline: 0
IsRtlPipelined: 0
IsInstanceOverlapped: 0
IsDontTouch: 0
HasImplIP: 0
IsGatedGlobalClock: 0

+ Individual pipeline summary: 
  * Pipeline-0: initiation interval (II) = 1, depth = 2


============================================================
+ Verbose Summary: Schedule
============================================================
* Number of FSM states : 2
* Pipeline : 1
  Pipeline-0 : II = 1, D = 2, States = { 1 2 }
* Dataflow Pipeline: 0

* FSM state transitions: 
1 --> 2 
2 --> 

* FSM state operations: 

State 1 <SV = 0> <Delay = 4.90>
ST_1 : Operation 5 [1/1] (0.00ns)   --->   "%p_phi4 = alloca i32 1"   --->   Operation 5 'alloca' 'p_phi4' <Predicate = true> <Delay = 0.00>
ST_1 : Operation 6 [1/1] (0.00ns)   --->   "%p_phi = alloca i32 1"   --->   Operation 6 'alloca' 'p_phi' <Predicate = true> <Delay = 0.00>
ST_1 : Operation 7 [1/1] (0.00ns)   --->   "%i = alloca i32 1" [../packetizer2.cpp:54]   --->   Operation 7 'alloca' 'i' <Predicate = true> <Delay = 0.00>
ST_1 : Operation 8 [1/1] (0.00ns)   --->   "%specaxissidechannel_ln0 = specaxissidechannel void @_ssdm_op_SpecAXISSideChannel, i32 %in_stream_V_data_V, i4 %in_stream_V_keep_V, i4 %in_stream_V_strb_V, i1 0, i1 %in_stream_V_last_V, i1 0, i1 0, void @empty_5"   --->   Operation 8 'specaxissidechannel' 'specaxissidechannel_ln0' <Predicate = true> <Delay = 0.00>
ST_1 : Operation 9 [1/1] (0.00ns)   --->   "%specinterface_ln0 = specinterface void @_ssdm_op_SpecInterface, i32 %fifo, void @empty_3, i32 0, i32 0, void @empty_1, i32 0, i32 0, void @empty_1, void @empty_1, void @empty_1, i32 0, i32 0, i32 0, i32 0, void @empty_1, void @empty_1, i32 4294967295, i32 0, i32 0, i32 0"   --->   Operation 9 'specinterface' 'specinterface_ln0' <Predicate = true> <Delay = 0.00>
ST_1 : Operation 10 [1/1] (0.00ns)   --->   "%specinterface_ln0 = specinterface void @_ssdm_op_SpecInterface, i1 %in_stream_V_last_V, i4 %in_stream_V_strb_V, i4 %in_stream_V_keep_V, i32 %in_stream_V_data_V, void @empty, i32 0, i32 0, void @empty_0, i32 0, i32 0, void @empty_1, void @empty_1, void @empty_1, i32 0, i32 0, i32 0, i32 0, void @empty_1, void @empty_1, i32 4294967295, i32 0, i32 0, i32 0"   --->   Operation 10 'specinterface' 'specinterface_ln0' <Predicate = true> <Delay = 0.00>
ST_1 : Operation 11 [1/1] (1.61ns)   --->   "%store_ln54 = store i3 0, i3 %i" [../packetizer2.cpp:54]   --->   Operation 11 'store' 'store_ln54' <Predicate = true> <Delay = 1.61>
ST_1 : Operation 12 [1/1] (0.00ns)   --->   "%br_ln54 = br void %for.inc" [../packetizer2.cpp:54]   --->   Operation 12 'br' 'br_ln54' <Predicate = true> <Delay = 0.00>
ST_1 : Operation 13 [1/1] (0.00ns)   --->   "%i_1 = load i3 %i" [../packetizer2.cpp:54]   --->   Operation 13 'load' 'i_1' <Predicate = true> <Delay = 0.00>
ST_1 : Operation 14 [1/1] (1.68ns)   --->   "%icmp_ln54 = icmp_eq  i3 %i_1, i3 4" [../packetizer2.cpp:54]   --->   Operation 14 'icmp' 'icmp_ln54' <Predicate = true> <Delay = 1.68> <CoreInst = "Cmp">   --->   Core 9 'Cmp' <Latency = 0> <II = 1> <Delay = 1.68> <FuncUnit> <Opcode : 'seteq' 'setne' 'setle' 'setge' 'setlt' 'setgt'> <InPorts = 2> <OutPorts = 1>
ST_1 : Operation 15 [1/1] (1.68ns)   --->   "%i_2 = add i3 %i_1, i3 1" [../packetizer2.cpp:54]   --->   Operation 15 'add' 'i_2' <Predicate = true> <Delay = 1.68> <CoreInst = "Adder">   --->   Core 1 'Adder' <Latency = 0> <II = 1> <Delay = 1.68> <FuncUnit> <Opcode : 'add' 'sub'> <InPorts = 2> <OutPorts = 1>
ST_1 : Operation 16 [1/1] (0.00ns)   --->   "%br_ln54 = br i1 %icmp_ln54, void %for.inc.split, void %for.cond.cleanup.exitStub" [../packetizer2.cpp:54]   --->   Operation 16 'br' 'br_ln54' <Predicate = true> <Delay = 0.00>
ST_1 : Operation 17 [1/1] (1.61ns)   --->   "%store_ln54 = store i3 %i_2, i3 %i" [../packetizer2.cpp:54]   --->   Operation 17 'store' 'store_ln54' <Predicate = (!icmp_ln54)> <Delay = 1.61>
ST_1 : Operation 29 [1/1] (0.00ns)   --->   "%p_phi4_load = load i4 %p_phi4"   --->   Operation 29 'load' 'p_phi4_load' <Predicate = (icmp_ln54)> <Delay = 0.00>
ST_1 : Operation 30 [1/1] (0.00ns)   --->   "%p_phi_load = load i4 %p_phi"   --->   Operation 30 'load' 'p_phi_load' <Predicate = (icmp_ln54)> <Delay = 0.00>
ST_1 : Operation 31 [1/1] (0.00ns)   --->   "%write_ln0 = write void @_ssdm_op_Write.ap_auto.i4P0A, i4 %p_phi_out, i4 %p_phi_load"   --->   Operation 31 'write' 'write_ln0' <Predicate = (icmp_ln54)> <Delay = 0.00>
ST_1 : Operation 32 [1/1] (0.00ns)   --->   "%write_ln0 = write void @_ssdm_op_Write.ap_auto.i4P0A, i4 %p_phi4_out, i4 %p_phi4_load"   --->   Operation 32 'write' 'write_ln0' <Predicate = (icmp_ln54)> <Delay = 0.00>
ST_1 : Operation 33 [1/1] (1.61ns)   --->   "%ret_ln0 = ret"   --->   Operation 33 'ret' 'ret_ln0' <Predicate = (icmp_ln54)> <Delay = 1.61>

State 2 <SV = 1> <Delay = 4.16>
ST_2 : Operation 18 [1/1] (0.00ns)   --->   "%specpipeline_ln56 = specpipeline void @_ssdm_op_SpecPipeline, i32 1, i32 0, i32 0, i32 0, i32 4294967295, void @empty_1" [../packetizer2.cpp:56]   --->   Operation 18 'specpipeline' 'specpipeline_ln56' <Predicate = true> <Delay = 0.00>
ST_2 : Operation 19 [1/1] (0.00ns)   --->   "%speclooptripcount_ln54 = speclooptripcount void @_ssdm_op_SpecLoopTripCount, i64 4, i64 4, i64 4" [../packetizer2.cpp:54]   --->   Operation 19 'speclooptripcount' 'speclooptripcount_ln54' <Predicate = true> <Delay = 0.00>
ST_2 : Operation 20 [1/1] (0.00ns)   --->   "%specloopname_ln54 = specloopname void @_ssdm_op_SpecLoopName, void @empty_9" [../packetizer2.cpp:54]   --->   Operation 20 'specloopname' 'specloopname_ln54' <Predicate = true> <Delay = 0.00>
ST_2 : Operation 21 [1/1] ( I:0.51ns O:0.51ns )   --->   "%empty = read i41 @_ssdm_op_Read.axis.volatile.i32P0A.i4P0A.i4P0A.i1P0A, i32 %in_stream_V_data_V, i4 %in_stream_V_keep_V, i4 %in_stream_V_strb_V, i1 %in_stream_V_last_V" [../packetizer2.cpp:58]   --->   Operation 21 'read' 'empty' <Predicate = true> <Delay = 0.51> <CoreInst = "regslice">   --->   Core 135 'regslice' <Latency = 0> <II = 1> <Delay = 2.05> <Adapter> <Opcode : 'read' 'write'>
ST_2 : Operation 22 [1/1] (0.00ns)   --->   "%p_s = extractvalue i41 %empty" [../packetizer2.cpp:58]   --->   Operation 22 'extractvalue' 'p_s' <Predicate = true> <Delay = 0.00>
ST_2 : Operation 23 [1/1] (0.00ns)   --->   "%p_1 = extractvalue i41 %empty" [../packetizer2.cpp:58]   --->   Operation 23 'extractvalue' 'p_1' <Predicate = true> <Delay = 0.00>
ST_2 : Operation 24 [1/1] (0.00ns)   --->   "%p_2 = extractvalue i41 %empty" [../packetizer2.cpp:58]   --->   Operation 24 'extractvalue' 'p_2' <Predicate = true> <Delay = 0.00>
ST_2 : Operation 25 [1/1] ( I:3.65ns O:3.65ns )   --->   "%write_ln59 = write void @_ssdm_op_Write.ap_fifo.volatile.i32P0A, i32 %fifo, i32 %p_s" [../packetizer2.cpp:59]   --->   Operation 25 'write' 'write_ln59' <Predicate = true> <Delay = 3.65> <CoreInst = "FIFO_SRL">   --->   Core 80 'FIFO_SRL' <Latency = 0> <II = 1> <Delay = 3.68> <Storage> <Opcode : 'read' 'write' 'nbread' 'nbwrite'> <Ports = 0> <Width = 32> <Depth = 8> <FIFO>
ST_2 : Operation 26 [1/1] (0.00ns)   --->   "%store_ln58 = store i4 %p_1, i4 %p_phi" [../packetizer2.cpp:58]   --->   Operation 26 'store' 'store_ln58' <Predicate = true> <Delay = 0.00>
ST_2 : Operation 27 [1/1] (0.00ns)   --->   "%store_ln58 = store i4 %p_2, i4 %p_phi4" [../packetizer2.cpp:58]   --->   Operation 27 'store' 'store_ln58' <Predicate = true> <Delay = 0.00>
ST_2 : Operation 28 [1/1] (0.00ns)   --->   "%br_ln54 = br void %for.inc" [../packetizer2.cpp:54]   --->   Operation 28 'br' 'br_ln54' <Predicate = true> <Delay = 0.00>


============================================================
+ Verbose Summary: Timing violations
============================================================
Target clock period: 10.000ns, clock uncertainty: 2.700ns.

 <State 1>: 4.901ns
The critical path consists of the following:
	'store' operation ('store_ln54', ../packetizer2.cpp:54) of constant 0 3 bit on local variable 'i', ../packetizer2.cpp:54 [14]  (1.610 ns)
	'load' operation 3 bit ('i', ../packetizer2.cpp:54) on local variable 'i', ../packetizer2.cpp:54 [17]  (0.000 ns)
	'icmp' operation 1 bit ('icmp_ln54', ../packetizer2.cpp:54) [18]  (1.680 ns)
	'store' operation ('store_ln54', ../packetizer2.cpp:54) of variable 'i', ../packetizer2.cpp:54 3 bit on local variable 'i', ../packetizer2.cpp:54 [30]  (1.610 ns)

 <State 2>: 4.168ns
The critical path consists of the following:
	axis read operation ('empty', ../packetizer2.cpp:58) on port 'in_stream_V_data_V' (../packetizer2.cpp:58) [25]  (0.518 ns)
	fifo write operation ('write_ln59', ../packetizer2.cpp:59) on port 'fifo' (../packetizer2.cpp:59) [29]  (3.650 ns)


============================================================
+ Verbose Summary: Binding
============================================================
N/A
* FSMD analyzer results:
  - Output states:
 - Input state : 
  - Chain level:
	State 1
	State 2


============================================================
+ Verbose Summary: Datapath Resource usage 
============================================================
N/A
