

================================================================
== Vitis HLS Report for 'packetizer_Pipeline_VITIS_LOOP_247_2'
================================================================
* Date:           Tue Jun  9 13:15:51 2026

* Version:        2025.2 (Build 6295257 on Nov 14 2025)
* Project:        hls_componentv2
* Solution:       hls (Vivado IP Flow Target)
* Product family: artix7
* Target device:  xc7a12t-cpg238-1


================================================================
== Performance Estimates
================================================================
+ Timing: 
    * Summary: 
    +--------+----------+----------+------------+
    |  Clock |  Target  | Estimated| Uncertainty|
    +--------+----------+----------+------------+
    |ap_clk  |  10.00 ns|  4.968 ns|     2.70 ns|
    +--------+----------+----------+------------+

+ Latency: 
    * Summary: 
    +---------+---------+-----------+-----------+-----+-----+-------------------+
    |  Latency (cycles) |   Latency (absolute)  |  Interval |      Pipeline     |
    |   min   |   max   |    min    |    max    | min | max |        Type       |
    +---------+---------+-----------+-----------+-----+-----+-------------------+
    |        6|        6|  60.000 ns|  60.000 ns|    0|    0|  loop pipeline stp|
    +---------+---------+-----------+-----------+-----+-----+-------------------+

    + Detail: 
        * Instance: 
        N/A

        * Loop: 
        +--------------------+---------+---------+----------+-----------+-----------+------+----------+
        |                    |  Latency (cycles) | Iteration|  Initiation Interval  | Trip |          |
        |      Loop Name     |   min   |   max   |  Latency |  achieved |   target  | Count| Pipelined|
        +--------------------+---------+---------+----------+-----------+-----------+------+----------+
        |- VITIS_LOOP_247_2  |        4|        4|         2|          1|          1|     4|       yes|
        +--------------------+---------+---------+----------+-----------+-----------+------+----------+



================================================================
== Utilization Estimates
================================================================
* Summary: 
+-----------------+---------+----+-------+------+-----+
|       Name      | BRAM_18K| DSP|   FF  |  LUT | URAM|
+-----------------+---------+----+-------+------+-----+
|DSP              |        -|   -|      -|     -|    -|
|Expression       |        -|   -|      0|    41|    -|
|FIFO             |        -|   -|      -|     -|    -|
|Instance         |        -|   -|      -|     -|    -|
|Memory           |        -|   -|      -|     -|    -|
|Multiplexer      |        -|   -|      0|    54|    -|
|Register         |        -|   -|      7|     -|    -|
+-----------------+---------+----+-------+------+-----+
|Total            |        0|   0|      7|    95|    0|
+-----------------+---------+----+-------+------+-----+
|Available        |       40|  40|  16000|  8000|    0|
+-----------------+---------+----+-------+------+-----+
|Utilization (%)  |        0|   0|     ~0|     1|    0|
+-----------------+---------+----+-------+------+-----+

+ Detail: 
    * Instance: 
    N/A

    * DSP: 
    N/A

    * Memory: 
    N/A

    * FIFO: 
    N/A

    * Expression: 
    +---------------------------------------+----------+----+---+----+------------+------------+
    |             Variable Name             | Operation| DSP| FF| LUT| Bitwidth P0| Bitwidth P1|
    +---------------------------------------+----------+----+---+----+------------+------------+
    |i_2_fu_113_p2                          |         +|   0|  0|  11|           3|           1|
    |ap_block_pp0_stage0_01001_grp1         |       and|   0|  0|   2|           1|           1|
    |icmp_ln247_fu_107_p2                   |      icmp|   0|  0|  13|           3|           4|
    |icmp_ln253_fu_119_p2                   |      icmp|   0|  0|  11|           3|           2|
    |ap_block_state2_pp0_stage0_iter1_grp1  |        or|   0|  0|   2|           1|           1|
    |ap_enable_pp0                          |       xor|   0|  0|   2|           1|           2|
    +---------------------------------------+----------+----+---+----+------------+------------+
    |Total                                  |          |   0|  0|  41|          12|          11|
    +---------------------------------------+----------+----+---+----+------------+------------+

    * Multiplexer: 
    +-------------------------+----+-----------+-----+-----------+
    |           Name          | LUT| Input Size| Bits| Total Bits|
    +-------------------------+----+-----------+-----+-----------+
    |ap_done_int              |   9|          2|    1|          2|
    |ap_enable_reg_pp0_iter1  |   9|          2|    1|          2|
    |ap_sig_allocacmp_i_1     |   9|          2|    3|          6|
    |fifo_blk_n               |   9|          2|    1|          2|
    |i_fu_60                  |   9|          2|    3|          6|
    |out_stream_TDATA_blk_n   |   9|          2|    1|          2|
    +-------------------------+----+-----------+-----+-----------+
    |Total                    |  54|         12|   10|         20|
    +-------------------------+----+-----------+-----+-----------+

    * Register: 
    +-------------------------+---+----+-----+-----------+
    |           Name          | FF| LUT| Bits| Const Bits|
    +-------------------------+---+----+-----+-----------+
    |ap_CS_fsm                |  1|   0|    1|          0|
    |ap_done_reg              |  1|   0|    1|          0|
    |ap_enable_reg_pp0_iter1  |  1|   0|    1|          0|
    |i_fu_60                  |  3|   0|    3|          0|
    |icmp_ln253_reg_150       |  1|   0|    1|          0|
    +-------------------------+---+----+-----+-----------+
    |Total                    |  7|   0|    7|          0|
    +-------------------------+---+----+-----+-----------+



================================================================
== Interface
================================================================
* Summary: 
+-------------------+-----+-----+------------+--------------------------------------+--------------+
|     RTL Ports     | Dir | Bits|  Protocol  |             Source Object            |    C Type    |
+-------------------+-----+-----+------------+--------------------------------------+--------------+
|ap_clk             |   in|    1|  ap_ctrl_hs|  packetizer_Pipeline_VITIS_LOOP_247_2|  return value|
|ap_rst             |   in|    1|  ap_ctrl_hs|  packetizer_Pipeline_VITIS_LOOP_247_2|  return value|
|ap_start           |   in|    1|  ap_ctrl_hs|  packetizer_Pipeline_VITIS_LOOP_247_2|  return value|
|ap_done            |  out|    1|  ap_ctrl_hs|  packetizer_Pipeline_VITIS_LOOP_247_2|  return value|
|ap_idle            |  out|    1|  ap_ctrl_hs|  packetizer_Pipeline_VITIS_LOOP_247_2|  return value|
|ap_ready           |  out|    1|  ap_ctrl_hs|  packetizer_Pipeline_VITIS_LOOP_247_2|  return value|
|fifo_dout          |   in|   32|     ap_fifo|                                  fifo|       pointer|
|fifo_empty_n       |   in|    1|     ap_fifo|                                  fifo|       pointer|
|fifo_read          |  out|    1|     ap_fifo|                                  fifo|       pointer|
|out_stream_TREADY  |   in|    1|        axis|                   out_stream_V_data_V|       pointer|
|out_stream_TDATA   |  out|   32|        axis|                   out_stream_V_data_V|       pointer|
|p_phi_reload       |   in|    4|     ap_none|                          p_phi_reload|        scalar|
|p_phi4_reload      |   in|    4|     ap_none|                         p_phi4_reload|        scalar|
|out_stream_TVALID  |  out|    1|        axis|                   out_stream_V_last_V|       pointer|
|out_stream_TLAST   |  out|    1|        axis|                   out_stream_V_last_V|       pointer|
|out_stream_TKEEP   |  out|    4|        axis|                   out_stream_V_keep_V|       pointer|
|out_stream_TSTRB   |  out|    4|        axis|                   out_stream_V_strb_V|       pointer|
+-------------------+-----+-----+------------+--------------------------------------+--------------+

============================================================
+ Verbose Summary: Synthesis Manager
============================================================
InlineROM: 1
ExposeGlobal: 0
============================================================
+ Verbose Summary: CDFG Model
============================================================
IsTopModel: 0
ResetActiveHigh: 1
IsCombinational: 2
IsDatapathOnly: 2
HasWiredReturn: 1
HasMFsm: 2
HasVarLatency: 1
IsPipeline: 0
IsRtlPipelined: 0
IsInstanceOverlapped: 0
IsDontTouch: 0
HasImplIP: 0
IsGatedGlobalClock: 0

+ Individual pipeline summary: 
  * Pipeline-0: initiation interval (II) = 1, depth = 2


============================================================
+ Verbose Summary: Schedule
============================================================
* Number of FSM states : 2
* Pipeline : 1
  Pipeline-0 : II = 1, D = 2, States = { 1 2 }
* Dataflow Pipeline: 0

* FSM state transitions: 
1 --> 2 
2 --> 

* FSM state operations: 

State 1 <SV = 0> <Delay = 4.90>
ST_1 : Operation 5 [1/1] (0.00ns)   --->   "%i = alloca i32 1" [D:/IITK/project_1/src/packetizer2.cpp:247]   --->   Operation 5 'alloca' 'i' <Predicate = true> <Delay = 0.00>
ST_1 : Operation 6 [1/1] (0.00ns)   --->   "%specaxissidechannel_ln0 = specaxissidechannel void @_ssdm_op_SpecAXISSideChannel, i32 %out_stream_V_data_V, i4 %out_stream_V_keep_V, i4 %out_stream_V_strb_V, i1 0, i1 %out_stream_V_last_V, i1 0, i1 0, void @empty_4"   --->   Operation 6 'specaxissidechannel' 'specaxissidechannel_ln0' <Predicate = true> <Delay = 0.00>
ST_1 : Operation 7 [1/1] (0.00ns)   --->   "%specinterface_ln0 = specinterface void @_ssdm_op_SpecInterface, i32 %fifo, void @empty_3, i32 0, i32 0, void @empty_1, i32 0, i32 0, void @empty_1, void @empty_1, void @empty_1, i32 0, i32 0, i32 0, i32 0, void @empty_1, void @empty_1, i32 4294967295, i32 0, i32 0, i32 0"   --->   Operation 7 'specinterface' 'specinterface_ln0' <Predicate = true> <Delay = 0.00>
ST_1 : Operation 8 [1/1] (0.00ns)   --->   "%specinterface_ln0 = specinterface void @_ssdm_op_SpecInterface, i1 %out_stream_V_last_V, i4 %out_stream_V_strb_V, i4 %out_stream_V_keep_V, i32 %out_stream_V_data_V, void @empty, i32 0, i32 0, void @empty_0, i32 0, i32 0, void @empty_1, void @empty_1, void @empty_1, i32 0, i32 0, i32 0, i32 0, void @empty_1, void @empty_1, i32 4294967295, i32 0, i32 0, i32 0"   --->   Operation 8 'specinterface' 'specinterface_ln0' <Predicate = true> <Delay = 0.00>
ST_1 : Operation 9 [1/1] (0.00ns)   --->   "%p_phi4_reload_read = read i4 @_ssdm_op_Read.ap_auto.i4, i4 %p_phi4_reload"   --->   Operation 9 'read' 'p_phi4_reload_read' <Predicate = true> <Delay = 0.00>
ST_1 : Operation 10 [1/1] (0.00ns)   --->   "%p_phi_reload_read = read i4 @_ssdm_op_Read.ap_auto.i4, i4 %p_phi_reload"   --->   Operation 10 'read' 'p_phi_reload_read' <Predicate = true> <Delay = 0.00>
ST_1 : Operation 11 [1/1] (1.61ns)   --->   "%store_ln247 = store i3 0, i3 %i" [D:/IITK/project_1/src/packetizer2.cpp:247]   --->   Operation 11 'store' 'store_ln247' <Predicate = true> <Delay = 1.61>
ST_1 : Operation 12 [1/1] (0.00ns)   --->   "%br_ln247 = br void %for.body43" [D:/IITK/project_1/src/packetizer2.cpp:247]   --->   Operation 12 'br' 'br_ln247' <Predicate = true> <Delay = 0.00>
ST_1 : Operation 13 [1/1] (0.00ns)   --->   "%i_1 = load i3 %i" [D:/IITK/project_1/src/packetizer2.cpp:247]   --->   Operation 13 'load' 'i_1' <Predicate = true> <Delay = 0.00>
ST_1 : Operation 14 [1/1] (1.68ns)   --->   "%icmp_ln247 = icmp_eq  i3 %i_1, i3 4" [D:/IITK/project_1/src/packetizer2.cpp:247]   --->   Operation 14 'icmp' 'icmp_ln247' <Predicate = true> <Delay = 1.68> <CoreInst = "Cmp">   --->   Core 9 'Cmp' <Latency = 0> <II = 1> <Delay = 1.77> <FuncUnit> <Opcode : 'seteq' 'setne' 'setle' 'setge' 'setlt' 'setgt'> <InPorts = 2> <OutPorts = 1>
ST_1 : Operation 15 [1/1] (1.68ns)   --->   "%i_2 = add i3 %i_1, i3 1" [D:/IITK/project_1/src/packetizer2.cpp:247]   --->   Operation 15 'add' 'i_2' <Predicate = true> <Delay = 1.68> <CoreInst = "Adder">   --->   Core 1 'Adder' <Latency = 0> <II = 1> <Delay = 1.68> <FuncUnit> <Opcode : 'add' 'sub'> <InPorts = 2> <OutPorts = 1>
ST_1 : Operation 16 [1/1] (0.00ns)   --->   "%br_ln247 = br i1 %icmp_ln247, void %for.body43.split, void %for.cond.cleanup42.exitStub" [D:/IITK/project_1/src/packetizer2.cpp:247]   --->   Operation 16 'br' 'br_ln247' <Predicate = true> <Delay = 0.00>
ST_1 : Operation 17 [1/1] (1.68ns)   --->   "%icmp_ln253 = icmp_eq  i3 %i_1, i3 3" [D:/IITK/project_1/src/packetizer2.cpp:253]   --->   Operation 17 'icmp' 'icmp_ln253' <Predicate = (!icmp_ln247)> <Delay = 1.68> <CoreInst = "Cmp">   --->   Core 9 'Cmp' <Latency = 0> <II = 1> <Delay = 1.68> <FuncUnit> <Opcode : 'seteq' 'setne' 'setle' 'setge' 'setlt' 'setgt'> <InPorts = 2> <OutPorts = 1>
ST_1 : Operation 18 [1/1] (1.61ns)   --->   "%store_ln247 = store i3 %i_2, i3 %i" [D:/IITK/project_1/src/packetizer2.cpp:247]   --->   Operation 18 'store' 'store_ln247' <Predicate = (!icmp_ln247)> <Delay = 1.61>
ST_1 : Operation 25 [1/1] (1.61ns)   --->   "%ret_ln0 = ret"   --->   Operation 25 'ret' 'ret_ln0' <Predicate = (icmp_ln247)> <Delay = 1.61>

State 2 <SV = 1> <Delay = 4.96>
ST_2 : Operation 19 [1/1] (0.00ns)   --->   "%specpipeline_ln249 = specpipeline void @_ssdm_op_SpecPipeline, i32 1, i32 0, i32 0, i32 0, i32 4294967295, void @empty_1" [D:/IITK/project_1/src/packetizer2.cpp:249]   --->   Operation 19 'specpipeline' 'specpipeline_ln249' <Predicate = true> <Delay = 0.00>
ST_2 : Operation 20 [1/1] (0.00ns)   --->   "%speclooptripcount_ln247 = speclooptripcount void @_ssdm_op_SpecLoopTripCount, i64 4, i64 4, i64 4" [D:/IITK/project_1/src/packetizer2.cpp:247]   --->   Operation 20 'speclooptripcount' 'speclooptripcount_ln247' <Predicate = true> <Delay = 0.00>
ST_2 : Operation 21 [1/1] (0.00ns)   --->   "%specloopname_ln247 = specloopname void @_ssdm_op_SpecLoopName, void @empty_8" [D:/IITK/project_1/src/packetizer2.cpp:247]   --->   Operation 21 'specloopname' 'specloopname_ln247' <Predicate = true> <Delay = 0.00>
ST_2 : Operation 22 [1/1] ( I:3.65ns O:3.65ns )   --->   "%fifo_read = read i32 @_ssdm_op_Read.ap_fifo.volatile.i32P0A, i32 %fifo" [D:/IITK/project_1/src/packetizer2.cpp:251]   --->   Operation 22 'read' 'fifo_read' <Predicate = true> <Delay = 3.65> <CoreInst = "FIFO_SRL">   --->   Core 80 'FIFO_SRL' <Latency = 0> <II = 1> <Delay = 3.68> <Storage> <Opcode : 'read' 'write' 'nbread' 'nbwrite'> <Ports = 0> <Width = 32> <Depth = 8> <FIFO>
ST_2 : Operation 23 [1/1] ( I:1.31ns O:1.31ns )   --->   "%write_ln258 = write void @_ssdm_op_Write.axis.volatile.i32P0A.i4P0A.i4P0A.i1P0A, i32 %out_stream_V_data_V, i4 %out_stream_V_keep_V, i4 %out_stream_V_strb_V, i1 %out_stream_V_last_V, i32 %fifo_read, i4 %p_phi_reload_read, i4 %p_phi4_reload_read, i1 %icmp_ln253" [D:/IITK/project_1/src/packetizer2.cpp:258]   --->   Operation 23 'write' 'write_ln258' <Predicate = true> <Delay = 1.31> <CoreInst = "regslice">   --->   Core 135 'regslice' <Latency = 0> <II = 1> <Delay = 2.05> <Adapter> <Opcode : 'read' 'write'>
ST_2 : Operation 24 [1/1] (0.00ns)   --->   "%br_ln247 = br void %for.body43" [D:/IITK/project_1/src/packetizer2.cpp:247]   --->   Operation 24 'br' 'br_ln247' <Predicate = true> <Delay = 0.00>


============================================================
+ Verbose Summary: Binding
============================================================
STG Binding: 
---------------- STG Properties BEGIN ----------------
- Is combinational: 0
- Is one-state seq: 0
- Is datapath-only: 0
- Is pipelined: 0
- Is top level: 0
Port [ Return ] is wired: 1; IO mode=ap_ctrl_hs:ce=0
Port [ fifo]:  wired=1; compound=1; hidden=0; nouse=0; global=0; static=0; extern=0; dir=0; type=3; pingpong=0; private_global=0; IO mode=ap_fifo:ce=0
Port [ p_phi_reload]:  wired=1; compound=0; hidden=0; nouse=0; global=0; static=0; extern=0; dir=0; type=0; pingpong=0; private_global=0; IO mode=ap_none:ce=0
Port [ p_phi4_reload]:  wired=1; compound=0; hidden=0; nouse=0; global=0; static=0; extern=0; dir=0; type=0; pingpong=0; private_global=0; IO mode=ap_none:ce=0
Port [ out_stream_V_data_V]:  wired=1; compound=1; hidden=0; nouse=0; global=0; static=0; extern=0; dir=1; type=0; pingpong=0; private_global=0; IO mode=axis:ce=0
Port [ out_stream_V_keep_V]:  wired=1; compound=1; hidden=0; nouse=0; global=0; static=0; extern=0; dir=1; type=0; pingpong=0; private_global=0; IO mode=axis:ce=0
Port [ out_stream_V_strb_V]:  wired=1; compound=1; hidden=0; nouse=0; global=0; static=0; extern=0; dir=1; type=0; pingpong=0; private_global=0; IO mode=axis:ce=0
Port [ out_stream_V_last_V]:  wired=1; compound=1; hidden=0; nouse=0; global=0; static=0; extern=0; dir=1; type=0; pingpong=0; private_global=0; IO mode=axis:ce=0
---------------- STG Properties END ------------------

---------------- Datapath Model BEGIN ----------------

<LifeTime>
<method=bitvector/>
i                       (alloca             ) [ 010]
specaxissidechannel_ln0 (specaxissidechannel) [ 000]
specinterface_ln0       (specinterface      ) [ 000]
specinterface_ln0       (specinterface      ) [ 000]
p_phi4_reload_read      (read               ) [ 011]
p_phi_reload_read       (read               ) [ 011]
store_ln247             (store              ) [ 000]
br_ln247                (br                 ) [ 000]
i_1                     (load               ) [ 000]
icmp_ln247              (icmp               ) [ 010]
i_2                     (add                ) [ 000]
br_ln247                (br                 ) [ 000]
icmp_ln253              (icmp               ) [ 011]
store_ln247             (store              ) [ 000]
specpipeline_ln249      (specpipeline       ) [ 000]
speclooptripcount_ln247 (speclooptripcount  ) [ 000]
specloopname_ln247      (specloopname       ) [ 000]
fifo_read               (read               ) [ 000]
write_ln258             (write              ) [ 000]
br_ln247                (br                 ) [ 000]
ret_ln0                 (ret                ) [ 000]
</LifeTime>

<model>

<comp_list>
<comp id="0" class="1000" name="fifo">
<pin_list>
<pin id="1" dir="1" index="0" bw="1" slack="0"/>
</pin_list>
<bind>
<StgValue><ssdm name="fifo"/></StgValue>
</bind>
</comp>

<comp id="2" class="1000" name="p_phi_reload">
<pin_list>
<pin id="3" dir="1" index="0" bw="1" slack="0"/>
</pin_list>
<bind>
<StgValue><ssdm name="p_phi_reload"/></StgValue>
</bind>
</comp>

<comp id="4" class="1000" name="p_phi4_reload">
<pin_list>
<pin id="5" dir="1" index="0" bw="1" slack="0"/>
</pin_list>
<bind>
<StgValue><ssdm name="p_phi4_reload"/></StgValue>
</bind>
</comp>

<comp id="6" class="1000" name="out_stream_V_data_V">
<pin_list>
<pin id="7" dir="1" index="0" bw="1" slack="0"/>
</pin_list>
<bind>
<StgValue><ssdm name="out_stream_V_data_V"/></StgValue>
</bind>
</comp>

<comp id="8" class="1000" name="out_stream_V_keep_V">
<pin_list>
<pin id="9" dir="1" index="0" bw="1" slack="0"/>
</pin_list>
<bind>
<StgValue><ssdm name="out_stream_V_keep_V"/></StgValue>
</bind>
</comp>

<comp id="10" class="1000" name="out_stream_V_strb_V">
<pin_list>
<pin id="11" dir="1" index="0" bw="1" slack="0"/>
</pin_list>
<bind>
<StgValue><ssdm name="out_stream_V_strb_V"/></StgValue>
</bind>
</comp>

<comp id="12" class="1000" name="out_stream_V_last_V">
<pin_list>
<pin id="13" dir="1" index="0" bw="1" slack="0"/>
</pin_list>
<bind>
<StgValue><ssdm name="out_stream_V_last_V"/></StgValue>
</bind>
</comp>

<comp id="14" class="1001" name="const_14">
<pin_list>
<pin id="15" dir="1" index="0" bw="1" slack="0"/>
</pin_list>
<bind>
<StgValue><ssdm name=""/></StgValue>
</bind>
</comp>

<comp id="16" class="1001" name="const_16">
<pin_list>
<pin id="17" dir="1" index="0" bw="1" slack="2147483647"/>
</pin_list>
<bind>
<StgValue><ssdm name="_ssdm_op_SpecAXISSideChannel"/></StgValue>
</bind>
</comp>

<comp id="18" class="1001" name="const_18">
<pin_list>
<pin id="19" dir="1" index="0" bw="1" slack="2147483647"/>
</pin_list>
<bind>
<StgValue><ssdm name=""/></StgValue>
</bind>
</comp>

<comp id="20" class="1001" name="const_20">
<pin_list>
<pin id="21" dir="1" index="0" bw="1" slack="2147483647"/>
</pin_list>
<bind>
<StgValue><ssdm name="empty_4"/></StgValue>
</bind>
</comp>

<comp id="22" class="1001" name="const_22">
<pin_list>
<pin id="23" dir="1" index="0" bw="1" slack="2147483647"/>
</pin_list>
<bind>
<StgValue><ssdm name="_ssdm_op_SpecInterface"/></StgValue>
</bind>
</comp>

<comp id="24" class="1001" name="const_24">
<pin_list>
<pin id="25" dir="1" index="0" bw="1" slack="2147483647"/>
</pin_list>
<bind>
<StgValue><ssdm name="empty_3"/></StgValue>
</bind>
</comp>

<comp id="26" class="1001" name="const_26">
<pin_list>
<pin id="27" dir="1" index="0" bw="1" slack="2147483647"/>
</pin_list>
<bind>
<StgValue><ssdm name=""/></StgValue>
</bind>
</comp>

<comp id="28" class="1001" name="const_28">
<pin_list>
<pin id="29" dir="1" index="0" bw="1" slack="2147483647"/>
</pin_list>
<bind>
<StgValue><ssdm name="empty_1"/></StgValue>
</bind>
</comp>

<comp id="30" class="1001" name="const_30">
<pin_list>
<pin id="31" dir="1" index="0" bw="1" slack="2147483647"/>
</pin_list>
<bind>
<StgValue><ssdm name=""/></StgValue>
</bind>
</comp>

<comp id="32" class="1001" name="const_32">
<pin_list>
<pin id="33" dir="1" index="0" bw="1" slack="2147483647"/>
</pin_list>
<bind>
<StgValue><ssdm name="empty"/></StgValue>
</bind>
</comp>

<comp id="34" class="1001" name="const_34">
<pin_list>
<pin id="35" dir="1" index="0" bw="1" slack="2147483647"/>
</pin_list>
<bind>
<StgValue><ssdm name="empty_0"/></StgValue>
</bind>
</comp>

<comp id="36" class="1001" name="const_36">
<pin_list>
<pin id="37" dir="1" index="0" bw="1" slack="0"/>
</pin_list>
<bind>
<StgValue><ssdm name="_ssdm_op_Read.ap_auto.i4"/></StgValue>
</bind>
</comp>

<comp id="38" class="1001" name="const_38">
<pin_list>
<pin id="39" dir="1" index="0" bw="1" slack="0"/>
</pin_list>
<bind>
<StgValue><ssdm name=""/></StgValue>
</bind>
</comp>

<comp id="40" class="1001" name="const_40">
<pin_list>
<pin id="41" dir="1" index="0" bw="1" slack="0"/>
</pin_list>
<bind>
<StgValue><ssdm name=""/></StgValue>
</bind>
</comp>

<comp id="42" class="1001" name="const_42">
<pin_list>
<pin id="43" dir="1" index="0" bw="1" slack="0"/>
</pin_list>
<bind>
<StgValue><ssdm name=""/></StgValue>
</bind>
</comp>

<comp id="44" class="1001" name="const_44">
<pin_list>
<pin id="45" dir="1" index="0" bw="1" slack="0"/>
</pin_list>
<bind>
<StgValue><ssdm name=""/></StgValue>
</bind>
</comp>

<comp id="46" class="1001" name="const_46">
<pin_list>
<pin id="47" dir="1" index="0" bw="1" slack="2147483647"/>
</pin_list>
<bind>
<StgValue><ssdm name="_ssdm_op_SpecPipeline"/></StgValue>
</bind>
</comp>

<comp id="48" class="1001" name="const_48">
<pin_list>
<pin id="49" dir="1" index="0" bw="1" slack="2147483647"/>
</pin_list>
<bind>
<StgValue><ssdm name="_ssdm_op_SpecLoopTripCount"/></StgValue>
</bind>
</comp>

<comp id="50" class="1001" name="const_50">
<pin_list>
<pin id="51" dir="1" index="0" bw="1" slack="2147483647"/>
</pin_list>
<bind>
<StgValue><ssdm name=""/></StgValue>
</bind>
</comp>

<comp id="52" class="1001" name="const_52">
<pin_list>
<pin id="53" dir="1" index="0" bw="1" slack="2147483647"/>
</pin_list>
<bind>
<StgValue><ssdm name="_ssdm_op_SpecLoopName"/></StgValue>
</bind>
</comp>

<comp id="54" class="1001" name="const_54">
<pin_list>
<pin id="55" dir="1" index="0" bw="1" slack="2147483647"/>
</pin_list>
<bind>
<StgValue><ssdm name="empty_8"/></StgValue>
</bind>
</comp>

<comp id="56" class="1001" name="const_56">
<pin_list>
<pin id="57" dir="1" index="0" bw="1" slack="0"/>
</pin_list>
<bind>
<StgValue><ssdm name="_ssdm_op_Read.ap_fifo.volatile.i32P0A"/></StgValue>
</bind>
</comp>

<comp id="58" class="1001" name="const_58">
<pin_list>
<pin id="59" dir="1" index="0" bw="1" slack="0"/>
</pin_list>
<bind>
<StgValue><ssdm name="_ssdm_op_Write.axis.volatile.i32P0A.i4P0A.i4P0A.i1P0A"/></StgValue>
</bind>
</comp>

<comp id="60" class="1004" name="i_fu_60">
<pin_list>
<pin id="61" dir="0" index="0" bw="1" slack="0"/>
<pin id="62" dir="1" index="1" bw="3" slack="0"/>
</pin_list>
<bind>
<opcode="alloca(26) " fcode="alloca"/>
<opset="i/1 "/>
</bind>
</comp>

<comp id="64" class="1004" name="p_phi4_reload_read_read_fu_64">
<pin_list>
<pin id="65" dir="0" index="0" bw="4" slack="0"/>
<pin id="66" dir="0" index="1" bw="4" slack="0"/>
<pin id="67" dir="1" index="2" bw="4" slack="1"/>
</pin_list>
<bind>
<opcode="read(1150) " fcode="read"/>
<opset="p_phi4_reload_read/1 "/>
</bind>
</comp>

<comp id="70" class="1004" name="p_phi_reload_read_read_fu_70">
<pin_list>
<pin id="71" dir="0" index="0" bw="4" slack="0"/>
<pin id="72" dir="0" index="1" bw="4" slack="0"/>
<pin id="73" dir="1" index="2" bw="4" slack="1"/>
</pin_list>
<bind>
<opcode="read(1150) " fcode="read"/>
<opset="p_phi_reload_read/1 "/>
</bind>
</comp>

<comp id="76" class="1004" name="fifo_read_read_fu_76">
<pin_list>
<pin id="77" dir="0" index="0" bw="32" slack="0"/>
<pin id="78" dir="0" index="1" bw="32" slack="0"/>
<pin id="79" dir="1" index="2" bw="32" slack="0"/>
</pin_list>
<bind>
<opcode="read(1150) " fcode="read"/>
<opset="fifo_read/2 "/>
</bind>
</comp>

<comp id="82" class="1004" name="write_ln258_write_fu_82">
<pin_list>
<pin id="83" dir="0" index="0" bw="0" slack="0"/>
<pin id="84" dir="0" index="1" bw="32" slack="0"/>
<pin id="85" dir="0" index="2" bw="4" slack="0"/>
<pin id="86" dir="0" index="3" bw="4" slack="0"/>
<pin id="87" dir="0" index="4" bw="1" slack="0"/>
<pin id="88" dir="0" index="5" bw="32" slack="0"/>
<pin id="89" dir="0" index="6" bw="4" slack="1"/>
<pin id="90" dir="0" index="7" bw="4" slack="1"/>
<pin id="91" dir="0" index="8" bw="1" slack="1"/>
<pin id="92" dir="1" index="9" bw="0" slack="2147483647"/>
</pin_list>
<bind>
<opcode="write(1151) " fcode="write"/>
<opset="write_ln258/2 "/>
</bind>
</comp>

<comp id="99" class="1004" name="store_ln247_store_fu_99">
<pin_list>
<pin id="100" dir="0" index="0" bw="1" slack="0"/>
<pin id="101" dir="0" index="1" bw="3" slack="0"/>
<pin id="102" dir="1" index="2" bw="0" slack="2147483647"/>
</pin_list>
<bind>
<opcode="store(28) " fcode="store"/>
<opset="store_ln247/1 "/>
</bind>
</comp>

<comp id="104" class="1004" name="i_1_load_fu_104">
<pin_list>
<pin id="105" dir="0" index="0" bw="3" slack="0"/>
<pin id="106" dir="1" index="1" bw="3" slack="0"/>
</pin_list>
<bind>
<opcode="load(27) " fcode="load"/>
<opset="i_1/1 "/>
</bind>
</comp>

<comp id="107" class="1004" name="icmp_ln247_fu_107">
<pin_list>
<pin id="108" dir="0" index="0" bw="3" slack="0"/>
<pin id="109" dir="0" index="1" bw="3" slack="0"/>
<pin id="110" dir="1" index="2" bw="1" slack="2147483647"/>
</pin_list>
<bind>
<opcode="icmp(45) " fcode="icmp"/>
<opset="icmp_ln247/1 "/>
</bind>
</comp>

<comp id="113" class="1004" name="i_2_fu_113">
<pin_list>
<pin id="114" dir="0" index="0" bw="3" slack="0"/>
<pin id="115" dir="0" index="1" bw="1" slack="0"/>
<pin id="116" dir="1" index="2" bw="3" slack="0"/>
</pin_list>
<bind>
<opcode="add(8) " fcode="add"/>
<opset="i_2/1 "/>
</bind>
</comp>

<comp id="119" class="1004" name="icmp_ln253_fu_119">
<pin_list>
<pin id="120" dir="0" index="0" bw="3" slack="0"/>
<pin id="121" dir="0" index="1" bw="3" slack="0"/>
<pin id="122" dir="1" index="2" bw="1" slack="1"/>
</pin_list>
<bind>
<opcode="icmp(45) " fcode="icmp"/>
<opset="icmp_ln253/1 "/>
</bind>
</comp>

<comp id="125" class="1004" name="store_ln247_store_fu_125">
<pin_list>
<pin id="126" dir="0" index="0" bw="3" slack="0"/>
<pin id="127" dir="0" index="1" bw="3" slack="0"/>
<pin id="128" dir="1" index="2" bw="0" slack="2147483647"/>
</pin_list>
<bind>
<opcode="store(28) " fcode="store"/>
<opset="store_ln247/1 "/>
</bind>
</comp>

<comp id="130" class="1005" name="i_reg_130">
<pin_list>
<pin id="131" dir="0" index="0" bw="3" slack="0"/>
<pin id="132" dir="1" index="1" bw="3" slack="0"/>
</pin_list>
<bind>
<opset="i "/>
</bind>
</comp>

<comp id="137" class="1005" name="p_phi4_reload_read_reg_137">
<pin_list>
<pin id="138" dir="0" index="0" bw="4" slack="1"/>
<pin id="139" dir="1" index="1" bw="4" slack="1"/>
</pin_list>
<bind>
<opset="p_phi4_reload_read "/>
</bind>
</comp>

<comp id="142" class="1005" name="p_phi_reload_read_reg_142">
<pin_list>
<pin id="143" dir="0" index="0" bw="4" slack="1"/>
<pin id="144" dir="1" index="1" bw="4" slack="1"/>
</pin_list>
<bind>
<opset="p_phi_reload_read "/>
</bind>
</comp>

<comp id="150" class="1005" name="icmp_ln253_reg_150">
<pin_list>
<pin id="151" dir="0" index="0" bw="1" slack="1"/>
<pin id="152" dir="1" index="1" bw="1" slack="1"/>
</pin_list>
<bind>
<opset="icmp_ln253 "/>
</bind>
</comp>

</comp_list>

<net_list>
<net id="63"><net_src comp="14" pin="0"/><net_sink comp="60" pin=0"/></net>

<net id="68"><net_src comp="36" pin="0"/><net_sink comp="64" pin=0"/></net>

<net id="69"><net_src comp="4" pin="0"/><net_sink comp="64" pin=1"/></net>

<net id="74"><net_src comp="36" pin="0"/><net_sink comp="70" pin=0"/></net>

<net id="75"><net_src comp="2" pin="0"/><net_sink comp="70" pin=1"/></net>

<net id="80"><net_src comp="56" pin="0"/><net_sink comp="76" pin=0"/></net>

<net id="81"><net_src comp="0" pin="0"/><net_sink comp="76" pin=1"/></net>

<net id="93"><net_src comp="58" pin="0"/><net_sink comp="82" pin=0"/></net>

<net id="94"><net_src comp="6" pin="0"/><net_sink comp="82" pin=1"/></net>

<net id="95"><net_src comp="8" pin="0"/><net_sink comp="82" pin=2"/></net>

<net id="96"><net_src comp="10" pin="0"/><net_sink comp="82" pin=3"/></net>

<net id="97"><net_src comp="12" pin="0"/><net_sink comp="82" pin=4"/></net>

<net id="98"><net_src comp="76" pin="2"/><net_sink comp="82" pin=5"/></net>

<net id="103"><net_src comp="38" pin="0"/><net_sink comp="99" pin=0"/></net>

<net id="111"><net_src comp="104" pin="1"/><net_sink comp="107" pin=0"/></net>

<net id="112"><net_src comp="40" pin="0"/><net_sink comp="107" pin=1"/></net>

<net id="117"><net_src comp="104" pin="1"/><net_sink comp="113" pin=0"/></net>

<net id="118"><net_src comp="42" pin="0"/><net_sink comp="113" pin=1"/></net>

<net id="123"><net_src comp="104" pin="1"/><net_sink comp="119" pin=0"/></net>

<net id="124"><net_src comp="44" pin="0"/><net_sink comp="119" pin=1"/></net>

<net id="129"><net_src comp="113" pin="2"/><net_sink comp="125" pin=0"/></net>

<net id="133"><net_src comp="60" pin="1"/><net_sink comp="130" pin=0"/></net>

<net id="134"><net_src comp="130" pin="1"/><net_sink comp="99" pin=1"/></net>

<net id="135"><net_src comp="130" pin="1"/><net_sink comp="104" pin=0"/></net>

<net id="136"><net_src comp="130" pin="1"/><net_sink comp="125" pin=1"/></net>

<net id="140"><net_src comp="64" pin="2"/><net_sink comp="137" pin=0"/></net>

<net id="141"><net_src comp="137" pin="1"/><net_sink comp="82" pin=7"/></net>

<net id="145"><net_src comp="70" pin="2"/><net_sink comp="142" pin=0"/></net>

<net id="146"><net_src comp="142" pin="1"/><net_sink comp="82" pin=6"/></net>

<net id="153"><net_src comp="119" pin="2"/><net_sink comp="150" pin=0"/></net>

<net id="154"><net_src comp="150" pin="1"/><net_sink comp="82" pin=8"/></net>

</net_list>

</model> 
---------------- Datapath Model END ------------------

* FSMD analyzer results:
  - Output states:
	Port: out_stream_V_data_V | {2 }
	Port: out_stream_V_keep_V | {2 }
	Port: out_stream_V_strb_V | {2 }
	Port: out_stream_V_last_V | {2 }
 - Input state : 
	Port: packetizer_Pipeline_VITIS_LOOP_247_2 : fifo | {2 }
	Port: packetizer_Pipeline_VITIS_LOOP_247_2 : p_phi_reload | {1 }
	Port: packetizer_Pipeline_VITIS_LOOP_247_2 : p_phi4_reload | {1 }
	Port: packetizer_Pipeline_VITIS_LOOP_247_2 : out_stream_V_data_V | {}
	Port: packetizer_Pipeline_VITIS_LOOP_247_2 : out_stream_V_keep_V | {}
	Port: packetizer_Pipeline_VITIS_LOOP_247_2 : out_stream_V_strb_V | {}
	Port: packetizer_Pipeline_VITIS_LOOP_247_2 : out_stream_V_last_V | {}
  - Chain level:
	State 1
		store_ln247 : 1
		i_1 : 1
		icmp_ln247 : 2
		i_2 : 2
		br_ln247 : 3
		icmp_ln253 : 2
		store_ln247 : 3
	State 2


============================================================
+ Verbose Summary: Datapath Resource usage 
============================================================

* Functional unit list:
|----------|-------------------------------|---------|---------|
| Operation|        Functional Unit        |    FF   |   LUT   |
|----------|-------------------------------|---------|---------|
|   icmp   |       icmp_ln247_fu_107       |    0    |    11   |
|          |       icmp_ln253_fu_119       |    0    |    11   |
|----------|-------------------------------|---------|---------|
|    add   |           i_2_fu_113          |    0    |    11   |
|----------|-------------------------------|---------|---------|
|          | p_phi4_reload_read_read_fu_64 |    0    |    0    |
|   read   |  p_phi_reload_read_read_fu_70 |    0    |    0    |
|          |      fifo_read_read_fu_76     |    0    |    0    |
|----------|-------------------------------|---------|---------|
|   write  |    write_ln258_write_fu_82    |    0    |    0    |
|----------|-------------------------------|---------|---------|
|   Total  |                               |    0    |    33   |
|----------|-------------------------------|---------|---------|

Memories:
N/A

* Register list:
+--------------------------+--------+
|                          |   FF   |
+--------------------------+--------+
|         i_reg_130        |    3   |
|    icmp_ln253_reg_150    |    1   |
|p_phi4_reload_read_reg_137|    4   |
| p_phi_reload_read_reg_142|    4   |
+--------------------------+--------+
|           Total          |   12   |
+--------------------------+--------+

* Multiplexer (MUX) list: 
|--------|------|------|------|--------|
|  Comp  |  Pin | Size |  BW  | S x BW |
|--------|------|------|------|--------|
|  Total |      |      |      |    0   |
|--------|------|------|------|--------|



* Summary:
+-----------+--------+--------+
|           |   FF   |   LUT  |
+-----------+--------+--------+
|  Function |    0   |   33   |
|   Memory  |    -   |    -   |
|Multiplexer|    -   |    -   |
|  Register |   12   |    -   |
+-----------+--------+--------+
|   Total   |   12   |   33   |
+-----------+--------+--------+
