

================================================================
== Vitis HLS Report for 'packetizer'
================================================================
* Date:           Mon Jun  8 17:11:50 2026

* Version:        2025.2 (Build 6295257 on Nov 14 2025)
* Project:        hls_component1
* Solution:       hls (Vivado IP Flow Target)
* Product family: artix7
* Target device:  xc7a12t-cpg238-1


================================================================
== Performance Estimates
================================================================
+ Timing: 
    * Summary: 
    +--------+----------+----------+------------+
    |  Clock |  Target  | Estimated| Uncertainty|
    +--------+----------+----------+------------+
    |ap_clk  |  10.00 ns|  4.968 ns|     2.70 ns|
    +--------+----------+----------+------------+

+ Latency: 
    * Summary: 
    +---------+---------+----------+----------+-----+-----+---------+
    |  Latency (cycles) |  Latency (absolute) |  Interval | Pipeline|
    |   min   |   max   |    min   |    max   | min | max |   Type  |
    +---------+---------+----------+----------+-----+-----+---------+
    |       22|       22|  0.220 us|  0.220 us|   23|   23|       no|
    +---------+---------+----------+----------+-----+-----+---------+

    + Detail: 
        * Instance: 
        +------------------------------------------------+-------------------------------------+---------+---------+-----------+-----------+-----+-----+-------------------+
        |                                                |                                     |  Latency (cycles) |   Latency (absolute)  |  Interval |      Pipeline     |
        |                    Instance                    |                Module               |   min   |   max   |    min    |    max    | min | max |        Type       |
        +------------------------------------------------+-------------------------------------+---------+---------+-----------+-----------+-----+-----+-------------------+
        |grp_packetizer_Pipeline_VITIS_LOOP_36_1_fu_112  |packetizer_Pipeline_VITIS_LOOP_36_1  |        6|        6|  60.000 ns|  60.000 ns|    0|    0|  loop pipeline stp|
        |grp_packetizer_Pipeline_VITIS_LOOP_94_2_fu_127  |packetizer_Pipeline_VITIS_LOOP_94_2  |        6|        6|  60.000 ns|  60.000 ns|    0|    0|  loop pipeline stp|
        +------------------------------------------------+-------------------------------------+---------+---------+-----------+-----------+-----+-----+-------------------+

        * Loop: 
        N/A

============================================================
+ Verbose Summary: Synthesis Manager
============================================================
InlineROM: 1
ExposeGlobal: 0
============================================================
+ Verbose Summary: CDFG Model
============================================================
IsTopModel: 1
ResetActiveHigh: 1
IsCombinational: 0
IsDatapathOnly: 0
HasWiredReturn: 1
HasMFsm: 0
HasVarLatency: 1
IsPipeline: 0
IsRtlPipelined: 0
IsInstanceOverlapped: 0
IsDontTouch: 0
HasImplIP: 0
IsGatedGlobalClock: 0


============================================================
+ Verbose Summary: Schedule
============================================================
* Number of FSM states : 11
* Pipeline : 0
* Dataflow Pipeline: 0

* FSM state transitions: 
1 --> 2 
2 --> 3 
3 --> 4 
4 --> 5 
5 --> 6 
6 --> 7 
7 --> 8 
8 --> 9 
9 --> 10 
10 --> 11 
11 --> 

* FSM state operations: 

State 1 <SV = 0> <Delay = 0.00>
ST_1 : Operation 12 [1/1] (0.00ns)   --->   "%p_phi4_loc = alloca i64 1"   --->   Operation 12 'alloca' 'p_phi4_loc' <Predicate = true> <Delay = 0.00>
ST_1 : Operation 13 [1/1] (0.00ns)   --->   "%p_phi_loc = alloca i64 1"   --->   Operation 13 'alloca' 'p_phi_loc' <Predicate = true> <Delay = 0.00>
ST_1 : Operation 14 [1/1] (0.00ns)   --->   "%fifo = alloca i64 1" [../hls_component/packetizer1.cpp:16]   --->   Operation 14 'alloca' 'fifo' <Predicate = true> <Delay = 0.00> <CoreInst = "FIFO_SRL">   --->   Core 80 'FIFO_SRL' <Latency = 0> <II = 1> <Delay = 3.68> <Storage> <Opcode : 'read' 'write' 'nbread' 'nbwrite'> <Ports = 0> <Width = 32> <Depth = 8> <FIFO>

State 2 <SV = 1> <Delay = 4.16>
ST_2 : Operation 15 [2/2] (4.16ns)   --->   "%call_ln0 = call void @packetizer_Pipeline_VITIS_LOOP_36_1, i32 %in_stream_V_data_V, i4 %in_stream_V_keep_V, i4 %in_stream_V_strb_V, i1 %in_stream_V_last_V, i32 %fifo, i4 %p_phi_loc, i4 %p_phi4_loc"   --->   Operation 15 'call' 'call_ln0' <Predicate = true> <Delay = 4.16> <CoreType = "Generic">   --->   Generic Core

State 3 <SV = 2> <Delay = 4.90>
ST_3 : Operation 16 [1/2] (4.90ns)   --->   "%call_ln0 = call void @packetizer_Pipeline_VITIS_LOOP_36_1, i32 %in_stream_V_data_V, i4 %in_stream_V_keep_V, i4 %in_stream_V_strb_V, i1 %in_stream_V_last_V, i32 %fifo, i4 %p_phi_loc, i4 %p_phi4_loc"   --->   Operation 16 'call' 'call_ln0' <Predicate = true> <Delay = 4.90> <CoreType = "Generic">   --->   Generic Core

State 4 <SV = 3> <Delay = 1.31>
ST_4 : Operation 17 [1/1] (0.00ns)   --->   "%p_phi_loc_load = load i4 %p_phi_loc"   --->   Operation 17 'load' 'p_phi_loc_load' <Predicate = true> <Delay = 0.00>
ST_4 : Operation 18 [1/1] (0.00ns)   --->   "%p_phi4_loc_load = load i4 %p_phi4_loc"   --->   Operation 18 'load' 'p_phi4_loc_load' <Predicate = true> <Delay = 0.00>
ST_4 : Operation 19 [2/2] (1.31ns)   --->   "%write_ln76 = write void @_ssdm_op_Write.axis.volatile.i32P0A.i4P0A.i4P0A.i1P0A, i32 %out_stream_V_data_V, i4 %out_stream_V_keep_V, i4 %out_stream_V_strb_V, i1 %out_stream_V_last_V, i32 5000, i4 %p_phi_loc_load, i4 %p_phi4_loc_load, i1 0" [../hls_component/packetizer1.cpp:76]   --->   Operation 19 'write' 'write_ln76' <Predicate = true> <Delay = 1.31> <CoreInst = "regslice">   --->   Core 135 'regslice' <Latency = 0> <II = 1> <Delay = 2.05> <Adapter> <Opcode : 'read' 'write'>

State 5 <SV = 4> <Delay = 2.42>
ST_5 : Operation 20 [1/1] (0.00ns)   --->   "%frame_no_load = load i24 %frame_no" [../hls_component/packetizer1.cpp:52]   --->   Operation 20 'load' 'frame_no_load' <Predicate = true> <Delay = 0.00>
ST_5 : Operation 21 [1/1] (0.00ns)   --->   "%zext_ln52 = zext i24 %frame_no_load" [../hls_component/packetizer1.cpp:52]   --->   Operation 21 'zext' 'zext_ln52' <Predicate = true> <Delay = 0.00>
ST_5 : Operation 22 [1/1] (0.00ns)   --->   "%word1 = bitconcatenate i29 @_ssdm_op_BitConcatenate.i29.i3.i26, i3 5, i26 %zext_ln52" [../hls_component/packetizer1.cpp:52]   --->   Operation 22 'bitconcatenate' 'word1' <Predicate = true> <Delay = 0.00>
ST_5 : Operation 23 [1/1] (0.00ns)   --->   "%sext_ln51 = sext i29 %word1" [../hls_component/packetizer1.cpp:51]   --->   Operation 23 'sext' 'sext_ln51' <Predicate = true> <Delay = 0.00>
ST_5 : Operation 24 [1/1] (0.00ns)   --->   "%zext_ln51 = zext i30 %sext_ln51" [../hls_component/packetizer1.cpp:51]   --->   Operation 24 'zext' 'zext_ln51' <Predicate = true> <Delay = 0.00>
ST_5 : Operation 25 [1/2] ( I:1.31ns O:1.31ns )   --->   "%write_ln76 = write void @_ssdm_op_Write.axis.volatile.i32P0A.i4P0A.i4P0A.i1P0A, i32 %out_stream_V_data_V, i4 %out_stream_V_keep_V, i4 %out_stream_V_strb_V, i1 %out_stream_V_last_V, i32 5000, i4 %p_phi_loc_load, i4 %p_phi4_loc_load, i1 0" [../hls_component/packetizer1.cpp:76]   --->   Operation 25 'write' 'write_ln76' <Predicate = true> <Delay = 1.31> <CoreInst = "regslice">   --->   Core 135 'regslice' <Latency = 0> <II = 1> <Delay = 2.05> <Adapter> <Opcode : 'read' 'write'>
ST_5 : Operation 26 [2/2] (1.31ns)   --->   "%write_ln80 = write void @_ssdm_op_Write.axis.volatile.i32P0A.i4P0A.i4P0A.i1P0A, i32 %out_stream_V_data_V, i4 %out_stream_V_keep_V, i4 %out_stream_V_strb_V, i1 %out_stream_V_last_V, i32 %zext_ln51, i4 %p_phi_loc_load, i4 %p_phi4_loc_load, i1 0" [../hls_component/packetizer1.cpp:80]   --->   Operation 26 'write' 'write_ln80' <Predicate = true> <Delay = 1.31> <CoreInst = "regslice">   --->   Core 135 'regslice' <Latency = 0> <II = 1> <Delay = 2.05> <Adapter> <Opcode : 'read' 'write'>
ST_5 : Operation 27 [1/1] (2.42ns)   --->   "%add_ln108 = add i24 %frame_no_load, i24 1" [../hls_component/packetizer1.cpp:108]   --->   Operation 27 'add' 'add_ln108' <Predicate = true> <Delay = 2.42> <CoreInst = "Adder">   --->   Core 1 'Adder' <Latency = 0> <II = 1> <Delay = 2.42> <FuncUnit> <Opcode : 'add' 'sub'> <InPorts = 2> <OutPorts = 1>
ST_5 : Operation 28 [1/1] (0.00ns)   --->   "%store_ln108 = store i24 %add_ln108, i24 %frame_no" [../hls_component/packetizer1.cpp:108]   --->   Operation 28 'store' 'store_ln108' <Predicate = true> <Delay = 0.00>

State 6 <SV = 5> <Delay = 1.31>
ST_6 : Operation 29 [1/2] ( I:1.31ns O:1.31ns )   --->   "%write_ln80 = write void @_ssdm_op_Write.axis.volatile.i32P0A.i4P0A.i4P0A.i1P0A, i32 %out_stream_V_data_V, i4 %out_stream_V_keep_V, i4 %out_stream_V_strb_V, i1 %out_stream_V_last_V, i32 %zext_ln51, i4 %p_phi_loc_load, i4 %p_phi4_loc_load, i1 0" [../hls_component/packetizer1.cpp:80]   --->   Operation 29 'write' 'write_ln80' <Predicate = true> <Delay = 1.31> <CoreInst = "regslice">   --->   Core 135 'regslice' <Latency = 0> <II = 1> <Delay = 2.05> <Adapter> <Opcode : 'read' 'write'>
ST_6 : Operation 30 [2/2] (1.31ns)   --->   "%write_ln84 = write void @_ssdm_op_Write.axis.volatile.i32P0A.i4P0A.i4P0A.i1P0A, i32 %out_stream_V_data_V, i4 %out_stream_V_keep_V, i4 %out_stream_V_strb_V, i1 %out_stream_V_last_V, i32 536870920, i4 %p_phi_loc_load, i4 %p_phi4_loc_load, i1 0" [../hls_component/packetizer1.cpp:84]   --->   Operation 30 'write' 'write_ln84' <Predicate = true> <Delay = 1.31> <CoreInst = "regslice">   --->   Core 135 'regslice' <Latency = 0> <II = 1> <Delay = 2.05> <Adapter> <Opcode : 'read' 'write'>

State 7 <SV = 6> <Delay = 1.31>
ST_7 : Operation 31 [1/2] ( I:1.31ns O:1.31ns )   --->   "%write_ln84 = write void @_ssdm_op_Write.axis.volatile.i32P0A.i4P0A.i4P0A.i1P0A, i32 %out_stream_V_data_V, i4 %out_stream_V_keep_V, i4 %out_stream_V_strb_V, i1 %out_stream_V_last_V, i32 536870920, i4 %p_phi_loc_load, i4 %p_phi4_loc_load, i1 0" [../hls_component/packetizer1.cpp:84]   --->   Operation 31 'write' 'write_ln84' <Predicate = true> <Delay = 1.31> <CoreInst = "regslice">   --->   Core 135 'regslice' <Latency = 0> <II = 1> <Delay = 2.05> <Adapter> <Opcode : 'read' 'write'>
ST_7 : Operation 32 [2/2] (1.31ns)   --->   "%write_ln88 = write void @_ssdm_op_Write.axis.volatile.i32P0A.i4P0A.i4P0A.i1P0A, i32 %out_stream_V_data_V, i4 %out_stream_V_keep_V, i4 %out_stream_V_strb_V, i1 %out_stream_V_last_V, i32 67108869, i4 %p_phi_loc_load, i4 %p_phi4_loc_load, i1 0" [../hls_component/packetizer1.cpp:88]   --->   Operation 32 'write' 'write_ln88' <Predicate = true> <Delay = 1.31> <CoreInst = "regslice">   --->   Core 135 'regslice' <Latency = 0> <II = 1> <Delay = 2.05> <Adapter> <Opcode : 'read' 'write'>

State 8 <SV = 7> <Delay = 1.31>
ST_8 : Operation 33 [1/2] ( I:1.31ns O:1.31ns )   --->   "%write_ln88 = write void @_ssdm_op_Write.axis.volatile.i32P0A.i4P0A.i4P0A.i1P0A, i32 %out_stream_V_data_V, i4 %out_stream_V_keep_V, i4 %out_stream_V_strb_V, i1 %out_stream_V_last_V, i32 67108869, i4 %p_phi_loc_load, i4 %p_phi4_loc_load, i1 0" [../hls_component/packetizer1.cpp:88]   --->   Operation 33 'write' 'write_ln88' <Predicate = true> <Delay = 1.31> <CoreInst = "regslice">   --->   Core 135 'regslice' <Latency = 0> <II = 1> <Delay = 2.05> <Adapter> <Opcode : 'read' 'write'>

State 9 <SV = 8> <Delay = 0.00>
ST_9 : Operation 34 [2/2] (0.00ns)   --->   "%call_ln0 = call void @packetizer_Pipeline_VITIS_LOOP_94_2, i32 %fifo, i4 %p_phi_loc_load, i4 %p_phi4_loc_load, i32 %out_stream_V_data_V, i4 %out_stream_V_keep_V, i4 %out_stream_V_strb_V, i1 %out_stream_V_last_V"   --->   Operation 34 'call' 'call_ln0' <Predicate = true> <Delay = 0.00> <CoreType = "Generic">   --->   Generic Core

State 10 <SV = 9> <Delay = 4.96>
ST_10 : Operation 35 [1/2] (4.96ns)   --->   "%call_ln0 = call void @packetizer_Pipeline_VITIS_LOOP_94_2, i32 %fifo, i4 %p_phi_loc_load, i4 %p_phi4_loc_load, i32 %out_stream_V_data_V, i4 %out_stream_V_keep_V, i4 %out_stream_V_strb_V, i1 %out_stream_V_last_V"   --->   Operation 35 'call' 'call_ln0' <Predicate = true> <Delay = 4.96> <CoreType = "Generic">   --->   Generic Core

State 11 <SV = 10> <Delay = 0.00>
ST_11 : Operation 36 [1/1] (0.00ns)   --->   "%spectopmodule_ln7 = spectopmodule void @_ssdm_op_SpecTopModule, void @empty_5" [../hls_component/packetizer1.cpp:7]   --->   Operation 36 'spectopmodule' 'spectopmodule_ln7' <Predicate = true> <Delay = 0.00>
ST_11 : Operation 37 [1/1] (0.00ns)   --->   "%specinterface_ln7 = specinterface void @_ssdm_op_SpecInterface, i32 0, void @empty_6, i32 0, i32 0, void @empty_1, i32 0, i32 0, void @empty_1, void @empty_1, void @empty_1, i32 0, i32 0, i32 0, i32 0, void @empty_1, void @empty_1, i32 4294967295, i32 0, i32 0, i32 0" [../hls_component/packetizer1.cpp:7]   --->   Operation 37 'specinterface' 'specinterface_ln7' <Predicate = true> <Delay = 0.00>
ST_11 : Operation 38 [1/1] (0.00ns)   --->   "%specinterface_ln0 = specinterface void @_ssdm_op_SpecInterface, i32 %in_stream_V_data_V, i4 %in_stream_V_keep_V, i4 %in_stream_V_strb_V, i1 %in_stream_V_last_V, void @empty, i32 1, i32 1, void @empty_0, i32 0, i32 0, void @empty_1, void @empty_1, void @empty_1, i32 0, i32 0, i32 0, i32 0, void @empty_1, void @empty_1, i32 4294967295, i32 0, i32 0, i32 0"   --->   Operation 38 'specinterface' 'specinterface_ln0' <Predicate = true> <Delay = 0.00>
ST_11 : Operation 39 [1/1] (0.00ns)   --->   "%specbitsmap_ln0 = specbitsmap void @_ssdm_op_SpecBitsMap, i32 %in_stream_V_data_V"   --->   Operation 39 'specbitsmap' 'specbitsmap_ln0' <Predicate = true> <Delay = 0.00>
ST_11 : Operation 40 [1/1] (0.00ns)   --->   "%specbitsmap_ln0 = specbitsmap void @_ssdm_op_SpecBitsMap, i4 %in_stream_V_keep_V"   --->   Operation 40 'specbitsmap' 'specbitsmap_ln0' <Predicate = true> <Delay = 0.00>
ST_11 : Operation 41 [1/1] (0.00ns)   --->   "%specbitsmap_ln0 = specbitsmap void @_ssdm_op_SpecBitsMap, i4 %in_stream_V_strb_V"   --->   Operation 41 'specbitsmap' 'specbitsmap_ln0' <Predicate = true> <Delay = 0.00>
ST_11 : Operation 42 [1/1] (0.00ns)   --->   "%specbitsmap_ln0 = specbitsmap void @_ssdm_op_SpecBitsMap, i1 %in_stream_V_last_V"   --->   Operation 42 'specbitsmap' 'specbitsmap_ln0' <Predicate = true> <Delay = 0.00>
ST_11 : Operation 43 [1/1] (0.00ns)   --->   "%specinterface_ln0 = specinterface void @_ssdm_op_SpecInterface, i32 %out_stream_V_data_V, i4 %out_stream_V_keep_V, i4 %out_stream_V_strb_V, i1 %out_stream_V_last_V, void @empty, i32 1, i32 1, void @empty_0, i32 0, i32 0, void @empty_1, void @empty_1, void @empty_1, i32 0, i32 0, i32 0, i32 0, void @empty_1, void @empty_1, i32 4294967295, i32 0, i32 0, i32 0"   --->   Operation 43 'specinterface' 'specinterface_ln0' <Predicate = true> <Delay = 0.00>
ST_11 : Operation 44 [1/1] (0.00ns)   --->   "%specbitsmap_ln0 = specbitsmap void @_ssdm_op_SpecBitsMap, i32 %out_stream_V_data_V"   --->   Operation 44 'specbitsmap' 'specbitsmap_ln0' <Predicate = true> <Delay = 0.00>
ST_11 : Operation 45 [1/1] (0.00ns)   --->   "%specbitsmap_ln0 = specbitsmap void @_ssdm_op_SpecBitsMap, i4 %out_stream_V_keep_V"   --->   Operation 45 'specbitsmap' 'specbitsmap_ln0' <Predicate = true> <Delay = 0.00>
ST_11 : Operation 46 [1/1] (0.00ns)   --->   "%specbitsmap_ln0 = specbitsmap void @_ssdm_op_SpecBitsMap, i4 %out_stream_V_strb_V"   --->   Operation 46 'specbitsmap' 'specbitsmap_ln0' <Predicate = true> <Delay = 0.00>
ST_11 : Operation 47 [1/1] (0.00ns)   --->   "%specbitsmap_ln0 = specbitsmap void @_ssdm_op_SpecBitsMap, i1 %out_stream_V_last_V"   --->   Operation 47 'specbitsmap' 'specbitsmap_ln0' <Predicate = true> <Delay = 0.00>
ST_11 : Operation 48 [1/1] (0.00ns)   --->   "%empty = specchannel i32 @_ssdm_op_SpecChannel, void @fifo_str, i32 1, void @p_str, void @p_str, i32 8, i32 8, i32 %fifo, i32 %fifo"   --->   Operation 48 'specchannel' 'empty' <Predicate = true> <Delay = 0.00>
ST_11 : Operation 49 [1/1] (0.00ns)   --->   "%specinterface_ln0 = specinterface void @_ssdm_op_SpecInterface, i32 %fifo, void @empty_2, i32 0, i32 0, void @empty_1, i32 0, i32 0, void @empty_1, void @empty_1, void @empty_1, i32 0, i32 0, i32 0, i32 0, void @empty_1, void @empty_1, i32 4294967295, i32 0, i32 0, i32 0"   --->   Operation 49 'specinterface' 'specinterface_ln0' <Predicate = true> <Delay = 0.00>
ST_11 : Operation 50 [1/1] (0.00ns)   --->   "%specaxissidechannel_ln36 = specaxissidechannel void @_ssdm_op_SpecAXISSideChannel, i32 %out_stream_V_data_V, i4 %out_stream_V_keep_V, i4 %out_stream_V_strb_V, i1 0, i1 %out_stream_V_last_V, i1 0, i1 0, void @empty_3" [../hls_component/packetizer1.cpp:36]   --->   Operation 50 'specaxissidechannel' 'specaxissidechannel_ln36' <Predicate = true> <Delay = 0.00>
ST_11 : Operation 51 [1/1] (0.00ns)   --->   "%specaxissidechannel_ln36 = specaxissidechannel void @_ssdm_op_SpecAXISSideChannel, i32 %in_stream_V_data_V, i4 %in_stream_V_keep_V, i4 %in_stream_V_strb_V, i1 0, i1 %in_stream_V_last_V, i1 0, i1 0, void @empty_4" [../hls_component/packetizer1.cpp:36]   --->   Operation 51 'specaxissidechannel' 'specaxissidechannel_ln36' <Predicate = true> <Delay = 0.00>
ST_11 : Operation 52 [1/1] (0.00ns)   --->   "%ret_ln109 = ret" [../hls_component/packetizer1.cpp:109]   --->   Operation 52 'ret' 'ret_ln109' <Predicate = true> <Delay = 0.00>


============================================================
+ Verbose Summary: Binding
============================================================
STG Binding: 
---------------- STG Properties BEGIN ----------------
- Is combinational: 0
- Is one-state seq: 0
- Is datapath-only: 0
- Is pipelined: 0
- Is top level: 1
Port [ Return ] is wired: 1; IO mode=ap_ctrl_none:ce=0
Port [ in_stream_V_data_V]:  wired=1; compound=1; hidden=0; nouse=0; global=0; static=0; extern=0; dir=0; type=0; pingpong=0; private_global=0; IO mode=axis:ce=0
Port [ in_stream_V_keep_V]:  wired=1; compound=1; hidden=0; nouse=0; global=0; static=0; extern=0; dir=0; type=0; pingpong=0; private_global=0; IO mode=axis:ce=0
Port [ in_stream_V_strb_V]:  wired=1; compound=1; hidden=0; nouse=0; global=0; static=0; extern=0; dir=0; type=0; pingpong=0; private_global=0; IO mode=axis:ce=0
Port [ in_stream_V_last_V]:  wired=1; compound=1; hidden=0; nouse=0; global=0; static=0; extern=0; dir=0; type=0; pingpong=0; private_global=0; IO mode=axis:ce=0
Port [ out_stream_V_data_V]:  wired=1; compound=1; hidden=0; nouse=0; global=0; static=0; extern=0; dir=1; type=0; pingpong=0; private_global=0; IO mode=axis:ce=0
Port [ out_stream_V_keep_V]:  wired=1; compound=1; hidden=0; nouse=0; global=0; static=0; extern=0; dir=1; type=0; pingpong=0; private_global=0; IO mode=axis:ce=0
Port [ out_stream_V_strb_V]:  wired=1; compound=1; hidden=0; nouse=0; global=0; static=0; extern=0; dir=1; type=0; pingpong=0; private_global=0; IO mode=axis:ce=0
Port [ out_stream_V_last_V]:  wired=1; compound=1; hidden=0; nouse=0; global=0; static=0; extern=0; dir=1; type=0; pingpong=0; private_global=0; IO mode=axis:ce=0
Port [ frame_no]:  wired=0; compound=0; hidden=1; nouse=0; global=1; static=1; extern=0; dir=2; type=0; pingpong=0; private_global=1; IO mode=ap_ovld:ce=0
---------------- STG Properties END ------------------

---------------- Datapath Model BEGIN ----------------

<LifeTime>
<method=bitvector/>
p_phi4_loc               (alloca             ) [ 001110000000]
p_phi_loc                (alloca             ) [ 001110000000]
fifo                     (alloca             ) [ 001111111111]
call_ln0                 (call               ) [ 000000000000]
p_phi_loc_load           (load               ) [ 000001111110]
p_phi4_loc_load          (load               ) [ 000001111110]
frame_no_load            (load               ) [ 000000000000]
zext_ln52                (zext               ) [ 000000000000]
word1                    (bitconcatenate     ) [ 000000000000]
sext_ln51                (sext               ) [ 000000000000]
zext_ln51                (zext               ) [ 000000100000]
write_ln76               (write              ) [ 000000000000]
add_ln108                (add                ) [ 000000000000]
store_ln108              (store              ) [ 000000000000]
write_ln80               (write              ) [ 000000000000]
write_ln84               (write              ) [ 000000000000]
write_ln88               (write              ) [ 000000000000]
call_ln0                 (call               ) [ 000000000000]
spectopmodule_ln7        (spectopmodule      ) [ 000000000000]
specinterface_ln7        (specinterface      ) [ 000000000000]
specinterface_ln0        (specinterface      ) [ 000000000000]
specbitsmap_ln0          (specbitsmap        ) [ 000000000000]
specbitsmap_ln0          (specbitsmap        ) [ 000000000000]
specbitsmap_ln0          (specbitsmap        ) [ 000000000000]
specbitsmap_ln0          (specbitsmap        ) [ 000000000000]
specinterface_ln0        (specinterface      ) [ 000000000000]
specbitsmap_ln0          (specbitsmap        ) [ 000000000000]
specbitsmap_ln0          (specbitsmap        ) [ 000000000000]
specbitsmap_ln0          (specbitsmap        ) [ 000000000000]
specbitsmap_ln0          (specbitsmap        ) [ 000000000000]
empty                    (specchannel        ) [ 000000000000]
specinterface_ln0        (specinterface      ) [ 000000000000]
specaxissidechannel_ln36 (specaxissidechannel) [ 000000000000]
specaxissidechannel_ln36 (specaxissidechannel) [ 000000000000]
ret_ln109                (ret                ) [ 000000000000]
</LifeTime>

<model>

<comp_list>
<comp id="0" class="1000" name="in_stream_V_data_V">
<pin_list>
<pin id="1" dir="1" index="0" bw="1" slack="0"/>
</pin_list>
<bind>
<StgValue><ssdm name="in_stream_V_data_V"/></StgValue>
</bind>
</comp>

<comp id="2" class="1000" name="in_stream_V_keep_V">
<pin_list>
<pin id="3" dir="1" index="0" bw="1" slack="0"/>
</pin_list>
<bind>
<StgValue><ssdm name="in_stream_V_keep_V"/></StgValue>
</bind>
</comp>

<comp id="4" class="1000" name="in_stream_V_strb_V">
<pin_list>
<pin id="5" dir="1" index="0" bw="1" slack="0"/>
</pin_list>
<bind>
<StgValue><ssdm name="in_stream_V_strb_V"/></StgValue>
</bind>
</comp>

<comp id="6" class="1000" name="in_stream_V_last_V">
<pin_list>
<pin id="7" dir="1" index="0" bw="1" slack="0"/>
</pin_list>
<bind>
<StgValue><ssdm name="in_stream_V_last_V"/></StgValue>
</bind>
</comp>

<comp id="8" class="1000" name="out_stream_V_data_V">
<pin_list>
<pin id="9" dir="1" index="0" bw="1" slack="0"/>
</pin_list>
<bind>
<StgValue><ssdm name="out_stream_V_data_V"/></StgValue>
</bind>
</comp>

<comp id="10" class="1000" name="out_stream_V_keep_V">
<pin_list>
<pin id="11" dir="1" index="0" bw="1" slack="0"/>
</pin_list>
<bind>
<StgValue><ssdm name="out_stream_V_keep_V"/></StgValue>
</bind>
</comp>

<comp id="12" class="1000" name="out_stream_V_strb_V">
<pin_list>
<pin id="13" dir="1" index="0" bw="1" slack="0"/>
</pin_list>
<bind>
<StgValue><ssdm name="out_stream_V_strb_V"/></StgValue>
</bind>
</comp>

<comp id="14" class="1000" name="out_stream_V_last_V">
<pin_list>
<pin id="15" dir="1" index="0" bw="1" slack="0"/>
</pin_list>
<bind>
<StgValue><ssdm name="out_stream_V_last_V"/></StgValue>
</bind>
</comp>

<comp id="16" class="1000" name="frame_no">
<pin_list>
<pin id="17" dir="1" index="0" bw="1" slack="0"/>
</pin_list>
<bind>
<StgValue><ssdm name="frame_no"/></StgValue>
</bind>
</comp>

<comp id="18" class="1001" name="const_18">
<pin_list>
<pin id="19" dir="1" index="0" bw="1" slack="0"/>
</pin_list>
<bind>
<StgValue><ssdm name=""/></StgValue>
</bind>
</comp>

<comp id="20" class="1001" name="const_20">
<pin_list>
<pin id="21" dir="1" index="0" bw="1" slack="0"/>
</pin_list>
<bind>
<StgValue><ssdm name="packetizer_Pipeline_VITIS_LOOP_36_1"/></StgValue>
</bind>
</comp>

<comp id="22" class="1001" name="const_22">
<pin_list>
<pin id="23" dir="1" index="0" bw="1" slack="0"/>
</pin_list>
<bind>
<StgValue><ssdm name="_ssdm_op_Write.axis.volatile.i32P0A.i4P0A.i4P0A.i1P0A"/></StgValue>
</bind>
</comp>

<comp id="24" class="1001" name="const_24">
<pin_list>
<pin id="25" dir="1" index="0" bw="1" slack="0"/>
</pin_list>
<bind>
<StgValue><ssdm name=""/></StgValue>
</bind>
</comp>

<comp id="26" class="1001" name="const_26">
<pin_list>
<pin id="27" dir="1" index="0" bw="1" slack="0"/>
</pin_list>
<bind>
<StgValue><ssdm name=""/></StgValue>
</bind>
</comp>

<comp id="28" class="1001" name="const_28">
<pin_list>
<pin id="29" dir="1" index="0" bw="1" slack="0"/>
</pin_list>
<bind>
<StgValue><ssdm name="_ssdm_op_BitConcatenate.i29.i3.i26"/></StgValue>
</bind>
</comp>

<comp id="30" class="1001" name="const_30">
<pin_list>
<pin id="31" dir="1" index="0" bw="1" slack="0"/>
</pin_list>
<bind>
<StgValue><ssdm name=""/></StgValue>
</bind>
</comp>

<comp id="32" class="1001" name="const_32">
<pin_list>
<pin id="33" dir="1" index="0" bw="1" slack="0"/>
</pin_list>
<bind>
<StgValue><ssdm name=""/></StgValue>
</bind>
</comp>

<comp id="34" class="1001" name="const_34">
<pin_list>
<pin id="35" dir="1" index="0" bw="1" slack="0"/>
</pin_list>
<bind>
<StgValue><ssdm name=""/></StgValue>
</bind>
</comp>

<comp id="36" class="1001" name="const_36">
<pin_list>
<pin id="37" dir="1" index="0" bw="1" slack="0"/>
</pin_list>
<bind>
<StgValue><ssdm name=""/></StgValue>
</bind>
</comp>

<comp id="38" class="1001" name="const_38">
<pin_list>
<pin id="39" dir="1" index="0" bw="1" slack="0"/>
</pin_list>
<bind>
<StgValue><ssdm name="packetizer_Pipeline_VITIS_LOOP_94_2"/></StgValue>
</bind>
</comp>

<comp id="40" class="1001" name="const_40">
<pin_list>
<pin id="41" dir="1" index="0" bw="1" slack="2147483647"/>
</pin_list>
<bind>
<StgValue><ssdm name="_ssdm_op_SpecTopModule"/></StgValue>
</bind>
</comp>

<comp id="42" class="1001" name="const_42">
<pin_list>
<pin id="43" dir="1" index="0" bw="1" slack="2147483647"/>
</pin_list>
<bind>
<StgValue><ssdm name="empty_5"/></StgValue>
</bind>
</comp>

<comp id="44" class="1001" name="const_44">
<pin_list>
<pin id="45" dir="1" index="0" bw="1" slack="2147483647"/>
</pin_list>
<bind>
<StgValue><ssdm name="_ssdm_op_SpecInterface"/></StgValue>
</bind>
</comp>

<comp id="46" class="1001" name="const_46">
<pin_list>
<pin id="47" dir="1" index="0" bw="1" slack="2147483647"/>
</pin_list>
<bind>
<StgValue><ssdm name=""/></StgValue>
</bind>
</comp>

<comp id="48" class="1001" name="const_48">
<pin_list>
<pin id="49" dir="1" index="0" bw="1" slack="2147483647"/>
</pin_list>
<bind>
<StgValue><ssdm name="empty_6"/></StgValue>
</bind>
</comp>

<comp id="50" class="1001" name="const_50">
<pin_list>
<pin id="51" dir="1" index="0" bw="1" slack="2147483647"/>
</pin_list>
<bind>
<StgValue><ssdm name="empty_1"/></StgValue>
</bind>
</comp>

<comp id="52" class="1001" name="const_52">
<pin_list>
<pin id="53" dir="1" index="0" bw="1" slack="2147483647"/>
</pin_list>
<bind>
<StgValue><ssdm name=""/></StgValue>
</bind>
</comp>

<comp id="54" class="1001" name="const_54">
<pin_list>
<pin id="55" dir="1" index="0" bw="1" slack="2147483647"/>
</pin_list>
<bind>
<StgValue><ssdm name="empty"/></StgValue>
</bind>
</comp>

<comp id="56" class="1001" name="const_56">
<pin_list>
<pin id="57" dir="1" index="0" bw="1" slack="2147483647"/>
</pin_list>
<bind>
<StgValue><ssdm name=""/></StgValue>
</bind>
</comp>

<comp id="58" class="1001" name="const_58">
<pin_list>
<pin id="59" dir="1" index="0" bw="1" slack="2147483647"/>
</pin_list>
<bind>
<StgValue><ssdm name="empty_0"/></StgValue>
</bind>
</comp>

<comp id="60" class="1001" name="const_60">
<pin_list>
<pin id="61" dir="1" index="0" bw="1" slack="2147483647"/>
</pin_list>
<bind>
<StgValue><ssdm name="_ssdm_op_SpecBitsMap"/></StgValue>
</bind>
</comp>

<comp id="62" class="1001" name="const_62">
<pin_list>
<pin id="63" dir="1" index="0" bw="1" slack="2147483647"/>
</pin_list>
<bind>
<StgValue><ssdm name="_ssdm_op_SpecChannel"/></StgValue>
</bind>
</comp>

<comp id="64" class="1001" name="const_64">
<pin_list>
<pin id="65" dir="1" index="0" bw="1" slack="2147483647"/>
</pin_list>
<bind>
<StgValue><ssdm name="fifo_str"/></StgValue>
</bind>
</comp>

<comp id="66" class="1001" name="const_66">
<pin_list>
<pin id="67" dir="1" index="0" bw="1" slack="2147483647"/>
</pin_list>
<bind>
<StgValue><ssdm name="p_str"/></StgValue>
</bind>
</comp>

<comp id="68" class="1001" name="const_68">
<pin_list>
<pin id="69" dir="1" index="0" bw="1" slack="2147483647"/>
</pin_list>
<bind>
<StgValue><ssdm name=""/></StgValue>
</bind>
</comp>

<comp id="70" class="1001" name="const_70">
<pin_list>
<pin id="71" dir="1" index="0" bw="1" slack="2147483647"/>
</pin_list>
<bind>
<StgValue><ssdm name="empty_2"/></StgValue>
</bind>
</comp>

<comp id="72" class="1001" name="const_72">
<pin_list>
<pin id="73" dir="1" index="0" bw="1" slack="2147483647"/>
</pin_list>
<bind>
<StgValue><ssdm name="_ssdm_op_SpecAXISSideChannel"/></StgValue>
</bind>
</comp>

<comp id="74" class="1001" name="const_74">
<pin_list>
<pin id="75" dir="1" index="0" bw="1" slack="2147483647"/>
</pin_list>
<bind>
<StgValue><ssdm name=""/></StgValue>
</bind>
</comp>

<comp id="76" class="1001" name="const_76">
<pin_list>
<pin id="77" dir="1" index="0" bw="1" slack="2147483647"/>
</pin_list>
<bind>
<StgValue><ssdm name="empty_3"/></StgValue>
</bind>
</comp>

<comp id="78" class="1001" name="const_78">
<pin_list>
<pin id="79" dir="1" index="0" bw="1" slack="2147483647"/>
</pin_list>
<bind>
<StgValue><ssdm name="empty_4"/></StgValue>
</bind>
</comp>

<comp id="80" class="1004" name="p_phi4_loc_fu_80">
<pin_list>
<pin id="81" dir="0" index="0" bw="1" slack="0"/>
<pin id="82" dir="1" index="1" bw="4" slack="1"/>
</pin_list>
<bind>
<opcode="alloca(26) " fcode="alloca"/>
<opset="p_phi4_loc/1 "/>
</bind>
</comp>

<comp id="84" class="1004" name="p_phi_loc_fu_84">
<pin_list>
<pin id="85" dir="0" index="0" bw="1" slack="0"/>
<pin id="86" dir="1" index="1" bw="4" slack="1"/>
</pin_list>
<bind>
<opcode="alloca(26) " fcode="alloca"/>
<opset="p_phi_loc/1 "/>
</bind>
</comp>

<comp id="88" class="1004" name="fifo_fu_88">
<pin_list>
<pin id="89" dir="0" index="0" bw="1" slack="0"/>
<pin id="90" dir="1" index="1" bw="32" slack="1"/>
</pin_list>
<bind>
<opcode="alloca(26) " fcode="alloca"/>
<opset="fifo/1 "/>
</bind>
</comp>

<comp id="92" class="1004" name="grp_write_fu_92">
<pin_list>
<pin id="93" dir="0" index="0" bw="0" slack="0"/>
<pin id="94" dir="0" index="1" bw="32" slack="0"/>
<pin id="95" dir="0" index="2" bw="4" slack="0"/>
<pin id="96" dir="0" index="3" bw="4" slack="0"/>
<pin id="97" dir="0" index="4" bw="1" slack="0"/>
<pin id="98" dir="0" index="5" bw="31" slack="0"/>
<pin id="99" dir="0" index="6" bw="4" slack="0"/>
<pin id="100" dir="0" index="7" bw="4" slack="0"/>
<pin id="101" dir="0" index="8" bw="1" slack="0"/>
<pin id="102" dir="1" index="9" bw="0" slack="2147483647"/>
</pin_list>
<bind>
<opcode="write(1151) " fcode="write"/>
<opset="write_ln76/4 write_ln80/5 write_ln84/6 write_ln88/7 "/>
</bind>
</comp>

<comp id="112" class="1004" name="grp_packetizer_Pipeline_VITIS_LOOP_36_1_fu_112">
<pin_list>
<pin id="113" dir="0" index="0" bw="0" slack="0"/>
<pin id="114" dir="0" index="1" bw="32" slack="0"/>
<pin id="115" dir="0" index="2" bw="4" slack="0"/>
<pin id="116" dir="0" index="3" bw="4" slack="0"/>
<pin id="117" dir="0" index="4" bw="1" slack="0"/>
<pin id="118" dir="0" index="5" bw="32" slack="1"/>
<pin id="119" dir="0" index="6" bw="4" slack="1"/>
<pin id="120" dir="0" index="7" bw="4" slack="1"/>
<pin id="121" dir="1" index="8" bw="0" slack="2147483647"/>
</pin_list>
<bind>
<opcode="call(48) " fcode="call"/>
<opset="call_ln0/2 "/>
</bind>
</comp>

<comp id="127" class="1004" name="grp_packetizer_Pipeline_VITIS_LOOP_94_2_fu_127">
<pin_list>
<pin id="128" dir="0" index="0" bw="0" slack="0"/>
<pin id="129" dir="0" index="1" bw="32" slack="8"/>
<pin id="130" dir="0" index="2" bw="4" slack="2147483647"/>
<pin id="131" dir="0" index="3" bw="4" slack="2147483647"/>
<pin id="132" dir="0" index="4" bw="32" slack="0"/>
<pin id="133" dir="0" index="5" bw="4" slack="0"/>
<pin id="134" dir="0" index="6" bw="4" slack="0"/>
<pin id="135" dir="0" index="7" bw="1" slack="0"/>
<pin id="136" dir="1" index="8" bw="0" slack="2147483647"/>
</pin_list>
<bind>
<opcode="call(48) " fcode="call"/>
<opset="call_ln0/9 "/>
</bind>
</comp>

<comp id="142" class="1004" name="p_phi_loc_load_load_fu_142">
<pin_list>
<pin id="143" dir="0" index="0" bw="4" slack="3"/>
<pin id="144" dir="1" index="1" bw="4" slack="0"/>
</pin_list>
<bind>
<opcode="load(27) " fcode="load"/>
<opset="p_phi_loc_load/4 "/>
</bind>
</comp>

<comp id="146" class="1004" name="p_phi4_loc_load_load_fu_146">
<pin_list>
<pin id="147" dir="0" index="0" bw="4" slack="3"/>
<pin id="148" dir="1" index="1" bw="4" slack="0"/>
</pin_list>
<bind>
<opcode="load(27) " fcode="load"/>
<opset="p_phi4_loc_load/4 "/>
</bind>
</comp>

<comp id="150" class="1004" name="frame_no_load_load_fu_150">
<pin_list>
<pin id="151" dir="0" index="0" bw="24" slack="0"/>
<pin id="152" dir="1" index="1" bw="24" slack="0"/>
</pin_list>
<bind>
<opcode="load(27) " fcode="load"/>
<opset="frame_no_load/5 "/>
</bind>
</comp>

<comp id="154" class="1004" name="zext_ln52_fu_154">
<pin_list>
<pin id="155" dir="0" index="0" bw="24" slack="0"/>
<pin id="156" dir="1" index="1" bw="26" slack="0"/>
</pin_list>
<bind>
<opcode="zext(34) " fcode="zext"/>
<opset="zext_ln52/5 "/>
</bind>
</comp>

<comp id="158" class="1004" name="word1_fu_158">
<pin_list>
<pin id="159" dir="0" index="0" bw="29" slack="0"/>
<pin id="160" dir="0" index="1" bw="3" slack="0"/>
<pin id="161" dir="0" index="2" bw="24" slack="0"/>
<pin id="162" dir="1" index="3" bw="29" slack="0"/>
</pin_list>
<bind>
<opcode="bitconcatenate(1004) " fcode="bitconcatenate"/>
<opset="word1/5 "/>
</bind>
</comp>

<comp id="166" class="1004" name="sext_ln51_fu_166">
<pin_list>
<pin id="167" dir="0" index="0" bw="29" slack="0"/>
<pin id="168" dir="1" index="1" bw="30" slack="0"/>
</pin_list>
<bind>
<opcode="sext(35) " fcode="sext"/>
<opset="sext_ln51/5 "/>
</bind>
</comp>

<comp id="170" class="1004" name="zext_ln51_fu_170">
<pin_list>
<pin id="171" dir="0" index="0" bw="29" slack="0"/>
<pin id="172" dir="1" index="1" bw="32" slack="0"/>
</pin_list>
<bind>
<opcode="zext(34) " fcode="zext"/>
<opset="zext_ln51/5 "/>
</bind>
</comp>

<comp id="175" class="1004" name="add_ln108_fu_175">
<pin_list>
<pin id="176" dir="0" index="0" bw="24" slack="0"/>
<pin id="177" dir="0" index="1" bw="1" slack="0"/>
<pin id="178" dir="1" index="2" bw="24" slack="0"/>
</pin_list>
<bind>
<opcode="add(8) " fcode="add"/>
<opset="add_ln108/5 "/>
</bind>
</comp>

<comp id="181" class="1004" name="store_ln108_store_fu_181">
<pin_list>
<pin id="182" dir="0" index="0" bw="24" slack="0"/>
<pin id="183" dir="0" index="1" bw="24" slack="0"/>
<pin id="184" dir="1" index="2" bw="0" slack="2147483647"/>
</pin_list>
<bind>
<opcode="store(28) " fcode="store"/>
<opset="store_ln108/5 "/>
</bind>
</comp>

<comp id="187" class="1005" name="p_phi4_loc_reg_187">
<pin_list>
<pin id="188" dir="0" index="0" bw="4" slack="1"/>
<pin id="189" dir="1" index="1" bw="4" slack="1"/>
</pin_list>
<bind>
<opset="p_phi4_loc "/>
</bind>
</comp>

<comp id="193" class="1005" name="p_phi_loc_reg_193">
<pin_list>
<pin id="194" dir="0" index="0" bw="4" slack="1"/>
<pin id="195" dir="1" index="1" bw="4" slack="1"/>
</pin_list>
<bind>
<opset="p_phi_loc "/>
</bind>
</comp>

<comp id="199" class="1005" name="fifo_reg_199">
<pin_list>
<pin id="200" dir="0" index="0" bw="32" slack="1"/>
<pin id="201" dir="1" index="1" bw="32" slack="1"/>
</pin_list>
<bind>
<opset="fifo "/>
</bind>
</comp>

<comp id="211" class="1005" name="zext_ln51_reg_211">
<pin_list>
<pin id="212" dir="0" index="0" bw="32" slack="1"/>
<pin id="213" dir="1" index="1" bw="32" slack="1"/>
</pin_list>
<bind>
<opset="zext_ln51 "/>
</bind>
</comp>

</comp_list>

<net_list>
<net id="83"><net_src comp="18" pin="0"/><net_sink comp="80" pin=0"/></net>

<net id="87"><net_src comp="18" pin="0"/><net_sink comp="84" pin=0"/></net>

<net id="91"><net_src comp="18" pin="0"/><net_sink comp="88" pin=0"/></net>

<net id="103"><net_src comp="22" pin="0"/><net_sink comp="92" pin=0"/></net>

<net id="104"><net_src comp="8" pin="0"/><net_sink comp="92" pin=1"/></net>

<net id="105"><net_src comp="10" pin="0"/><net_sink comp="92" pin=2"/></net>

<net id="106"><net_src comp="12" pin="0"/><net_sink comp="92" pin=3"/></net>

<net id="107"><net_src comp="14" pin="0"/><net_sink comp="92" pin=4"/></net>

<net id="108"><net_src comp="24" pin="0"/><net_sink comp="92" pin=5"/></net>

<net id="109"><net_src comp="26" pin="0"/><net_sink comp="92" pin=8"/></net>

<net id="110"><net_src comp="34" pin="0"/><net_sink comp="92" pin=5"/></net>

<net id="111"><net_src comp="36" pin="0"/><net_sink comp="92" pin=5"/></net>

<net id="122"><net_src comp="20" pin="0"/><net_sink comp="112" pin=0"/></net>

<net id="123"><net_src comp="0" pin="0"/><net_sink comp="112" pin=1"/></net>

<net id="124"><net_src comp="2" pin="0"/><net_sink comp="112" pin=2"/></net>

<net id="125"><net_src comp="4" pin="0"/><net_sink comp="112" pin=3"/></net>

<net id="126"><net_src comp="6" pin="0"/><net_sink comp="112" pin=4"/></net>

<net id="137"><net_src comp="38" pin="0"/><net_sink comp="127" pin=0"/></net>

<net id="138"><net_src comp="8" pin="0"/><net_sink comp="127" pin=4"/></net>

<net id="139"><net_src comp="10" pin="0"/><net_sink comp="127" pin=5"/></net>

<net id="140"><net_src comp="12" pin="0"/><net_sink comp="127" pin=6"/></net>

<net id="141"><net_src comp="14" pin="0"/><net_sink comp="127" pin=7"/></net>

<net id="145"><net_src comp="142" pin="1"/><net_sink comp="92" pin=6"/></net>

<net id="149"><net_src comp="146" pin="1"/><net_sink comp="92" pin=7"/></net>

<net id="153"><net_src comp="16" pin="0"/><net_sink comp="150" pin=0"/></net>

<net id="157"><net_src comp="150" pin="1"/><net_sink comp="154" pin=0"/></net>

<net id="163"><net_src comp="28" pin="0"/><net_sink comp="158" pin=0"/></net>

<net id="164"><net_src comp="30" pin="0"/><net_sink comp="158" pin=1"/></net>

<net id="165"><net_src comp="154" pin="1"/><net_sink comp="158" pin=2"/></net>

<net id="169"><net_src comp="158" pin="3"/><net_sink comp="166" pin=0"/></net>

<net id="173"><net_src comp="166" pin="1"/><net_sink comp="170" pin=0"/></net>

<net id="174"><net_src comp="170" pin="1"/><net_sink comp="92" pin=5"/></net>

<net id="179"><net_src comp="150" pin="1"/><net_sink comp="175" pin=0"/></net>

<net id="180"><net_src comp="32" pin="0"/><net_sink comp="175" pin=1"/></net>

<net id="185"><net_src comp="175" pin="2"/><net_sink comp="181" pin=0"/></net>

<net id="186"><net_src comp="16" pin="0"/><net_sink comp="181" pin=1"/></net>

<net id="190"><net_src comp="80" pin="1"/><net_sink comp="187" pin=0"/></net>

<net id="191"><net_src comp="187" pin="1"/><net_sink comp="112" pin=7"/></net>

<net id="192"><net_src comp="187" pin="1"/><net_sink comp="146" pin=0"/></net>

<net id="196"><net_src comp="84" pin="1"/><net_sink comp="193" pin=0"/></net>

<net id="197"><net_src comp="193" pin="1"/><net_sink comp="112" pin=6"/></net>

<net id="198"><net_src comp="193" pin="1"/><net_sink comp="142" pin=0"/></net>

<net id="202"><net_src comp="88" pin="1"/><net_sink comp="199" pin=0"/></net>

<net id="203"><net_src comp="199" pin="1"/><net_sink comp="112" pin=5"/></net>

<net id="204"><net_src comp="199" pin="1"/><net_sink comp="127" pin=1"/></net>

<net id="214"><net_src comp="170" pin="1"/><net_sink comp="211" pin=0"/></net>

<net id="215"><net_src comp="211" pin="1"/><net_sink comp="92" pin=5"/></net>

</net_list>

</model> 
---------------- Datapath Model END ------------------

* FSMD analyzer results:
  - Output states:
	Port: out_stream_V_data_V | {5 6 7 8 9 10 }
	Port: out_stream_V_keep_V | {5 6 7 8 9 10 }
	Port: out_stream_V_strb_V | {5 6 7 8 9 10 }
	Port: out_stream_V_last_V | {5 6 7 8 9 10 }
	Port: frame_no | {5 }
 - Input state : 
	Port: packetizer : in_stream_V_data_V | {2 3 }
	Port: packetizer : in_stream_V_keep_V | {2 3 }
	Port: packetizer : in_stream_V_strb_V | {2 3 }
	Port: packetizer : in_stream_V_last_V | {2 3 }
	Port: packetizer : frame_no | {5 }
  - Chain level:
	State 1
	State 2
	State 3
	State 4
		write_ln76 : 1
	State 5
		zext_ln52 : 1
		word1 : 2
		sext_ln51 : 3
		zext_ln51 : 4
		write_ln80 : 5
		add_ln108 : 1
		store_ln108 : 2
	State 6
	State 7
	State 8
	State 9
	State 10
	State 11


============================================================
+ Verbose Summary: Datapath Resource usage 
============================================================

* Functional unit list:
|----------|------------------------------------------------|---------|---------|
| Operation|                 Functional Unit                |    FF   |   LUT   |
|----------|------------------------------------------------|---------|---------|
|   call   | grp_packetizer_Pipeline_VITIS_LOOP_36_1_fu_112 |    11   |    22   |
|          | grp_packetizer_Pipeline_VITIS_LOOP_94_2_fu_127 |    12   |    33   |
|----------|------------------------------------------------|---------|---------|
|    add   |                add_ln108_fu_175                |    0    |    31   |
|----------|------------------------------------------------|---------|---------|
|   write  |                 grp_write_fu_92                |    0    |    0    |
|----------|------------------------------------------------|---------|---------|
|   zext   |                zext_ln52_fu_154                |    0    |    0    |
|          |                zext_ln51_fu_170                |    0    |    0    |
|----------|------------------------------------------------|---------|---------|
|bitconcatenate|                  word1_fu_158                  |    0    |    0    |
|----------|------------------------------------------------|---------|---------|
|   sext   |                sext_ln51_fu_166                |    0    |    0    |
|----------|------------------------------------------------|---------|---------|
|   Total  |                                                |    23   |    86   |
|----------|------------------------------------------------|---------|---------|

Memories:
N/A

* Register list:
+------------------+--------+
|                  |   FF   |
+------------------+--------+
|   fifo_reg_199   |   32   |
|p_phi4_loc_reg_187|    4   |
| p_phi_loc_reg_193|    4   |
| zext_ln51_reg_211|   32   |
+------------------+--------+
|       Total      |   72   |
+------------------+--------+

* Multiplexer (MUX) list: 
|-----------------|------|------|------|--------||---------||---------||---------|
|       Comp      |  Pin | Size |  BW  | S x BW ||  Delay  ||    FF   ||   LUT   |
|-----------------|------|------|------|--------||---------||---------||---------|
| grp_write_fu_92 |  p5  |   5  |  31  |   155  ||    0    ||    13   |
|-----------------|------|------|------|--------||---------||---------||---------|
|      Total      |      |      |      |   155  || 1.70729 ||    0    ||    13   |
|-----------------|------|------|------|--------||---------||---------||---------|



* Summary:
+-----------+--------+--------+--------+
|           |  Delay |   FF   |   LUT  |
+-----------+--------+--------+--------+
|  Function |    -   |   23   |   86   |
|   Memory  |    -   |    -   |    -   |
|Multiplexer|    1   |    0   |   13   |
|  Register |    -   |   72   |    -   |
+-----------+--------+--------+--------+
|   Total   |    1   |   95   |   99   |
+-----------+--------+--------+--------+
