

================================================================
== Vitis HLS Report for 'sample_packer'
================================================================
* Date:           Tue Jun  9 16:24:59 2026

* Version:        2025.2 (Build 6295257 on Nov 14 2025)
* Project:        hls_componentsample
* Solution:       hls (Vivado IP Flow Target)
* Product family: artix7
* Target device:  xc7a12t-cpg238-1


================================================================
== Performance Estimates
================================================================
+ Timing: 
    * Summary: 
    +--------+----------+----------+------------+
    |  Clock |  Target  | Estimated| Uncertainty|
    +--------+----------+----------+------------+
    |ap_clk  |  10.00 ns|  5.145 ns|     2.70 ns|
    +--------+----------+----------+------------+

+ Latency: 
    * Summary: 
    +---------+---------+-----------+----------+-----+-----+---------+
    |  Latency (cycles) |  Latency (absolute)  |  Interval | Pipeline|
    |   min   |   max   |    min    |    max   | min | max |   Type  |
    +---------+---------+-----------+----------+-----+-----+---------+
    |        1|       21|  10.000 ns|  0.210 us|    2|   22|       no|
    +---------+---------+-----------+----------+-----+-----+---------+

    + Detail: 
        * Instance: 
        +--------------------------------------------------+----------------------------------------+---------+---------+-----------+-----------+-----+-----+-------------------+
        |                                                  |                                        |  Latency (cycles) |   Latency (absolute)  |  Interval |      Pipeline     |
        |                     Instance                     |                 Module                 |   min   |   max   |    min    |    max    | min | max |        Type       |
        +--------------------------------------------------+----------------------------------------+---------+---------+-----------+-----------+-----+-----+-------------------+
        |grp_sample_packer_Pipeline_VITIS_LOOP_46_3_fu_73  |sample_packer_Pipeline_VITIS_LOOP_46_3  |        6|        6|  60.000 ns|  60.000 ns|    0|    0|  loop pipeline stp|
        |grp_sample_packer_Pipeline_VITIS_LOOP_33_2_fu_80  |sample_packer_Pipeline_VITIS_LOOP_33_2  |       10|       10|   0.100 us|   0.100 us|    0|    0|  loop pipeline stp|
        |grp_sample_packer_Pipeline_VITIS_LOOP_20_1_fu_87  |sample_packer_Pipeline_VITIS_LOOP_20_1  |       18|       18|   0.180 us|   0.180 us|    0|    0|  loop pipeline stp|
        +--------------------------------------------------+----------------------------------------+---------+---------+-----------+-----------+-----+-----+-------------------+

        * Loop: 
        N/A



================================================================
== Utilization Estimates
================================================================
* Summary: 
+-----------------+---------+----+-------+------+-----+
|       Name      | BRAM_18K| DSP|   FF  |  LUT | URAM|
+-----------------+---------+----+-------+------+-----+
|DSP              |        -|   -|      -|     -|    -|
|Expression       |        -|   -|      0|     8|    -|
|FIFO             |        -|   -|      -|     -|    -|
|Instance         |        -|   -|    127|   359|    -|
|Memory           |        -|   -|      -|     -|    -|
|Multiplexer      |        -|   -|      0|    64|    -|
|Register         |        -|   -|     16|     -|    -|
+-----------------+---------+----+-------+------+-----+
|Total            |        0|   0|    143|   431|    0|
+-----------------+---------+----+-------+------+-----+
|Available        |       40|  40|  16000|  8000|    0|
+-----------------+---------+----+-------+------+-----+
|Utilization (%)  |        0|   0|     ~0|     5|    0|
+-----------------+---------+----+-------+------+-----+

+ Detail: 
    * Instance: 
    +--------------------------------------------------+----------------------------------------+---------+----+----+-----+-----+
    |                     Instance                     |                 Module                 | BRAM_18K| DSP| FF | LUT | URAM|
    +--------------------------------------------------+----------------------------------------+---------+----+----+-----+-----+
    |grp_sample_packer_Pipeline_VITIS_LOOP_20_1_fu_87  |sample_packer_Pipeline_VITIS_LOOP_20_1  |        0|   0|  45|  121|    0|
    |grp_sample_packer_Pipeline_VITIS_LOOP_33_2_fu_80  |sample_packer_Pipeline_VITIS_LOOP_33_2  |        0|   0|  42|  120|    0|
    |grp_sample_packer_Pipeline_VITIS_LOOP_46_3_fu_73  |sample_packer_Pipeline_VITIS_LOOP_46_3  |        0|   0|  40|  118|    0|
    +--------------------------------------------------+----------------------------------------+---------+----+----+-----+-----+
    |Total                                             |                                        |        0|   0| 127|  359|    0|
    +--------------------------------------------------+----------------------------------------+---------+----+----+-----+-----+

    * DSP: 
    N/A

    * Memory: 
    N/A

    * FIFO: 
    N/A

    * Expression: 
    +---------------------------------+----------+----+---+----+------------+------------+
    |          Variable Name          | Operation| DSP| FF| LUT| Bitwidth P0| Bitwidth P1|
    +---------------------------------+----------+----+---+----+------------+------------+
    |ap_block_state2_on_subcall_done  |        or|   0|  0|   2|           1|           1|
    |ap_block_state3                  |        or|   0|  0|   2|           1|           1|
    |ap_block_state4                  |        or|   0|  0|   2|           1|           1|
    |ap_predicate_pred173_state3      |        or|   0|  0|   2|           1|           1|
    +---------------------------------+----------+----+---+----+------------+------------+
    |Total                            |          |   0|  0|   8|           4|           4|
    +---------------------------------+----------+----+---+----+------------+------------+

    * Multiplexer: 
    +-------------------------------+----+-----------+-----+-----------+
    |              Name             | LUT| Input Size| Bits| Total Bits|
    +-------------------------------+----+-----------+-----+-----------+
    |adc_in_TREADY_int_regslice     |  17|          4|    1|          4|
    |ap_NS_fsm                      |  21|          5|    1|          5|
    |packed_out_TDATA_blk_n         |   9|          2|    1|          2|
    |packed_out_TDATA_int_regslice  |  17|          4|   32|        128|
    +-------------------------------+----+-----------+-----+-----------+
    |Total                          |  64|         15|   35|        139|
    +-------------------------------+----+-----------+-----+-----------+

    * Register: 
    +---------------------------------------------------------------+---+----+-----+-----------+
    |                              Name                             | FF| LUT| Bits| Const Bits|
    +---------------------------------------------------------------+---+----+-----+-----------+
    |ap_CS_fsm                                                      |  4|   0|    4|          0|
    |ap_predicate_pred173_state3                                    |  1|   0|    1|          0|
    |ap_predicate_pred30_state3                                     |  1|   0|    1|          0|
    |ap_predicate_pred39_state3                                     |  1|   0|    1|          0|
    |ap_predicate_pred44_state3                                     |  1|   0|    1|          0|
    |bits_per_sample_read_reg_116                                   |  5|   0|    5|          0|
    |grp_sample_packer_Pipeline_VITIS_LOOP_20_1_fu_87_ap_start_reg  |  1|   0|    1|          0|
    |grp_sample_packer_Pipeline_VITIS_LOOP_33_2_fu_80_ap_start_reg  |  1|   0|    1|          0|
    |grp_sample_packer_Pipeline_VITIS_LOOP_46_3_fu_73_ap_start_reg  |  1|   0|    1|          0|
    +---------------------------------------------------------------+---+----+-----+-----------+
    |Total                                                          | 16|   0|   16|          0|
    +---------------------------------------------------------------+---+----+-----+-----------+



================================================================
== Interface
================================================================
* Summary: 
+-------------------+-----+-----+--------------+-----------------+--------------+
|     RTL Ports     | Dir | Bits|   Protocol   |  Source Object  |    C Type    |
+-------------------+-----+-----+--------------+-----------------+--------------+
|ap_clk             |   in|    1|  ap_ctrl_none|    sample_packer|  return value|
|ap_rst_n           |   in|    1|  ap_ctrl_none|    sample_packer|  return value|
|adc_in_TDATA       |   in|    8|          axis|           adc_in|       pointer|
|adc_in_TVALID      |   in|    1|          axis|           adc_in|       pointer|
|adc_in_TREADY      |  out|    1|          axis|           adc_in|       pointer|
|packed_out_TDATA   |  out|   32|          axis|       packed_out|       pointer|
|packed_out_TVALID  |  out|    1|          axis|       packed_out|       pointer|
|packed_out_TREADY  |   in|    1|          axis|       packed_out|       pointer|
|bits_per_sample    |   in|    5|       ap_none|  bits_per_sample|        scalar|
+-------------------+-----+-----+--------------+-----------------+--------------+

============================================================
+ Verbose Summary: Synthesis Manager
============================================================
InlineROM: 1
ExposeGlobal: 0
============================================================
+ Verbose Summary: CDFG Model
============================================================
IsTopModel: 1
ResetActiveHigh: 1
IsCombinational: 2
IsDatapathOnly: 2
HasWiredReturn: 1
HasMFsm: 0
HasVarLatency: 1
IsPipeline: 0
IsRtlPipelined: 0
IsInstanceOverlapped: 0
IsDontTouch: 0
HasImplIP: 0
IsGatedGlobalClock: 0


============================================================
+ Verbose Summary: Schedule
============================================================
* Number of FSM states : 4
* Pipeline : 0
* Dataflow Pipeline: 0

* FSM state transitions: 
1 --> 2 4 
2 --> 3 
3 --> 4 
4 --> 

* FSM state operations: 

State 1 <SV = 0> <Delay = 5.14>
ST_1 : Operation 5 [1/1] (0.00ns)   --->   "%bits_per_sample_read = read i5 @_ssdm_op_Read.ap_none.i5, i5 %bits_per_sample"   --->   Operation 5 'read' 'bits_per_sample_read' <Predicate = true> <Delay = 0.00>
ST_1 : Operation 6 [1/1] (0.00ns)   --->   "%word_4_loc = alloca i64 1"   --->   Operation 6 'alloca' 'word_4_loc' <Predicate = true> <Delay = 0.00>
ST_1 : Operation 7 [1/1] (0.00ns)   --->   "%word_2_loc = alloca i64 1"   --->   Operation 7 'alloca' 'word_2_loc' <Predicate = true> <Delay = 0.00>
ST_1 : Operation 8 [1/1] (0.00ns)   --->   "%word_loc = alloca i64 1"   --->   Operation 8 'alloca' 'word_loc' <Predicate = true> <Delay = 0.00>
ST_1 : Operation 9 [1/1] (0.00ns)   --->   "%spectopmodule_ln4 = spectopmodule void @_ssdm_op_SpecTopModule, void @empty_3" [../src/sample_packer/sample_packer.cpp:4]   --->   Operation 9 'spectopmodule' 'spectopmodule_ln4' <Predicate = true> <Delay = 0.00>
ST_1 : Operation 10 [1/1] (0.00ns)   --->   "%specinterface_ln4 = specinterface void @_ssdm_op_SpecInterface, i32 0, void @empty_4, i32 0, i32 0, void @empty_1, i32 0, i32 0, void @empty_1, void @empty_1, void @empty_1, i32 0, i32 0, i32 0, i32 0, void @empty_1, void @empty_1, i32 4294967295, i32 0, i32 0, i32 0" [../src/sample_packer/sample_packer.cpp:4]   --->   Operation 10 'specinterface' 'specinterface_ln4' <Predicate = true> <Delay = 0.00>
ST_1 : Operation 11 [1/1] (0.00ns)   --->   "%specinterface_ln0 = specinterface void @_ssdm_op_SpecInterface, i8 %adc_in, void @empty, i32 1, i32 1, void @empty_0, i32 0, i32 0, void @empty_1, void @empty_1, void @empty_1, i32 0, i32 0, i32 0, i32 0, void @empty_1, void @empty_1, i32 4294967295, i32 0, i32 0, i32 0"   --->   Operation 11 'specinterface' 'specinterface_ln0' <Predicate = true> <Delay = 0.00>
ST_1 : Operation 12 [1/1] (0.00ns)   --->   "%specbitsmap_ln0 = specbitsmap void @_ssdm_op_SpecBitsMap, i8 %adc_in"   --->   Operation 12 'specbitsmap' 'specbitsmap_ln0' <Predicate = true> <Delay = 0.00>
ST_1 : Operation 13 [1/1] (0.00ns)   --->   "%specinterface_ln0 = specinterface void @_ssdm_op_SpecInterface, i32 %packed_out, void @empty, i32 1, i32 1, void @empty_0, i32 0, i32 0, void @empty_1, void @empty_1, void @empty_1, i32 0, i32 0, i32 0, i32 0, void @empty_1, void @empty_1, i32 4294967295, i32 0, i32 0, i32 0"   --->   Operation 13 'specinterface' 'specinterface_ln0' <Predicate = true> <Delay = 0.00>
ST_1 : Operation 14 [1/1] (0.00ns)   --->   "%specbitsmap_ln0 = specbitsmap void @_ssdm_op_SpecBitsMap, i32 %packed_out"   --->   Operation 14 'specbitsmap' 'specbitsmap_ln0' <Predicate = true> <Delay = 0.00>
ST_1 : Operation 15 [1/1] (0.00ns)   --->   "%specbitsmap_ln0 = specbitsmap void @_ssdm_op_SpecBitsMap, i5 %bits_per_sample"   --->   Operation 15 'specbitsmap' 'specbitsmap_ln0' <Predicate = true> <Delay = 0.00>
ST_1 : Operation 16 [1/1] (0.00ns)   --->   "%specinterface_ln0 = specinterface void @_ssdm_op_SpecInterface, i5 %bits_per_sample, void @empty_2, i32 4294967295, i32 4294967295, void @empty_1, i32 0, i32 0, void @empty_1, void @empty_1, void @empty_1, i32 0, i32 0, i32 0, i32 0, void @empty_1, void @empty_1, i32 4294967295, i32 0, i32 0, i32 0"   --->   Operation 16 'specinterface' 'specinterface_ln0' <Predicate = true> <Delay = 0.00>
ST_1 : Operation 17 [1/1] (1.86ns)   --->   "%switch_ln18 = switch i5 %bits_per_sample_read, void %if.end, i5 2, void %for.inc.preheader, i5 4, void %for.inc19.preheader, i5 8, void %for.inc36.preheader" [../src/sample_packer/sample_packer.cpp:18]   --->   Operation 17 'switch' 'switch_ln18' <Predicate = true> <Delay = 1.86>
ST_1 : Operation 18 [2/2] (3.28ns)   --->   "%call_ln0 = call void @sample_packer_Pipeline_VITIS_LOOP_46_3, i8 %adc_in, i32 %word_4_loc"   --->   Operation 18 'call' 'call_ln0' <Predicate = (bits_per_sample_read == 8)> <Delay = 3.28> <CoreType = "Generic">   --->   Generic Core
ST_1 : Operation 19 [2/2] (3.28ns)   --->   "%call_ln0 = call void @sample_packer_Pipeline_VITIS_LOOP_33_2, i8 %adc_in, i32 %word_2_loc"   --->   Operation 19 'call' 'call_ln0' <Predicate = (bits_per_sample_read == 4)> <Delay = 3.28> <CoreType = "Generic">   --->   Generic Core
ST_1 : Operation 20 [2/2] (3.28ns)   --->   "%call_ln0 = call void @sample_packer_Pipeline_VITIS_LOOP_20_1, i8 %adc_in, i32 %word_loc"   --->   Operation 20 'call' 'call_ln0' <Predicate = (bits_per_sample_read == 2)> <Delay = 3.28> <CoreType = "Generic">   --->   Generic Core

State 2 <SV = 1> <Delay = 5.08>
ST_2 : Operation 21 [1/2] (4.90ns)   --->   "%call_ln0 = call void @sample_packer_Pipeline_VITIS_LOOP_46_3, i8 %adc_in, i32 %word_4_loc"   --->   Operation 21 'call' 'call_ln0' <Predicate = (bits_per_sample_read == 8)> <Delay = 4.90> <CoreType = "Generic">   --->   Generic Core
ST_2 : Operation 22 [1/2] (4.99ns)   --->   "%call_ln0 = call void @sample_packer_Pipeline_VITIS_LOOP_33_2, i8 %adc_in, i32 %word_2_loc"   --->   Operation 22 'call' 'call_ln0' <Predicate = (bits_per_sample_read == 4)> <Delay = 4.99> <CoreType = "Generic">   --->   Generic Core
ST_2 : Operation 23 [1/2] (5.08ns)   --->   "%call_ln0 = call void @sample_packer_Pipeline_VITIS_LOOP_20_1, i8 %adc_in, i32 %word_loc"   --->   Operation 23 'call' 'call_ln0' <Predicate = (bits_per_sample_read == 2)> <Delay = 5.08> <CoreType = "Generic">   --->   Generic Core

State 3 <SV = 2> <Delay = 1.31>
ST_3 : Operation 24 [1/1] (0.00ns)   --->   "%word_4_loc_load = load i32 %word_4_loc"   --->   Operation 24 'load' 'word_4_loc_load' <Predicate = (bits_per_sample_read == 8)> <Delay = 0.00>
ST_3 : Operation 25 [2/2] (1.31ns)   --->   "%write_ln54 = write void @_ssdm_op_Write.axis.volatile.i32P128A, i32 %packed_out, i32 %word_4_loc_load" [../src/sample_packer/sample_packer.cpp:54]   --->   Operation 25 'write' 'write_ln54' <Predicate = (bits_per_sample_read == 8)> <Delay = 1.31> <CoreInst = "regslice">   --->   Core 135 'regslice' <Latency = 0> <II = 1> <Delay = 2.05> <Adapter> <Opcode : 'read' 'write'>
ST_3 : Operation 26 [1/1] (0.00ns)   --->   "%word_2_loc_load = load i32 %word_2_loc"   --->   Operation 26 'load' 'word_2_loc_load' <Predicate = (bits_per_sample_read == 4)> <Delay = 0.00>
ST_3 : Operation 27 [2/2] (1.31ns)   --->   "%write_ln41 = write void @_ssdm_op_Write.axis.volatile.i32P128A, i32 %packed_out, i32 %word_2_loc_load" [../src/sample_packer/sample_packer.cpp:41]   --->   Operation 27 'write' 'write_ln41' <Predicate = (bits_per_sample_read == 4)> <Delay = 1.31> <CoreInst = "regslice">   --->   Core 135 'regslice' <Latency = 0> <II = 1> <Delay = 2.05> <Adapter> <Opcode : 'read' 'write'>
ST_3 : Operation 28 [1/1] (0.00ns)   --->   "%word_loc_load = load i32 %word_loc"   --->   Operation 28 'load' 'word_loc_load' <Predicate = (bits_per_sample_read == 2)> <Delay = 0.00>
ST_3 : Operation 29 [2/2] (1.31ns)   --->   "%write_ln28 = write void @_ssdm_op_Write.axis.volatile.i32P128A, i32 %packed_out, i32 %word_loc_load" [../src/sample_packer/sample_packer.cpp:28]   --->   Operation 29 'write' 'write_ln28' <Predicate = (bits_per_sample_read == 2)> <Delay = 1.31> <CoreInst = "regslice">   --->   Core 135 'regslice' <Latency = 0> <II = 1> <Delay = 2.05> <Adapter> <Opcode : 'read' 'write'>

State 4 <SV = 3> <Delay = 1.31>
ST_4 : Operation 30 [1/2] ( I:1.31ns O:1.31ns )   --->   "%write_ln54 = write void @_ssdm_op_Write.axis.volatile.i32P128A, i32 %packed_out, i32 %word_4_loc_load" [../src/sample_packer/sample_packer.cpp:54]   --->   Operation 30 'write' 'write_ln54' <Predicate = (bits_per_sample_read == 8)> <Delay = 1.31> <CoreInst = "regslice">   --->   Core 135 'regslice' <Latency = 0> <II = 1> <Delay = 2.05> <Adapter> <Opcode : 'read' 'write'>
ST_4 : Operation 31 [1/1] (0.00ns)   --->   "%br_ln55 = br void %if.end" [../src/sample_packer/sample_packer.cpp:55]   --->   Operation 31 'br' 'br_ln55' <Predicate = (bits_per_sample_read == 8)> <Delay = 0.00>
ST_4 : Operation 32 [1/2] ( I:1.31ns O:1.31ns )   --->   "%write_ln41 = write void @_ssdm_op_Write.axis.volatile.i32P128A, i32 %packed_out, i32 %word_2_loc_load" [../src/sample_packer/sample_packer.cpp:41]   --->   Operation 32 'write' 'write_ln41' <Predicate = (bits_per_sample_read == 4)> <Delay = 1.31> <CoreInst = "regslice">   --->   Core 135 'regslice' <Latency = 0> <II = 1> <Delay = 2.05> <Adapter> <Opcode : 'read' 'write'>
ST_4 : Operation 33 [1/1] (0.00ns)   --->   "%br_ln42 = br void %if.end39" [../src/sample_packer/sample_packer.cpp:42]   --->   Operation 33 'br' 'br_ln42' <Predicate = (bits_per_sample_read == 4)> <Delay = 0.00>
ST_4 : Operation 34 [1/2] ( I:1.31ns O:1.31ns )   --->   "%write_ln28 = write void @_ssdm_op_Write.axis.volatile.i32P128A, i32 %packed_out, i32 %word_loc_load" [../src/sample_packer/sample_packer.cpp:28]   --->   Operation 34 'write' 'write_ln28' <Predicate = (bits_per_sample_read == 2)> <Delay = 1.31> <CoreInst = "regslice">   --->   Core 135 'regslice' <Latency = 0> <II = 1> <Delay = 2.05> <Adapter> <Opcode : 'read' 'write'>
ST_4 : Operation 35 [1/1] (0.00ns)   --->   "%br_ln29 = br void %if.end40" [../src/sample_packer/sample_packer.cpp:29]   --->   Operation 35 'br' 'br_ln29' <Predicate = (bits_per_sample_read == 2)> <Delay = 0.00>
ST_4 : Operation 36 [1/1] (0.00ns)   --->   "%br_ln0 = br void %if.end39"   --->   Operation 36 'br' 'br_ln0' <Predicate = (bits_per_sample_read != 2 & bits_per_sample_read != 4)> <Delay = 0.00>
ST_4 : Operation 37 [1/1] (0.00ns)   --->   "%br_ln0 = br void %if.end40"   --->   Operation 37 'br' 'br_ln0' <Predicate = (bits_per_sample_read != 2)> <Delay = 0.00>
ST_4 : Operation 38 [1/1] (0.00ns)   --->   "%ret_ln56 = ret" [../src/sample_packer/sample_packer.cpp:56]   --->   Operation 38 'ret' 'ret_ln56' <Predicate = true> <Delay = 0.00>


============================================================
+ Verbose Summary: Binding
============================================================
STG Binding: 
---------------- STG Properties BEGIN ----------------
- Is combinational: 0
- Is one-state seq: 0
- Is datapath-only: 0
- Is pipelined: 0
- Is top level: 1
Port [ Return ] is wired: 1; IO mode=ap_ctrl_none:ce=0
Port [ adc_in]:  wired=1; compound=1; hidden=0; nouse=0; global=0; static=0; extern=0; dir=0; type=0; pingpong=0; private_global=0; IO mode=axis:ce=0
Port [ packed_out]:  wired=1; compound=1; hidden=0; nouse=0; global=0; static=0; extern=0; dir=1; type=0; pingpong=0; private_global=0; IO mode=axis:ce=0
Port [ bits_per_sample]:  wired=1; compound=0; hidden=0; nouse=0; global=0; static=0; extern=0; dir=0; type=0; pingpong=0; private_global=0; IO mode=ap_none:ce=0
---------------- STG Properties END ------------------

---------------- Datapath Model BEGIN ----------------

<LifeTime>
<method=bitvector/>
bits_per_sample_read (read         ) [ 01111]
word_4_loc           (alloca       ) [ 01110]
word_2_loc           (alloca       ) [ 01110]
word_loc             (alloca       ) [ 01110]
spectopmodule_ln4    (spectopmodule) [ 00000]
specinterface_ln4    (specinterface) [ 00000]
specinterface_ln0    (specinterface) [ 00000]
specbitsmap_ln0      (specbitsmap  ) [ 00000]
specinterface_ln0    (specinterface) [ 00000]
specbitsmap_ln0      (specbitsmap  ) [ 00000]
specbitsmap_ln0      (specbitsmap  ) [ 00000]
specinterface_ln0    (specinterface) [ 00000]
switch_ln18          (switch       ) [ 00000]
call_ln0             (call         ) [ 00000]
call_ln0             (call         ) [ 00000]
call_ln0             (call         ) [ 00000]
word_4_loc_load      (load         ) [ 00001]
word_2_loc_load      (load         ) [ 00001]
word_loc_load        (load         ) [ 00001]
write_ln54           (write        ) [ 00000]
br_ln55              (br           ) [ 00000]
write_ln41           (write        ) [ 00000]
br_ln42              (br           ) [ 00000]
write_ln28           (write        ) [ 00000]
br_ln29              (br           ) [ 00000]
br_ln0               (br           ) [ 00000]
br_ln0               (br           ) [ 00000]
ret_ln56             (ret          ) [ 00000]
</LifeTime>

<model>

<comp_list>
<comp id="0" class="1000" name="adc_in">
<pin_list>
<pin id="1" dir="1" index="0" bw="1" slack="0"/>
</pin_list>
<bind>
<StgValue><ssdm name="adc_in"/></StgValue>
</bind>
</comp>

<comp id="2" class="1000" name="packed_out">
<pin_list>
<pin id="3" dir="1" index="0" bw="1" slack="0"/>
</pin_list>
<bind>
<StgValue><ssdm name="packed_out"/></StgValue>
</bind>
</comp>

<comp id="4" class="1000" name="bits_per_sample">
<pin_list>
<pin id="5" dir="1" index="0" bw="1" slack="0"/>
</pin_list>
<bind>
<StgValue><ssdm name="bits_per_sample"/></StgValue>
</bind>
</comp>

<comp id="6" class="1001" name="const_6">
<pin_list>
<pin id="7" dir="1" index="0" bw="1" slack="0"/>
</pin_list>
<bind>
<StgValue><ssdm name="_ssdm_op_Read.ap_none.i5"/></StgValue>
</bind>
</comp>

<comp id="8" class="1001" name="const_8">
<pin_list>
<pin id="9" dir="1" index="0" bw="1" slack="0"/>
</pin_list>
<bind>
<StgValue><ssdm name=""/></StgValue>
</bind>
</comp>

<comp id="10" class="1001" name="const_10">
<pin_list>
<pin id="11" dir="1" index="0" bw="1" slack="2147483647"/>
</pin_list>
<bind>
<StgValue><ssdm name="_ssdm_op_SpecTopModule"/></StgValue>
</bind>
</comp>

<comp id="12" class="1001" name="const_12">
<pin_list>
<pin id="13" dir="1" index="0" bw="1" slack="2147483647"/>
</pin_list>
<bind>
<StgValue><ssdm name="empty_3"/></StgValue>
</bind>
</comp>

<comp id="14" class="1001" name="const_14">
<pin_list>
<pin id="15" dir="1" index="0" bw="1" slack="2147483647"/>
</pin_list>
<bind>
<StgValue><ssdm name="_ssdm_op_SpecInterface"/></StgValue>
</bind>
</comp>

<comp id="16" class="1001" name="const_16">
<pin_list>
<pin id="17" dir="1" index="0" bw="1" slack="2147483647"/>
</pin_list>
<bind>
<StgValue><ssdm name=""/></StgValue>
</bind>
</comp>

<comp id="18" class="1001" name="const_18">
<pin_list>
<pin id="19" dir="1" index="0" bw="1" slack="2147483647"/>
</pin_list>
<bind>
<StgValue><ssdm name="empty_4"/></StgValue>
</bind>
</comp>

<comp id="20" class="1001" name="const_20">
<pin_list>
<pin id="21" dir="1" index="0" bw="1" slack="2147483647"/>
</pin_list>
<bind>
<StgValue><ssdm name="empty_1"/></StgValue>
</bind>
</comp>

<comp id="22" class="1001" name="const_22">
<pin_list>
<pin id="23" dir="1" index="0" bw="1" slack="2147483647"/>
</pin_list>
<bind>
<StgValue><ssdm name=""/></StgValue>
</bind>
</comp>

<comp id="24" class="1001" name="const_24">
<pin_list>
<pin id="25" dir="1" index="0" bw="1" slack="2147483647"/>
</pin_list>
<bind>
<StgValue><ssdm name="empty"/></StgValue>
</bind>
</comp>

<comp id="26" class="1001" name="const_26">
<pin_list>
<pin id="27" dir="1" index="0" bw="1" slack="2147483647"/>
</pin_list>
<bind>
<StgValue><ssdm name=""/></StgValue>
</bind>
</comp>

<comp id="28" class="1001" name="const_28">
<pin_list>
<pin id="29" dir="1" index="0" bw="1" slack="2147483647"/>
</pin_list>
<bind>
<StgValue><ssdm name="empty_0"/></StgValue>
</bind>
</comp>

<comp id="30" class="1001" name="const_30">
<pin_list>
<pin id="31" dir="1" index="0" bw="1" slack="2147483647"/>
</pin_list>
<bind>
<StgValue><ssdm name="_ssdm_op_SpecBitsMap"/></StgValue>
</bind>
</comp>

<comp id="32" class="1001" name="const_32">
<pin_list>
<pin id="33" dir="1" index="0" bw="1" slack="2147483647"/>
</pin_list>
<bind>
<StgValue><ssdm name="empty_2"/></StgValue>
</bind>
</comp>

<comp id="34" class="1001" name="const_34">
<pin_list>
<pin id="35" dir="1" index="0" bw="1" slack="0"/>
</pin_list>
<bind>
<StgValue><ssdm name=""/></StgValue>
</bind>
</comp>

<comp id="36" class="1001" name="const_36">
<pin_list>
<pin id="37" dir="1" index="0" bw="1" slack="0"/>
</pin_list>
<bind>
<StgValue><ssdm name=""/></StgValue>
</bind>
</comp>

<comp id="38" class="1001" name="const_38">
<pin_list>
<pin id="39" dir="1" index="0" bw="1" slack="0"/>
</pin_list>
<bind>
<StgValue><ssdm name=""/></StgValue>
</bind>
</comp>

<comp id="40" class="1001" name="const_40">
<pin_list>
<pin id="41" dir="1" index="0" bw="1" slack="0"/>
</pin_list>
<bind>
<StgValue><ssdm name="sample_packer_Pipeline_VITIS_LOOP_46_3"/></StgValue>
</bind>
</comp>

<comp id="42" class="1001" name="const_42">
<pin_list>
<pin id="43" dir="1" index="0" bw="1" slack="0"/>
</pin_list>
<bind>
<StgValue><ssdm name="sample_packer_Pipeline_VITIS_LOOP_33_2"/></StgValue>
</bind>
</comp>

<comp id="44" class="1001" name="const_44">
<pin_list>
<pin id="45" dir="1" index="0" bw="1" slack="0"/>
</pin_list>
<bind>
<StgValue><ssdm name="sample_packer_Pipeline_VITIS_LOOP_20_1"/></StgValue>
</bind>
</comp>

<comp id="46" class="1001" name="const_46">
<pin_list>
<pin id="47" dir="1" index="0" bw="1" slack="0"/>
</pin_list>
<bind>
<StgValue><ssdm name="_ssdm_op_Write.axis.volatile.i32P128A"/></StgValue>
</bind>
</comp>

<comp id="48" class="1004" name="word_4_loc_fu_48">
<pin_list>
<pin id="49" dir="0" index="0" bw="1" slack="0"/>
<pin id="50" dir="1" index="1" bw="32" slack="0"/>
</pin_list>
<bind>
<opcode="alloca(26) " fcode="alloca"/>
<opset="word_4_loc/1 "/>
</bind>
</comp>

<comp id="52" class="1004" name="word_2_loc_fu_52">
<pin_list>
<pin id="53" dir="0" index="0" bw="1" slack="0"/>
<pin id="54" dir="1" index="1" bw="32" slack="0"/>
</pin_list>
<bind>
<opcode="alloca(26) " fcode="alloca"/>
<opset="word_2_loc/1 "/>
</bind>
</comp>

<comp id="56" class="1004" name="word_loc_fu_56">
<pin_list>
<pin id="57" dir="0" index="0" bw="1" slack="0"/>
<pin id="58" dir="1" index="1" bw="32" slack="0"/>
</pin_list>
<bind>
<opcode="alloca(26) " fcode="alloca"/>
<opset="word_loc/1 "/>
</bind>
</comp>

<comp id="60" class="1004" name="bits_per_sample_read_read_fu_60">
<pin_list>
<pin id="61" dir="0" index="0" bw="5" slack="0"/>
<pin id="62" dir="0" index="1" bw="5" slack="0"/>
<pin id="63" dir="1" index="2" bw="5" slack="0"/>
</pin_list>
<bind>
<opcode="read(1150) " fcode="read"/>
<opset="bits_per_sample_read/1 "/>
</bind>
</comp>

<comp id="66" class="1004" name="grp_write_fu_66">
<pin_list>
<pin id="67" dir="0" index="0" bw="0" slack="0"/>
<pin id="68" dir="0" index="1" bw="32" slack="0"/>
<pin id="69" dir="0" index="2" bw="32" slack="0"/>
<pin id="70" dir="1" index="3" bw="0" slack="2147483647"/>
</pin_list>
<bind>
<opcode="write(1151) " fcode="write"/>
<opset="write_ln54/3 write_ln41/3 write_ln28/3 "/>
</bind>
</comp>

<comp id="73" class="1004" name="grp_sample_packer_Pipeline_VITIS_LOOP_46_3_fu_73">
<pin_list>
<pin id="74" dir="0" index="0" bw="0" slack="0"/>
<pin id="75" dir="0" index="1" bw="8" slack="0"/>
<pin id="76" dir="0" index="2" bw="32" slack="0"/>
<pin id="77" dir="1" index="3" bw="0" slack="2147483647"/>
</pin_list>
<bind>
<opcode="call(48) " fcode="call"/>
<opset="call_ln0/1 "/>
</bind>
</comp>

<comp id="80" class="1004" name="grp_sample_packer_Pipeline_VITIS_LOOP_33_2_fu_80">
<pin_list>
<pin id="81" dir="0" index="0" bw="0" slack="0"/>
<pin id="82" dir="0" index="1" bw="8" slack="0"/>
<pin id="83" dir="0" index="2" bw="32" slack="0"/>
<pin id="84" dir="1" index="3" bw="0" slack="2147483647"/>
</pin_list>
<bind>
<opcode="call(48) " fcode="call"/>
<opset="call_ln0/1 "/>
</bind>
</comp>

<comp id="87" class="1004" name="grp_sample_packer_Pipeline_VITIS_LOOP_20_1_fu_87">
<pin_list>
<pin id="88" dir="0" index="0" bw="0" slack="0"/>
<pin id="89" dir="0" index="1" bw="8" slack="0"/>
<pin id="90" dir="0" index="2" bw="32" slack="0"/>
<pin id="91" dir="1" index="3" bw="0" slack="2147483647"/>
</pin_list>
<bind>
<opcode="call(48) " fcode="call"/>
<opset="call_ln0/1 "/>
</bind>
</comp>

<comp id="94" class="1004" name="switch_ln18_fu_94">
<pin_list>
<pin id="95" dir="0" index="0" bw="5" slack="0"/>
<pin id="96" dir="0" index="1" bw="3" slack="0"/>
<pin id="97" dir="0" index="2" bw="4" slack="0"/>
<pin id="98" dir="0" index="3" bw="5" slack="0"/>
<pin id="99" dir="1" index="4" bw="0" slack="2147483647"/>
</pin_list>
<bind>
<opcode="switch(3) " fcode="switch"/>
<opset="switch_ln18/1 "/>
</bind>
</comp>

<comp id="104" class="1004" name="word_4_loc_load_load_fu_104">
<pin_list>
<pin id="105" dir="0" index="0" bw="32" slack="2"/>
<pin id="106" dir="1" index="1" bw="32" slack="0"/>
</pin_list>
<bind>
<opcode="load(27) " fcode="load"/>
<opset="word_4_loc_load/3 "/>
</bind>
</comp>

<comp id="108" class="1004" name="word_2_loc_load_load_fu_108">
<pin_list>
<pin id="109" dir="0" index="0" bw="32" slack="2"/>
<pin id="110" dir="1" index="1" bw="32" slack="0"/>
</pin_list>
<bind>
<opcode="load(27) " fcode="load"/>
<opset="word_2_loc_load/3 "/>
</bind>
</comp>

<comp id="112" class="1004" name="word_loc_load_load_fu_112">
<pin_list>
<pin id="113" dir="0" index="0" bw="32" slack="2"/>
<pin id="114" dir="1" index="1" bw="32" slack="0"/>
</pin_list>
<bind>
<opcode="load(27) " fcode="load"/>
<opset="word_loc_load/3 "/>
</bind>
</comp>

<comp id="116" class="1005" name="bits_per_sample_read_reg_116">
<pin_list>
<pin id="117" dir="0" index="0" bw="5" slack="1"/>
<pin id="118" dir="1" index="1" bw="5" slack="2147483647"/>
</pin_list>
<bind>
<opset="bits_per_sample_read "/>
</bind>
</comp>

<comp id="120" class="1005" name="word_4_loc_reg_120">
<pin_list>
<pin id="121" dir="0" index="0" bw="32" slack="0"/>
<pin id="122" dir="1" index="1" bw="32" slack="0"/>
</pin_list>
<bind>
<opset="word_4_loc "/>
</bind>
</comp>

<comp id="126" class="1005" name="word_2_loc_reg_126">
<pin_list>
<pin id="127" dir="0" index="0" bw="32" slack="0"/>
<pin id="128" dir="1" index="1" bw="32" slack="0"/>
</pin_list>
<bind>
<opset="word_2_loc "/>
</bind>
</comp>

<comp id="132" class="1005" name="word_loc_reg_132">
<pin_list>
<pin id="133" dir="0" index="0" bw="32" slack="0"/>
<pin id="134" dir="1" index="1" bw="32" slack="0"/>
</pin_list>
<bind>
<opset="word_loc "/>
</bind>
</comp>

</comp_list>

<net_list>
<net id="51"><net_src comp="8" pin="0"/><net_sink comp="48" pin=0"/></net>

<net id="55"><net_src comp="8" pin="0"/><net_sink comp="52" pin=0"/></net>

<net id="59"><net_src comp="8" pin="0"/><net_sink comp="56" pin=0"/></net>

<net id="64"><net_src comp="6" pin="0"/><net_sink comp="60" pin=0"/></net>

<net id="65"><net_src comp="4" pin="0"/><net_sink comp="60" pin=1"/></net>

<net id="71"><net_src comp="46" pin="0"/><net_sink comp="66" pin=0"/></net>

<net id="72"><net_src comp="2" pin="0"/><net_sink comp="66" pin=1"/></net>

<net id="78"><net_src comp="40" pin="0"/><net_sink comp="73" pin=0"/></net>

<net id="79"><net_src comp="0" pin="0"/><net_sink comp="73" pin=1"/></net>

<net id="85"><net_src comp="42" pin="0"/><net_sink comp="80" pin=0"/></net>

<net id="86"><net_src comp="0" pin="0"/><net_sink comp="80" pin=1"/></net>

<net id="92"><net_src comp="44" pin="0"/><net_sink comp="87" pin=0"/></net>

<net id="93"><net_src comp="0" pin="0"/><net_sink comp="87" pin=1"/></net>

<net id="100"><net_src comp="60" pin="2"/><net_sink comp="94" pin=0"/></net>

<net id="101"><net_src comp="34" pin="0"/><net_sink comp="94" pin=1"/></net>

<net id="102"><net_src comp="36" pin="0"/><net_sink comp="94" pin=2"/></net>

<net id="103"><net_src comp="38" pin="0"/><net_sink comp="94" pin=3"/></net>

<net id="107"><net_src comp="104" pin="1"/><net_sink comp="66" pin=2"/></net>

<net id="111"><net_src comp="108" pin="1"/><net_sink comp="66" pin=2"/></net>

<net id="115"><net_src comp="112" pin="1"/><net_sink comp="66" pin=2"/></net>

<net id="119"><net_src comp="60" pin="2"/><net_sink comp="116" pin=0"/></net>

<net id="123"><net_src comp="48" pin="1"/><net_sink comp="120" pin=0"/></net>

<net id="124"><net_src comp="120" pin="1"/><net_sink comp="73" pin=2"/></net>

<net id="125"><net_src comp="120" pin="1"/><net_sink comp="104" pin=0"/></net>

<net id="129"><net_src comp="52" pin="1"/><net_sink comp="126" pin=0"/></net>

<net id="130"><net_src comp="126" pin="1"/><net_sink comp="80" pin=2"/></net>

<net id="131"><net_src comp="126" pin="1"/><net_sink comp="108" pin=0"/></net>

<net id="135"><net_src comp="56" pin="1"/><net_sink comp="132" pin=0"/></net>

<net id="136"><net_src comp="132" pin="1"/><net_sink comp="87" pin=2"/></net>

<net id="137"><net_src comp="132" pin="1"/><net_sink comp="112" pin=0"/></net>

</net_list>

</model> 
---------------- Datapath Model END ------------------

* FSMD analyzer results:
  - Output states:
	Port: packed_out | {4 }
 - Input state : 
	Port: sample_packer : adc_in | {1 2 }
	Port: sample_packer : bits_per_sample | {1 }
  - Chain level:
	State 1
		call_ln0 : 1
		call_ln0 : 1
		call_ln0 : 1
	State 2
	State 3
		write_ln54 : 1
		write_ln41 : 1
		write_ln28 : 1
	State 4


============================================================
+ Verbose Summary: Datapath Resource usage 
============================================================

* Functional unit list:
|----------|--------------------------------------------------|---------|---------|
| Operation|                  Functional Unit                 |    FF   |   LUT   |
|----------|--------------------------------------------------|---------|---------|
|          | grp_sample_packer_Pipeline_VITIS_LOOP_46_3_fu_73 |    37   |    58   |
|   call   | grp_sample_packer_Pipeline_VITIS_LOOP_33_2_fu_80 |    39   |    62   |
|          | grp_sample_packer_Pipeline_VITIS_LOOP_20_1_fu_87 |    42   |    62   |
|----------|--------------------------------------------------|---------|---------|
|   read   |          bits_per_sample_read_read_fu_60         |    0    |    0    |
|----------|--------------------------------------------------|---------|---------|
|   write  |                  grp_write_fu_66                 |    0    |    0    |
|----------|--------------------------------------------------|---------|---------|
|  switch  |                 switch_ln18_fu_94                |    0    |    0    |
|----------|--------------------------------------------------|---------|---------|
|   Total  |                                                  |   118   |   182   |
|----------|--------------------------------------------------|---------|---------|

Memories:
N/A

* Register list:
+----------------------------+--------+
|                            |   FF   |
+----------------------------+--------+
|bits_per_sample_read_reg_116|    5   |
|     word_2_loc_reg_126     |   32   |
|     word_4_loc_reg_120     |   32   |
|      word_loc_reg_132      |   32   |
+----------------------------+--------+
|            Total           |   101  |
+----------------------------+--------+

* Multiplexer (MUX) list: 
|-----------------|------|------|------|--------||---------||---------||---------|
|       Comp      |  Pin | Size |  BW  | S x BW ||  Delay  ||    FF   ||   LUT   |
|-----------------|------|------|------|--------||---------||---------||---------|
| grp_write_fu_66 |  p2  |   3  |  32  |   96   ||    0    ||    13   |
|-----------------|------|------|------|--------||---------||---------||---------|
|      Total      |      |      |      |   96   || 1.64243 ||    0    ||    13   |
|-----------------|------|------|------|--------||---------||---------||---------|



* Summary:
+-----------+--------+--------+--------+
|           |  Delay |   FF   |   LUT  |
+-----------+--------+--------+--------+
|  Function |    -   |   118  |   182  |
|   Memory  |    -   |    -   |    -   |
|Multiplexer|    1   |    0   |   13   |
|  Register |    -   |   101  |    -   |
+-----------+--------+--------+--------+
|   Total   |    1   |   219  |   195  |
+-----------+--------+--------+--------+
