

================================================================
== Vitis HLS Report for 'sample_packer_Pipeline_VITIS_LOOP_46_3'
================================================================
* Date:           Tue Jun  9 16:24:57 2026

* Version:        2025.2 (Build 6295257 on Nov 14 2025)
* Project:        hls_componentsample
* Solution:       hls (Vivado IP Flow Target)
* Product family: artix7
* Target device:  xc7a12t-cpg238-1


================================================================
== Performance Estimates
================================================================
+ Timing: 
    * Summary: 
    +--------+----------+----------+------------+
    |  Clock |  Target  | Estimated| Uncertainty|
    +--------+----------+----------+------------+
    |ap_clk  |  10.00 ns|  4.901 ns|     2.70 ns|
    +--------+----------+----------+------------+

+ Latency: 
    * Summary: 
    +---------+---------+-----------+-----------+-----+-----+-------------------+
    |  Latency (cycles) |   Latency (absolute)  |  Interval |      Pipeline     |
    |   min   |   max   |    min    |    max    | min | max |        Type       |
    +---------+---------+-----------+-----------+-----+-----+-------------------+
    |        6|        6|  60.000 ns|  60.000 ns|    0|    0|  loop pipeline stp|
    +---------+---------+-----------+-----------+-----+-----+-------------------+

    + Detail: 
        * Instance: 
        N/A

        * Loop: 
        +-------------------+---------+---------+----------+-----------+-----------+------+----------+
        |                   |  Latency (cycles) | Iteration|  Initiation Interval  | Trip |          |
        |     Loop Name     |   min   |   max   |  Latency |  achieved |   target  | Count| Pipelined|
        +-------------------+---------+---------+----------+-----------+-----------+------+----------+
        |- VITIS_LOOP_46_3  |        4|        4|         2|          1|          1|     4|       yes|
        +-------------------+---------+---------+----------+-----------+-----------+------+----------+



================================================================
== Utilization Estimates
================================================================
* Summary: 
+-----------------+---------+----+-------+------+-----+
|       Name      | BRAM_18K| DSP|   FF  |  LUT | URAM|
+-----------------+---------+----+-------+------+-----+
|DSP              |        -|   -|      -|     -|    -|
|Expression       |        -|   -|      0|    28|    -|
|FIFO             |        -|   -|      -|     -|    -|
|Instance         |        -|   -|      0|    36|    -|
|Memory           |        -|   -|      -|     -|    -|
|Multiplexer      |        -|   -|      0|    54|    -|
|Register         |        -|   -|     40|     -|    -|
+-----------------+---------+----+-------+------+-----+
|Total            |        0|   0|     40|   118|    0|
+-----------------+---------+----+-------+------+-----+
|Available        |       40|  40|  16000|  8000|    0|
+-----------------+---------+----+-------+------+-----+
|Utilization (%)  |        0|   0|     ~0|     1|    0|
+-----------------+---------+----+-------+------+-----+

+ Detail: 
    * Instance: 
    +-------------------------------------+----------------------------------+---------+----+---+----+-----+
    |               Instance              |              Module              | BRAM_18K| DSP| FF| LUT| URAM|
    +-------------------------------------+----------------------------------+---------+----+---+----+-----+
    |partset_32ns_32ns_8ns_5ns_32_1_1_U1  |partset_32ns_32ns_8ns_5ns_32_1_1  |        0|   0|  0|  36|    0|
    +-------------------------------------+----------------------------------+---------+----+---+----+-----+
    |Total                                |                                  |        0|   0|  0|  36|    0|
    +-------------------------------------+----------------------------------+---------+----+---+----+-----+

    * DSP: 
    N/A

    * Memory: 
    N/A

    * FIFO: 
    N/A

    * Expression: 
    +--------------------------------+----------+----+---+----+------------+------------+
    |          Variable Name         | Operation| DSP| FF| LUT| Bitwidth P0| Bitwidth P1|
    +--------------------------------+----------+----+---+----+------------+------------+
    |i_2_fu_82_p2                    |         +|   0|  0|  11|           3|           1|
    |ap_block_pp0_stage0_01001_grp1  |       and|   0|  0|   2|           1|           1|
    |icmp_ln46_fu_76_p2              |      icmp|   0|  0|  13|           3|           4|
    |ap_enable_pp0                   |       xor|   0|  0|   2|           1|           2|
    +--------------------------------+----------+----+---+----+------------+------------+
    |Total                           |          |   0|  0|  28|           8|           8|
    +--------------------------------+----------+----+---+----+------------+------------+

    * Multiplexer: 
    +-------------------------+----+-----------+-----+-----------+
    |           Name          | LUT| Input Size| Bits| Total Bits|
    +-------------------------+----+-----------+-----+-----------+
    |adc_in_TDATA_blk_n       |   9|          2|    1|          2|
    |ap_done_int              |   9|          2|    1|          2|
    |ap_enable_reg_pp0_iter1  |   9|          2|    1|          2|
    |ap_sig_allocacmp_i_1     |   9|          2|    3|          6|
    |i_fu_46                  |   9|          2|    3|          6|
    |word_fu_42               |   9|          2|   32|         64|
    +-------------------------+----+-----------+-----+-----------+
    |Total                    |  54|         12|   41|         82|
    +-------------------------+----+-----------+-----+-----------+

    * Register: 
    +-------------------------+----+----+-----+-----------+
    |           Name          | FF | LUT| Bits| Const Bits|
    +-------------------------+----+----+-----+-----------+
    |ap_CS_fsm                |   1|   0|    1|          0|
    |ap_done_reg              |   1|   0|    1|          0|
    |ap_enable_reg_pp0_iter1  |   1|   0|    1|          0|
    |i_fu_46                  |   3|   0|    3|          0|
    |trunc_ln51_reg_144       |   2|   0|    2|          0|
    |word_fu_42               |  32|   0|   32|          0|
    +-------------------------+----+----+-----+-----------+
    |Total                    |  40|   0|   40|          0|
    +-------------------------+----+----+-----+-----------+



================================================================
== Interface
================================================================
* Summary: 
+-------------------+-----+-----+------------+----------------------------------------+--------------+
|     RTL Ports     | Dir | Bits|  Protocol  |              Source Object             |    C Type    |
+-------------------+-----+-----+------------+----------------------------------------+--------------+
|ap_clk             |   in|    1|  ap_ctrl_hs|  sample_packer_Pipeline_VITIS_LOOP_46_3|  return value|
|ap_rst             |   in|    1|  ap_ctrl_hs|  sample_packer_Pipeline_VITIS_LOOP_46_3|  return value|
|ap_start           |   in|    1|  ap_ctrl_hs|  sample_packer_Pipeline_VITIS_LOOP_46_3|  return value|
|ap_done            |  out|    1|  ap_ctrl_hs|  sample_packer_Pipeline_VITIS_LOOP_46_3|  return value|
|ap_idle            |  out|    1|  ap_ctrl_hs|  sample_packer_Pipeline_VITIS_LOOP_46_3|  return value|
|ap_ready           |  out|    1|  ap_ctrl_hs|  sample_packer_Pipeline_VITIS_LOOP_46_3|  return value|
|adc_in_TVALID      |   in|    1|        axis|                                  adc_in|       pointer|
|adc_in_TDATA       |   in|    8|        axis|                                  adc_in|       pointer|
|adc_in_TREADY      |  out|    1|        axis|                                  adc_in|       pointer|
|word_4_out         |  out|   32|      ap_vld|                              word_4_out|       pointer|
|word_4_out_ap_vld  |  out|    1|      ap_vld|                              word_4_out|       pointer|
+-------------------+-----+-----+------------+----------------------------------------+--------------+

============================================================
+ Verbose Summary: Synthesis Manager
============================================================
InlineROM: 1
ExposeGlobal: 0
============================================================
+ Verbose Summary: CDFG Model
============================================================
IsTopModel: 0
ResetActiveHigh: 1
IsCombinational: 2
IsDatapathOnly: 2
HasWiredReturn: 1
HasMFsm: 2
HasVarLatency: 1
IsPipeline: 0
IsRtlPipelined: 0
IsInstanceOverlapped: 0
IsDontTouch: 0
HasImplIP: 0
IsGatedGlobalClock: 0

+ Individual pipeline summary: 
  * Pipeline-0: initiation interval (II) = 1, depth = 2


============================================================
+ Verbose Summary: Schedule
============================================================
* Number of FSM states : 2
* Pipeline : 1
  Pipeline-0 : II = 1, D = 2, States = { 1 2 }
* Dataflow Pipeline: 0

* FSM state transitions: 
1 --> 2 
2 --> 

* FSM state operations: 

State 1 <SV = 0> <Delay = 4.90>
ST_1 : Operation 5 [1/1] (0.00ns)   --->   "%word = alloca i32 1" [../src/sample_packer/sample_packer.cpp:16]   --->   Operation 5 'alloca' 'word' <Predicate = true> <Delay = 0.00>
ST_1 : Operation 6 [1/1] (0.00ns)   --->   "%i = alloca i32 1" [../src/sample_packer/sample_packer.cpp:46]   --->   Operation 6 'alloca' 'i' <Predicate = true> <Delay = 0.00>
ST_1 : Operation 7 [1/1] (0.00ns)   --->   "%specinterface_ln0 = specinterface void @_ssdm_op_SpecInterface, i8 %adc_in, void @empty, i32 0, i32 0, void @empty_0, i32 0, i32 0, void @empty_1, void @empty_1, void @empty_1, i32 0, i32 0, i32 0, i32 0, void @empty_1, void @empty_1, i32 4294967295, i32 0, i32 0, i32 0"   --->   Operation 7 'specinterface' 'specinterface_ln0' <Predicate = true> <Delay = 0.00>
ST_1 : Operation 8 [1/1] (1.61ns)   --->   "%store_ln46 = store i3 0, i3 %i" [../src/sample_packer/sample_packer.cpp:46]   --->   Operation 8 'store' 'store_ln46' <Predicate = true> <Delay = 1.61>
ST_1 : Operation 9 [1/1] (1.61ns)   --->   "%store_ln16 = store i32 0, i32 %word" [../src/sample_packer/sample_packer.cpp:16]   --->   Operation 9 'store' 'store_ln16' <Predicate = true> <Delay = 1.61>
ST_1 : Operation 10 [1/1] (0.00ns)   --->   "%br_ln46 = br void %for.inc36" [../src/sample_packer/sample_packer.cpp:46]   --->   Operation 10 'br' 'br_ln46' <Predicate = true> <Delay = 0.00>
ST_1 : Operation 11 [1/1] (0.00ns)   --->   "%i_1 = load i3 %i" [../src/sample_packer/sample_packer.cpp:46]   --->   Operation 11 'load' 'i_1' <Predicate = true> <Delay = 0.00>
ST_1 : Operation 12 [1/1] (1.68ns)   --->   "%icmp_ln46 = icmp_eq  i3 %i_1, i3 4" [../src/sample_packer/sample_packer.cpp:46]   --->   Operation 12 'icmp' 'icmp_ln46' <Predicate = true> <Delay = 1.68> <CoreInst = "Cmp">   --->   Core 9 'Cmp' <Latency = 0> <II = 1> <Delay = 1.77> <FuncUnit> <Opcode : 'seteq' 'setne' 'setle' 'setge' 'setlt' 'setgt'> <InPorts = 2> <OutPorts = 1>
ST_1 : Operation 13 [1/1] (1.68ns)   --->   "%i_2 = add i3 %i_1, i3 1" [../src/sample_packer/sample_packer.cpp:46]   --->   Operation 13 'add' 'i_2' <Predicate = true> <Delay = 1.68> <CoreInst = "Adder">   --->   Core 1 'Adder' <Latency = 0> <II = 1> <Delay = 1.68> <FuncUnit> <Opcode : 'add' 'sub'> <InPorts = 2> <OutPorts = 1>
ST_1 : Operation 14 [1/1] (0.00ns)   --->   "%br_ln46 = br i1 %icmp_ln46, void %for.inc36.split, void %for.end38.exitStub" [../src/sample_packer/sample_packer.cpp:46]   --->   Operation 14 'br' 'br_ln46' <Predicate = true> <Delay = 0.00>
ST_1 : Operation 15 [1/1] (0.00ns)   --->   "%trunc_ln51 = trunc i3 %i_1" [../src/sample_packer/sample_packer.cpp:51]   --->   Operation 15 'trunc' 'trunc_ln51' <Predicate = (!icmp_ln46)> <Delay = 0.00>
ST_1 : Operation 16 [1/1] (1.61ns)   --->   "%store_ln46 = store i3 %i_2, i3 %i" [../src/sample_packer/sample_packer.cpp:46]   --->   Operation 16 'store' 'store_ln46' <Predicate = (!icmp_ln46)> <Delay = 1.61>
ST_1 : Operation 26 [1/1] (0.00ns)   --->   "%word_load = load i32 %word"   --->   Operation 26 'load' 'word_load' <Predicate = (icmp_ln46)> <Delay = 0.00>
ST_1 : Operation 27 [1/1] (0.00ns)   --->   "%write_ln0 = write void @_ssdm_op_Write.ap_auto.i32P0A, i32 %word_4_out, i32 %word_load"   --->   Operation 27 'write' 'write_ln0' <Predicate = (icmp_ln46)> <Delay = 0.00>
ST_1 : Operation 28 [1/1] (1.61ns)   --->   "%ret_ln0 = ret"   --->   Operation 28 'ret' 'ret_ln0' <Predicate = (icmp_ln46)> <Delay = 1.61>

State 2 <SV = 1> <Delay = 3.28>
ST_2 : Operation 17 [1/1] (0.00ns)   --->   "%word_load_1 = load i32 %word" [../src/sample_packer/sample_packer.cpp:51]   --->   Operation 17 'load' 'word_load_1' <Predicate = true> <Delay = 0.00>
ST_2 : Operation 18 [1/1] (0.00ns)   --->   "%specpipeline_ln48 = specpipeline void @_ssdm_op_SpecPipeline, i32 1, i32 0, i32 0, i32 0, i32 4294967295, void @empty_1" [../src/sample_packer/sample_packer.cpp:48]   --->   Operation 18 'specpipeline' 'specpipeline_ln48' <Predicate = true> <Delay = 0.00>
ST_2 : Operation 19 [1/1] (0.00ns)   --->   "%speclooptripcount_ln16 = speclooptripcount void @_ssdm_op_SpecLoopTripCount, i64 4, i64 4, i64 4" [../src/sample_packer/sample_packer.cpp:16]   --->   Operation 19 'speclooptripcount' 'speclooptripcount_ln16' <Predicate = true> <Delay = 0.00>
ST_2 : Operation 20 [1/1] (0.00ns)   --->   "%specloopname_ln46 = specloopname void @_ssdm_op_SpecLoopName, void @empty_7" [../src/sample_packer/sample_packer.cpp:46]   --->   Operation 20 'specloopname' 'specloopname_ln46' <Predicate = true> <Delay = 0.00>
ST_2 : Operation 21 [1/1] ( I:0.51ns O:0.51ns )   --->   "%sample = read i8 @_ssdm_op_Read.axis.volatile.i8P128A, i8 %adc_in" [../src/sample_packer/sample_packer.cpp:50]   --->   Operation 21 'read' 'sample' <Predicate = true> <Delay = 0.51> <CoreInst = "regslice">   --->   Core 135 'regslice' <Latency = 0> <II = 1> <Delay = 1.75> <Adapter> <Opcode : 'read' 'write'>
ST_2 : Operation 22 [1/1] (0.00ns)   --->   "%shl_ln2 = bitconcatenate i5 @_ssdm_op_BitConcatenate.i5.i2.i3, i2 %trunc_ln51, i3 0" [../src/sample_packer/sample_packer.cpp:51]   --->   Operation 22 'bitconcatenate' 'shl_ln2' <Predicate = true> <Delay = 0.00>
ST_2 : Operation 23 [1/1] (1.15ns)   --->   "%word_1 = partset i32 @_ssdm_op_PartSet.i32.i32.i8.i5, i32 %word_load_1, i8 %sample, i5 %shl_ln2" [../src/sample_packer/sample_packer.cpp:51]   --->   Operation 23 'partset' 'word_1' <Predicate = true> <Delay = 1.15> <CoreInst = "PartSet">   --->   Core 144 'PartSet' <Latency = 0> <II = 1> <Delay = 1.15> <FuncUnit> <Opcode : 'partset'> <InPorts = 3> <OutPorts = 1>
ST_2 : Operation 24 [1/1] (1.61ns)   --->   "%store_ln16 = store i32 %word_1, i32 %word" [../src/sample_packer/sample_packer.cpp:16]   --->   Operation 24 'store' 'store_ln16' <Predicate = true> <Delay = 1.61>
ST_2 : Operation 25 [1/1] (0.00ns)   --->   "%br_ln46 = br void %for.inc36" [../src/sample_packer/sample_packer.cpp:46]   --->   Operation 25 'br' 'br_ln46' <Predicate = true> <Delay = 0.00>


============================================================
+ Verbose Summary: Binding
============================================================
STG Binding: 
---------------- STG Properties BEGIN ----------------
- Is combinational: 0
- Is one-state seq: 0
- Is datapath-only: 0
- Is pipelined: 0
- Is top level: 0
Port [ Return ] is wired: 1; IO mode=ap_ctrl_hs:ce=0
Port [ adc_in]:  wired=1; compound=1; hidden=0; nouse=0; global=0; static=0; extern=0; dir=0; type=0; pingpong=0; private_global=0; IO mode=axis:ce=0
Port [ word_4_out]:  wired=1; compound=0; hidden=0; nouse=0; global=0; static=0; extern=0; dir=1; type=0; pingpong=0; private_global=0; IO mode=ap_vld:ce=0
---------------- STG Properties END ------------------

---------------- Datapath Model BEGIN ----------------

<LifeTime>
<method=bitvector/>
word                   (alloca           ) [ 011]
i                      (alloca           ) [ 010]
specinterface_ln0      (specinterface    ) [ 000]
store_ln46             (store            ) [ 000]
store_ln16             (store            ) [ 000]
br_ln46                (br               ) [ 000]
i_1                    (load             ) [ 000]
icmp_ln46              (icmp             ) [ 010]
i_2                    (add              ) [ 000]
br_ln46                (br               ) [ 000]
trunc_ln51             (trunc            ) [ 011]
store_ln46             (store            ) [ 000]
word_load_1            (load             ) [ 000]
specpipeline_ln48      (specpipeline     ) [ 000]
speclooptripcount_ln16 (speclooptripcount) [ 000]
specloopname_ln46      (specloopname     ) [ 000]
sample                 (read             ) [ 000]
shl_ln2                (bitconcatenate   ) [ 000]
word_1                 (partset          ) [ 000]
store_ln16             (store            ) [ 000]
br_ln46                (br               ) [ 000]
word_load              (load             ) [ 000]
write_ln0              (write            ) [ 000]
ret_ln0                (ret              ) [ 000]
</LifeTime>

<model>

<comp_list>
<comp id="0" class="1000" name="adc_in">
<pin_list>
<pin id="1" dir="1" index="0" bw="1" slack="0"/>
</pin_list>
<bind>
<StgValue><ssdm name="adc_in"/></StgValue>
</bind>
</comp>

<comp id="2" class="1000" name="word_4_out">
<pin_list>
<pin id="3" dir="1" index="0" bw="1" slack="0"/>
</pin_list>
<bind>
<StgValue><ssdm name="word_4_out"/></StgValue>
</bind>
</comp>

<comp id="4" class="1001" name="const_4">
<pin_list>
<pin id="5" dir="1" index="0" bw="1" slack="0"/>
</pin_list>
<bind>
<StgValue><ssdm name=""/></StgValue>
</bind>
</comp>

<comp id="6" class="1001" name="const_6">
<pin_list>
<pin id="7" dir="1" index="0" bw="1" slack="2147483647"/>
</pin_list>
<bind>
<StgValue><ssdm name="_ssdm_op_SpecInterface"/></StgValue>
</bind>
</comp>

<comp id="8" class="1001" name="const_8">
<pin_list>
<pin id="9" dir="1" index="0" bw="1" slack="2147483647"/>
</pin_list>
<bind>
<StgValue><ssdm name="empty"/></StgValue>
</bind>
</comp>

<comp id="10" class="1001" name="const_10">
<pin_list>
<pin id="11" dir="1" index="0" bw="1" slack="0"/>
</pin_list>
<bind>
<StgValue><ssdm name=""/></StgValue>
</bind>
</comp>

<comp id="12" class="1001" name="const_12">
<pin_list>
<pin id="13" dir="1" index="0" bw="1" slack="2147483647"/>
</pin_list>
<bind>
<StgValue><ssdm name="empty_0"/></StgValue>
</bind>
</comp>

<comp id="14" class="1001" name="const_14">
<pin_list>
<pin id="15" dir="1" index="0" bw="1" slack="2147483647"/>
</pin_list>
<bind>
<StgValue><ssdm name="empty_1"/></StgValue>
</bind>
</comp>

<comp id="16" class="1001" name="const_16">
<pin_list>
<pin id="17" dir="1" index="0" bw="1" slack="2147483647"/>
</pin_list>
<bind>
<StgValue><ssdm name=""/></StgValue>
</bind>
</comp>

<comp id="18" class="1001" name="const_18">
<pin_list>
<pin id="19" dir="1" index="0" bw="1" slack="0"/>
</pin_list>
<bind>
<StgValue><ssdm name=""/></StgValue>
</bind>
</comp>

<comp id="20" class="1001" name="const_20">
<pin_list>
<pin id="21" dir="1" index="0" bw="1" slack="0"/>
</pin_list>
<bind>
<StgValue><ssdm name=""/></StgValue>
</bind>
</comp>

<comp id="22" class="1001" name="const_22">
<pin_list>
<pin id="23" dir="1" index="0" bw="1" slack="0"/>
</pin_list>
<bind>
<StgValue><ssdm name=""/></StgValue>
</bind>
</comp>

<comp id="24" class="1001" name="const_24">
<pin_list>
<pin id="25" dir="1" index="0" bw="1" slack="2147483647"/>
</pin_list>
<bind>
<StgValue><ssdm name="_ssdm_op_SpecPipeline"/></StgValue>
</bind>
</comp>

<comp id="26" class="1001" name="const_26">
<pin_list>
<pin id="27" dir="1" index="0" bw="1" slack="2147483647"/>
</pin_list>
<bind>
<StgValue><ssdm name="_ssdm_op_SpecLoopTripCount"/></StgValue>
</bind>
</comp>

<comp id="28" class="1001" name="const_28">
<pin_list>
<pin id="29" dir="1" index="0" bw="1" slack="2147483647"/>
</pin_list>
<bind>
<StgValue><ssdm name=""/></StgValue>
</bind>
</comp>

<comp id="30" class="1001" name="const_30">
<pin_list>
<pin id="31" dir="1" index="0" bw="1" slack="2147483647"/>
</pin_list>
<bind>
<StgValue><ssdm name="_ssdm_op_SpecLoopName"/></StgValue>
</bind>
</comp>

<comp id="32" class="1001" name="const_32">
<pin_list>
<pin id="33" dir="1" index="0" bw="1" slack="2147483647"/>
</pin_list>
<bind>
<StgValue><ssdm name="empty_7"/></StgValue>
</bind>
</comp>

<comp id="34" class="1001" name="const_34">
<pin_list>
<pin id="35" dir="1" index="0" bw="1" slack="0"/>
</pin_list>
<bind>
<StgValue><ssdm name="_ssdm_op_Read.axis.volatile.i8P128A"/></StgValue>
</bind>
</comp>

<comp id="36" class="1001" name="const_36">
<pin_list>
<pin id="37" dir="1" index="0" bw="1" slack="0"/>
</pin_list>
<bind>
<StgValue><ssdm name="_ssdm_op_BitConcatenate.i5.i2.i3"/></StgValue>
</bind>
</comp>

<comp id="38" class="1001" name="const_38">
<pin_list>
<pin id="39" dir="1" index="0" bw="1" slack="0"/>
</pin_list>
<bind>
<StgValue><ssdm name="_ssdm_op_PartSet.i32.i32.i8.i5"/></StgValue>
</bind>
</comp>

<comp id="40" class="1001" name="const_40">
<pin_list>
<pin id="41" dir="1" index="0" bw="1" slack="0"/>
</pin_list>
<bind>
<StgValue><ssdm name="_ssdm_op_Write.ap_auto.i32P0A"/></StgValue>
</bind>
</comp>

<comp id="42" class="1004" name="word_fu_42">
<pin_list>
<pin id="43" dir="0" index="0" bw="1" slack="0"/>
<pin id="44" dir="1" index="1" bw="32" slack="0"/>
</pin_list>
<bind>
<opcode="alloca(26) " fcode="alloca"/>
<opset="word/1 "/>
</bind>
</comp>

<comp id="46" class="1004" name="i_fu_46">
<pin_list>
<pin id="47" dir="0" index="0" bw="1" slack="0"/>
<pin id="48" dir="1" index="1" bw="3" slack="0"/>
</pin_list>
<bind>
<opcode="alloca(26) " fcode="alloca"/>
<opset="i/1 "/>
</bind>
</comp>

<comp id="50" class="1004" name="sample_read_fu_50">
<pin_list>
<pin id="51" dir="0" index="0" bw="8" slack="0"/>
<pin id="52" dir="0" index="1" bw="8" slack="0"/>
<pin id="53" dir="1" index="2" bw="8" slack="0"/>
</pin_list>
<bind>
<opcode="read(1150) " fcode="read"/>
<opset="sample/2 "/>
</bind>
</comp>

<comp id="56" class="1004" name="write_ln0_write_fu_56">
<pin_list>
<pin id="57" dir="0" index="0" bw="0" slack="0"/>
<pin id="58" dir="0" index="1" bw="32" slack="0"/>
<pin id="59" dir="0" index="2" bw="32" slack="0"/>
<pin id="60" dir="1" index="3" bw="0" slack="2147483647"/>
</pin_list>
<bind>
<opcode="write(1151) " fcode="write"/>
<opset="write_ln0/1 "/>
</bind>
</comp>

<comp id="63" class="1004" name="store_ln46_store_fu_63">
<pin_list>
<pin id="64" dir="0" index="0" bw="1" slack="0"/>
<pin id="65" dir="0" index="1" bw="3" slack="0"/>
<pin id="66" dir="1" index="2" bw="0" slack="2147483647"/>
</pin_list>
<bind>
<opcode="store(28) " fcode="store"/>
<opset="store_ln46/1 "/>
</bind>
</comp>

<comp id="68" class="1004" name="store_ln16_store_fu_68">
<pin_list>
<pin id="69" dir="0" index="0" bw="1" slack="0"/>
<pin id="70" dir="0" index="1" bw="32" slack="0"/>
<pin id="71" dir="1" index="2" bw="0" slack="2147483647"/>
</pin_list>
<bind>
<opcode="store(28) " fcode="store"/>
<opset="store_ln16/1 "/>
</bind>
</comp>

<comp id="73" class="1004" name="i_1_load_fu_73">
<pin_list>
<pin id="74" dir="0" index="0" bw="3" slack="0"/>
<pin id="75" dir="1" index="1" bw="3" slack="0"/>
</pin_list>
<bind>
<opcode="load(27) " fcode="load"/>
<opset="i_1/1 "/>
</bind>
</comp>

<comp id="76" class="1004" name="icmp_ln46_fu_76">
<pin_list>
<pin id="77" dir="0" index="0" bw="3" slack="0"/>
<pin id="78" dir="0" index="1" bw="3" slack="0"/>
<pin id="79" dir="1" index="2" bw="1" slack="2147483647"/>
</pin_list>
<bind>
<opcode="icmp(45) " fcode="icmp"/>
<opset="icmp_ln46/1 "/>
</bind>
</comp>

<comp id="82" class="1004" name="i_2_fu_82">
<pin_list>
<pin id="83" dir="0" index="0" bw="3" slack="0"/>
<pin id="84" dir="0" index="1" bw="1" slack="0"/>
<pin id="85" dir="1" index="2" bw="3" slack="0"/>
</pin_list>
<bind>
<opcode="add(8) " fcode="add"/>
<opset="i_2/1 "/>
</bind>
</comp>

<comp id="88" class="1004" name="trunc_ln51_fu_88">
<pin_list>
<pin id="89" dir="0" index="0" bw="3" slack="0"/>
<pin id="90" dir="1" index="1" bw="2" slack="1"/>
</pin_list>
<bind>
<opcode="trunc(33) " fcode="trunc"/>
<opset="trunc_ln51/1 "/>
</bind>
</comp>

<comp id="92" class="1004" name="store_ln46_store_fu_92">
<pin_list>
<pin id="93" dir="0" index="0" bw="3" slack="0"/>
<pin id="94" dir="0" index="1" bw="3" slack="0"/>
<pin id="95" dir="1" index="2" bw="0" slack="2147483647"/>
</pin_list>
<bind>
<opcode="store(28) " fcode="store"/>
<opset="store_ln46/1 "/>
</bind>
</comp>

<comp id="97" class="1004" name="word_load_1_load_fu_97">
<pin_list>
<pin id="98" dir="0" index="0" bw="32" slack="1"/>
<pin id="99" dir="1" index="1" bw="32" slack="0"/>
</pin_list>
<bind>
<opcode="load(27) " fcode="load"/>
<opset="word_load_1/2 "/>
</bind>
</comp>

<comp id="100" class="1004" name="shl_ln2_fu_100">
<pin_list>
<pin id="101" dir="0" index="0" bw="5" slack="0"/>
<pin id="102" dir="0" index="1" bw="2" slack="1"/>
<pin id="103" dir="0" index="2" bw="1" slack="0"/>
<pin id="104" dir="1" index="3" bw="5" slack="0"/>
</pin_list>
<bind>
<opcode="bitconcatenate(1004) " fcode="bitconcatenate"/>
<opset="shl_ln2/2 "/>
</bind>
</comp>

<comp id="107" class="1004" name="word_1_fu_107">
<pin_list>
<pin id="108" dir="0" index="0" bw="32" slack="0"/>
<pin id="109" dir="0" index="1" bw="32" slack="0"/>
<pin id="110" dir="0" index="2" bw="8" slack="0"/>
<pin id="111" dir="0" index="3" bw="5" slack="0"/>
<pin id="112" dir="1" index="4" bw="32" slack="0"/>
</pin_list>
<bind>
<opcode="partset(1003) " fcode="partset"/>
<opset="word_1/2 "/>
</bind>
</comp>

<comp id="117" class="1004" name="store_ln16_store_fu_117">
<pin_list>
<pin id="118" dir="0" index="0" bw="32" slack="0"/>
<pin id="119" dir="0" index="1" bw="32" slack="1"/>
<pin id="120" dir="1" index="2" bw="0" slack="2147483647"/>
</pin_list>
<bind>
<opcode="store(28) " fcode="store"/>
<opset="store_ln16/2 "/>
</bind>
</comp>

<comp id="122" class="1004" name="word_load_load_fu_122">
<pin_list>
<pin id="123" dir="0" index="0" bw="32" slack="0"/>
<pin id="124" dir="1" index="1" bw="32" slack="0"/>
</pin_list>
<bind>
<opcode="load(27) " fcode="load"/>
<opset="word_load/1 "/>
</bind>
</comp>

<comp id="126" class="1005" name="word_reg_126">
<pin_list>
<pin id="127" dir="0" index="0" bw="32" slack="0"/>
<pin id="128" dir="1" index="1" bw="32" slack="0"/>
</pin_list>
<bind>
<opset="word "/>
</bind>
</comp>

<comp id="134" class="1005" name="i_reg_134">
<pin_list>
<pin id="135" dir="0" index="0" bw="3" slack="0"/>
<pin id="136" dir="1" index="1" bw="3" slack="0"/>
</pin_list>
<bind>
<opset="i "/>
</bind>
</comp>

<comp id="144" class="1005" name="trunc_ln51_reg_144">
<pin_list>
<pin id="145" dir="0" index="0" bw="2" slack="1"/>
<pin id="146" dir="1" index="1" bw="2" slack="1"/>
</pin_list>
<bind>
<opset="trunc_ln51 "/>
</bind>
</comp>

</comp_list>

<net_list>
<net id="45"><net_src comp="4" pin="0"/><net_sink comp="42" pin=0"/></net>

<net id="49"><net_src comp="4" pin="0"/><net_sink comp="46" pin=0"/></net>

<net id="54"><net_src comp="34" pin="0"/><net_sink comp="50" pin=0"/></net>

<net id="55"><net_src comp="0" pin="0"/><net_sink comp="50" pin=1"/></net>

<net id="61"><net_src comp="40" pin="0"/><net_sink comp="56" pin=0"/></net>

<net id="62"><net_src comp="2" pin="0"/><net_sink comp="56" pin=1"/></net>

<net id="67"><net_src comp="18" pin="0"/><net_sink comp="63" pin=0"/></net>

<net id="72"><net_src comp="10" pin="0"/><net_sink comp="68" pin=0"/></net>

<net id="80"><net_src comp="73" pin="1"/><net_sink comp="76" pin=0"/></net>

<net id="81"><net_src comp="20" pin="0"/><net_sink comp="76" pin=1"/></net>

<net id="86"><net_src comp="73" pin="1"/><net_sink comp="82" pin=0"/></net>

<net id="87"><net_src comp="22" pin="0"/><net_sink comp="82" pin=1"/></net>

<net id="91"><net_src comp="73" pin="1"/><net_sink comp="88" pin=0"/></net>

<net id="96"><net_src comp="82" pin="2"/><net_sink comp="92" pin=0"/></net>

<net id="105"><net_src comp="36" pin="0"/><net_sink comp="100" pin=0"/></net>

<net id="106"><net_src comp="18" pin="0"/><net_sink comp="100" pin=2"/></net>

<net id="113"><net_src comp="38" pin="0"/><net_sink comp="107" pin=0"/></net>

<net id="114"><net_src comp="97" pin="1"/><net_sink comp="107" pin=1"/></net>

<net id="115"><net_src comp="50" pin="2"/><net_sink comp="107" pin=2"/></net>

<net id="116"><net_src comp="100" pin="3"/><net_sink comp="107" pin=3"/></net>

<net id="121"><net_src comp="107" pin="4"/><net_sink comp="117" pin=0"/></net>

<net id="125"><net_src comp="122" pin="1"/><net_sink comp="56" pin=2"/></net>

<net id="129"><net_src comp="42" pin="1"/><net_sink comp="126" pin=0"/></net>

<net id="130"><net_src comp="126" pin="1"/><net_sink comp="68" pin=1"/></net>

<net id="131"><net_src comp="126" pin="1"/><net_sink comp="97" pin=0"/></net>

<net id="132"><net_src comp="126" pin="1"/><net_sink comp="117" pin=1"/></net>

<net id="133"><net_src comp="126" pin="1"/><net_sink comp="122" pin=0"/></net>

<net id="137"><net_src comp="46" pin="1"/><net_sink comp="134" pin=0"/></net>

<net id="138"><net_src comp="134" pin="1"/><net_sink comp="63" pin=1"/></net>

<net id="139"><net_src comp="134" pin="1"/><net_sink comp="73" pin=0"/></net>

<net id="140"><net_src comp="134" pin="1"/><net_sink comp="92" pin=1"/></net>

<net id="147"><net_src comp="88" pin="1"/><net_sink comp="144" pin=0"/></net>

<net id="148"><net_src comp="144" pin="1"/><net_sink comp="100" pin=1"/></net>

</net_list>

</model> 
---------------- Datapath Model END ------------------

* FSMD analyzer results:
  - Output states:
	Port: adc_in | {}
	Port: word_4_out | {1 }
 - Input state : 
	Port: sample_packer_Pipeline_VITIS_LOOP_46_3 : adc_in | {2 }
  - Chain level:
	State 1
		store_ln46 : 1
		store_ln16 : 1
		i_1 : 1
		icmp_ln46 : 2
		i_2 : 2
		br_ln46 : 3
		trunc_ln51 : 2
		store_ln46 : 3
		word_load : 1
		write_ln0 : 2
	State 2
		word_1 : 1
		store_ln16 : 2


============================================================
+ Verbose Summary: Datapath Resource usage 
============================================================

* Functional unit list:
|----------|-----------------------|---------|---------|
| Operation|    Functional Unit    |    FF   |   LUT   |
|----------|-----------------------|---------|---------|
|  partset |     word_1_fu_107     |    0    |    36   |
|----------|-----------------------|---------|---------|
|   icmp   |    icmp_ln46_fu_76    |    0    |    11   |
|----------|-----------------------|---------|---------|
|    add   |       i_2_fu_82       |    0    |    11   |
|----------|-----------------------|---------|---------|
|   read   |   sample_read_fu_50   |    0    |    0    |
|----------|-----------------------|---------|---------|
|   write  | write_ln0_write_fu_56 |    0    |    0    |
|----------|-----------------------|---------|---------|
|   trunc  |    trunc_ln51_fu_88   |    0    |    0    |
|----------|-----------------------|---------|---------|
|bitconcatenate|     shl_ln2_fu_100    |    0    |    0    |
|----------|-----------------------|---------|---------|
|   Total  |                       |    0    |    58   |
|----------|-----------------------|---------|---------|

Memories:
N/A

* Register list:
+------------------+--------+
|                  |   FF   |
+------------------+--------+
|     i_reg_134    |    3   |
|trunc_ln51_reg_144|    2   |
|   word_reg_126   |   32   |
+------------------+--------+
|       Total      |   37   |
+------------------+--------+

* Multiplexer (MUX) list: 
|--------|------|------|------|--------|
|  Comp  |  Pin | Size |  BW  | S x BW |
|--------|------|------|------|--------|
|  Total |      |      |      |    0   |
|--------|------|------|------|--------|



* Summary:
+-----------+--------+--------+
|           |   FF   |   LUT  |
+-----------+--------+--------+
|  Function |    0   |   58   |
|   Memory  |    -   |    -   |
|Multiplexer|    -   |    -   |
|  Register |   37   |    -   |
+-----------+--------+--------+
|   Total   |   37   |   58   |
+-----------+--------+--------+
