

================================================================
== Vitis HLS Report for 'sample_packer'
================================================================
* Date:           Tue Jun  9 16:24:57 2026

* Version:        2025.2 (Build 6295257 on Nov 14 2025)
* Project:        hls_componentsample
* Solution:       hls (Vivado IP Flow Target)
* Product family: artix7
* Target device:  xc7a12t-cpg238-1


================================================================
== Performance Estimates
================================================================
+ Timing: 
    * Summary: 
    +--------+----------+----------+------------+
    |  Clock |  Target  | Estimated| Uncertainty|
    +--------+----------+----------+------------+
    |ap_clk  |  10.00 ns|  5.145 ns|     2.70 ns|
    +--------+----------+----------+------------+

+ Latency: 
    * Summary: 
    +---------+---------+-----------+----------+-----+-----+---------+
    |  Latency (cycles) |  Latency (absolute)  |  Interval | Pipeline|
    |   min   |   max   |    min    |    max   | min | max |   Type  |
    +---------+---------+-----------+----------+-----+-----+---------+
    |        1|       21|  10.000 ns|  0.210 us|    2|   22|       no|
    +---------+---------+-----------+----------+-----+-----+---------+

    + Detail: 
        * Instance: 
        N/A

        * Loop: 
        N/A

============================================================
+ Verbose Summary: Synthesis Manager
============================================================
InlineROM: 1
ExposeGlobal: 0
============================================================
+ Verbose Summary: CDFG Model
============================================================
IsTopModel: 1
ResetActiveHigh: 1
IsCombinational: 0
IsDatapathOnly: 0
HasWiredReturn: 1
HasMFsm: 0
HasVarLatency: 1
IsPipeline: 0
IsRtlPipelined: 0
IsInstanceOverlapped: 0
IsDontTouch: 0
HasImplIP: 0
IsGatedGlobalClock: 0


============================================================
+ Verbose Summary: Schedule
============================================================
* Number of FSM states : 4
* Pipeline : 0
* Dataflow Pipeline: 0

* FSM state transitions: 
1 --> 2 4 
2 --> 3 
3 --> 4 
4 --> 

* FSM state operations: 

State 1 <SV = 0> <Delay = 5.14>
ST_1 : Operation 5 [1/1] (0.00ns)   --->   "%bits_per_sample_read = read i5 @_ssdm_op_Read.ap_none.i5, i5 %bits_per_sample"   --->   Operation 5 'read' 'bits_per_sample_read' <Predicate = true> <Delay = 0.00>
ST_1 : Operation 6 [1/1] (0.00ns)   --->   "%word_4_loc = alloca i64 1"   --->   Operation 6 'alloca' 'word_4_loc' <Predicate = true> <Delay = 0.00>
ST_1 : Operation 7 [1/1] (0.00ns)   --->   "%word_2_loc = alloca i64 1"   --->   Operation 7 'alloca' 'word_2_loc' <Predicate = true> <Delay = 0.00>
ST_1 : Operation 8 [1/1] (0.00ns)   --->   "%word_loc = alloca i64 1"   --->   Operation 8 'alloca' 'word_loc' <Predicate = true> <Delay = 0.00>
ST_1 : Operation 9 [1/1] (0.00ns)   --->   "%spectopmodule_ln4 = spectopmodule void @_ssdm_op_SpecTopModule, void @empty_3" [../src/sample_packer/sample_packer.cpp:4]   --->   Operation 9 'spectopmodule' 'spectopmodule_ln4' <Predicate = true> <Delay = 0.00>
ST_1 : Operation 10 [1/1] (0.00ns)   --->   "%specinterface_ln4 = specinterface void @_ssdm_op_SpecInterface, i32 0, void @empty_4, i32 0, i32 0, void @empty_1, i32 0, i32 0, void @empty_1, void @empty_1, void @empty_1, i32 0, i32 0, i32 0, i32 0, void @empty_1, void @empty_1, i32 4294967295, i32 0, i32 0, i32 0" [../src/sample_packer/sample_packer.cpp:4]   --->   Operation 10 'specinterface' 'specinterface_ln4' <Predicate = true> <Delay = 0.00>
ST_1 : Operation 11 [1/1] (0.00ns)   --->   "%specinterface_ln0 = specinterface void @_ssdm_op_SpecInterface, i8 %adc_in, void @empty, i32 1, i32 1, void @empty_0, i32 0, i32 0, void @empty_1, void @empty_1, void @empty_1, i32 0, i32 0, i32 0, i32 0, void @empty_1, void @empty_1, i32 4294967295, i32 0, i32 0, i32 0"   --->   Operation 11 'specinterface' 'specinterface_ln0' <Predicate = true> <Delay = 0.00>
ST_1 : Operation 12 [1/1] (0.00ns)   --->   "%specbitsmap_ln0 = specbitsmap void @_ssdm_op_SpecBitsMap, i8 %adc_in"   --->   Operation 12 'specbitsmap' 'specbitsmap_ln0' <Predicate = true> <Delay = 0.00>
ST_1 : Operation 13 [1/1] (0.00ns)   --->   "%specinterface_ln0 = specinterface void @_ssdm_op_SpecInterface, i32 %packed_out, void @empty, i32 1, i32 1, void @empty_0, i32 0, i32 0, void @empty_1, void @empty_1, void @empty_1, i32 0, i32 0, i32 0, i32 0, void @empty_1, void @empty_1, i32 4294967295, i32 0, i32 0, i32 0"   --->   Operation 13 'specinterface' 'specinterface_ln0' <Predicate = true> <Delay = 0.00>
ST_1 : Operation 14 [1/1] (0.00ns)   --->   "%specbitsmap_ln0 = specbitsmap void @_ssdm_op_SpecBitsMap, i32 %packed_out"   --->   Operation 14 'specbitsmap' 'specbitsmap_ln0' <Predicate = true> <Delay = 0.00>
ST_1 : Operation 15 [1/1] (0.00ns)   --->   "%specbitsmap_ln0 = specbitsmap void @_ssdm_op_SpecBitsMap, i5 %bits_per_sample"   --->   Operation 15 'specbitsmap' 'specbitsmap_ln0' <Predicate = true> <Delay = 0.00>
ST_1 : Operation 16 [1/1] (0.00ns)   --->   "%specinterface_ln0 = specinterface void @_ssdm_op_SpecInterface, i5 %bits_per_sample, void @empty_2, i32 4294967295, i32 4294967295, void @empty_1, i32 0, i32 0, void @empty_1, void @empty_1, void @empty_1, i32 0, i32 0, i32 0, i32 0, void @empty_1, void @empty_1, i32 4294967295, i32 0, i32 0, i32 0"   --->   Operation 16 'specinterface' 'specinterface_ln0' <Predicate = true> <Delay = 0.00>
ST_1 : Operation 17 [1/1] (1.86ns)   --->   "%switch_ln18 = switch i5 %bits_per_sample_read, void %if.end, i5 2, void %for.inc.preheader, i5 4, void %for.inc19.preheader, i5 8, void %for.inc36.preheader" [../src/sample_packer/sample_packer.cpp:18]   --->   Operation 17 'switch' 'switch_ln18' <Predicate = true> <Delay = 1.86>
ST_1 : Operation 18 [2/2] (3.28ns)   --->   "%call_ln0 = call void @sample_packer_Pipeline_VITIS_LOOP_46_3, i8 %adc_in, i32 %word_4_loc"   --->   Operation 18 'call' 'call_ln0' <Predicate = (bits_per_sample_read == 8)> <Delay = 3.28> <CoreType = "Generic">   --->   Generic Core
ST_1 : Operation 19 [2/2] (3.28ns)   --->   "%call_ln0 = call void @sample_packer_Pipeline_VITIS_LOOP_33_2, i8 %adc_in, i32 %word_2_loc"   --->   Operation 19 'call' 'call_ln0' <Predicate = (bits_per_sample_read == 4)> <Delay = 3.28> <CoreType = "Generic">   --->   Generic Core
ST_1 : Operation 20 [2/2] (3.28ns)   --->   "%call_ln0 = call void @sample_packer_Pipeline_VITIS_LOOP_20_1, i8 %adc_in, i32 %word_loc"   --->   Operation 20 'call' 'call_ln0' <Predicate = (bits_per_sample_read == 2)> <Delay = 3.28> <CoreType = "Generic">   --->   Generic Core

State 2 <SV = 1> <Delay = 5.08>
ST_2 : Operation 21 [1/2] (4.90ns)   --->   "%call_ln0 = call void @sample_packer_Pipeline_VITIS_LOOP_46_3, i8 %adc_in, i32 %word_4_loc"   --->   Operation 21 'call' 'call_ln0' <Predicate = (bits_per_sample_read == 8)> <Delay = 4.90> <CoreType = "Generic">   --->   Generic Core
ST_2 : Operation 22 [1/2] (4.99ns)   --->   "%call_ln0 = call void @sample_packer_Pipeline_VITIS_LOOP_33_2, i8 %adc_in, i32 %word_2_loc"   --->   Operation 22 'call' 'call_ln0' <Predicate = (bits_per_sample_read == 4)> <Delay = 4.99> <CoreType = "Generic">   --->   Generic Core
ST_2 : Operation 23 [1/2] (5.08ns)   --->   "%call_ln0 = call void @sample_packer_Pipeline_VITIS_LOOP_20_1, i8 %adc_in, i32 %word_loc"   --->   Operation 23 'call' 'call_ln0' <Predicate = (bits_per_sample_read == 2)> <Delay = 5.08> <CoreType = "Generic">   --->   Generic Core

State 3 <SV = 2> <Delay = 1.31>
ST_3 : Operation 24 [1/1] (0.00ns)   --->   "%word_4_loc_load = load i32 %word_4_loc"   --->   Operation 24 'load' 'word_4_loc_load' <Predicate = (bits_per_sample_read == 8)> <Delay = 0.00>
ST_3 : Operation 25 [2/2] (1.31ns)   --->   "%write_ln54 = write void @_ssdm_op_Write.axis.volatile.i32P128A, i32 %packed_out, i32 %word_4_loc_load" [../src/sample_packer/sample_packer.cpp:54]   --->   Operation 25 'write' 'write_ln54' <Predicate = (bits_per_sample_read == 8)> <Delay = 1.31> <CoreInst = "regslice">   --->   Core 135 'regslice' <Latency = 0> <II = 1> <Delay = 2.05> <Adapter> <Opcode : 'read' 'write'>
ST_3 : Operation 26 [1/1] (0.00ns)   --->   "%word_2_loc_load = load i32 %word_2_loc"   --->   Operation 26 'load' 'word_2_loc_load' <Predicate = (bits_per_sample_read == 4)> <Delay = 0.00>
ST_3 : Operation 27 [2/2] (1.31ns)   --->   "%write_ln41 = write void @_ssdm_op_Write.axis.volatile.i32P128A, i32 %packed_out, i32 %word_2_loc_load" [../src/sample_packer/sample_packer.cpp:41]   --->   Operation 27 'write' 'write_ln41' <Predicate = (bits_per_sample_read == 4)> <Delay = 1.31> <CoreInst = "regslice">   --->   Core 135 'regslice' <Latency = 0> <II = 1> <Delay = 2.05> <Adapter> <Opcode : 'read' 'write'>
ST_3 : Operation 28 [1/1] (0.00ns)   --->   "%word_loc_load = load i32 %word_loc"   --->   Operation 28 'load' 'word_loc_load' <Predicate = (bits_per_sample_read == 2)> <Delay = 0.00>
ST_3 : Operation 29 [2/2] (1.31ns)   --->   "%write_ln28 = write void @_ssdm_op_Write.axis.volatile.i32P128A, i32 %packed_out, i32 %word_loc_load" [../src/sample_packer/sample_packer.cpp:28]   --->   Operation 29 'write' 'write_ln28' <Predicate = (bits_per_sample_read == 2)> <Delay = 1.31> <CoreInst = "regslice">   --->   Core 135 'regslice' <Latency = 0> <II = 1> <Delay = 2.05> <Adapter> <Opcode : 'read' 'write'>

State 4 <SV = 3> <Delay = 1.31>
ST_4 : Operation 30 [1/2] ( I:1.31ns O:1.31ns )   --->   "%write_ln54 = write void @_ssdm_op_Write.axis.volatile.i32P128A, i32 %packed_out, i32 %word_4_loc_load" [../src/sample_packer/sample_packer.cpp:54]   --->   Operation 30 'write' 'write_ln54' <Predicate = (bits_per_sample_read == 8)> <Delay = 1.31> <CoreInst = "regslice">   --->   Core 135 'regslice' <Latency = 0> <II = 1> <Delay = 2.05> <Adapter> <Opcode : 'read' 'write'>
ST_4 : Operation 31 [1/1] (0.00ns)   --->   "%br_ln55 = br void %if.end" [../src/sample_packer/sample_packer.cpp:55]   --->   Operation 31 'br' 'br_ln55' <Predicate = (bits_per_sample_read == 8)> <Delay = 0.00>
ST_4 : Operation 32 [1/2] ( I:1.31ns O:1.31ns )   --->   "%write_ln41 = write void @_ssdm_op_Write.axis.volatile.i32P128A, i32 %packed_out, i32 %word_2_loc_load" [../src/sample_packer/sample_packer.cpp:41]   --->   Operation 32 'write' 'write_ln41' <Predicate = (bits_per_sample_read == 4)> <Delay = 1.31> <CoreInst = "regslice">   --->   Core 135 'regslice' <Latency = 0> <II = 1> <Delay = 2.05> <Adapter> <Opcode : 'read' 'write'>
ST_4 : Operation 33 [1/1] (0.00ns)   --->   "%br_ln42 = br void %if.end39" [../src/sample_packer/sample_packer.cpp:42]   --->   Operation 33 'br' 'br_ln42' <Predicate = (bits_per_sample_read == 4)> <Delay = 0.00>
ST_4 : Operation 34 [1/2] ( I:1.31ns O:1.31ns )   --->   "%write_ln28 = write void @_ssdm_op_Write.axis.volatile.i32P128A, i32 %packed_out, i32 %word_loc_load" [../src/sample_packer/sample_packer.cpp:28]   --->   Operation 34 'write' 'write_ln28' <Predicate = (bits_per_sample_read == 2)> <Delay = 1.31> <CoreInst = "regslice">   --->   Core 135 'regslice' <Latency = 0> <II = 1> <Delay = 2.05> <Adapter> <Opcode : 'read' 'write'>
ST_4 : Operation 35 [1/1] (0.00ns)   --->   "%br_ln29 = br void %if.end40" [../src/sample_packer/sample_packer.cpp:29]   --->   Operation 35 'br' 'br_ln29' <Predicate = (bits_per_sample_read == 2)> <Delay = 0.00>
ST_4 : Operation 36 [1/1] (0.00ns)   --->   "%br_ln0 = br void %if.end39"   --->   Operation 36 'br' 'br_ln0' <Predicate = (bits_per_sample_read != 2 & bits_per_sample_read != 4)> <Delay = 0.00>
ST_4 : Operation 37 [1/1] (0.00ns)   --->   "%br_ln0 = br void %if.end40"   --->   Operation 37 'br' 'br_ln0' <Predicate = (bits_per_sample_read != 2)> <Delay = 0.00>
ST_4 : Operation 38 [1/1] (0.00ns)   --->   "%ret_ln56 = ret" [../src/sample_packer/sample_packer.cpp:56]   --->   Operation 38 'ret' 'ret_ln56' <Predicate = true> <Delay = 0.00>


============================================================
+ Verbose Summary: Timing violations
============================================================
Target clock period: 10.000ns, clock uncertainty: 2.700ns.

 <State 1>: 5.145ns
The critical path consists of the following:
	wire read operation ('bits_per_sample_read') on port 'bits_per_sample' [4]  (0.000 ns)
	'call' operation ('call_ln0') to 'sample_packer_Pipeline_VITIS_LOOP_33_2' [23]  (3.283 ns)
	blocking operation 1.8615 ns on control path)

 <State 2>: 5.082ns
The critical path consists of the following:
	'call' operation ('call_ln0') to 'sample_packer_Pipeline_VITIS_LOOP_20_1' [28]  (5.082 ns)

 <State 3>: 1.318ns
The critical path consists of the following:
	'load' operation 32 bit ('word_2_loc_load') on local variable 'word_2_loc' [24]  (0.000 ns)
	axis write operation ('write_ln41', ../src/sample_packer/sample_packer.cpp:41) on port 'packed_out' (../src/sample_packer/sample_packer.cpp:41) [25]  (0.000 ns)
	blocking operation 1.318 ns on control path)

 <State 4>: 1.318ns
The critical path consists of the following:
	axis write operation ('write_ln54', ../src/sample_packer/sample_packer.cpp:54) on port 'packed_out' (../src/sample_packer/sample_packer.cpp:54) [20]  (1.318 ns)


============================================================
+ Verbose Summary: Binding
============================================================
N/A
* FSMD analyzer results:
  - Output states:
 - Input state : 
  - Chain level:
	State 1
	State 2
	State 3
	State 4


============================================================
+ Verbose Summary: Datapath Resource usage 
============================================================
N/A
