

================================================================
== Vitis HLS Report for 'packetizer_Pipeline_VITIS_LOOP_94_2'
================================================================
* Date:           Mon Jun  8 17:11:49 2026

* Version:        2025.2 (Build 6295257 on Nov 14 2025)
* Project:        hls_component1
* Solution:       hls (Vivado IP Flow Target)
* Product family: artix7
* Target device:  xc7a12t-cpg238-1


================================================================
== Performance Estimates
================================================================
+ Timing: 
    * Summary: 
    +--------+----------+----------+------------+
    |  Clock |  Target  | Estimated| Uncertainty|
    +--------+----------+----------+------------+
    |ap_clk  |  10.00 ns|  4.968 ns|     2.70 ns|
    +--------+----------+----------+------------+

+ Latency: 
    * Summary: 
    +---------+---------+-----------+-----------+-----+-----+-------------------+
    |  Latency (cycles) |   Latency (absolute)  |  Interval |      Pipeline     |
    |   min   |   max   |    min    |    max    | min | max |        Type       |
    +---------+---------+-----------+-----------+-----+-----+-------------------+
    |        6|        6|  60.000 ns|  60.000 ns|    0|    0|  loop pipeline stp|
    +---------+---------+-----------+-----------+-----+-----+-------------------+

    + Detail: 
        * Instance: 
        N/A

        * Loop: 
        +-------------------+---------+---------+----------+-----------+-----------+------+----------+
        |                   |  Latency (cycles) | Iteration|  Initiation Interval  | Trip |          |
        |     Loop Name     |   min   |   max   |  Latency |  achieved |   target  | Count| Pipelined|
        +-------------------+---------+---------+----------+-----------+-----------+------+----------+
        |- VITIS_LOOP_94_2  |        4|        4|         2|          1|          1|     4|       yes|
        +-------------------+---------+---------+----------+-----------+-----------+------+----------+

============================================================
+ Verbose Summary: Synthesis Manager
============================================================
InlineROM: 1
ExposeGlobal: 0
============================================================
+ Verbose Summary: CDFG Model
============================================================
IsTopModel: 0
ResetActiveHigh: 1
IsCombinational: 0
IsDatapathOnly: 0
HasWiredReturn: 1
HasMFsm: 2
HasVarLatency: 1
IsPipeline: 0
IsRtlPipelined: 0
IsInstanceOverlapped: 0
IsDontTouch: 0
HasImplIP: 0
IsGatedGlobalClock: 0

+ Individual pipeline summary: 
  * Pipeline-0: initiation interval (II) = 1, depth = 2


============================================================
+ Verbose Summary: Schedule
============================================================
* Number of FSM states : 2
* Pipeline : 1
  Pipeline-0 : II = 1, D = 2, States = { 1 2 }
* Dataflow Pipeline: 0

* FSM state transitions: 
1 --> 2 
2 --> 

* FSM state operations: 

State 1 <SV = 0> <Delay = 4.90>
ST_1 : Operation 5 [1/1] (0.00ns)   --->   "%i = alloca i32 1" [../hls_component/packetizer1.cpp:94]   --->   Operation 5 'alloca' 'i' <Predicate = true> <Delay = 0.00>
ST_1 : Operation 6 [1/1] (0.00ns)   --->   "%specaxissidechannel_ln0 = specaxissidechannel void @_ssdm_op_SpecAXISSideChannel, i32 %out_stream_V_data_V, i4 %out_stream_V_keep_V, i4 %out_stream_V_strb_V, i1 0, i1 %out_stream_V_last_V, i1 0, i1 0, void @empty_3"   --->   Operation 6 'specaxissidechannel' 'specaxissidechannel_ln0' <Predicate = true> <Delay = 0.00>
ST_1 : Operation 7 [1/1] (0.00ns)   --->   "%specinterface_ln0 = specinterface void @_ssdm_op_SpecInterface, i32 %fifo, void @empty_2, i32 0, i32 0, void @empty_1, i32 0, i32 0, void @empty_1, void @empty_1, void @empty_1, i32 0, i32 0, i32 0, i32 0, void @empty_1, void @empty_1, i32 4294967295, i32 0, i32 0, i32 0"   --->   Operation 7 'specinterface' 'specinterface_ln0' <Predicate = true> <Delay = 0.00>
ST_1 : Operation 8 [1/1] (0.00ns)   --->   "%specinterface_ln0 = specinterface void @_ssdm_op_SpecInterface, i1 %out_stream_V_last_V, i4 %out_stream_V_strb_V, i4 %out_stream_V_keep_V, i32 %out_stream_V_data_V, void @empty, i32 0, i32 0, void @empty_0, i32 0, i32 0, void @empty_1, void @empty_1, void @empty_1, i32 0, i32 0, i32 0, i32 0, void @empty_1, void @empty_1, i32 4294967295, i32 0, i32 0, i32 0"   --->   Operation 8 'specinterface' 'specinterface_ln0' <Predicate = true> <Delay = 0.00>
ST_1 : Operation 9 [1/1] (0.00ns)   --->   "%p_phi4_reload_read = read i4 @_ssdm_op_Read.ap_auto.i4, i4 %p_phi4_reload"   --->   Operation 9 'read' 'p_phi4_reload_read' <Predicate = true> <Delay = 0.00>
ST_1 : Operation 10 [1/1] (0.00ns)   --->   "%p_phi_reload_read = read i4 @_ssdm_op_Read.ap_auto.i4, i4 %p_phi_reload"   --->   Operation 10 'read' 'p_phi_reload_read' <Predicate = true> <Delay = 0.00>
ST_1 : Operation 11 [1/1] (1.61ns)   --->   "%store_ln94 = store i3 0, i3 %i" [../hls_component/packetizer1.cpp:94]   --->   Operation 11 'store' 'store_ln94' <Predicate = true> <Delay = 1.61>
ST_1 : Operation 12 [1/1] (0.00ns)   --->   "%br_ln94 = br void %for.body33" [../hls_component/packetizer1.cpp:94]   --->   Operation 12 'br' 'br_ln94' <Predicate = true> <Delay = 0.00>
ST_1 : Operation 13 [1/1] (0.00ns)   --->   "%i_1 = load i3 %i" [../hls_component/packetizer1.cpp:94]   --->   Operation 13 'load' 'i_1' <Predicate = true> <Delay = 0.00>
ST_1 : Operation 14 [1/1] (1.68ns)   --->   "%icmp_ln94 = icmp_eq  i3 %i_1, i3 4" [../hls_component/packetizer1.cpp:94]   --->   Operation 14 'icmp' 'icmp_ln94' <Predicate = true> <Delay = 1.68> <CoreInst = "Cmp">   --->   Core 9 'Cmp' <Latency = 0> <II = 1> <Delay = 1.68> <FuncUnit> <Opcode : 'seteq' 'setne' 'setle' 'setge' 'setlt' 'setgt'> <InPorts = 2> <OutPorts = 1>
ST_1 : Operation 15 [1/1] (1.68ns)   --->   "%i_2 = add i3 %i_1, i3 1" [../hls_component/packetizer1.cpp:94]   --->   Operation 15 'add' 'i_2' <Predicate = true> <Delay = 1.68> <CoreInst = "Adder">   --->   Core 1 'Adder' <Latency = 0> <II = 1> <Delay = 1.68> <FuncUnit> <Opcode : 'add' 'sub'> <InPorts = 2> <OutPorts = 1>
ST_1 : Operation 16 [1/1] (0.00ns)   --->   "%br_ln94 = br i1 %icmp_ln94, void %for.body33.split, void %for.cond.cleanup32.exitStub" [../hls_component/packetizer1.cpp:94]   --->   Operation 16 'br' 'br_ln94' <Predicate = true> <Delay = 0.00>
ST_1 : Operation 17 [1/1] (1.68ns)   --->   "%icmp_ln100 = icmp_eq  i3 %i_1, i3 3" [../hls_component/packetizer1.cpp:100]   --->   Operation 17 'icmp' 'icmp_ln100' <Predicate = (!icmp_ln94)> <Delay = 1.68> <CoreInst = "Cmp">   --->   Core 9 'Cmp' <Latency = 0> <II = 1> <Delay = 1.68> <FuncUnit> <Opcode : 'seteq' 'setne' 'setle' 'setge' 'setlt' 'setgt'> <InPorts = 2> <OutPorts = 1>
ST_1 : Operation 18 [1/1] (1.61ns)   --->   "%store_ln94 = store i3 %i_2, i3 %i" [../hls_component/packetizer1.cpp:94]   --->   Operation 18 'store' 'store_ln94' <Predicate = (!icmp_ln94)> <Delay = 1.61>
ST_1 : Operation 25 [1/1] (1.61ns)   --->   "%ret_ln0 = ret"   --->   Operation 25 'ret' 'ret_ln0' <Predicate = (icmp_ln94)> <Delay = 1.61>

State 2 <SV = 1> <Delay = 4.96>
ST_2 : Operation 19 [1/1] (0.00ns)   --->   "%specpipeline_ln96 = specpipeline void @_ssdm_op_SpecPipeline, i32 1, i32 0, i32 0, i32 0, i32 4294967295, void @empty_1" [../hls_component/packetizer1.cpp:96]   --->   Operation 19 'specpipeline' 'specpipeline_ln96' <Predicate = true> <Delay = 0.00>
ST_2 : Operation 20 [1/1] (0.00ns)   --->   "%speclooptripcount_ln94 = speclooptripcount void @_ssdm_op_SpecLoopTripCount, i64 4, i64 4, i64 4" [../hls_component/packetizer1.cpp:94]   --->   Operation 20 'speclooptripcount' 'speclooptripcount_ln94' <Predicate = true> <Delay = 0.00>
ST_2 : Operation 21 [1/1] (0.00ns)   --->   "%specloopname_ln94 = specloopname void @_ssdm_op_SpecLoopName, void @empty_7" [../hls_component/packetizer1.cpp:94]   --->   Operation 21 'specloopname' 'specloopname_ln94' <Predicate = true> <Delay = 0.00>
ST_2 : Operation 22 [1/1] ( I:3.65ns O:3.65ns )   --->   "%fifo_read = read i32 @_ssdm_op_Read.ap_fifo.volatile.i32P0A, i32 %fifo" [../hls_component/packetizer1.cpp:98]   --->   Operation 22 'read' 'fifo_read' <Predicate = true> <Delay = 3.65> <CoreInst = "FIFO_SRL">   --->   Core 80 'FIFO_SRL' <Latency = 0> <II = 1> <Delay = 3.68> <Storage> <Opcode : 'read' 'write' 'nbread' 'nbwrite'> <Ports = 0> <Width = 32> <Depth = 8> <FIFO>
ST_2 : Operation 23 [1/1] ( I:1.31ns O:1.31ns )   --->   "%write_ln105 = write void @_ssdm_op_Write.axis.volatile.i32P0A.i4P0A.i4P0A.i1P0A, i32 %out_stream_V_data_V, i4 %out_stream_V_keep_V, i4 %out_stream_V_strb_V, i1 %out_stream_V_last_V, i32 %fifo_read, i4 %p_phi_reload_read, i4 %p_phi4_reload_read, i1 %icmp_ln100" [../hls_component/packetizer1.cpp:105]   --->   Operation 23 'write' 'write_ln105' <Predicate = true> <Delay = 1.31> <CoreInst = "regslice">   --->   Core 135 'regslice' <Latency = 0> <II = 1> <Delay = 2.05> <Adapter> <Opcode : 'read' 'write'>
ST_2 : Operation 24 [1/1] (0.00ns)   --->   "%br_ln94 = br void %for.body33" [../hls_component/packetizer1.cpp:94]   --->   Operation 24 'br' 'br_ln94' <Predicate = true> <Delay = 0.00>


============================================================
+ Verbose Summary: Timing violations
============================================================
Target clock period: 10.000ns, clock uncertainty: 2.700ns.

 <State 1>: 4.901ns
The critical path consists of the following:
	'store' operation ('store_ln94', ../hls_component/packetizer1.cpp:94) of constant 0 3 bit on local variable 'i', ../hls_component/packetizer1.cpp:94 [14]  (1.610 ns)
	'load' operation 3 bit ('i', ../hls_component/packetizer1.cpp:94) on local variable 'i', ../hls_component/packetizer1.cpp:94 [17]  (0.000 ns)
	'add' operation 3 bit ('i', ../hls_component/packetizer1.cpp:94) [19]  (1.680 ns)
	'store' operation ('store_ln94', ../hls_component/packetizer1.cpp:94) of variable 'i', ../hls_component/packetizer1.cpp:94 3 bit on local variable 'i', ../hls_component/packetizer1.cpp:94 [28]  (1.610 ns)

 <State 2>: 4.968ns
The critical path consists of the following:
	fifo read operation ('fifo_read', ../hls_component/packetizer1.cpp:98) on port 'fifo' (../hls_component/packetizer1.cpp:98) [25]  (3.650 ns)
	axis write operation ('write_ln105', ../hls_component/packetizer1.cpp:105) on port 'out_stream_V_data_V' (../hls_component/packetizer1.cpp:105) [27]  (1.318 ns)


============================================================
+ Verbose Summary: Binding
============================================================
N/A
* FSMD analyzer results:
  - Output states:
 - Input state : 
  - Chain level:
	State 1
	State 2


============================================================
+ Verbose Summary: Datapath Resource usage 
============================================================
N/A
